13.06.2024 20:28:37 [Treasure] insert ItemPhoto01
13.06.2024 20:28:37 [Treasure] insert ItemPhoto02
13.06.2024 20:28:37 [Treasure] insert ItemPhoto03
13.06.2024 20:28:37 [Treasure] insert ItemPhoto04
13.06.2024 20:28:37 [Treasure] insert ItemPhoto05
13.06.2024 20:28:37 [Treasure] insert ItemPhoto06
13.06.2024 20:28:37 [Treasure] insert ItemPhoto07
13.06.2024 20:28:37 [Treasure] insert ItemPhoto08
13.06.2024 20:28:37 [Treasure] insert ItemPhoto09
13.06.2024 20:28:37 [Treasure] insert ItemPhoto10
13.06.2024 20:28:37 [Treasure] insert ItemPhoto11
13.06.2024 20:28:37 [Treasure] insert ItemPhoto12
13.06.2024 20:28:37 [Treasure] insert ItemPhoto13
13.06.2024 20:28:37 [Treasure] insert ItemPhoto14
13.06.2024 20:28:37 [Treasure] insert ItemPhoto15
13.06.2024 20:28:37 [Treasure] insert ItemPhoto16
13.06.2024 20:28:37 [Treasure] insert ItemPhoto17
13.06.2024 20:28:37 [Treasure] insert ItemPhoto18
13.06.2024 20:28:37 [Treasure] insert ItemPhoto19
13.06.2024 20:28:37 [Treasure] insert ItemPhoto20
13.06.2024 20:28:37 [Treasure] insert ItemPhoto21
13.06.2024 20:28:37 [Treasure] insert ItemPhoto22
13.06.2024 20:28:37 [Treasure] insert ItemPhoto23
13.06.2024 20:28:37 [Treasure] insert ItemPhoto24
13.06.2024 20:28:37 [Treasure] insert ItemPhoto25
13.06.2024 20:28:37 [Treasure] insert ItemPhoto26
13.06.2024 20:28:37 [Treasure] insert ItemPhoto27
13.06.2024 20:28:37 [Treasure] insert ItemPhoto28
13.06.2024 20:28:37 [Treasure] insert ItemPhoto29
13.06.2024 20:28:37 [Treasure] insert ItemPhoto30
13.06.2024 20:28:37 [Treasure] insert ItemPhoto31
13.06.2024 20:28:37 [Treasure] insert ItemPhoto32
13.06.2024 20:28:37 [Treasure] insert ItemPhoto33
13.06.2024 20:28:37 [Treasure] insert ItemPhoto34
13.06.2024 20:28:37 [Treasure] insert ItemPhoto35
13.06.2024 20:28:37 [Treasure] insert ItemPhoto36
13.06.2024 20:28:37 [Treasure] insert ItemPhoto37
13.06.2024 20:28:37 [Treasure] insert ItemPhoto38
13.06.2024 20:28:37 [Treasure] insert ItemPhoto39
13.06.2024 20:28:37 [Treasure] insert ItemPhoto40
13.06.2024 20:28:37 [Treasure] photo array 40
13.06.2024 20:28:37 [Treasure] Created default english descriptions.
13.06.2024 20:28:37 [Treasure] Server RPC called
13.06.2024 20:38:07 [Treasure] insert ItemPhoto01
13.06.2024 20:38:07 [Treasure] insert ItemPhoto02
13.06.2024 20:38:07 [Treasure] insert ItemPhoto03
13.06.2024 20:38:07 [Treasure] insert ItemPhoto04
13.06.2024 20:38:07 [Treasure] insert ItemPhoto05
13.06.2024 20:38:07 [Treasure] insert ItemPhoto06
13.06.2024 20:38:07 [Treasure] insert ItemPhoto07
13.06.2024 20:38:07 [Treasure] insert ItemPhoto08
13.06.2024 20:38:07 [Treasure] insert ItemPhoto09
13.06.2024 20:38:07 [Treasure] insert ItemPhoto10
13.06.2024 20:38:07 [Treasure] insert ItemPhoto11
13.06.2024 20:38:07 [Treasure] insert ItemPhoto12
13.06.2024 20:38:07 [Treasure] insert ItemPhoto13
13.06.2024 20:38:07 [Treasure] insert ItemPhoto14
13.06.2024 20:38:07 [Treasure] insert ItemPhoto15
13.06.2024 20:38:07 [Treasure] insert ItemPhoto16
13.06.2024 20:38:07 [Treasure] insert ItemPhoto17
13.06.2024 20:38:07 [Treasure] insert ItemPhoto18
13.06.2024 20:38:07 [Treasure] insert ItemPhoto19
13.06.2024 20:38:07 [Treasure] insert ItemPhoto20
13.06.2024 20:38:07 [Treasure] insert ItemPhoto21
13.06.2024 20:38:07 [Treasure] insert ItemPhoto22
13.06.2024 20:38:07 [Treasure] insert ItemPhoto23
13.06.2024 20:38:07 [Treasure] insert ItemPhoto24
13.06.2024 20:38:07 [Treasure] insert ItemPhoto25
13.06.2024 20:38:07 [Treasure] insert ItemPhoto26
13.06.2024 20:38:07 [Treasure] insert ItemPhoto27
13.06.2024 20:38:07 [Treasure] insert ItemPhoto28
13.06.2024 20:38:07 [Treasure] insert ItemPhoto29
13.06.2024 20:38:07 [Treasure] insert ItemPhoto30
13.06.2024 20:38:07 [Treasure] insert ItemPhoto31
13.06.2024 20:38:07 [Treasure] insert ItemPhoto32
13.06.2024 20:38:07 [Treasure] insert ItemPhoto33
13.06.2024 20:38:07 [Treasure] insert ItemPhoto34
13.06.2024 20:38:07 [Treasure] insert ItemPhoto35
13.06.2024 20:38:07 [Treasure] insert ItemPhoto36
13.06.2024 20:38:07 [Treasure] insert ItemPhoto37
13.06.2024 20:38:07 [Treasure] insert ItemPhoto38
13.06.2024 20:38:07 [Treasure] insert ItemPhoto39
13.06.2024 20:38:07 [Treasure] insert ItemPhoto40
13.06.2024 20:38:07 [Treasure] photo array 40
13.06.2024 20:38:07 [Treasure] 'Descriptions_EN.json' found, loading existing config
13.06.2024 20:38:07 [Treasure] Server RPC called
13.06.2024 20:42:07 [Treasure] insert ItemPhoto01
13.06.2024 20:42:07 [Treasure] insert ItemPhoto02
13.06.2024 20:42:07 [Treasure] insert ItemPhoto03
13.06.2024 20:42:07 [Treasure] insert ItemPhoto04
13.06.2024 20:42:07 [Treasure] insert ItemPhoto05
13.06.2024 20:42:07 [Treasure] insert ItemPhoto06
13.06.2024 20:42:07 [Treasure] insert ItemPhoto07
13.06.2024 20:42:07 [Treasure] insert ItemPhoto08
13.06.2024 20:42:07 [Treasure] insert ItemPhoto09
13.06.2024 20:42:07 [Treasure] insert ItemPhoto10
13.06.2024 20:42:07 [Treasure] insert ItemPhoto11
13.06.2024 20:42:07 [Treasure] insert ItemPhoto12
13.06.2024 20:42:07 [Treasure] insert ItemPhoto13
13.06.2024 20:42:07 [Treasure] insert ItemPhoto14
13.06.2024 20:42:07 [Treasure] insert ItemPhoto15
13.06.2024 20:42:07 [Treasure] insert ItemPhoto16
13.06.2024 20:42:07 [Treasure] insert ItemPhoto17
13.06.2024 20:42:07 [Treasure] insert ItemPhoto18
13.06.2024 20:42:07 [Treasure] insert ItemPhoto19
13.06.2024 20:42:07 [Treasure] insert ItemPhoto20
13.06.2024 20:42:07 [Treasure] insert ItemPhoto21
13.06.2024 20:42:07 [Treasure] insert ItemPhoto22
13.06.2024 20:42:07 [Treasure] insert ItemPhoto23
13.06.2024 20:42:07 [Treasure] insert ItemPhoto24
13.06.2024 20:42:07 [Treasure] insert ItemPhoto25
13.06.2024 20:42:07 [Treasure] insert ItemPhoto26
13.06.2024 20:42:07 [Treasure] insert ItemPhoto27
13.06.2024 20:42:07 [Treasure] insert ItemPhoto28
13.06.2024 20:42:07 [Treasure] insert ItemPhoto29
13.06.2024 20:42:07 [Treasure] insert ItemPhoto30
13.06.2024 20:42:07 [Treasure] insert ItemPhoto31
13.06.2024 20:42:07 [Treasure] insert ItemPhoto32
13.06.2024 20:42:07 [Treasure] insert ItemPhoto33
13.06.2024 20:42:07 [Treasure] insert ItemPhoto34
13.06.2024 20:42:07 [Treasure] insert ItemPhoto35
13.06.2024 20:42:07 [Treasure] insert ItemPhoto36
13.06.2024 20:42:07 [Treasure] insert ItemPhoto37
13.06.2024 20:42:07 [Treasure] insert ItemPhoto38
13.06.2024 20:42:07 [Treasure] insert ItemPhoto39
13.06.2024 20:42:07 [Treasure] insert ItemPhoto40
13.06.2024 20:42:07 [Treasure] photo array 40
13.06.2024 20:42:07 [Treasure] 'Descriptions_EN.json' found, loading existing config
13.06.2024 20:42:07 [Treasure] Server RPC called
13.06.2024 20:43:52 [Treasure] Player Carl the Pilot have language set to: EN
13.06.2024 20:43:52 [Treasure] descriptions sent to player: Carl the Pilot
13.06.2024 21:57:17 [Treasure] insert ItemPhoto01
13.06.2024 21:57:17 [Treasure] insert ItemPhoto02
13.06.2024 21:57:17 [Treasure] insert ItemPhoto03
13.06.2024 21:57:17 [Treasure] insert ItemPhoto04
13.06.2024 21:57:17 [Treasure] insert ItemPhoto05
13.06.2024 21:57:17 [Treasure] insert ItemPhoto06
13.06.2024 21:57:17 [Treasure] insert ItemPhoto07
13.06.2024 21:57:17 [Treasure] insert ItemPhoto08
13.06.2024 21:57:17 [Treasure] insert ItemPhoto09
13.06.2024 21:57:17 [Treasure] insert ItemPhoto10
13.06.2024 21:57:17 [Treasure] insert ItemPhoto11
13.06.2024 21:57:17 [Treasure] insert ItemPhoto12
13.06.2024 21:57:17 [Treasure] insert ItemPhoto13
13.06.2024 21:57:17 [Treasure] insert ItemPhoto14
13.06.2024 21:57:17 [Treasure] insert ItemPhoto15
13.06.2024 21:57:17 [Treasure] insert ItemPhoto16
13.06.2024 21:57:17 [Treasure] insert ItemPhoto17
13.06.2024 21:57:17 [Treasure] insert ItemPhoto18
13.06.2024 21:57:17 [Treasure] insert ItemPhoto19
13.06.2024 21:57:17 [Treasure] insert ItemPhoto20
13.06.2024 21:57:17 [Treasure] insert ItemPhoto21
13.06.2024 21:57:17 [Treasure] insert ItemPhoto22
13.06.2024 21:57:17 [Treasure] insert ItemPhoto23
13.06.2024 21:57:17 [Treasure] insert ItemPhoto24
13.06.2024 21:57:17 [Treasure] insert ItemPhoto25
13.06.2024 21:57:17 [Treasure] insert ItemPhoto26
13.06.2024 21:57:17 [Treasure] insert ItemPhoto27
13.06.2024 21:57:17 [Treasure] insert ItemPhoto28
13.06.2024 21:57:17 [Treasure] insert ItemPhoto29
13.06.2024 21:57:17 [Treasure] insert ItemPhoto30
13.06.2024 21:57:17 [Treasure] insert ItemPhoto31
13.06.2024 21:57:17 [Treasure] insert ItemPhoto32
13.06.2024 21:57:17 [Treasure] insert ItemPhoto33
13.06.2024 21:57:17 [Treasure] insert ItemPhoto34
13.06.2024 21:57:17 [Treasure] insert ItemPhoto35
13.06.2024 21:57:17 [Treasure] insert ItemPhoto36
13.06.2024 21:57:17 [Treasure] insert ItemPhoto37
13.06.2024 21:57:17 [Treasure] insert ItemPhoto38
13.06.2024 21:57:17 [Treasure] insert ItemPhoto39
13.06.2024 21:57:17 [Treasure] insert ItemPhoto40
13.06.2024 21:57:17 [Treasure] photo array 40
13.06.2024 21:57:17 [Treasure] 'Descriptions_EN.json' found, loading existing config
13.06.2024 21:57:17 [Treasure] Server RPC called
13.06.2024 23:29:43 [Treasure] insert ItemPhoto01
13.06.2024 23:29:43 [Treasure] insert ItemPhoto02
13.06.2024 23:29:43 [Treasure] insert ItemPhoto03
13.06.2024 23:29:43 [Treasure] insert ItemPhoto04
13.06.2024 23:29:43 [Treasure] insert ItemPhoto05
13.06.2024 23:29:43 [Treasure] insert ItemPhoto06
13.06.2024 23:29:43 [Treasure] insert ItemPhoto07
13.06.2024 23:29:43 [Treasure] insert ItemPhoto08
13.06.2024 23:29:43 [Treasure] insert ItemPhoto09
13.06.2024 23:29:43 [Treasure] insert ItemPhoto10
13.06.2024 23:29:43 [Treasure] insert ItemPhoto11
13.06.2024 23:29:43 [Treasure] insert ItemPhoto12
13.06.2024 23:29:43 [Treasure] insert ItemPhoto13
13.06.2024 23:29:43 [Treasure] insert ItemPhoto14
13.06.2024 23:29:43 [Treasure] insert ItemPhoto15
13.06.2024 23:29:43 [Treasure] insert ItemPhoto16
13.06.2024 23:29:43 [Treasure] insert ItemPhoto17
13.06.2024 23:29:43 [Treasure] insert ItemPhoto18
13.06.2024 23:29:43 [Treasure] insert ItemPhoto19
13.06.2024 23:29:43 [Treasure] insert ItemPhoto20
13.06.2024 23:29:43 [Treasure] insert ItemPhoto21
13.06.2024 23:29:43 [Treasure] insert ItemPhoto22
13.06.2024 23:29:43 [Treasure] insert ItemPhoto23
13.06.2024 23:29:43 [Treasure] insert ItemPhoto24
13.06.2024 23:29:43 [Treasure] insert ItemPhoto25
13.06.2024 23:29:43 [Treasure] insert ItemPhoto26
13.06.2024 23:29:43 [Treasure] insert ItemPhoto27
13.06.2024 23:29:43 [Treasure] insert ItemPhoto28
13.06.2024 23:29:43 [Treasure] insert ItemPhoto29
13.06.2024 23:29:43 [Treasure] insert ItemPhoto30
13.06.2024 23:29:43 [Treasure] insert ItemPhoto31
13.06.2024 23:29:43 [Treasure] insert ItemPhoto32
13.06.2024 23:29:43 [Treasure] insert ItemPhoto33
13.06.2024 23:29:43 [Treasure] insert ItemPhoto34
13.06.2024 23:29:43 [Treasure] insert ItemPhoto35
13.06.2024 23:29:43 [Treasure] insert ItemPhoto36
13.06.2024 23:29:43 [Treasure] insert ItemPhoto37
13.06.2024 23:29:43 [Treasure] insert ItemPhoto38
13.06.2024 23:29:43 [Treasure] insert ItemPhoto39
13.06.2024 23:29:43 [Treasure] insert ItemPhoto40
13.06.2024 23:29:43 [Treasure] photo array 40
13.06.2024 23:29:43 [Treasure] 'Descriptions_EN.json' found, loading existing config
13.06.2024 23:29:43 [Treasure] Server RPC called
13.06.2024 23:38:26 [Treasure] Player Survivor have language set to: EN
13.06.2024 23:38:26 [Treasure] descriptions sent to player: Survivor
13.06.2024 23:47:16 [Treasure] insert ItemPhoto01
13.06.2024 23:47:16 [Treasure] insert ItemPhoto02
13.06.2024 23:47:16 [Treasure] insert ItemPhoto03
13.06.2024 23:47:16 [Treasure] insert ItemPhoto04
13.06.2024 23:47:16 [Treasure] insert ItemPhoto05
13.06.2024 23:47:16 [Treasure] insert ItemPhoto06
13.06.2024 23:47:16 [Treasure] insert ItemPhoto07
13.06.2024 23:47:16 [Treasure] insert ItemPhoto08
13.06.2024 23:47:16 [Treasure] insert ItemPhoto09
13.06.2024 23:47:16 [Treasure] insert ItemPhoto10
13.06.2024 23:47:16 [Treasure] insert ItemPhoto11
13.06.2024 23:47:16 [Treasure] insert ItemPhoto12
13.06.2024 23:47:16 [Treasure] insert ItemPhoto13
13.06.2024 23:47:16 [Treasure] insert ItemPhoto14
13.06.2024 23:47:16 [Treasure] insert ItemPhoto15
13.06.2024 23:47:16 [Treasure] insert ItemPhoto16
13.06.2024 23:47:16 [Treasure] insert ItemPhoto17
13.06.2024 23:47:16 [Treasure] insert ItemPhoto18
13.06.2024 23:47:16 [Treasure] insert ItemPhoto19
13.06.2024 23:47:16 [Treasure] insert ItemPhoto20
13.06.2024 23:47:16 [Treasure] insert ItemPhoto21
13.06.2024 23:47:16 [Treasure] insert ItemPhoto22
13.06.2024 23:47:16 [Treasure] insert ItemPhoto23
13.06.2024 23:47:16 [Treasure] insert ItemPhoto24
13.06.2024 23:47:16 [Treasure] insert ItemPhoto25
13.06.2024 23:47:16 [Treasure] insert ItemPhoto26
13.06.2024 23:47:16 [Treasure] insert ItemPhoto27
13.06.2024 23:47:16 [Treasure] insert ItemPhoto28
13.06.2024 23:47:16 [Treasure] insert ItemPhoto29
13.06.2024 23:47:16 [Treasure] insert ItemPhoto30
13.06.2024 23:47:16 [Treasure] insert ItemPhoto31
13.06.2024 23:47:16 [Treasure] insert ItemPhoto32
13.06.2024 23:47:16 [Treasure] insert ItemPhoto33
13.06.2024 23:47:16 [Treasure] insert ItemPhoto34
13.06.2024 23:47:16 [Treasure] insert ItemPhoto35
13.06.2024 23:47:16 [Treasure] insert ItemPhoto36
13.06.2024 23:47:16 [Treasure] insert ItemPhoto37
13.06.2024 23:47:16 [Treasure] insert ItemPhoto38
13.06.2024 23:47:16 [Treasure] insert ItemPhoto39
13.06.2024 23:47:16 [Treasure] insert ItemPhoto40
13.06.2024 23:47:16 [Treasure] photo array 40
13.06.2024 23:47:16 [Treasure] 'Descriptions_EN.json' found, loading existing config
13.06.2024 23:47:16 [Treasure] Server RPC called
13.06.2024 23:51:49 [Treasure] insert ItemPhoto01
13.06.2024 23:51:49 [Treasure] insert ItemPhoto02
13.06.2024 23:51:49 [Treasure] insert ItemPhoto03
13.06.2024 23:51:49 [Treasure] insert ItemPhoto04
13.06.2024 23:51:49 [Treasure] insert ItemPhoto05
13.06.2024 23:51:49 [Treasure] insert ItemPhoto06
13.06.2024 23:51:49 [Treasure] insert ItemPhoto07
13.06.2024 23:51:49 [Treasure] insert ItemPhoto08
13.06.2024 23:51:49 [Treasure] insert ItemPhoto09
13.06.2024 23:51:49 [Treasure] insert ItemPhoto10
13.06.2024 23:51:49 [Treasure] insert ItemPhoto11
13.06.2024 23:51:49 [Treasure] insert ItemPhoto12
13.06.2024 23:51:49 [Treasure] insert ItemPhoto13
13.06.2024 23:51:49 [Treasure] insert ItemPhoto14
13.06.2024 23:51:49 [Treasure] insert ItemPhoto15
13.06.2024 23:51:49 [Treasure] insert ItemPhoto16
13.06.2024 23:51:49 [Treasure] insert ItemPhoto17
13.06.2024 23:51:49 [Treasure] insert ItemPhoto18
13.06.2024 23:51:49 [Treasure] insert ItemPhoto19
13.06.2024 23:51:49 [Treasure] insert ItemPhoto20
13.06.2024 23:51:49 [Treasure] insert ItemPhoto21
13.06.2024 23:51:49 [Treasure] insert ItemPhoto22
13.06.2024 23:51:49 [Treasure] insert ItemPhoto23
13.06.2024 23:51:49 [Treasure] insert ItemPhoto24
13.06.2024 23:51:49 [Treasure] insert ItemPhoto25
13.06.2024 23:51:49 [Treasure] insert ItemPhoto26
13.06.2024 23:51:49 [Treasure] insert ItemPhoto27
13.06.2024 23:51:49 [Treasure] insert ItemPhoto28
13.06.2024 23:51:49 [Treasure] insert ItemPhoto29
13.06.2024 23:51:49 [Treasure] insert ItemPhoto30
13.06.2024 23:51:49 [Treasure] insert ItemPhoto31
13.06.2024 23:51:49 [Treasure] insert ItemPhoto32
13.06.2024 23:51:49 [Treasure] insert ItemPhoto33
13.06.2024 23:51:49 [Treasure] insert ItemPhoto34
13.06.2024 23:51:49 [Treasure] insert ItemPhoto35
13.06.2024 23:51:49 [Treasure] insert ItemPhoto36
13.06.2024 23:51:49 [Treasure] insert ItemPhoto37
13.06.2024 23:51:49 [Treasure] insert ItemPhoto38
13.06.2024 23:51:49 [Treasure] insert ItemPhoto39
13.06.2024 23:51:49 [Treasure] insert ItemPhoto40
13.06.2024 23:51:49 [Treasure] photo array 40
13.06.2024 23:51:49 [Treasure] 'Descriptions_EN.json' found, loading existing config
13.06.2024 23:51:49 [Treasure] Server RPC called
13.06.2024 23:55:29 [Treasure] Player Survivor have language set to: EN
13.06.2024 23:55:29 [Treasure] descriptions sent to player: Survivor
14.06.2024 00:07:04 [Treasure] insert ItemPhoto01
14.06.2024 00:07:04 [Treasure] insert ItemPhoto02
14.06.2024 00:07:04 [Treasure] insert ItemPhoto03
14.06.2024 00:07:04 [Treasure] insert ItemPhoto04
14.06.2024 00:07:04 [Treasure] insert ItemPhoto05
14.06.2024 00:07:04 [Treasure] insert ItemPhoto06
14.06.2024 00:07:04 [Treasure] insert ItemPhoto07
14.06.2024 00:07:04 [Treasure] insert ItemPhoto08
14.06.2024 00:07:04 [Treasure] insert ItemPhoto09
14.06.2024 00:07:04 [Treasure] insert ItemPhoto10
14.06.2024 00:07:04 [Treasure] insert ItemPhoto11
14.06.2024 00:07:04 [Treasure] insert ItemPhoto12
14.06.2024 00:07:04 [Treasure] insert ItemPhoto13
14.06.2024 00:07:04 [Treasure] insert ItemPhoto14
14.06.2024 00:07:04 [Treasure] insert ItemPhoto15
14.06.2024 00:07:04 [Treasure] insert ItemPhoto16
14.06.2024 00:07:04 [Treasure] insert ItemPhoto17
14.06.2024 00:07:04 [Treasure] insert ItemPhoto18
14.06.2024 00:07:04 [Treasure] insert ItemPhoto19
14.06.2024 00:07:04 [Treasure] insert ItemPhoto20
14.06.2024 00:07:04 [Treasure] insert ItemPhoto21
14.06.2024 00:07:04 [Treasure] insert ItemPhoto22
14.06.2024 00:07:04 [Treasure] insert ItemPhoto23
14.06.2024 00:07:04 [Treasure] insert ItemPhoto24
14.06.2024 00:07:04 [Treasure] insert ItemPhoto25
14.06.2024 00:07:04 [Treasure] insert ItemPhoto26
14.06.2024 00:07:04 [Treasure] insert ItemPhoto27
14.06.2024 00:07:04 [Treasure] insert ItemPhoto28
14.06.2024 00:07:04 [Treasure] insert ItemPhoto29
14.06.2024 00:07:04 [Treasure] insert ItemPhoto30
14.06.2024 00:07:04 [Treasure] insert ItemPhoto31
14.06.2024 00:07:04 [Treasure] insert ItemPhoto32
14.06.2024 00:07:04 [Treasure] insert ItemPhoto33
14.06.2024 00:07:04 [Treasure] insert ItemPhoto34
14.06.2024 00:07:04 [Treasure] insert ItemPhoto35
14.06.2024 00:07:04 [Treasure] insert ItemPhoto36
14.06.2024 00:07:04 [Treasure] insert ItemPhoto37
14.06.2024 00:07:04 [Treasure] insert ItemPhoto38
14.06.2024 00:07:04 [Treasure] insert ItemPhoto39
14.06.2024 00:07:04 [Treasure] insert ItemPhoto40
14.06.2024 00:07:04 [Treasure] photo array 40
14.06.2024 00:07:04 [Treasure] 'Descriptions_EN.json' found, loading existing config
14.06.2024 00:07:04 [Treasure] Server RPC called
14.06.2024 00:12:24 [Treasure] insert ItemPhoto01
14.06.2024 00:12:24 [Treasure] insert ItemPhoto02
14.06.2024 00:12:24 [Treasure] insert ItemPhoto03
14.06.2024 00:12:24 [Treasure] insert ItemPhoto04
14.06.2024 00:12:24 [Treasure] insert ItemPhoto05
14.06.2024 00:12:24 [Treasure] insert ItemPhoto06
14.06.2024 00:12:24 [Treasure] insert ItemPhoto07
14.06.2024 00:12:24 [Treasure] insert ItemPhoto08
14.06.2024 00:12:24 [Treasure] insert ItemPhoto09
14.06.2024 00:12:24 [Treasure] insert ItemPhoto10
14.06.2024 00:12:24 [Treasure] insert ItemPhoto11
14.06.2024 00:12:24 [Treasure] insert ItemPhoto12
14.06.2024 00:12:24 [Treasure] insert ItemPhoto13
14.06.2024 00:12:24 [Treasure] insert ItemPhoto14
14.06.2024 00:12:24 [Treasure] insert ItemPhoto15
14.06.2024 00:12:24 [Treasure] insert ItemPhoto16
14.06.2024 00:12:24 [Treasure] insert ItemPhoto17
14.06.2024 00:12:24 [Treasure] insert ItemPhoto18
14.06.2024 00:12:24 [Treasure] insert ItemPhoto19
14.06.2024 00:12:24 [Treasure] insert ItemPhoto20
14.06.2024 00:12:24 [Treasure] insert ItemPhoto21
14.06.2024 00:12:24 [Treasure] insert ItemPhoto22
14.06.2024 00:12:24 [Treasure] insert ItemPhoto23
14.06.2024 00:12:24 [Treasure] insert ItemPhoto24
14.06.2024 00:12:24 [Treasure] insert ItemPhoto25
14.06.2024 00:12:24 [Treasure] insert ItemPhoto26
14.06.2024 00:12:24 [Treasure] insert ItemPhoto27
14.06.2024 00:12:24 [Treasure] insert ItemPhoto28
14.06.2024 00:12:24 [Treasure] insert ItemPhoto29
14.06.2024 00:12:24 [Treasure] insert ItemPhoto30
14.06.2024 00:12:24 [Treasure] insert ItemPhoto31
14.06.2024 00:12:24 [Treasure] insert ItemPhoto32
14.06.2024 00:12:24 [Treasure] insert ItemPhoto33
14.06.2024 00:12:24 [Treasure] insert ItemPhoto34
14.06.2024 00:12:24 [Treasure] insert ItemPhoto35
14.06.2024 00:12:24 [Treasure] insert ItemPhoto36
14.06.2024 00:12:24 [Treasure] insert ItemPhoto37
14.06.2024 00:12:24 [Treasure] insert ItemPhoto38
14.06.2024 00:12:24 [Treasure] insert ItemPhoto39
14.06.2024 00:12:24 [Treasure] insert ItemPhoto40
14.06.2024 00:12:24 [Treasure] photo array 40
14.06.2024 00:12:24 [Treasure] 'Descriptions_EN.json' found, loading existing config
14.06.2024 00:12:24 [Treasure] Server RPC called
14.06.2024 00:39:58 [Treasure] Player Survivor have language set to: EN
14.06.2024 00:39:58 [Treasure] descriptions sent to player: Survivor
14.06.2024 00:55:05 [Treasure] insert ItemPhoto01
14.06.2024 00:55:05 [Treasure] insert ItemPhoto02
14.06.2024 00:55:05 [Treasure] insert ItemPhoto03
14.06.2024 00:55:05 [Treasure] insert ItemPhoto04
14.06.2024 00:55:05 [Treasure] insert ItemPhoto05
14.06.2024 00:55:05 [Treasure] insert ItemPhoto06
14.06.2024 00:55:05 [Treasure] insert ItemPhoto07
14.06.2024 00:55:05 [Treasure] insert ItemPhoto08
14.06.2024 00:55:05 [Treasure] insert ItemPhoto09
14.06.2024 00:55:05 [Treasure] insert ItemPhoto10
14.06.2024 00:55:05 [Treasure] insert ItemPhoto11
14.06.2024 00:55:05 [Treasure] insert ItemPhoto12
14.06.2024 00:55:05 [Treasure] insert ItemPhoto13
14.06.2024 00:55:05 [Treasure] insert ItemPhoto14
14.06.2024 00:55:05 [Treasure] insert ItemPhoto15
14.06.2024 00:55:05 [Treasure] insert ItemPhoto16
14.06.2024 00:55:05 [Treasure] insert ItemPhoto17
14.06.2024 00:55:05 [Treasure] insert ItemPhoto18
14.06.2024 00:55:05 [Treasure] insert ItemPhoto19
14.06.2024 00:55:05 [Treasure] insert ItemPhoto20
14.06.2024 00:55:05 [Treasure] insert ItemPhoto21
14.06.2024 00:55:05 [Treasure] insert ItemPhoto22
14.06.2024 00:55:05 [Treasure] insert ItemPhoto23
14.06.2024 00:55:05 [Treasure] insert ItemPhoto24
14.06.2024 00:55:05 [Treasure] insert ItemPhoto25
14.06.2024 00:55:05 [Treasure] insert ItemPhoto26
14.06.2024 00:55:05 [Treasure] insert ItemPhoto27
14.06.2024 00:55:05 [Treasure] insert ItemPhoto28
14.06.2024 00:55:05 [Treasure] insert ItemPhoto29
14.06.2024 00:55:05 [Treasure] insert ItemPhoto30
14.06.2024 00:55:05 [Treasure] insert ItemPhoto31
14.06.2024 00:55:05 [Treasure] insert ItemPhoto32
14.06.2024 00:55:05 [Treasure] insert ItemPhoto33
14.06.2024 00:55:05 [Treasure] insert ItemPhoto34
14.06.2024 00:55:05 [Treasure] insert ItemPhoto35
14.06.2024 00:55:05 [Treasure] insert ItemPhoto36
14.06.2024 00:55:05 [Treasure] insert ItemPhoto37
14.06.2024 00:55:05 [Treasure] insert ItemPhoto38
14.06.2024 00:55:05 [Treasure] insert ItemPhoto39
14.06.2024 00:55:05 [Treasure] insert ItemPhoto40
14.06.2024 00:55:05 [Treasure] photo array 40
14.06.2024 00:55:05 [Treasure] 'Descriptions_EN.json' found, loading existing config
14.06.2024 00:55:05 [Treasure] Server RPC called
14.06.2024 00:56:50 [Treasure] insert ItemPhoto01
14.06.2024 00:56:50 [Treasure] insert ItemPhoto02
14.06.2024 00:56:50 [Treasure] insert ItemPhoto03
14.06.2024 00:56:50 [Treasure] insert ItemPhoto04
14.06.2024 00:56:50 [Treasure] insert ItemPhoto05
14.06.2024 00:56:50 [Treasure] insert ItemPhoto06
14.06.2024 00:56:50 [Treasure] insert ItemPhoto07
14.06.2024 00:56:50 [Treasure] insert ItemPhoto08
14.06.2024 00:56:50 [Treasure] insert ItemPhoto09
14.06.2024 00:56:50 [Treasure] insert ItemPhoto10
14.06.2024 00:56:50 [Treasure] insert ItemPhoto11
14.06.2024 00:56:50 [Treasure] insert ItemPhoto12
14.06.2024 00:56:50 [Treasure] insert ItemPhoto13
14.06.2024 00:56:50 [Treasure] insert ItemPhoto14
14.06.2024 00:56:50 [Treasure] insert ItemPhoto15
14.06.2024 00:56:50 [Treasure] insert ItemPhoto16
14.06.2024 00:56:50 [Treasure] insert ItemPhoto17
14.06.2024 00:56:50 [Treasure] insert ItemPhoto18
14.06.2024 00:56:50 [Treasure] insert ItemPhoto19
14.06.2024 00:56:50 [Treasure] insert ItemPhoto20
14.06.2024 00:56:50 [Treasure] insert ItemPhoto21
14.06.2024 00:56:50 [Treasure] insert ItemPhoto22
14.06.2024 00:56:50 [Treasure] insert ItemPhoto23
14.06.2024 00:56:50 [Treasure] insert ItemPhoto24
14.06.2024 00:56:50 [Treasure] insert ItemPhoto25
14.06.2024 00:56:50 [Treasure] insert ItemPhoto26
14.06.2024 00:56:50 [Treasure] insert ItemPhoto27
14.06.2024 00:56:50 [Treasure] insert ItemPhoto28
14.06.2024 00:56:50 [Treasure] insert ItemPhoto29
14.06.2024 00:56:50 [Treasure] insert ItemPhoto30
14.06.2024 00:56:50 [Treasure] insert ItemPhoto31
14.06.2024 00:56:50 [Treasure] insert ItemPhoto32
14.06.2024 00:56:50 [Treasure] insert ItemPhoto33
14.06.2024 00:56:50 [Treasure] insert ItemPhoto34
14.06.2024 00:56:50 [Treasure] insert ItemPhoto35
14.06.2024 00:56:50 [Treasure] insert ItemPhoto36
14.06.2024 00:56:50 [Treasure] insert ItemPhoto37
14.06.2024 00:56:50 [Treasure] insert ItemPhoto38
14.06.2024 00:56:50 [Treasure] insert ItemPhoto39
14.06.2024 00:56:50 [Treasure] insert ItemPhoto40
14.06.2024 00:56:50 [Treasure] photo array 40
14.06.2024 00:56:50 [Treasure] 'Descriptions_EN.json' found, loading existing config
14.06.2024 00:56:50 [Treasure] Server RPC called
14.06.2024 00:59:53 [Treasure] insert ItemPhoto01
14.06.2024 00:59:53 [Treasure] insert ItemPhoto02
14.06.2024 00:59:53 [Treasure] insert ItemPhoto03
14.06.2024 00:59:53 [Treasure] insert ItemPhoto04
14.06.2024 00:59:53 [Treasure] insert ItemPhoto05
14.06.2024 00:59:53 [Treasure] insert ItemPhoto06
14.06.2024 00:59:53 [Treasure] insert ItemPhoto07
14.06.2024 00:59:53 [Treasure] insert ItemPhoto08
14.06.2024 00:59:53 [Treasure] insert ItemPhoto09
14.06.2024 00:59:53 [Treasure] insert ItemPhoto10
14.06.2024 00:59:53 [Treasure] insert ItemPhoto11
14.06.2024 00:59:53 [Treasure] insert ItemPhoto12
14.06.2024 00:59:53 [Treasure] insert ItemPhoto13
14.06.2024 00:59:53 [Treasure] insert ItemPhoto14
14.06.2024 00:59:53 [Treasure] insert ItemPhoto15
14.06.2024 00:59:53 [Treasure] insert ItemPhoto16
14.06.2024 00:59:53 [Treasure] insert ItemPhoto17
14.06.2024 00:59:53 [Treasure] insert ItemPhoto18
14.06.2024 00:59:53 [Treasure] insert ItemPhoto19
14.06.2024 00:59:53 [Treasure] insert ItemPhoto20
14.06.2024 00:59:53 [Treasure] insert ItemPhoto21
14.06.2024 00:59:53 [Treasure] insert ItemPhoto22
14.06.2024 00:59:53 [Treasure] insert ItemPhoto23
14.06.2024 00:59:53 [Treasure] insert ItemPhoto24
14.06.2024 00:59:53 [Treasure] insert ItemPhoto25
14.06.2024 00:59:53 [Treasure] insert ItemPhoto26
14.06.2024 00:59:53 [Treasure] insert ItemPhoto27
14.06.2024 00:59:53 [Treasure] insert ItemPhoto28
14.06.2024 00:59:53 [Treasure] insert ItemPhoto29
14.06.2024 00:59:53 [Treasure] insert ItemPhoto30
14.06.2024 00:59:53 [Treasure] insert ItemPhoto31
14.06.2024 00:59:53 [Treasure] insert ItemPhoto32
14.06.2024 00:59:53 [Treasure] insert ItemPhoto33
14.06.2024 00:59:53 [Treasure] insert ItemPhoto34
14.06.2024 00:59:53 [Treasure] insert ItemPhoto35
14.06.2024 00:59:53 [Treasure] insert ItemPhoto36
14.06.2024 00:59:53 [Treasure] insert ItemPhoto37
14.06.2024 00:59:53 [Treasure] insert ItemPhoto38
14.06.2024 00:59:53 [Treasure] insert ItemPhoto39
14.06.2024 00:59:53 [Treasure] insert ItemPhoto40
14.06.2024 00:59:53 [Treasure] photo array 40
14.06.2024 00:59:53 [Treasure] 'Descriptions_EN.json' found, loading existing config
14.06.2024 00:59:53 [Treasure] Server RPC called
14.06.2024 01:03:38 [Treasure] Player Survivor have language set to: EN
14.06.2024 01:03:38 [Treasure] descriptions sent to player: Survivor
14.06.2024 01:13:33 [Treasure] insert ItemPhoto01
14.06.2024 01:13:33 [Treasure] insert ItemPhoto02
14.06.2024 01:13:33 [Treasure] insert ItemPhoto03
14.06.2024 01:13:33 [Treasure] insert ItemPhoto04
14.06.2024 01:13:33 [Treasure] insert ItemPhoto05
14.06.2024 01:13:33 [Treasure] insert ItemPhoto06
14.06.2024 01:13:33 [Treasure] insert ItemPhoto07
14.06.2024 01:13:33 [Treasure] insert ItemPhoto08
14.06.2024 01:13:33 [Treasure] insert ItemPhoto09
14.06.2024 01:13:33 [Treasure] insert ItemPhoto10
14.06.2024 01:13:33 [Treasure] insert ItemPhoto11
14.06.2024 01:13:33 [Treasure] insert ItemPhoto12
14.06.2024 01:13:33 [Treasure] insert ItemPhoto13
14.06.2024 01:13:33 [Treasure] insert ItemPhoto14
14.06.2024 01:13:33 [Treasure] insert ItemPhoto15
14.06.2024 01:13:33 [Treasure] insert ItemPhoto16
14.06.2024 01:13:33 [Treasure] insert ItemPhoto17
14.06.2024 01:13:33 [Treasure] insert ItemPhoto18
14.06.2024 01:13:33 [Treasure] insert ItemPhoto19
14.06.2024 01:13:33 [Treasure] insert ItemPhoto20
14.06.2024 01:13:33 [Treasure] insert ItemPhoto21
14.06.2024 01:13:33 [Treasure] insert ItemPhoto22
14.06.2024 01:13:33 [Treasure] insert ItemPhoto23
14.06.2024 01:13:33 [Treasure] insert ItemPhoto24
14.06.2024 01:13:33 [Treasure] insert ItemPhoto25
14.06.2024 01:13:33 [Treasure] insert ItemPhoto26
14.06.2024 01:13:33 [Treasure] insert ItemPhoto27
14.06.2024 01:13:33 [Treasure] insert ItemPhoto28
14.06.2024 01:13:33 [Treasure] insert ItemPhoto29
14.06.2024 01:13:33 [Treasure] insert ItemPhoto30
14.06.2024 01:13:33 [Treasure] insert ItemPhoto31
14.06.2024 01:13:33 [Treasure] insert ItemPhoto32
14.06.2024 01:13:33 [Treasure] insert ItemPhoto33
14.06.2024 01:13:33 [Treasure] insert ItemPhoto34
14.06.2024 01:13:33 [Treasure] insert ItemPhoto35
14.06.2024 01:13:33 [Treasure] insert ItemPhoto36
14.06.2024 01:13:33 [Treasure] insert ItemPhoto37
14.06.2024 01:13:33 [Treasure] insert ItemPhoto38
14.06.2024 01:13:33 [Treasure] insert ItemPhoto39
14.06.2024 01:13:33 [Treasure] insert ItemPhoto40
14.06.2024 01:13:33 [Treasure] photo array 40
14.06.2024 01:13:33 [Treasure] 'Descriptions_EN.json' found, loading existing config
14.06.2024 01:13:33 [Treasure] Server RPC called
14.06.2024 01:16:57 [Treasure] insert ItemPhoto01
14.06.2024 01:16:57 [Treasure] insert ItemPhoto02
14.06.2024 01:16:57 [Treasure] insert ItemPhoto03
14.06.2024 01:16:57 [Treasure] insert ItemPhoto04
14.06.2024 01:16:57 [Treasure] insert ItemPhoto05
14.06.2024 01:16:57 [Treasure] insert ItemPhoto06
14.06.2024 01:16:57 [Treasure] insert ItemPhoto07
14.06.2024 01:16:57 [Treasure] insert ItemPhoto08
14.06.2024 01:16:57 [Treasure] insert ItemPhoto09
14.06.2024 01:16:57 [Treasure] insert ItemPhoto10
14.06.2024 01:16:57 [Treasure] insert ItemPhoto11
14.06.2024 01:16:57 [Treasure] insert ItemPhoto12
14.06.2024 01:16:57 [Treasure] insert ItemPhoto13
14.06.2024 01:16:57 [Treasure] insert ItemPhoto14
14.06.2024 01:16:57 [Treasure] insert ItemPhoto15
14.06.2024 01:16:57 [Treasure] insert ItemPhoto16
14.06.2024 01:16:57 [Treasure] insert ItemPhoto17
14.06.2024 01:16:57 [Treasure] insert ItemPhoto18
14.06.2024 01:16:57 [Treasure] insert ItemPhoto19
14.06.2024 01:16:57 [Treasure] insert ItemPhoto20
14.06.2024 01:16:57 [Treasure] insert ItemPhoto21
14.06.2024 01:16:57 [Treasure] insert ItemPhoto22
14.06.2024 01:16:57 [Treasure] insert ItemPhoto23
14.06.2024 01:16:57 [Treasure] insert ItemPhoto24
14.06.2024 01:16:57 [Treasure] insert ItemPhoto25
14.06.2024 01:16:57 [Treasure] insert ItemPhoto26
14.06.2024 01:16:57 [Treasure] insert ItemPhoto27
14.06.2024 01:16:57 [Treasure] insert ItemPhoto28
14.06.2024 01:16:57 [Treasure] insert ItemPhoto29
14.06.2024 01:16:57 [Treasure] insert ItemPhoto30
14.06.2024 01:16:57 [Treasure] insert ItemPhoto31
14.06.2024 01:16:57 [Treasure] insert ItemPhoto32
14.06.2024 01:16:57 [Treasure] insert ItemPhoto33
14.06.2024 01:16:57 [Treasure] insert ItemPhoto34
14.06.2024 01:16:57 [Treasure] insert ItemPhoto35
14.06.2024 01:16:57 [Treasure] insert ItemPhoto36
14.06.2024 01:16:57 [Treasure] insert ItemPhoto37
14.06.2024 01:16:57 [Treasure] insert ItemPhoto38
14.06.2024 01:16:57 [Treasure] insert ItemPhoto39
14.06.2024 01:16:57 [Treasure] insert ItemPhoto40
14.06.2024 01:16:57 [Treasure] photo array 40
14.06.2024 01:16:57 [Treasure] 'Descriptions_EN.json' found, loading existing config
14.06.2024 01:16:57 [Treasure] Server RPC called
14.06.2024 01:20:46 [Treasure] insert ItemPhoto01
14.06.2024 01:20:46 [Treasure] insert ItemPhoto02
14.06.2024 01:20:46 [Treasure] insert ItemPhoto03
14.06.2024 01:20:46 [Treasure] insert ItemPhoto04
14.06.2024 01:20:46 [Treasure] insert ItemPhoto05
14.06.2024 01:20:46 [Treasure] insert ItemPhoto06
14.06.2024 01:20:46 [Treasure] insert ItemPhoto07
14.06.2024 01:20:46 [Treasure] insert ItemPhoto08
14.06.2024 01:20:46 [Treasure] insert ItemPhoto09
14.06.2024 01:20:46 [Treasure] insert ItemPhoto10
14.06.2024 01:20:46 [Treasure] insert ItemPhoto11
14.06.2024 01:20:46 [Treasure] insert ItemPhoto12
14.06.2024 01:20:46 [Treasure] insert ItemPhoto13
14.06.2024 01:20:46 [Treasure] insert ItemPhoto14
14.06.2024 01:20:46 [Treasure] insert ItemPhoto15
14.06.2024 01:20:46 [Treasure] insert ItemPhoto16
14.06.2024 01:20:46 [Treasure] insert ItemPhoto17
14.06.2024 01:20:46 [Treasure] insert ItemPhoto18
14.06.2024 01:20:46 [Treasure] insert ItemPhoto19
14.06.2024 01:20:46 [Treasure] insert ItemPhoto20
14.06.2024 01:20:46 [Treasure] insert ItemPhoto21
14.06.2024 01:20:46 [Treasure] insert ItemPhoto22
14.06.2024 01:20:46 [Treasure] insert ItemPhoto23
14.06.2024 01:20:46 [Treasure] insert ItemPhoto24
14.06.2024 01:20:46 [Treasure] insert ItemPhoto25
14.06.2024 01:20:46 [Treasure] insert ItemPhoto26
14.06.2024 01:20:46 [Treasure] insert ItemPhoto27
14.06.2024 01:20:46 [Treasure] insert ItemPhoto28
14.06.2024 01:20:46 [Treasure] insert ItemPhoto29
14.06.2024 01:20:46 [Treasure] insert ItemPhoto30
14.06.2024 01:20:46 [Treasure] insert ItemPhoto31
14.06.2024 01:20:46 [Treasure] insert ItemPhoto32
14.06.2024 01:20:46 [Treasure] insert ItemPhoto33
14.06.2024 01:20:46 [Treasure] insert ItemPhoto34
14.06.2024 01:20:46 [Treasure] insert ItemPhoto35
14.06.2024 01:20:46 [Treasure] insert ItemPhoto36
14.06.2024 01:20:46 [Treasure] insert ItemPhoto37
14.06.2024 01:20:46 [Treasure] insert ItemPhoto38
14.06.2024 01:20:46 [Treasure] insert ItemPhoto39
14.06.2024 01:20:46 [Treasure] insert ItemPhoto40
14.06.2024 01:20:46 [Treasure] photo array 40
14.06.2024 01:20:46 [Treasure] 'Descriptions_EN.json' found, loading existing config
14.06.2024 01:20:46 [Treasure] Server RPC called
14.06.2024 01:28:24 [Treasure] insert ItemPhoto01
14.06.2024 01:28:24 [Treasure] insert ItemPhoto02
14.06.2024 01:28:24 [Treasure] insert ItemPhoto03
14.06.2024 01:28:24 [Treasure] insert ItemPhoto04
14.06.2024 01:28:24 [Treasure] insert ItemPhoto05
14.06.2024 01:28:24 [Treasure] insert ItemPhoto06
14.06.2024 01:28:24 [Treasure] insert ItemPhoto07
14.06.2024 01:28:24 [Treasure] insert ItemPhoto08
14.06.2024 01:28:24 [Treasure] insert ItemPhoto09
14.06.2024 01:28:24 [Treasure] insert ItemPhoto10
14.06.2024 01:28:24 [Treasure] insert ItemPhoto11
14.06.2024 01:28:24 [Treasure] insert ItemPhoto12
14.06.2024 01:28:24 [Treasure] insert ItemPhoto13
14.06.2024 01:28:24 [Treasure] insert ItemPhoto14
14.06.2024 01:28:24 [Treasure] insert ItemPhoto15
14.06.2024 01:28:24 [Treasure] insert ItemPhoto16
14.06.2024 01:28:24 [Treasure] insert ItemPhoto17
14.06.2024 01:28:24 [Treasure] insert ItemPhoto18
14.06.2024 01:28:24 [Treasure] insert ItemPhoto19
14.06.2024 01:28:24 [Treasure] insert ItemPhoto20
14.06.2024 01:28:24 [Treasure] insert ItemPhoto21
14.06.2024 01:28:24 [Treasure] insert ItemPhoto22
14.06.2024 01:28:24 [Treasure] insert ItemPhoto23
14.06.2024 01:28:24 [Treasure] insert ItemPhoto24
14.06.2024 01:28:24 [Treasure] insert ItemPhoto25
14.06.2024 01:28:24 [Treasure] insert ItemPhoto26
14.06.2024 01:28:24 [Treasure] insert ItemPhoto27
14.06.2024 01:28:24 [Treasure] insert ItemPhoto28
14.06.2024 01:28:24 [Treasure] insert ItemPhoto29
14.06.2024 01:28:24 [Treasure] insert ItemPhoto30
14.06.2024 01:28:24 [Treasure] insert ItemPhoto31
14.06.2024 01:28:24 [Treasure] insert ItemPhoto32
14.06.2024 01:28:24 [Treasure] insert ItemPhoto33
14.06.2024 01:28:24 [Treasure] insert ItemPhoto34
14.06.2024 01:28:24 [Treasure] insert ItemPhoto35
14.06.2024 01:28:24 [Treasure] insert ItemPhoto36
14.06.2024 01:28:24 [Treasure] insert ItemPhoto37
14.06.2024 01:28:24 [Treasure] insert ItemPhoto38
14.06.2024 01:28:24 [Treasure] insert ItemPhoto39
14.06.2024 01:28:24 [Treasure] insert ItemPhoto40
14.06.2024 01:28:24 [Treasure] photo array 40
14.06.2024 01:28:24 [Treasure] 'Descriptions_EN.json' found, loading existing config
14.06.2024 01:28:24 [Treasure] Server RPC called
14.06.2024 01:32:53 [Treasure] insert ItemPhoto01
14.06.2024 01:32:53 [Treasure] insert ItemPhoto02
14.06.2024 01:32:53 [Treasure] insert ItemPhoto03
14.06.2024 01:32:53 [Treasure] insert ItemPhoto04
14.06.2024 01:32:53 [Treasure] insert ItemPhoto05
14.06.2024 01:32:53 [Treasure] insert ItemPhoto06
14.06.2024 01:32:53 [Treasure] insert ItemPhoto07
14.06.2024 01:32:53 [Treasure] insert ItemPhoto08
14.06.2024 01:32:53 [Treasure] insert ItemPhoto09
14.06.2024 01:32:53 [Treasure] insert ItemPhoto10
14.06.2024 01:32:53 [Treasure] insert ItemPhoto11
14.06.2024 01:32:53 [Treasure] insert ItemPhoto12
14.06.2024 01:32:53 [Treasure] insert ItemPhoto13
14.06.2024 01:32:53 [Treasure] insert ItemPhoto14
14.06.2024 01:32:53 [Treasure] insert ItemPhoto15
14.06.2024 01:32:53 [Treasure] insert ItemPhoto16
14.06.2024 01:32:53 [Treasure] insert ItemPhoto17
14.06.2024 01:32:53 [Treasure] insert ItemPhoto18
14.06.2024 01:32:53 [Treasure] insert ItemPhoto19
14.06.2024 01:32:53 [Treasure] insert ItemPhoto20
14.06.2024 01:32:53 [Treasure] insert ItemPhoto21
14.06.2024 01:32:53 [Treasure] insert ItemPhoto22
14.06.2024 01:32:53 [Treasure] insert ItemPhoto23
14.06.2024 01:32:53 [Treasure] insert ItemPhoto24
14.06.2024 01:32:53 [Treasure] insert ItemPhoto25
14.06.2024 01:32:53 [Treasure] insert ItemPhoto26
14.06.2024 01:32:53 [Treasure] insert ItemPhoto27
14.06.2024 01:32:53 [Treasure] insert ItemPhoto28
14.06.2024 01:32:53 [Treasure] insert ItemPhoto29
14.06.2024 01:32:53 [Treasure] insert ItemPhoto30
14.06.2024 01:32:53 [Treasure] insert ItemPhoto31
14.06.2024 01:32:53 [Treasure] insert ItemPhoto32
14.06.2024 01:32:53 [Treasure] insert ItemPhoto33
14.06.2024 01:32:53 [Treasure] insert ItemPhoto34
14.06.2024 01:32:53 [Treasure] insert ItemPhoto35
14.06.2024 01:32:53 [Treasure] insert ItemPhoto36
14.06.2024 01:32:53 [Treasure] insert ItemPhoto37
14.06.2024 01:32:53 [Treasure] insert ItemPhoto38
14.06.2024 01:32:53 [Treasure] insert ItemPhoto39
14.06.2024 01:32:53 [Treasure] insert ItemPhoto40
14.06.2024 01:32:53 [Treasure] photo array 40
14.06.2024 01:32:53 [Treasure] 'Descriptions_EN.json' found, loading existing config
14.06.2024 01:32:53 [Treasure] Server RPC called
14.06.2024 01:36:10 [Treasure] insert ItemPhoto01
14.06.2024 01:36:10 [Treasure] insert ItemPhoto02
14.06.2024 01:36:10 [Treasure] insert ItemPhoto03
14.06.2024 01:36:10 [Treasure] insert ItemPhoto04
14.06.2024 01:36:10 [Treasure] insert ItemPhoto05
14.06.2024 01:36:10 [Treasure] insert ItemPhoto06
14.06.2024 01:36:10 [Treasure] insert ItemPhoto07
14.06.2024 01:36:10 [Treasure] insert ItemPhoto08
14.06.2024 01:36:10 [Treasure] insert ItemPhoto09
14.06.2024 01:36:10 [Treasure] insert ItemPhoto10
14.06.2024 01:36:10 [Treasure] insert ItemPhoto11
14.06.2024 01:36:10 [Treasure] insert ItemPhoto12
14.06.2024 01:36:10 [Treasure] insert ItemPhoto13
14.06.2024 01:36:10 [Treasure] insert ItemPhoto14
14.06.2024 01:36:10 [Treasure] insert ItemPhoto15
14.06.2024 01:36:10 [Treasure] insert ItemPhoto16
14.06.2024 01:36:10 [Treasure] insert ItemPhoto17
14.06.2024 01:36:10 [Treasure] insert ItemPhoto18
14.06.2024 01:36:10 [Treasure] insert ItemPhoto19
14.06.2024 01:36:10 [Treasure] insert ItemPhoto20
14.06.2024 01:36:10 [Treasure] insert ItemPhoto21
14.06.2024 01:36:10 [Treasure] insert ItemPhoto22
14.06.2024 01:36:10 [Treasure] insert ItemPhoto23
14.06.2024 01:36:10 [Treasure] insert ItemPhoto24
14.06.2024 01:36:10 [Treasure] insert ItemPhoto25
14.06.2024 01:36:10 [Treasure] insert ItemPhoto26
14.06.2024 01:36:10 [Treasure] insert ItemPhoto27
14.06.2024 01:36:10 [Treasure] insert ItemPhoto28
14.06.2024 01:36:10 [Treasure] insert ItemPhoto29
14.06.2024 01:36:10 [Treasure] insert ItemPhoto30
14.06.2024 01:36:10 [Treasure] insert ItemPhoto31
14.06.2024 01:36:10 [Treasure] insert ItemPhoto32
14.06.2024 01:36:10 [Treasure] insert ItemPhoto33
14.06.2024 01:36:10 [Treasure] insert ItemPhoto34
14.06.2024 01:36:10 [Treasure] insert ItemPhoto35
14.06.2024 01:36:10 [Treasure] insert ItemPhoto36
14.06.2024 01:36:10 [Treasure] insert ItemPhoto37
14.06.2024 01:36:10 [Treasure] insert ItemPhoto38
14.06.2024 01:36:10 [Treasure] insert ItemPhoto39
14.06.2024 01:36:10 [Treasure] insert ItemPhoto40
14.06.2024 01:36:10 [Treasure] photo array 40
14.06.2024 01:36:10 [Treasure] 'Descriptions_EN.json' found, loading existing config
14.06.2024 01:36:10 [Treasure] Server RPC called
14.06.2024 01:37:28 [Treasure] Player Survivor have language set to: EN
14.06.2024 01:37:28 [Treasure] descriptions sent to player: Survivor
14.06.2024 01:43:59 [Treasure] insert ItemPhoto01
14.06.2024 01:43:59 [Treasure] insert ItemPhoto02
14.06.2024 01:43:59 [Treasure] insert ItemPhoto03
14.06.2024 01:43:59 [Treasure] insert ItemPhoto04
14.06.2024 01:43:59 [Treasure] insert ItemPhoto05
14.06.2024 01:43:59 [Treasure] insert ItemPhoto06
14.06.2024 01:43:59 [Treasure] insert ItemPhoto07
14.06.2024 01:43:59 [Treasure] insert ItemPhoto08
14.06.2024 01:43:59 [Treasure] insert ItemPhoto09
14.06.2024 01:43:59 [Treasure] insert ItemPhoto10
14.06.2024 01:43:59 [Treasure] insert ItemPhoto11
14.06.2024 01:43:59 [Treasure] insert ItemPhoto12
14.06.2024 01:43:59 [Treasure] insert ItemPhoto13
14.06.2024 01:43:59 [Treasure] insert ItemPhoto14
14.06.2024 01:43:59 [Treasure] insert ItemPhoto15
14.06.2024 01:43:59 [Treasure] insert ItemPhoto16
14.06.2024 01:43:59 [Treasure] insert ItemPhoto17
14.06.2024 01:43:59 [Treasure] insert ItemPhoto18
14.06.2024 01:43:59 [Treasure] insert ItemPhoto19
14.06.2024 01:43:59 [Treasure] insert ItemPhoto20
14.06.2024 01:43:59 [Treasure] insert ItemPhoto21
14.06.2024 01:43:59 [Treasure] insert ItemPhoto22
14.06.2024 01:43:59 [Treasure] insert ItemPhoto23
14.06.2024 01:43:59 [Treasure] insert ItemPhoto24
14.06.2024 01:43:59 [Treasure] insert ItemPhoto25
14.06.2024 01:43:59 [Treasure] insert ItemPhoto26
14.06.2024 01:43:59 [Treasure] insert ItemPhoto27
14.06.2024 01:43:59 [Treasure] insert ItemPhoto28
14.06.2024 01:43:59 [Treasure] insert ItemPhoto29
14.06.2024 01:43:59 [Treasure] insert ItemPhoto30
14.06.2024 01:43:59 [Treasure] insert ItemPhoto31
14.06.2024 01:43:59 [Treasure] insert ItemPhoto32
14.06.2024 01:43:59 [Treasure] insert ItemPhoto33
14.06.2024 01:43:59 [Treasure] insert ItemPhoto34
14.06.2024 01:43:59 [Treasure] insert ItemPhoto35
14.06.2024 01:43:59 [Treasure] insert ItemPhoto36
14.06.2024 01:43:59 [Treasure] insert ItemPhoto37
14.06.2024 01:43:59 [Treasure] insert ItemPhoto38
14.06.2024 01:43:59 [Treasure] insert ItemPhoto39
14.06.2024 01:43:59 [Treasure] insert ItemPhoto40
14.06.2024 01:43:59 [Treasure] photo array 40
14.06.2024 01:43:59 [Treasure] 'Descriptions_EN.json' found, loading existing config
14.06.2024 01:43:59 [Treasure] Server RPC called
14.06.2024 01:46:55 [Treasure] insert ItemPhoto01
14.06.2024 01:46:55 [Treasure] insert ItemPhoto02
14.06.2024 01:46:55 [Treasure] insert ItemPhoto03
14.06.2024 01:46:55 [Treasure] insert ItemPhoto04
14.06.2024 01:46:55 [Treasure] insert ItemPhoto05
14.06.2024 01:46:55 [Treasure] insert ItemPhoto06
14.06.2024 01:46:55 [Treasure] insert ItemPhoto07
14.06.2024 01:46:55 [Treasure] insert ItemPhoto08
14.06.2024 01:46:55 [Treasure] insert ItemPhoto09
14.06.2024 01:46:55 [Treasure] insert ItemPhoto10
14.06.2024 01:46:55 [Treasure] insert ItemPhoto11
14.06.2024 01:46:55 [Treasure] insert ItemPhoto12
14.06.2024 01:46:55 [Treasure] insert ItemPhoto13
14.06.2024 01:46:55 [Treasure] insert ItemPhoto14
14.06.2024 01:46:55 [Treasure] insert ItemPhoto15
14.06.2024 01:46:55 [Treasure] insert ItemPhoto16
14.06.2024 01:46:55 [Treasure] insert ItemPhoto17
14.06.2024 01:46:55 [Treasure] insert ItemPhoto18
14.06.2024 01:46:55 [Treasure] insert ItemPhoto19
14.06.2024 01:46:55 [Treasure] insert ItemPhoto20
14.06.2024 01:46:55 [Treasure] insert ItemPhoto21
14.06.2024 01:46:55 [Treasure] insert ItemPhoto22
14.06.2024 01:46:55 [Treasure] insert ItemPhoto23
14.06.2024 01:46:55 [Treasure] insert ItemPhoto24
14.06.2024 01:46:55 [Treasure] insert ItemPhoto25
14.06.2024 01:46:55 [Treasure] insert ItemPhoto26
14.06.2024 01:46:55 [Treasure] insert ItemPhoto27
14.06.2024 01:46:55 [Treasure] insert ItemPhoto28
14.06.2024 01:46:55 [Treasure] insert ItemPhoto29
14.06.2024 01:46:55 [Treasure] insert ItemPhoto30
14.06.2024 01:46:55 [Treasure] insert ItemPhoto31
14.06.2024 01:46:55 [Treasure] insert ItemPhoto32
14.06.2024 01:46:55 [Treasure] insert ItemPhoto33
14.06.2024 01:46:55 [Treasure] insert ItemPhoto34
14.06.2024 01:46:55 [Treasure] insert ItemPhoto35
14.06.2024 01:46:55 [Treasure] insert ItemPhoto36
14.06.2024 01:46:55 [Treasure] insert ItemPhoto37
14.06.2024 01:46:55 [Treasure] insert ItemPhoto38
14.06.2024 01:46:55 [Treasure] insert ItemPhoto39
14.06.2024 01:46:55 [Treasure] insert ItemPhoto40
14.06.2024 01:46:55 [Treasure] photo array 40
14.06.2024 01:46:55 [Treasure] 'Descriptions_EN.json' found, loading existing config
14.06.2024 01:46:55 [Treasure] Server RPC called
14.06.2024 01:49:26 [Treasure] insert ItemPhoto01
14.06.2024 01:49:26 [Treasure] insert ItemPhoto02
14.06.2024 01:49:26 [Treasure] insert ItemPhoto03
14.06.2024 01:49:26 [Treasure] insert ItemPhoto04
14.06.2024 01:49:26 [Treasure] insert ItemPhoto05
14.06.2024 01:49:26 [Treasure] insert ItemPhoto06
14.06.2024 01:49:26 [Treasure] insert ItemPhoto07
14.06.2024 01:49:26 [Treasure] insert ItemPhoto08
14.06.2024 01:49:26 [Treasure] insert ItemPhoto09
14.06.2024 01:49:26 [Treasure] insert ItemPhoto10
14.06.2024 01:49:26 [Treasure] insert ItemPhoto11
14.06.2024 01:49:26 [Treasure] insert ItemPhoto12
14.06.2024 01:49:26 [Treasure] insert ItemPhoto13
14.06.2024 01:49:26 [Treasure] insert ItemPhoto14
14.06.2024 01:49:26 [Treasure] insert ItemPhoto15
14.06.2024 01:49:26 [Treasure] insert ItemPhoto16
14.06.2024 01:49:26 [Treasure] insert ItemPhoto17
14.06.2024 01:49:26 [Treasure] insert ItemPhoto18
14.06.2024 01:49:26 [Treasure] insert ItemPhoto19
14.06.2024 01:49:26 [Treasure] insert ItemPhoto20
14.06.2024 01:49:26 [Treasure] insert ItemPhoto21
14.06.2024 01:49:26 [Treasure] insert ItemPhoto22
14.06.2024 01:49:26 [Treasure] insert ItemPhoto23
14.06.2024 01:49:26 [Treasure] insert ItemPhoto24
14.06.2024 01:49:26 [Treasure] insert ItemPhoto25
14.06.2024 01:49:26 [Treasure] insert ItemPhoto26
14.06.2024 01:49:26 [Treasure] insert ItemPhoto27
14.06.2024 01:49:26 [Treasure] insert ItemPhoto28
14.06.2024 01:49:26 [Treasure] insert ItemPhoto29
14.06.2024 01:49:26 [Treasure] insert ItemPhoto30
14.06.2024 01:49:26 [Treasure] insert ItemPhoto31
14.06.2024 01:49:26 [Treasure] insert ItemPhoto32
14.06.2024 01:49:26 [Treasure] insert ItemPhoto33
14.06.2024 01:49:26 [Treasure] insert ItemPhoto34
14.06.2024 01:49:26 [Treasure] insert ItemPhoto35
14.06.2024 01:49:26 [Treasure] insert ItemPhoto36
14.06.2024 01:49:26 [Treasure] insert ItemPhoto37
14.06.2024 01:49:26 [Treasure] insert ItemPhoto38
14.06.2024 01:49:26 [Treasure] insert ItemPhoto39
14.06.2024 01:49:26 [Treasure] insert ItemPhoto40
14.06.2024 01:49:26 [Treasure] photo array 40
14.06.2024 01:49:26 [Treasure] 'Descriptions_EN.json' found, loading existing config
14.06.2024 01:49:26 [Treasure] Server RPC called
14.06.2024 01:50:48 [Treasure] Player Survivor have language set to: EN
14.06.2024 01:50:48 [Treasure] descriptions sent to player: Survivor
14.06.2024 11:32:51 [Treasure] insert ItemPhoto01
14.06.2024 11:32:51 [Treasure] insert ItemPhoto02
14.06.2024 11:32:51 [Treasure] insert ItemPhoto03
14.06.2024 11:32:51 [Treasure] insert ItemPhoto04
14.06.2024 11:32:51 [Treasure] insert ItemPhoto05
14.06.2024 11:32:51 [Treasure] insert ItemPhoto06
14.06.2024 11:32:51 [Treasure] insert ItemPhoto07
14.06.2024 11:32:51 [Treasure] insert ItemPhoto08
14.06.2024 11:32:51 [Treasure] insert ItemPhoto09
14.06.2024 11:32:51 [Treasure] insert ItemPhoto10
14.06.2024 11:32:51 [Treasure] insert ItemPhoto11
14.06.2024 11:32:51 [Treasure] insert ItemPhoto12
14.06.2024 11:32:51 [Treasure] insert ItemPhoto13
14.06.2024 11:32:51 [Treasure] insert ItemPhoto14
14.06.2024 11:32:51 [Treasure] insert ItemPhoto15
14.06.2024 11:32:51 [Treasure] insert ItemPhoto16
14.06.2024 11:32:51 [Treasure] insert ItemPhoto17
14.06.2024 11:32:51 [Treasure] insert ItemPhoto18
14.06.2024 11:32:51 [Treasure] insert ItemPhoto19
14.06.2024 11:32:51 [Treasure] insert ItemPhoto20
14.06.2024 11:32:51 [Treasure] insert ItemPhoto21
14.06.2024 11:32:51 [Treasure] insert ItemPhoto22
14.06.2024 11:32:51 [Treasure] insert ItemPhoto23
14.06.2024 11:32:51 [Treasure] insert ItemPhoto24
14.06.2024 11:32:51 [Treasure] insert ItemPhoto25
14.06.2024 11:32:51 [Treasure] insert ItemPhoto26
14.06.2024 11:32:51 [Treasure] insert ItemPhoto27
14.06.2024 11:32:51 [Treasure] insert ItemPhoto28
14.06.2024 11:32:51 [Treasure] insert ItemPhoto29
14.06.2024 11:32:51 [Treasure] insert ItemPhoto30
14.06.2024 11:32:51 [Treasure] insert ItemPhoto31
14.06.2024 11:32:51 [Treasure] insert ItemPhoto32
14.06.2024 11:32:51 [Treasure] insert ItemPhoto33
14.06.2024 11:32:51 [Treasure] insert ItemPhoto34
14.06.2024 11:32:51 [Treasure] insert ItemPhoto35
14.06.2024 11:32:51 [Treasure] insert ItemPhoto36
14.06.2024 11:32:51 [Treasure] insert ItemPhoto37
14.06.2024 11:32:51 [Treasure] insert ItemPhoto38
14.06.2024 11:32:51 [Treasure] insert ItemPhoto39
14.06.2024 11:32:51 [Treasure] insert ItemPhoto40
14.06.2024 11:32:51 [Treasure] photo array 40
14.06.2024 11:32:51 [Treasure] 'Descriptions_EN.json' found, loading existing config
14.06.2024 11:32:51 [Treasure] Server RPC called
14.06.2024 11:37:16 [Treasure] Player Survivor have language set to: EN
14.06.2024 11:37:16 [Treasure] descriptions sent to player: Survivor
14.06.2024 12:23:14 [Treasure] insert ItemPhoto01
14.06.2024 12:23:14 [Treasure] insert ItemPhoto02
14.06.2024 12:23:14 [Treasure] insert ItemPhoto03
14.06.2024 12:23:14 [Treasure] insert ItemPhoto04
14.06.2024 12:23:14 [Treasure] insert ItemPhoto05
14.06.2024 12:23:14 [Treasure] insert ItemPhoto06
14.06.2024 12:23:14 [Treasure] insert ItemPhoto07
14.06.2024 12:23:14 [Treasure] insert ItemPhoto08
14.06.2024 12:23:14 [Treasure] insert ItemPhoto09
14.06.2024 12:23:14 [Treasure] insert ItemPhoto10
14.06.2024 12:23:14 [Treasure] insert ItemPhoto11
14.06.2024 12:23:14 [Treasure] insert ItemPhoto12
14.06.2024 12:23:14 [Treasure] insert ItemPhoto13
14.06.2024 12:23:14 [Treasure] insert ItemPhoto14
14.06.2024 12:23:14 [Treasure] insert ItemPhoto15
14.06.2024 12:23:14 [Treasure] insert ItemPhoto16
14.06.2024 12:23:14 [Treasure] insert ItemPhoto17
14.06.2024 12:23:14 [Treasure] insert ItemPhoto18
14.06.2024 12:23:14 [Treasure] insert ItemPhoto19
14.06.2024 12:23:14 [Treasure] insert ItemPhoto20
14.06.2024 12:23:14 [Treasure] insert ItemPhoto21
14.06.2024 12:23:14 [Treasure] insert ItemPhoto22
14.06.2024 12:23:14 [Treasure] insert ItemPhoto23
14.06.2024 12:23:14 [Treasure] insert ItemPhoto24
14.06.2024 12:23:14 [Treasure] insert ItemPhoto25
14.06.2024 12:23:14 [Treasure] insert ItemPhoto26
14.06.2024 12:23:14 [Treasure] insert ItemPhoto27
14.06.2024 12:23:14 [Treasure] insert ItemPhoto28
14.06.2024 12:23:14 [Treasure] insert ItemPhoto29
14.06.2024 12:23:14 [Treasure] insert ItemPhoto30
14.06.2024 12:23:14 [Treasure] insert ItemPhoto31
14.06.2024 12:23:14 [Treasure] insert ItemPhoto32
14.06.2024 12:23:14 [Treasure] insert ItemPhoto33
14.06.2024 12:23:14 [Treasure] insert ItemPhoto34
14.06.2024 12:23:14 [Treasure] insert ItemPhoto35
14.06.2024 12:23:14 [Treasure] insert ItemPhoto36
14.06.2024 12:23:14 [Treasure] insert ItemPhoto37
14.06.2024 12:23:14 [Treasure] insert ItemPhoto38
14.06.2024 12:23:14 [Treasure] insert ItemPhoto39
14.06.2024 12:23:14 [Treasure] insert ItemPhoto40
14.06.2024 12:23:14 [Treasure] photo array 40
14.06.2024 12:23:14 [Treasure] 'Descriptions_EN.json' found, loading existing config
14.06.2024 12:23:14 [Treasure] Server RPC called
14.06.2024 12:28:26 [Treasure] insert ItemPhoto01
14.06.2024 12:28:26 [Treasure] insert ItemPhoto02
14.06.2024 12:28:26 [Treasure] insert ItemPhoto03
14.06.2024 12:28:26 [Treasure] insert ItemPhoto04
14.06.2024 12:28:26 [Treasure] insert ItemPhoto05
14.06.2024 12:28:26 [Treasure] insert ItemPhoto06
14.06.2024 12:28:26 [Treasure] insert ItemPhoto07
14.06.2024 12:28:26 [Treasure] insert ItemPhoto08
14.06.2024 12:28:26 [Treasure] insert ItemPhoto09
14.06.2024 12:28:26 [Treasure] insert ItemPhoto10
14.06.2024 12:28:26 [Treasure] insert ItemPhoto11
14.06.2024 12:28:26 [Treasure] insert ItemPhoto12
14.06.2024 12:28:26 [Treasure] insert ItemPhoto13
14.06.2024 12:28:26 [Treasure] insert ItemPhoto14
14.06.2024 12:28:26 [Treasure] insert ItemPhoto15
14.06.2024 12:28:26 [Treasure] insert ItemPhoto16
14.06.2024 12:28:26 [Treasure] insert ItemPhoto17
14.06.2024 12:28:26 [Treasure] insert ItemPhoto18
14.06.2024 12:28:26 [Treasure] insert ItemPhoto19
14.06.2024 12:28:26 [Treasure] insert ItemPhoto20
14.06.2024 12:28:26 [Treasure] insert ItemPhoto21
14.06.2024 12:28:26 [Treasure] insert ItemPhoto22
14.06.2024 12:28:26 [Treasure] insert ItemPhoto23
14.06.2024 12:28:26 [Treasure] insert ItemPhoto24
14.06.2024 12:28:26 [Treasure] insert ItemPhoto25
14.06.2024 12:28:26 [Treasure] insert ItemPhoto26
14.06.2024 12:28:26 [Treasure] insert ItemPhoto27
14.06.2024 12:28:26 [Treasure] insert ItemPhoto28
14.06.2024 12:28:26 [Treasure] insert ItemPhoto29
14.06.2024 12:28:26 [Treasure] insert ItemPhoto30
14.06.2024 12:28:26 [Treasure] insert ItemPhoto31
14.06.2024 12:28:26 [Treasure] insert ItemPhoto32
14.06.2024 12:28:26 [Treasure] insert ItemPhoto33
14.06.2024 12:28:26 [Treasure] insert ItemPhoto34
14.06.2024 12:28:26 [Treasure] insert ItemPhoto35
14.06.2024 12:28:26 [Treasure] insert ItemPhoto36
14.06.2024 12:28:26 [Treasure] insert ItemPhoto37
14.06.2024 12:28:26 [Treasure] insert ItemPhoto38
14.06.2024 12:28:26 [Treasure] insert ItemPhoto39
14.06.2024 12:28:26 [Treasure] insert ItemPhoto40
14.06.2024 12:28:26 [Treasure] photo array 40
14.06.2024 12:28:26 [Treasure] 'Descriptions_EN.json' found, loading existing config
14.06.2024 12:28:26 [Treasure] Server RPC called
14.06.2024 12:32:36 [Treasure] Player Survivor have language set to: EN
14.06.2024 12:32:36 [Treasure] descriptions sent to player: Survivor
14.06.2024 12:41:33 [Treasure] insert ItemPhoto01
14.06.2024 12:41:33 [Treasure] insert ItemPhoto02
14.06.2024 12:41:33 [Treasure] insert ItemPhoto03
14.06.2024 12:41:33 [Treasure] insert ItemPhoto04
14.06.2024 12:41:33 [Treasure] insert ItemPhoto05
14.06.2024 12:41:33 [Treasure] insert ItemPhoto06
14.06.2024 12:41:33 [Treasure] insert ItemPhoto07
14.06.2024 12:41:33 [Treasure] insert ItemPhoto08
14.06.2024 12:41:33 [Treasure] insert ItemPhoto09
14.06.2024 12:41:33 [Treasure] insert ItemPhoto10
14.06.2024 12:41:33 [Treasure] insert ItemPhoto11
14.06.2024 12:41:33 [Treasure] insert ItemPhoto12
14.06.2024 12:41:33 [Treasure] insert ItemPhoto13
14.06.2024 12:41:33 [Treasure] insert ItemPhoto14
14.06.2024 12:41:33 [Treasure] insert ItemPhoto15
14.06.2024 12:41:33 [Treasure] insert ItemPhoto16
14.06.2024 12:41:33 [Treasure] insert ItemPhoto17
14.06.2024 12:41:33 [Treasure] insert ItemPhoto18
14.06.2024 12:41:33 [Treasure] insert ItemPhoto19
14.06.2024 12:41:33 [Treasure] insert ItemPhoto20
14.06.2024 12:41:33 [Treasure] insert ItemPhoto21
14.06.2024 12:41:33 [Treasure] insert ItemPhoto22
14.06.2024 12:41:33 [Treasure] insert ItemPhoto23
14.06.2024 12:41:33 [Treasure] insert ItemPhoto24
14.06.2024 12:41:33 [Treasure] insert ItemPhoto25
14.06.2024 12:41:33 [Treasure] insert ItemPhoto26
14.06.2024 12:41:33 [Treasure] insert ItemPhoto27
14.06.2024 12:41:33 [Treasure] insert ItemPhoto28
14.06.2024 12:41:33 [Treasure] insert ItemPhoto29
14.06.2024 12:41:33 [Treasure] insert ItemPhoto30
14.06.2024 12:41:33 [Treasure] insert ItemPhoto31
14.06.2024 12:41:33 [Treasure] insert ItemPhoto32
14.06.2024 12:41:33 [Treasure] insert ItemPhoto33
14.06.2024 12:41:33 [Treasure] insert ItemPhoto34
14.06.2024 12:41:33 [Treasure] insert ItemPhoto35
14.06.2024 12:41:33 [Treasure] insert ItemPhoto36
14.06.2024 12:41:33 [Treasure] insert ItemPhoto37
14.06.2024 12:41:33 [Treasure] insert ItemPhoto38
14.06.2024 12:41:33 [Treasure] insert ItemPhoto39
14.06.2024 12:41:33 [Treasure] insert ItemPhoto40
14.06.2024 12:41:33 [Treasure] photo array 40
14.06.2024 12:41:33 [Treasure] 'Descriptions_EN.json' found, loading existing config
14.06.2024 12:41:33 [Treasure] Server RPC called
14.06.2024 12:42:36 [Treasure] insert ItemPhoto01
14.06.2024 12:42:36 [Treasure] insert ItemPhoto02
14.06.2024 12:42:36 [Treasure] insert ItemPhoto03
14.06.2024 12:42:36 [Treasure] insert ItemPhoto04
14.06.2024 12:42:36 [Treasure] insert ItemPhoto05
14.06.2024 12:42:36 [Treasure] insert ItemPhoto06
14.06.2024 12:42:36 [Treasure] insert ItemPhoto07
14.06.2024 12:42:36 [Treasure] insert ItemPhoto08
14.06.2024 12:42:36 [Treasure] insert ItemPhoto09
14.06.2024 12:42:36 [Treasure] insert ItemPhoto10
14.06.2024 12:42:36 [Treasure] insert ItemPhoto11
14.06.2024 12:42:36 [Treasure] insert ItemPhoto12
14.06.2024 12:42:36 [Treasure] insert ItemPhoto13
14.06.2024 12:42:36 [Treasure] insert ItemPhoto14
14.06.2024 12:42:36 [Treasure] insert ItemPhoto15
14.06.2024 12:42:36 [Treasure] insert ItemPhoto16
14.06.2024 12:42:36 [Treasure] insert ItemPhoto17
14.06.2024 12:42:36 [Treasure] insert ItemPhoto18
14.06.2024 12:42:36 [Treasure] insert ItemPhoto19
14.06.2024 12:42:36 [Treasure] insert ItemPhoto20
14.06.2024 12:42:36 [Treasure] insert ItemPhoto21
14.06.2024 12:42:36 [Treasure] insert ItemPhoto22
14.06.2024 12:42:36 [Treasure] insert ItemPhoto23
14.06.2024 12:42:36 [Treasure] insert ItemPhoto24
14.06.2024 12:42:36 [Treasure] insert ItemPhoto25
14.06.2024 12:42:36 [Treasure] insert ItemPhoto26
14.06.2024 12:42:36 [Treasure] insert ItemPhoto27
14.06.2024 12:42:36 [Treasure] insert ItemPhoto28
14.06.2024 12:42:36 [Treasure] insert ItemPhoto29
14.06.2024 12:42:36 [Treasure] insert ItemPhoto30
14.06.2024 12:42:36 [Treasure] insert ItemPhoto31
14.06.2024 12:42:36 [Treasure] insert ItemPhoto32
14.06.2024 12:42:36 [Treasure] insert ItemPhoto33
14.06.2024 12:42:36 [Treasure] insert ItemPhoto34
14.06.2024 12:42:36 [Treasure] insert ItemPhoto35
14.06.2024 12:42:36 [Treasure] insert ItemPhoto36
14.06.2024 12:42:36 [Treasure] insert ItemPhoto37
14.06.2024 12:42:36 [Treasure] insert ItemPhoto38
14.06.2024 12:42:36 [Treasure] insert ItemPhoto39
14.06.2024 12:42:36 [Treasure] insert ItemPhoto40
14.06.2024 12:42:36 [Treasure] photo array 40
14.06.2024 12:42:36 [Treasure] 'Descriptions_EN.json' found, loading existing config
14.06.2024 12:42:36 [Treasure] Server RPC called
14.06.2024 12:44:10 [Treasure] insert ItemPhoto01
14.06.2024 12:44:10 [Treasure] insert ItemPhoto02
14.06.2024 12:44:10 [Treasure] insert ItemPhoto03
14.06.2024 12:44:10 [Treasure] insert ItemPhoto04
14.06.2024 12:44:10 [Treasure] insert ItemPhoto05
14.06.2024 12:44:10 [Treasure] insert ItemPhoto06
14.06.2024 12:44:10 [Treasure] insert ItemPhoto07
14.06.2024 12:44:10 [Treasure] insert ItemPhoto08
14.06.2024 12:44:10 [Treasure] insert ItemPhoto09
14.06.2024 12:44:10 [Treasure] insert ItemPhoto10
14.06.2024 12:44:10 [Treasure] insert ItemPhoto11
14.06.2024 12:44:10 [Treasure] insert ItemPhoto12
14.06.2024 12:44:10 [Treasure] insert ItemPhoto13
14.06.2024 12:44:10 [Treasure] insert ItemPhoto14
14.06.2024 12:44:10 [Treasure] insert ItemPhoto15
14.06.2024 12:44:10 [Treasure] insert ItemPhoto16
14.06.2024 12:44:10 [Treasure] insert ItemPhoto17
14.06.2024 12:44:10 [Treasure] insert ItemPhoto18
14.06.2024 12:44:10 [Treasure] insert ItemPhoto19
14.06.2024 12:44:10 [Treasure] insert ItemPhoto20
14.06.2024 12:44:10 [Treasure] insert ItemPhoto21
14.06.2024 12:44:10 [Treasure] insert ItemPhoto22
14.06.2024 12:44:10 [Treasure] insert ItemPhoto23
14.06.2024 12:44:10 [Treasure] insert ItemPhoto24
14.06.2024 12:44:10 [Treasure] insert ItemPhoto25
14.06.2024 12:44:10 [Treasure] insert ItemPhoto26
14.06.2024 12:44:10 [Treasure] insert ItemPhoto27
14.06.2024 12:44:10 [Treasure] insert ItemPhoto28
14.06.2024 12:44:10 [Treasure] insert ItemPhoto29
14.06.2024 12:44:10 [Treasure] insert ItemPhoto30
14.06.2024 12:44:10 [Treasure] insert ItemPhoto31
14.06.2024 12:44:10 [Treasure] insert ItemPhoto32
14.06.2024 12:44:10 [Treasure] insert ItemPhoto33
14.06.2024 12:44:10 [Treasure] insert ItemPhoto34
14.06.2024 12:44:10 [Treasure] insert ItemPhoto35
14.06.2024 12:44:10 [Treasure] insert ItemPhoto36
14.06.2024 12:44:10 [Treasure] insert ItemPhoto37
14.06.2024 12:44:10 [Treasure] insert ItemPhoto38
14.06.2024 12:44:10 [Treasure] insert ItemPhoto39
14.06.2024 12:44:10 [Treasure] insert ItemPhoto40
14.06.2024 12:44:10 [Treasure] photo array 40
14.06.2024 12:44:10 [Treasure] 'Descriptions_EN.json' found, loading existing config
14.06.2024 12:44:10 [Treasure] Server RPC called
14.06.2024 12:45:53 [Treasure] insert ItemPhoto01
14.06.2024 12:45:53 [Treasure] insert ItemPhoto02
14.06.2024 12:45:53 [Treasure] insert ItemPhoto03
14.06.2024 12:45:53 [Treasure] insert ItemPhoto04
14.06.2024 12:45:53 [Treasure] insert ItemPhoto05
14.06.2024 12:45:53 [Treasure] insert ItemPhoto06
14.06.2024 12:45:53 [Treasure] insert ItemPhoto07
14.06.2024 12:45:53 [Treasure] insert ItemPhoto08
14.06.2024 12:45:53 [Treasure] insert ItemPhoto09
14.06.2024 12:45:53 [Treasure] insert ItemPhoto10
14.06.2024 12:45:53 [Treasure] insert ItemPhoto11
14.06.2024 12:45:53 [Treasure] insert ItemPhoto12
14.06.2024 12:45:53 [Treasure] insert ItemPhoto13
14.06.2024 12:45:53 [Treasure] insert ItemPhoto14
14.06.2024 12:45:53 [Treasure] insert ItemPhoto15
14.06.2024 12:45:53 [Treasure] insert ItemPhoto16
14.06.2024 12:45:53 [Treasure] insert ItemPhoto17
14.06.2024 12:45:53 [Treasure] insert ItemPhoto18
14.06.2024 12:45:53 [Treasure] insert ItemPhoto19
14.06.2024 12:45:53 [Treasure] insert ItemPhoto20
14.06.2024 12:45:53 [Treasure] insert ItemPhoto21
14.06.2024 12:45:53 [Treasure] insert ItemPhoto22
14.06.2024 12:45:53 [Treasure] insert ItemPhoto23
14.06.2024 12:45:53 [Treasure] insert ItemPhoto24
14.06.2024 12:45:53 [Treasure] insert ItemPhoto25
14.06.2024 12:45:53 [Treasure] insert ItemPhoto26
14.06.2024 12:45:53 [Treasure] insert ItemPhoto27
14.06.2024 12:45:53 [Treasure] insert ItemPhoto28
14.06.2024 12:45:53 [Treasure] insert ItemPhoto29
14.06.2024 12:45:53 [Treasure] insert ItemPhoto30
14.06.2024 12:45:53 [Treasure] insert ItemPhoto31
14.06.2024 12:45:53 [Treasure] insert ItemPhoto32
14.06.2024 12:45:53 [Treasure] insert ItemPhoto33
14.06.2024 12:45:53 [Treasure] insert ItemPhoto34
14.06.2024 12:45:53 [Treasure] insert ItemPhoto35
14.06.2024 12:45:53 [Treasure] insert ItemPhoto36
14.06.2024 12:45:53 [Treasure] insert ItemPhoto37
14.06.2024 12:45:53 [Treasure] insert ItemPhoto38
14.06.2024 12:45:53 [Treasure] insert ItemPhoto39
14.06.2024 12:45:53 [Treasure] insert ItemPhoto40
14.06.2024 12:45:53 [Treasure] photo array 40
14.06.2024 12:45:53 [Treasure] 'Descriptions_EN.json' found, loading existing config
14.06.2024 12:45:53 [Treasure] Server RPC called
14.06.2024 12:47:53 [Treasure] insert ItemPhoto01
14.06.2024 12:47:53 [Treasure] insert ItemPhoto02
14.06.2024 12:47:53 [Treasure] insert ItemPhoto03
14.06.2024 12:47:53 [Treasure] insert ItemPhoto04
14.06.2024 12:47:53 [Treasure] insert ItemPhoto05
14.06.2024 12:47:53 [Treasure] insert ItemPhoto06
14.06.2024 12:47:53 [Treasure] insert ItemPhoto07
14.06.2024 12:47:53 [Treasure] insert ItemPhoto08
14.06.2024 12:47:53 [Treasure] insert ItemPhoto09
14.06.2024 12:47:53 [Treasure] insert ItemPhoto10
14.06.2024 12:47:53 [Treasure] insert ItemPhoto11
14.06.2024 12:47:53 [Treasure] insert ItemPhoto12
14.06.2024 12:47:53 [Treasure] insert ItemPhoto13
14.06.2024 12:47:53 [Treasure] insert ItemPhoto14
14.06.2024 12:47:53 [Treasure] insert ItemPhoto15
14.06.2024 12:47:53 [Treasure] insert ItemPhoto16
14.06.2024 12:47:53 [Treasure] insert ItemPhoto17
14.06.2024 12:47:53 [Treasure] insert ItemPhoto18
14.06.2024 12:47:53 [Treasure] insert ItemPhoto19
14.06.2024 12:47:53 [Treasure] insert ItemPhoto20
14.06.2024 12:47:53 [Treasure] insert ItemPhoto21
14.06.2024 12:47:53 [Treasure] insert ItemPhoto22
14.06.2024 12:47:53 [Treasure] insert ItemPhoto23
14.06.2024 12:47:53 [Treasure] insert ItemPhoto24
14.06.2024 12:47:53 [Treasure] insert ItemPhoto25
14.06.2024 12:47:53 [Treasure] insert ItemPhoto26
14.06.2024 12:47:53 [Treasure] insert ItemPhoto27
14.06.2024 12:47:53 [Treasure] insert ItemPhoto28
14.06.2024 12:47:53 [Treasure] insert ItemPhoto29
14.06.2024 12:47:53 [Treasure] insert ItemPhoto30
14.06.2024 12:47:53 [Treasure] insert ItemPhoto31
14.06.2024 12:47:53 [Treasure] insert ItemPhoto32
14.06.2024 12:47:53 [Treasure] insert ItemPhoto33
14.06.2024 12:47:53 [Treasure] insert ItemPhoto34
14.06.2024 12:47:53 [Treasure] insert ItemPhoto35
14.06.2024 12:47:53 [Treasure] insert ItemPhoto36
14.06.2024 12:47:53 [Treasure] insert ItemPhoto37
14.06.2024 12:47:53 [Treasure] insert ItemPhoto38
14.06.2024 12:47:53 [Treasure] insert ItemPhoto39
14.06.2024 12:47:53 [Treasure] insert ItemPhoto40
14.06.2024 12:47:53 [Treasure] photo array 40
14.06.2024 12:47:53 [Treasure] 'Descriptions_EN.json' found, loading existing config
14.06.2024 12:47:53 [Treasure] Server RPC called
14.06.2024 12:48:56 [Treasure] Player Survivor have language set to: EN
14.06.2024 12:48:56 [Treasure] descriptions sent to player: Survivor
14.06.2024 18:30:17 [Treasure] Player Survivor have language set to: EN
14.06.2024 18:30:17 [Treasure] descriptions sent to player: Survivor
14.06.2024 18:31:46 [Treasure] Player Uncle Duncan have language set to: EN
14.06.2024 18:31:46 [Treasure] descriptions sent to player: Uncle Duncan
14.06.2024 19:06:26 [Treasure] Player Survivor have language set to: EN
14.06.2024 19:06:26 [Treasure] descriptions sent to player: Survivor
14.06.2024 19:12:12 [Treasure] Player AnanasZ have language set to: EN
14.06.2024 19:12:12 [Treasure] descriptions sent to player: AnanasZ
14.06.2024 19:18:04 [Treasure] Player Survivor (2) have language set to: EN
14.06.2024 19:18:04 [Treasure] descriptions sent to player: Survivor (2)
14.06.2024 21:02:12 [Treasure] insert ItemPhoto01
14.06.2024 21:02:12 [Treasure] insert ItemPhoto02
14.06.2024 21:02:12 [Treasure] insert ItemPhoto03
14.06.2024 21:02:12 [Treasure] insert ItemPhoto04
14.06.2024 21:02:12 [Treasure] insert ItemPhoto05
14.06.2024 21:02:12 [Treasure] insert ItemPhoto06
14.06.2024 21:02:12 [Treasure] insert ItemPhoto07
14.06.2024 21:02:12 [Treasure] insert ItemPhoto08
14.06.2024 21:02:12 [Treasure] insert ItemPhoto09
14.06.2024 21:02:12 [Treasure] insert ItemPhoto10
14.06.2024 21:02:12 [Treasure] insert ItemPhoto11
14.06.2024 21:02:12 [Treasure] insert ItemPhoto12
14.06.2024 21:02:12 [Treasure] insert ItemPhoto13
14.06.2024 21:02:12 [Treasure] insert ItemPhoto14
14.06.2024 21:02:12 [Treasure] insert ItemPhoto15
14.06.2024 21:02:12 [Treasure] insert ItemPhoto16
14.06.2024 21:02:12 [Treasure] insert ItemPhoto17
14.06.2024 21:02:12 [Treasure] insert ItemPhoto18
14.06.2024 21:02:12 [Treasure] insert ItemPhoto19
14.06.2024 21:02:12 [Treasure] insert ItemPhoto20
14.06.2024 21:02:12 [Treasure] insert ItemPhoto21
14.06.2024 21:02:12 [Treasure] insert ItemPhoto22
14.06.2024 21:02:12 [Treasure] insert ItemPhoto23
14.06.2024 21:02:12 [Treasure] insert ItemPhoto24
14.06.2024 21:02:12 [Treasure] insert ItemPhoto25
14.06.2024 21:02:12 [Treasure] insert ItemPhoto26
14.06.2024 21:02:12 [Treasure] insert ItemPhoto27
14.06.2024 21:02:12 [Treasure] insert ItemPhoto28
14.06.2024 21:02:12 [Treasure] insert ItemPhoto29
14.06.2024 21:02:12 [Treasure] insert ItemPhoto30
14.06.2024 21:02:12 [Treasure] insert ItemPhoto31
14.06.2024 21:02:12 [Treasure] insert ItemPhoto32
14.06.2024 21:02:12 [Treasure] insert ItemPhoto33
14.06.2024 21:02:12 [Treasure] insert ItemPhoto34
14.06.2024 21:02:12 [Treasure] insert ItemPhoto35
14.06.2024 21:02:12 [Treasure] insert ItemPhoto36
14.06.2024 21:02:12 [Treasure] insert ItemPhoto37
14.06.2024 21:02:12 [Treasure] insert ItemPhoto38
14.06.2024 21:02:12 [Treasure] insert ItemPhoto39
14.06.2024 21:02:12 [Treasure] insert ItemPhoto40
14.06.2024 21:02:12 [Treasure] photo array 40
14.06.2024 21:02:12 [Treasure] 'Descriptions_EN.json' found, loading existing config
14.06.2024 21:02:12 [Treasure] Server RPC called
15.06.2024 18:18:40 [Treasure] insert ItemPhoto01
15.06.2024 18:18:40 [Treasure] insert ItemPhoto02
15.06.2024 18:18:40 [Treasure] insert ItemPhoto03
15.06.2024 18:18:40 [Treasure] insert ItemPhoto04
15.06.2024 18:18:40 [Treasure] insert ItemPhoto05
15.06.2024 18:18:40 [Treasure] insert ItemPhoto06
15.06.2024 18:18:40 [Treasure] insert ItemPhoto07
15.06.2024 18:18:40 [Treasure] insert ItemPhoto08
15.06.2024 18:18:40 [Treasure] insert ItemPhoto09
15.06.2024 18:18:40 [Treasure] insert ItemPhoto10
15.06.2024 18:18:40 [Treasure] insert ItemPhoto11
15.06.2024 18:18:40 [Treasure] insert ItemPhoto12
15.06.2024 18:18:40 [Treasure] insert ItemPhoto13
15.06.2024 18:18:40 [Treasure] insert ItemPhoto14
15.06.2024 18:18:40 [Treasure] insert ItemPhoto15
15.06.2024 18:18:40 [Treasure] insert ItemPhoto16
15.06.2024 18:18:40 [Treasure] insert ItemPhoto17
15.06.2024 18:18:40 [Treasure] insert ItemPhoto18
15.06.2024 18:18:40 [Treasure] insert ItemPhoto19
15.06.2024 18:18:40 [Treasure] insert ItemPhoto20
15.06.2024 18:18:40 [Treasure] insert ItemPhoto21
15.06.2024 18:18:40 [Treasure] insert ItemPhoto22
15.06.2024 18:18:40 [Treasure] insert ItemPhoto23
15.06.2024 18:18:40 [Treasure] insert ItemPhoto24
15.06.2024 18:18:40 [Treasure] insert ItemPhoto25
15.06.2024 18:18:40 [Treasure] insert ItemPhoto26
15.06.2024 18:18:40 [Treasure] insert ItemPhoto27
15.06.2024 18:18:40 [Treasure] insert ItemPhoto28
15.06.2024 18:18:40 [Treasure] insert ItemPhoto29
15.06.2024 18:18:40 [Treasure] insert ItemPhoto30
15.06.2024 18:18:40 [Treasure] insert ItemPhoto31
15.06.2024 18:18:40 [Treasure] insert ItemPhoto32
15.06.2024 18:18:40 [Treasure] insert ItemPhoto33
15.06.2024 18:18:40 [Treasure] insert ItemPhoto34
15.06.2024 18:18:40 [Treasure] insert ItemPhoto35
15.06.2024 18:18:40 [Treasure] insert ItemPhoto36
15.06.2024 18:18:40 [Treasure] insert ItemPhoto37
15.06.2024 18:18:40 [Treasure] insert ItemPhoto38
15.06.2024 18:18:40 [Treasure] insert ItemPhoto39
15.06.2024 18:18:40 [Treasure] insert ItemPhoto40
15.06.2024 18:18:40 [Treasure] photo array 40
15.06.2024 18:18:40 [Treasure] 'Descriptions_EN.json' found, loading existing config
15.06.2024 18:18:40 [Treasure] Server RPC called
15.06.2024 18:21:11 [Treasure] insert ItemPhoto01
15.06.2024 18:21:11 [Treasure] insert ItemPhoto02
15.06.2024 18:21:11 [Treasure] insert ItemPhoto03
15.06.2024 18:21:11 [Treasure] insert ItemPhoto04
15.06.2024 18:21:11 [Treasure] insert ItemPhoto05
15.06.2024 18:21:11 [Treasure] insert ItemPhoto06
15.06.2024 18:21:11 [Treasure] insert ItemPhoto07
15.06.2024 18:21:11 [Treasure] insert ItemPhoto08
15.06.2024 18:21:11 [Treasure] insert ItemPhoto09
15.06.2024 18:21:11 [Treasure] insert ItemPhoto10
15.06.2024 18:21:11 [Treasure] insert ItemPhoto11
15.06.2024 18:21:11 [Treasure] insert ItemPhoto12
15.06.2024 18:21:11 [Treasure] insert ItemPhoto13
15.06.2024 18:21:11 [Treasure] insert ItemPhoto14
15.06.2024 18:21:11 [Treasure] insert ItemPhoto15
15.06.2024 18:21:11 [Treasure] insert ItemPhoto16
15.06.2024 18:21:11 [Treasure] insert ItemPhoto17
15.06.2024 18:21:11 [Treasure] insert ItemPhoto18
15.06.2024 18:21:11 [Treasure] insert ItemPhoto19
15.06.2024 18:21:11 [Treasure] insert ItemPhoto20
15.06.2024 18:21:11 [Treasure] insert ItemPhoto21
15.06.2024 18:21:11 [Treasure] insert ItemPhoto22
15.06.2024 18:21:11 [Treasure] insert ItemPhoto23
15.06.2024 18:21:11 [Treasure] insert ItemPhoto24
15.06.2024 18:21:11 [Treasure] insert ItemPhoto25
15.06.2024 18:21:11 [Treasure] insert ItemPhoto26
15.06.2024 18:21:11 [Treasure] insert ItemPhoto27
15.06.2024 18:21:11 [Treasure] insert ItemPhoto28
15.06.2024 18:21:11 [Treasure] insert ItemPhoto29
15.06.2024 18:21:11 [Treasure] insert ItemPhoto30
15.06.2024 18:21:11 [Treasure] insert ItemPhoto31
15.06.2024 18:21:11 [Treasure] insert ItemPhoto32
15.06.2024 18:21:11 [Treasure] insert ItemPhoto33
15.06.2024 18:21:11 [Treasure] insert ItemPhoto34
15.06.2024 18:21:11 [Treasure] insert ItemPhoto35
15.06.2024 18:21:11 [Treasure] insert ItemPhoto36
15.06.2024 18:21:11 [Treasure] insert ItemPhoto37
15.06.2024 18:21:11 [Treasure] insert ItemPhoto38
15.06.2024 18:21:11 [Treasure] insert ItemPhoto39
15.06.2024 18:21:11 [Treasure] insert ItemPhoto40
15.06.2024 18:21:11 [Treasure] photo array 40
15.06.2024 18:21:11 [Treasure] 'Descriptions_EN.json' found, loading existing config
15.06.2024 18:21:11 [Treasure] Server RPC called
15.06.2024 18:27:18 [Treasure] Player Uncle Duncan have language set to: EN
15.06.2024 18:27:18 [Treasure] descriptions sent to player: Uncle Duncan
15.06.2024 19:20:10 [Treasure] Player Survivor have language set to: EN
15.06.2024 19:20:10 [Treasure] descriptions sent to player: Survivor
15.06.2024 19:34:38 [Treasure] Player Survivor have language set to: EN
15.06.2024 19:34:38 [Treasure] descriptions sent to player: Survivor
