---------------------------------------------
Log C:\daisy\DayZServerNam\!!!\profiles\crash_2024-06-12_23-50-30.log started at 12.06. 23:51:00



------------------------------------
DESKTOP-04C37QM, 12.06 2024 23:51:00
NULL pointer to instance
Class:      'CustomMission'
Function: 'SpawnObject'
Stack trace:
Namalsk_Overhaul/scripts/5_mission/namalsk_overhaul.c:8
Namalsk_Overhaul/scripts/5_mission/namalsk_overhaul.c:172
$CurrentDir:mpmissions\regular.namalsk\init.c:36

Runtime mode
CLI params: config serverDZ.cfg port 2307 cpuCount 4 profiles !!!\profiles mod @Namalsk Survival;@Namalsk Island;@Namalsk_Overhaul;@CF;@Community-Online-Tools;@Dabs FrameWork;@DayZ Editor Loader;@DayZ-Expansion-Bundle;@DayZ-Expansion-Licensed dologs  adminlog  netlog  freezecheck  


------------------------------------
DESKTOP-04C37QM, 12.06 2024 23:51:00
NULL pointer to instance
Class:      'CustomMission'
Function: 'SpawnObject'
Stack trace:
Namalsk_Overhaul/scripts/5_mission/namalsk_overhaul.c:8
Namalsk_Overhaul/scripts/5_mission/namalsk_overhaul.c:491
$CurrentDir:mpmissions\regular.namalsk\init.c:36

Runtime mode
CLI params: config serverDZ.cfg port 2307 cpuCount 4 profiles !!!\profiles mod @Namalsk Survival;@Namalsk Island;@Namalsk_Overhaul;@CF;@Community-Online-Tools;@Dabs FrameWork;@DayZ Editor Loader;@DayZ-Expansion-Bundle;@DayZ-Expansion-Licensed dologs  adminlog  netlog  freezecheck  


------------------------------------
DESKTOP-04C37QM, 12.06 2024 23:51:01
NULL pointer to instance
Class:      'CustomMission'
Function: 'SpawnObject'
Stack trace:
Namalsk_Overhaul/scripts/5_mission/namalsk_overhaul.c:8
Namalsk_Overhaul/scripts/5_mission/namalsk_overhaul.c:578
$CurrentDir:mpmissions\regular.namalsk\init.c:36

Runtime mode
CLI params: config serverDZ.cfg port 2307 cpuCount 4 profiles !!!\profiles mod @Namalsk Survival;@Namalsk Island;@Namalsk_Overhaul;@CF;@Community-Online-Tools;@Dabs FrameWork;@DayZ Editor Loader;@DayZ-Expansion-Bundle;@DayZ-Expansion-Licensed dologs  adminlog  netlog  freezecheck  


------------------------------------
DESKTOP-04C37QM, 12.06 2024 23:51:01
NULL pointer to instance
Class:      'CustomMission'
Function: 'SpawnObject'
Stack trace:
Namalsk_Overhaul/scripts/5_mission/namalsk_overhaul.c:8
Namalsk_Overhaul/scripts/5_mission/namalsk_overhaul.c:592
$CurrentDir:mpmissions\regular.namalsk\init.c:36

Runtime mode
CLI params: config serverDZ.cfg port 2307 cpuCount 4 profiles !!!\profiles mod @Namalsk Survival;@Namalsk Island;@Namalsk_Overhaul;@CF;@Community-Online-Tools;@Dabs FrameWork;@DayZ Editor Loader;@DayZ-Expansion-Bundle;@DayZ-Expansion-Licensed dologs  adminlog  netlog  freezecheck  


------------------------------------
DESKTOP-04C37QM, 13.06 2024 00:01:04
Unhandled exception

Program: C:\daisy\DayZServerNam\DayZServer_x64.exe
Reason: Access violation. Illegal read by 0x7ff7a79416cf at 0xa0


Class:      'eAIZombieTargetInformation'
Function: 'CalculateThreat'
Stack trace:
DayZExpansion/AI/Scripts/4_World/dayzexpansion_ai\classes\targets\eaizombietargetinformation.c:98
DayZExpansion/AI/Scripts/4_World/dayzexpansion_ai\classes\targets\eaitargetinformationstate.c:50
DayZExpansion/AI/Scripts/4_World/dayzexpansion_ai\classes\targets\eaitargetinformation.c:154
DayZExpansion/AI/Scripts/4_World/dayzexpansion_ai\classes\targets\eaientitytargetinformation.c:78
DayZExpansion/AI/Scripts/4_World/dayzexpansion_ai\classes\eaitarget.c:153
DayZExpansion/AI/Scripts/4_World/dayzexpansion_ai\entities\ai\eaibase.c:1953
DayZExpansion/AI/Scripts/4_World/dayzexpansion_ai\entities\ai\eaibase.c:3449

SymGetSymFromAddr:487, addr:0x7ff7a79416cf
[CDPCreateServer]: ??? addr:0x7ff7a824ae45
SymGetSymFromAddr:487, addr:0x7ff7a7bc0531
SymGetSymFromAddr:487, addr:0x7ff7a7bc09e5
SymGetSymFromAddr:487, addr:0x7ff7a7bc11e2
SymGetSymFromAddr:487, addr:0x7ff7a7badd54
SymGetSymFromAddr:487, addr:0x7ff7a7bab0d9
SymGetSymFromAddr:487, addr:0x7ff7a7bafb57
SymGetSymFromAddr:487, addr:0x7ff7a7bab4e4
SymGetSymFromAddr:487, addr:0x7ff7a7d3b350
SymGetSymFromAddr:487, addr:0x7ff7a7d3d969
SymGetSymFromAddr:487, addr:0x7ff7a7d44c9f
SymGetSymFromAddr:487, addr:0x7ff7a7ccc2f9
SymGetSymFromAddr:487, addr:0x7ff7a7ccc55d
[CDPCreateServer]: ??? addr:0x7ff7a80ebb27
[CDPCreateServer]: ??? addr:0x7ff7a80eb97e
[CDPCreateServer]: ??? addr:0x7ff7a80ec018
[CDPCreateServer]: ??? addr:0x7ff7a80eb445
[CDPCreateServer]: ??? addr:0x7ff7a80eac6e
[CDPCreateServer]: ??? addr:0x7ff7a8248326
[CDPCreateServer]: ??? addr:0x7ff7a823f584
[CDPCreateServer]: ??? addr:0x7ff7a8241a99
SymGetSymFromAddr:487, addr:0x7ff7a7cbb7dd
[CDPCreateServer]: ??? addr:0x7ff7a824958c
SymGetSymFromAddr:487, addr:0x7ff7a7dd0c3b
[CDPCreateServer]: ??? addr:0x7ff7a83999e2
[BaseThreadInitThunk]: ??? addr:0x7ffc57dc7344
[RtlUserThreadStart]: ??? addr:0x7ffc57fbcc91
[RtlUserThreadStart]: ??? addr:0x7ffc57fbcc91



Runtime mode
CLI params: config serverDZ.cfg port 2307 cpuCount 4 profiles !!!\profiles mod @Namalsk Survival;@Namalsk Island;@Namalsk_Overhaul;@CF;@Community-Online-Tools;@Dabs FrameWork;@DayZ Editor Loader;@DayZ-Expansion-Bundle;@DayZ-Expansion-Licensed dologs  adminlog  netlog  freezecheck  
