---------------------------------------------
Log C:\daisy\DayZServerNam\!!!\profiles\crash_2024-06-11_18-44-28.log started at 11.06. 18:45:04



------------------------------------
DESKTOP-04C37QM, 11.06 2024 18:45:04
Unhandled exception

Program: C:\daisy\DayZServerNam\DayZServer_x64.exe
Reason: SEH exception thrown. Exception code: 0xc0000374 at 0x7ffddfc2f409

[RtlIsZeroMemory]: ??? addr:0x7ffddfc2f409
[RtlIsZeroMemory]: ??? addr:0x7ffddfc2f3d3
[RtlpNtSetValueKey]: ??? addr:0x7ffddfc38152
[RtlpNtSetValueKey]: ??? addr:0x7ffddfc3843a
[RtlpNtSetValueKey]: ??? addr:0x7ffddfc3e0c1
[RtlSizeHeap]: ??? addr:0x7ffddfb5422f
SymGetSymFromAddr:487, addr:0x7ff7a554ef62
SymGetSymFromAddr:487, addr:0x7ff7a55bcea8
SymGetSymFromAddr:487, addr:0x7ff7a554e963
SymGetSymFromAddr:487, addr:0x7ff7a55c6016
SymGetSymFromAddr:487, addr:0x7ff7a57fcb15
[CDPCreateServer]: ??? addr:0x7ff7a5c4f7fb
[CDPCreateServer]: ??? addr:0x7ff7a5c515ab
SymGetSymFromAddr:487, addr:0x7ff7a56c06dd
[CDPCreateServer]: ??? addr:0x7ff7a5c51b44
SymGetSymFromAddr:487, addr:0x7ff7a56cb7dd
[CDPCreateServer]: ??? addr:0x7ff7a5c5958c
SymGetSymFromAddr:487, addr:0x7ff7a57e0c3b
[CDPCreateServer]: ??? addr:0x7ff7a5da99e2
[BaseThreadInitThunk]: ??? addr:0x7ffddf007344
[RtlUserThreadStart]: ??? addr:0x7ffddfb826b1
[RtlUserThreadStart]: ??? addr:0x7ffddfb826b1



Runtime mode
CLI params: config serverDZ.cfg port 2302 cpuCount 4 profiles !!!\profiles mod @Namalsk Survival;@Namalsk Island;@CF;@Community-Online-Tools;@Dabs FrameWork;@DayZ-Expansion-Bundle;@DayZ-Expansion-Licensed dologs  adminlog  netlog  freezecheck  
