---------------------------------------------
Log info_2024-06-14_00-59-32.log started at 2024-06-14 01:00:22



------------------------------------
DESKTOP-04C37QM, 2024-06-14 01:00:22

[wpnfsm] ValidateAndRepair Attempting to repair: Scout:12679 (owner ExpansionQuestNPCAIElias<79859780>) - MagazineRepair - BAREM_CLO_BUF_MA0<79729360> - state: 0 != weapon: 1
Class:      'WeaponFSM'

Function: 'ValidateAndRepairHelper'
Stack trace:
DayZExpansion/Core/Scripts/4_World/dayzexpansion_core\entities\firearms\weaponfsm.c:30
scripts/4_World/entities\firearms\weaponfsm.c:477
scripts/4_World/entities\firearms\weaponfsm.c:455
scripts/4_World/entities\firearms\weapon_base.c:1041
scripts/4_World/entities\manbase\playerbase.c:2151
DayZExpansion/VanillaFixes/Scripts/4_World/dayzexpansion_vanillafixes\entities\manbase\playerbase.c:31
scripts/3_Game/dayzgame.c:2838
JM/CF/Scripts/3_Game/communityframework\game\dayzgame.c:23
DayZExpansion/Core/Scripts/3_Game/dayzexpansion_core\dayzgame.c:248


------------------------------------
DESKTOP-04C37QM, 2024-06-14 01:03:54

[wpnfsm] ValidateAndRepair Attempting to repair: Scout:5820 (owner eAI_SurvivorF_Linda<8758a030>) - MagazineRepair - BAREM_CLO_BUF_MA0<8849d320> - state: 0 != weapon: 1
Class:      'WeaponFSM'

Function: 'ValidateAndRepairHelper'
Stack trace:
DayZExpansion/Core/Scripts/4_World/dayzexpansion_core\entities\firearms\weaponfsm.c:30
scripts/4_World/entities\firearms\weaponfsm.c:477
scripts/4_World/entities\firearms\weaponfsm.c:455
scripts/4_World/entities\firearms\weapon_base.c:1041
scripts/4_World/entities\manbase\playerbase.c:2151
DayZExpansion/VanillaFixes/Scripts/4_World/dayzexpansion_vanillafixes\entities\manbase\playerbase.c:31
scripts/3_Game/dayzgame.c:2838
JM/CF/Scripts/3_Game/communityframework\game\dayzgame.c:23
DayZExpansion/Core/Scripts/3_Game/dayzexpansion_core\dayzgame.c:248


------------------------------------
DESKTOP-04C37QM, 2024-06-14 01:03:54

[wpnfsm] ValidateAndRepair Attempting to repair: Scout:8220 (owner eAI_SurvivorF_Baty<884622e0>) - MagazineRepair - BAREM_CLO_BUF_MA0<884aac40> - state: 0 != weapon: 1
Class:      'WeaponFSM'

Function: 'ValidateAndRepairHelper'
Stack trace:
DayZExpansion/Core/Scripts/4_World/dayzexpansion_core\entities\firearms\weaponfsm.c:30
scripts/4_World/entities\firearms\weaponfsm.c:477
scripts/4_World/entities\firearms\weaponfsm.c:455
scripts/4_World/entities\firearms\weapon_base.c:1041
scripts/4_World/entities\manbase\playerbase.c:2151
DayZExpansion/VanillaFixes/Scripts/4_World/dayzexpansion_vanillafixes\entities\manbase\playerbase.c:31
scripts/3_Game/dayzgame.c:2838
JM/CF/Scripts/3_Game/communityframework\game\dayzgame.c:23
DayZExpansion/Core/Scripts/3_Game/dayzexpansion_core\dayzgame.c:248


------------------------------------
DESKTOP-04C37QM, 2024-06-14 01:05:02

[wpnfsm] ValidateAndRepair Attempting to repair: Scout:8400 (owner eAI_SurvivorM_Taiki<89cf2d40>) - MagazineRepair - BAREM_CLO_BUF_MA0<89db86f0> - state: 0 != weapon: 1
Class:      'WeaponFSM'

Function: 'ValidateAndRepairHelper'
Stack trace:
DayZExpansion/Core/Scripts/4_World/dayzexpansion_core\entities\firearms\weaponfsm.c:30
scripts/4_World/entities\firearms\weaponfsm.c:477
scripts/4_World/entities\firearms\weaponfsm.c:455
scripts/4_World/entities\firearms\weapon_base.c:1041
scripts/4_World/entities\manbase\playerbase.c:2151
DayZExpansion/VanillaFixes/Scripts/4_World/dayzexpansion_vanillafixes\entities\manbase\playerbase.c:31
scripts/3_Game/dayzgame.c:2838
JM/CF/Scripts/3_Game/communityframework\game\dayzgame.c:23
DayZExpansion/Core/Scripts/3_Game/dayzexpansion_core\dayzgame.c:248
