---------------------------------------------
Log info_2024-06-14_11-32-33.log started at 2024-06-14 11:37:32



------------------------------------
DESKTOP-04C37QM, 2024-06-14 11:37:32

[wpnfsm] ValidateAndRepair Attempting to repair: Scout:13009 (owner eAI_SurvivorM_Jose<aa76d420>) - MagazineRepair - BAREM_CLO_BUF_MA0<aacd4c50> - state: 0 != weapon: 1
Class:      'WeaponFSM'

Function: 'ValidateAndRepairHelper'
Stack trace:
DayZExpansion/Core/Scripts/4_World/dayzexpansion_core\entities\firearms\weaponfsm.c:30
scripts/4_World/entities\firearms\weaponfsm.c:477
scripts/4_World/entities\firearms\weaponfsm.c:455
scripts/4_World/entities\firearms\weapon_base.c:1041
scripts/4_World/entities\manbase\playerbase.c:2151
DayZExpansion/VanillaFixes/Scripts/4_World/dayzexpansion_vanillafixes\entities\manbase\playerbase.c:31
AdmiralsParachuteMod\scripts\4_World/playerbase\adm_playerbase.c:456
scripts/3_Game/dayzgame.c:2838
JM/CF/Scripts/3_Game/communityframework\game\dayzgame.c:23
DayZExpansion/Core/Scripts/3_Game/dayzexpansion_core\dayzgame.c:248
AdmiralsParachuteMod\scripts\3_Game/dayzgame\adm_dayzgame.c:70


------------------------------------
DESKTOP-04C37QM, 2024-06-14 11:37:32

[wpnfsm] ValidateAndRepair Attempting to repair: Scout:13023 (owner eAI_SurvivorF_Baty<53894980>) - MagazineRepair - BAREM_CLO_BUF_MA0<a8133900> - state: 0 != weapon: 1
Class:      'WeaponFSM'

Function: 'ValidateAndRepairHelper'
Stack trace:
DayZExpansion/Core/Scripts/4_World/dayzexpansion_core\entities\firearms\weaponfsm.c:30
scripts/4_World/entities\firearms\weaponfsm.c:477
scripts/4_World/entities\firearms\weaponfsm.c:455
scripts/4_World/entities\firearms\weapon_base.c:1041
scripts/4_World/entities\manbase\playerbase.c:2151
DayZExpansion/VanillaFixes/Scripts/4_World/dayzexpansion_vanillafixes\entities\manbase\playerbase.c:31
AdmiralsParachuteMod\scripts\4_World/playerbase\adm_playerbase.c:456
scripts/3_Game/dayzgame.c:2838
JM/CF/Scripts/3_Game/communityframework\game\dayzgame.c:23
DayZExpansion/Core/Scripts/3_Game/dayzexpansion_core\dayzgame.c:248
AdmiralsParachuteMod\scripts\3_Game/dayzgame\adm_dayzgame.c:70
