---------------------------------------------
Log C:\daisy\DayZServerNam\!!!\profiles\script_2024-06-14_01-16-39.log started at 14.06. 01:16:40

SCRIPT       : Registered 403 temporary action enum(s), UAN==403
SCRIPT    (W): @"GoreZ/3_game/effects\effectparticle\bulletimpactbase\hit_meatbones.c,74": FIX-ME: Overriding function 'BloodSplatGround' but not marked as 'override'
SCRIPT    (W): @"GoreZ/3_game/effects\effectparticle\bulletimpactbase\hit_meatbones.c,109": FIX-ME: Overriding function 'BloodSplatWall' but not marked as 'override'
SCRIPT    (W): @"scripts/3_Game/gameplay.c,911": Missing script declaration for method 'MenuData.GetLastSteamQueryPort'
SCRIPT       : Registering faction type eAIFactionShamans ID -1484989417
SCRIPT       : Registering faction type eAIFactionObservers ID -563736721
SCRIPT       : Registering faction type eAIFactionInvincibleObservers ID -1227299746
SCRIPT       : Registering faction type eAIFactionEast ID 90522109
SCRIPT       : Registering faction type eAIFactionGuards ID 963933710
SCRIPT       : Registering faction type eAIFactionRaiders ID 1535276022
SCRIPT       : Registering faction type eAIFactionYeetBrigade ID 1408543989
SCRIPT       : Registering faction type eAIFactionMercenaries ID 1629891834
SCRIPT       : Registering faction type eAIFactionWest ID 113880155
SCRIPT       : Registering faction type eAIFactionCivilian ID 1096178351
SCRIPT       : Registering faction type eAIFactionPassive ID -1159399789
SCRIPT       : Registering faction type eAIFactionInvincibleYeetBrigade ID -1118767876
SCRIPT       : Registering faction type eAIFactionInvincibleGuards ID 782746017
SCRIPT       : ... Backlit Effects Enabled
SCRIPT       : 01:16:42 [EXPANSION LOG]: DayZGame<bb8ea030> Start time (local time) 2024-06-14 01:16:34
SCRIPT       : 01:16:42 [EXPANSION LOG]: DayZGame<bb8ea030> Start time (UTC) 2024-06-14 00:16:34
SCRIPT       : 01:16:42 [EXPANSION LOG]: DayZGame<bb8ea030> Runtime since start (seconds) 8.102
SCRIPT    (W): @"DrugsPLUS/scripts/4_world/drugsplus.c,49": Missing ';' at the end of line
SCRIPT    (W): @"GoreZ/4_world/entities\manbase\playerbase.c,11": FIX-ME: Overriding function 'CheckDeath' but not marked as 'override'
SCRIPT    (W): @"GoreZ/4_world/entities\infected\zombiebase.c,27": FIX-ME: Overriding function 'IsAlive' but not marked as 'override'
SCRIPT    (W): @"Pokemon/scripts/4_World/entities\pokemonboosterpack_1.c,31": FIX-ME: Overriding function 'InsertCard' but not marked as 'override'
SCRIPT    (W): @"Pokemon/scripts/4_World/entities\pokemonboosterpack_3.c,31": FIX-ME: Overriding function 'InsertCard' but not marked as 'override'
SCRIPT    (W): @"Pokemon/scripts/4_World/entities\pokemonboosterpack_5.c,31": FIX-ME: Overriding function 'InsertCard' but not marked as 'override'
SCRIPT    (W): @"UnlimitedStamina/4_World/classes\staminahandler.c,3": FIX-ME: Overriding function 'Update' but not marked as 'override'
SCRIPT    (W): @"CannabisPlus/scripts/4_World/entities\itembase\drypost.c,52": Possible variable name conflict 'attachment'
SCRIPT    (W): @"CannabisPlus/scripts/4_World/entities\itembase\drypost.c,212": Possible variable name conflict 'attachment'
SCRIPT    (W): @"GoreZ/4_world/classes\bleedingsources\bleedingsource.c,56": FIX-ME: Overriding function 'GetBit' but not marked as 'override'
SCRIPT    (W): @"GoreZ/4_world/classes\bleedingsources\bleedingsource.c,157": FIX-ME: Overriding function 'DrawDebugShape' but not marked as 'override'
SCRIPT    (W): @"DrugsPLUS/scripts/4_world/classes\useractionscomponent\actions\singleuse\actionconsumedrugs.c,27": Possible variable name conflict 'player'
SCRIPT    (W): @"CannabisPlus/scripts/4_World/entities\gardenbase\plantbase.c,64": Possible variable name conflict 'currentYield'
SCRIPT    (W): @"CannabisPlus/scripts/4_World/entities\itembase\drypost.c,502": Possible variable name conflict 'p'
SCRIPT    (W): @"CannabisPlus/scripts/4_World/entities\itembase\drypost.c,512": Possible variable name conflict 'j'
SCRIPT    (W): @"CannabisPlus/scripts/4_World/classes\useractionscomponent\actions\continuous\tearopenbrickorbag.c,46": Unsafe down-casting, use 'CP_CannabisBags.Cast' for safe down-casting
SCRIPT    (W): @"CannabisPlus/scripts/4_World/classes\useractionscomponent\actions\continuous\tearopenbrickorbag.c,47": Unsafe down-casting, use 'CP_CoreClass.Cast' for safe down-casting
SCRIPT    (W): @"CannabisPlus/scripts/4_World/entities\itembase\workbench.c,835": Possible variable name conflict 'BatteryRequired'
SCRIPT    (W): @"DrugsPLUS/scripts/4_world/classes\useractionscomponent\actions\singleuse\actionconsumedrugs.c,50": Possible variable name conflict 'player'
SCRIPT    (W): @"DrugsPLUS/scripts/4_world/classes\useractionscomponent\actions\singleuse\actionconsumedrugs.c,92": Possible variable name conflict 'player'
SCRIPT       : Registering faction type eAIFactionLunatics ID 1167351711
SCRIPT       : Registering faction type eAIFactionInfected ID 1371958374
SCRIPT    (W): @"UnlimitedStamina/5_Mission/missiongameplay.c,5": Missing ';' at the end of line
SCRIPT       : Expansion version: 1.8.50
SCRIPT       : 01:16:56.854 [EXPANSION DEBUG]: [ExpansionDebugSettings] Load existing setting file:$profile:ExpansionMod\Settings\DebugSettings.json
SCRIPT       : 01:16:56.854 [EXPANSION DEBUG]: [ExpansionLogSettings] Load existing setting file:$profile:ExpansionMod\Settings\LogsSettings.json
SCRIPT       : 01:16:56.854 [EXPANSION DEBUG]: [ExpansionNotificationSettings] Load existing setting file:$profile:ExpansionMod\Settings\NotificationSettings.json
SCRIPT       : 01:16:56.855 [EXPANSION DEBUG]: [ExpansionMonitoringSettings] Load existing setting file:$profile:ExpansionMod\Settings\MonitoringSettings.json
SCRIPT       : 01:16:56.855 [EXPANSION DEBUG]: [ExpansionDamageSystemSettings] Load existing setting file:$profile:ExpansionMod\Settings\DamageSystemSettings.json
SCRIPT       : 01:16:56.856 [EXPANSION DEBUG]: [ExpansionPartySettings] Load existing setting file:$profile:ExpansionMod\Settings\PartySettings.json
SCRIPT       : 01:16:56.856 [EXPANSION DEBUG]: [ExpansionHardlineSettings] Load existing setting file:$mission:expansion\settings\HardlineSettings.json
SCRIPT       : 01:16:56.872 [EXPANSION DEBUG]: [ExpansionMarketSettings] Load existing setting file:$mission:expansion\settings\MarketSettings.json
SCRIPT       : ExpansionMarketSettings::LoadCategories - Adding category ID 1 (Ammo)
SCRIPT       : ExpansionMarketSettings::LoadCategories - Adding category ID 2 (Ammo_Boxes)
SCRIPT       : ExpansionMarketSettings::LoadCategories - Adding category ID 3 (Armbands)
SCRIPT       : ExpansionMarketSettings::LoadCategories - Adding category ID 4 (Assault_Rifles)
SCRIPT       : ExpansionMarketSettings::LoadCategories - Adding category ID 5 (Backpacks)
SCRIPT       : ExpansionMarketSettings::LoadCategories - Adding category ID 6 (Bandanas)
SCRIPT       : ExpansionMarketSettings::LoadCategories - Adding category ID 7 (Batteries)
SCRIPT       : ExpansionMarketSettings::LoadCategories - Adding category ID 8 (Bayonets)
SCRIPT       : ExpansionMarketSettings::LoadCategories - Adding category ID 9 (Belts)
SCRIPT       : ExpansionMarketSettings::LoadCategories - Adding category ID 10 (Blouses_And_Suits)
SCRIPT       : ExpansionMarketSettings::LoadCategories - Adding category ID 11 (Boats)
SCRIPT       : ExpansionMarketSettings::LoadCategories - Adding category ID 12 (Boots_And_Shoes)
SCRIPT       : ExpansionMarketSettings::LoadCategories - Adding category ID 13 (Buttstocks)
SCRIPT       : ExpansionMarketSettings::LoadCategories - Adding category ID 14 (Caps)
SCRIPT       : ExpansionMarketSettings::LoadCategories - Adding category ID 15 (Cars)
SCRIPT       : ExpansionMarketSettings::LoadCategories - Adding category ID 16 (Coats_And_Jackets)
SCRIPT       : ExpansionMarketSettings::LoadCategories - Adding category ID 17 (Containers)
SCRIPT       : ExpansionMarketSettings::LoadCategories - Adding category ID 18 (Crossbows)
SCRIPT       : ExpansionMarketSettings::LoadCategories - Adding category ID 19 (Drinks)
SCRIPT       : ExpansionMarketSettings::LoadCategories - Adding category ID 20 (Electronics)
SCRIPT       : ExpansionMarketSettings::LoadCategories - Adding category ID 21 (Event)
SCRIPT       : ExpansionMarketSettings::LoadCategories - Adding category ID 22 (Exchange)
SCRIPT       : ExpansionMarketSettings::LoadCategories - Adding category ID 23 (Explosives_And_Grenades)
SCRIPT       : ExpansionMarketSettings::LoadCategories - Adding category ID 24 (Eyewear)
SCRIPT       : ExpansionMarketSettings::LoadCategories - Adding category ID 25 (Fish)
SCRIPT       : ExpansionMarketSettings::LoadCategories - Adding category ID 26 (Fishing)
SCRIPT       : ExpansionMarketSettings::LoadCategories - Adding category ID 27 (Flags)
SCRIPT       : ExpansionMarketSettings::LoadCategories - Adding category ID 28 (Food)
SCRIPT       : ExpansionMarketSettings::LoadCategories - Adding category ID 29 (Fruit_And_Vegetables)
SCRIPT       : ExpansionMarketSettings::LoadCategories - Adding category ID 30 (Furnishings)
SCRIPT       : ExpansionMarketSettings::LoadCategories - Adding category ID 31 (Gardening)
SCRIPT       : ExpansionMarketSettings::LoadCategories - Adding category ID 32 (Ghillies)
SCRIPT       : ExpansionMarketSettings::LoadCategories - Adding category ID 33 (Gloves)
SCRIPT       : ExpansionMarketSettings::LoadCategories - Adding category ID 34 (Handguards)
SCRIPT       : ExpansionMarketSettings::LoadCategories - Adding category ID 35 (Hats_And_Hoods)
SCRIPT       : ExpansionMarketSettings::LoadCategories - Adding category ID 36 (Helicopters)
SCRIPT       : ExpansionMarketSettings::LoadCategories - Adding category ID 37 (Helmets)
SCRIPT       : ExpansionMarketSettings::LoadCategories - Adding category ID 38 (Holsters_And_Pouches)
SCRIPT       : ExpansionMarketSettings::LoadCategories - Adding category ID 39 (Kits)
SCRIPT       : ExpansionMarketSettings::LoadCategories - Adding category ID 40 (Knifes)
SCRIPT       : ExpansionMarketSettings::LoadCategories - Adding category ID 41 (Launchers)
SCRIPT       : ExpansionMarketSettings::LoadCategories - Adding category ID 42 (Lights)
SCRIPT       : ExpansionMarketSettings::LoadCategories - Adding category ID 43 (Liquids)
SCRIPT       : ExpansionMarketSettings::LoadCategories - Adding category ID 44 (Locks)
SCRIPT       : ExpansionMarketSettings::LoadCategories - Adding category ID 45 (Magazines)
SCRIPT       : ExpansionMarketSettings::LoadCategories - Adding category ID 46 (Masks)
SCRIPT       : ExpansionMarketSettings::LoadCategories - Adding category ID 47 (Meat)
SCRIPT       : ExpansionMarketSettings::LoadCategories - Adding category ID 48 (Medical)
SCRIPT       : ExpansionMarketSettings::LoadCategories - Adding category ID 49 (Melee_Weapons)
SCRIPT       : ExpansionMarketSettings::LoadCategories - Adding category ID 50 (Muzzles)
SCRIPT       : ExpansionMarketSettings::LoadCategories - Adding category ID 51 (Navigation)
SCRIPT       : ExpansionMarketSettings::LoadCategories - Adding category ID 52 (Optics)
SCRIPT       : ExpansionMarketSettings::LoadCategories - Adding category ID 53 (Pants_And_Shorts)
SCRIPT       : ExpansionMarketSettings::LoadCategories - Adding category ID 54 (Pistols)
SCRIPT       : ExpansionMarketSettings::LoadCategories - Adding category ID 55 (Rifles)
SCRIPT       : ExpansionMarketSettings::LoadCategories - Adding category ID 56 (Shirts_And_TShirts)
SCRIPT       : ExpansionMarketSettings::LoadCategories - Adding category ID 57 (Shotguns)
SCRIPT       : ExpansionMarketSettings::LoadCategories - Adding category ID 58 (Skirts_And_Dresses)
SCRIPT       : ExpansionMarketSettings::LoadCategories - Adding category ID 59 (Sniper_Rifles)
SCRIPT       : ExpansionMarketSettings::LoadCategories - Adding category ID 60 (Spraycans)
SCRIPT       : ExpansionMarketSettings::LoadCategories - Adding category ID 61 (Submachine_Guns)
SCRIPT       : ExpansionMarketSettings::LoadCategories - Adding category ID 62 (Supplies)
SCRIPT       : ExpansionMarketSettings::LoadCategories - Adding category ID 63 (Sweaters_And_Hoodies)
SCRIPT       : ExpansionMarketSettings::LoadCategories - Adding category ID 64 (Tents)
SCRIPT       : ExpansionMarketSettings::LoadCategories - Adding category ID 65 (Tools)
SCRIPT       : ExpansionMarketSettings::LoadCategories - Adding category ID 66 (Vehicle_Parts)
SCRIPT       : ExpansionMarketSettings::LoadCategories - Adding category ID 67 (Vests)
SCRIPT       : 01:16:57.008 [EXPANSION DEBUG]: [ExpansionAirdropSettings] Load existing setting file:$profile:ExpansionMod\Settings\AirdropSettings.json
SCRIPT       : 01:16:57.420 [EXPANSION DEBUG]: [ExpansionMissionSettings] Load existing setting file:$profile:ExpansionMod\Settings\MissionSettings.json
SCRIPT       : 01:16:57.421 [EXPANSION DEBUG]: [ExpansionMapSettings] Load existing setting file:$mission:expansion\settings\MapSettings.json
SCRIPT       : 01:16:57.435 [EXPANSION DEBUG]: [ExpansionPersonalStorageNewSettings] Load existing setting file:$profile:ExpansionMod\Settings\PersonalStorageNewSettings.json
SCRIPT       : 01:16:57.436 [EXPANSION DEBUG]: [ExpansionGeneralSettings] Load existing setting file:$profile:ExpansionMod\Settings\GeneralSettings.json
SCRIPT       : 01:16:57.436 [EXPANSION DEBUG]: [ExpansionPlayerListSettings] Load existing setting file:$profile:ExpansionMod\Settings\PlayerListSettings.json
SCRIPT       : 01:16:57.437 [EXPANSION DEBUG]: [ExpansionSocialMediaSettings] Load existing setting file:$profile:ExpansionMod\Settings\SocialMediaSettings.json
SCRIPT       : 01:16:57.437 [EXPANSION DEBUG]: [ExpansionSpawnSettings] Load existing setting file:$mission:expansion\settings\SpawnSettings.json
SCRIPT       : 01:16:57.440 [EXPANSION DEBUG]: [ExpansionVehicleSettings] Load existing setting file:$profile:ExpansionMod\Settings\VehicleSettings.json
SCRIPT       : 01:16:57.441 [EXPANSION DEBUG]: [ExpansionAISettings] Load existing setting file:$profile:ExpansionMod\Settings\AISettings.json
SCRIPT       : 01:16:57.442 [EXPANSION DEBUG]: [ExpansionAIPatrolSettings] Load existing setting file:$mission:expansion\settings\AIPatrolSettings.json
SCRIPT       : 01:16:57.450 [EXPANSION DEBUG]: [ExpansionBaseBuildingSettings] Load existing setting file:$mission:expansion\settings\BaseBuildingSettings.json
SCRIPT       : 01:16:57.452 [EXPANSION DEBUG]: [ExpansionRaidSettings] Load existing setting file:$profile:ExpansionMod\Settings\RaidSettings.json
SCRIPT       : 01:16:57.452 [EXPANSION DEBUG]: [ExpansionTerritorySettings] Load existing setting file:$profile:ExpansionMod\Settings\TerritorySettings.json
SCRIPT       : 01:16:57.456 [EXPANSION DEBUG]: [ExpansionChatSettings] Load existing setting file:$profile:ExpansionMod\Settings\ChatSettings.json
SCRIPT       : [DefineTest] EXPANSIONMOD is defined
SCRIPT       : [DefineTest] EXPANSIONMODAI is defined
SCRIPT       : [DefineTest] EXPANSIONMODBASEBUILDING is defined
SCRIPT       : [DefineTest] EXPANSIONMODBOOK is defined
SCRIPT       : [DefineTest] EXPANSIONMODCHAT is defined
SCRIPT       : [DefineTest] EXPANSIONMODCORE is defined
SCRIPT       : [DefineTest] EXPANSIONMODGARAGE is defined
SCRIPT       : [DefineTest] EXPANSIONMODGROUPS is defined
SCRIPT       : [DefineTest] EXPANSIONMODHARDLINE is defined
SCRIPT       : [DefineTest] EXPANSIONMODKILLFEED is defined
SCRIPT       : [DefineTest] EXPANSIONMODMAPASSETS is defined
SCRIPT       : [DefineTest] EXPANSIONMODMARKET is defined
SCRIPT       : [DefineTest] EXPANSIONMODMISSIONS is defined
SCRIPT       : [DefineTest] EXPANSIONMODNAMETAGS is defined
SCRIPT       : [DefineTest] EXPANSIONMODNAVIGATION is defined
SCRIPT       : [DefineTest] EXPANSIONMODP2PMARKET is defined
SCRIPT       : [DefineTest] EXPANSIONMODPERSONALSTORAGE is defined
SCRIPT       : [DefineTest] EXPANSIONMODQUESTS is defined
SCRIPT       : [DefineTest] EXPANSIONMODSPAWNSELECTION is defined
SCRIPT       : [DefineTest] EXPANSIONMODVEHICLE is defined
SCRIPT       : [DefineTest] EXPANSIONMODWEAPONS is defined
SCRIPT       : [DefineTest] CfgMods:
SCRIPT       : defaultAction
SCRIPT       : DayZ
SCRIPT       : DZ_Expansion_AI_Preload
SCRIPT       : DZ_Expansion_BaseBuilding_Preload
SCRIPT       : DZ_Expansion_Book_Preload
SCRIPT       : DZ_Expansion_Chat_Preload
SCRIPT       : DZ_Expansion_Core_Preload
SCRIPT       : DZ_Expansion_Garage_Preload
SCRIPT       : DZ_Expansion_Groups_Preload
SCRIPT       : DZ_Expansion_Hardline_Preload
SCRIPT       : DZ_Expansion_KillFeed_Preload
SCRIPT       : DZ_Expansion_MapAssets_Preload
SCRIPT       : DZ_Expansion_Market_Preload
SCRIPT       : DZ_Expansion_Missions_Preload
SCRIPT       : DZ_Expansion_ModStorage_Preload
SCRIPT       : DZ_Expansion_NameTags_Preload
SCRIPT       : DZ_Expansion_Navigation_Preload
SCRIPT       : DZ_Expansion_P2PMarket_Preload
SCRIPT       : DZ_Expansion_PersonalStorage_Preload
SCRIPT       : DZ_Expansion_Preload
SCRIPT       : DZ_Expansion_Quests_Preload
SCRIPT       : DZ_Expansion_SpawnSelection_Preload
SCRIPT       : DZ_Expansion_Vehicles_Preload
SCRIPT       : DZ_Expansion_Weapons_Preload
SCRIPT       : Blackout_Weapons_Ammunition
SCRIPT       : Blackout_Weapons_Attachments
SCRIPT       : Blackout_Weapons_Launchers
SCRIPT       : Blackout_Weapons_LMGs
SCRIPT       : Blackout_Weapons_Pistols
SCRIPT       : Blackout_Weapons_Rifles
SCRIPT       : Blackout_Weapons_Scripts
SCRIPT       : Blackout_Weapons_Shotguns
SCRIPT       : Blackout_Weapons_SMGs
SCRIPT       : Blackout_Weapons_Snipers
SCRIPT       : CJ187Fridges
SCRIPT       : CPtoken
SCRIPT       : DabsFramework
SCRIPT       : DZ_Expansion_DefineTest
SCRIPT       : DZ_Expansion_MapAssets
SCRIPT       : EditorLoader
SCRIPT       : GoreZ
SCRIPT       : JM_CommunityFramework
SCRIPT       : JM_CommunityOnlineTools
SCRIPT       : PerishableFood
SCRIPT       : PumpingGas
SCRIPT       : Namalsk_Weapon
SCRIPT       : NAMALSK_ISLAND
SCRIPT       : NAMALSK_SURVIVAL
SCRIPT       : Treasure
SCRIPT       : TreasurePhotosNamalsk
SCRIPT       : UnlimitedStamina
SCRIPT       : AmmunitionExpansion
SCRIPT       : CannabisPlus_GhostIcons
SCRIPT       : DZ_Expansion_ModStorage
SCRIPT       : dbo_creatures
SCRIPT       : Namalsk_Igloo
SCRIPT       : CannabisPlus
SCRIPT       : DZ_Expansion_Core
SCRIPT       : DZ_Expansion_Garage
SCRIPT       : DZ_Expansion_Groups
SCRIPT       : DZ_Expansion_Market
SCRIPT       : DZ_Expansion_Missions
SCRIPT       : DZ_Expansion_NameTags
SCRIPT       : DZ_Expansion_Navigation
SCRIPT       : DZ_Expansion_NotificationScheduler
SCRIPT       : DZ_Expansion_P2PMarket
SCRIPT       : DZ_Expansion_PersonalStorage
SCRIPT       : DZ_Expansion_PersonalStorageNew
SCRIPT       : DZ_Expansion_PlayerList
SCRIPT       : DZ_Expansion
SCRIPT       : DZ_Expansion_SpawnSelection
SCRIPT       : DZ_Expansion_VanillaFixes
SCRIPT       : DZ_Expansion_Vehicles
SCRIPT       : DZ_Expansion_Weapons
SCRIPT       : MoreFood
SCRIPT       : DrugsPLUS
SCRIPT       : Pokemon
SCRIPT       : rag_snowman
SCRIPT       : CP_Pouch
SCRIPT       : DZ_Expansion_AI
SCRIPT       : DZ_Expansion_BaseBuilding
SCRIPT       : DZ_Expansion_Book
SCRIPT       : DZ_Expansion_Chat
SCRIPT       : DZ_Expansion_Hardline
SCRIPT       : DZ_Expansion_Quests
SCRIPT       : DZ_Expansion_VirtualContainerStorage
SCRIPT       : [Treasure] 'Treasures.json' found, loading existing config
SCRIPT       : [Treasure] 'Descriptions_FR.json' does not exist, skipping this config
SCRIPT       : [Treasure] 'Descriptions_ES.json' does not exist, skipping this config
SCRIPT       : [Treasure] 'Descriptions_IT.json' does not exist, skipping this config
SCRIPT       : [Treasure] 'Descriptions_DE.json' does not exist, skipping this config
SCRIPT       : [Treasure] 'Descriptions_CZ.json' does not exist, skipping this config
SCRIPT       : [Treasure] 'Descriptions_RU.json' does not exist, skipping this config
SCRIPT       : [Treasure] 'Descriptions_CHT.json' does not exist, skipping this config
SCRIPT       : [Treasure] 'Descriptions_CHS.json' does not exist, skipping this config
SCRIPT       : [Treasure] 'Descriptions_PL.json' does not exist, skipping this config
SCRIPT       : [Treasure] 'Descriptions_JA.json' does not exist, skipping this config
SCRIPT       : [Treasure] 'Descriptions_PTBR.json' does not exist, skipping this config
SCRIPT       : 01:16:57.875 [EXPANSION DEBUG]: ModStorage v5
SCRIPT       : [CP] Config Sucessfully loaded!
SCRIPT       : [DP] Config Sucessfully loaded!
SCRIPT       : [Namalsk][NamEventManager]: Next selection will occur in 742 seconds
SCRIPT       : [Namalsk][NamEventManager]: NamEventManager is now running
SCRIPT       : Object 'TreeSoft_t_LarixDecidua_1f' is scope 0
SCRIPT       : Object 'TreeHard_t_LarixDecidua_2s' is scope 0
SCRIPT       : Object 'TreeHard_t_LarixDecidua_2f' is scope 0
SCRIPT       : Object 'TreeHard_t_LarixDecidua_2s' is scope 0
SCRIPT       : Object 'TreeSoft_t_LarixDecidua_1f' is scope 0
SCRIPT       : Object 'TreeHard_t_LarixDecidua_3f' is scope 0
SCRIPT       : Object 'TreeSoft_t_LarixDecidua_1s' is scope 0
SCRIPT       : Object 'TreeHard_t_LarixDecidua_2s' is scope 0
SCRIPT       : Object 'TreeHard_t_LarixDecidua_3fb' is scope 0
SCRIPT       : Object 'TreeHard_t_LarixDecidua_2f' is scope 0
SCRIPT       : Object 'TreeHard_t_LarixDecidua_2f' is scope 0
SCRIPT       : Object 'TreeHard_t_LarixDecidua_3f' is scope 0
SCRIPT       : Object 'TreeHard_t_LarixDecidua_2f' is scope 0
SCRIPT       : Object 'TreeSoft_t_LarixDecidua_1f' is scope 0
SCRIPT       : Object 'TreeHard_t_LarixDecidua_2s' is scope 0
SCRIPT       : Object 'TreeHard_t_quercusRobur_2sc' is scope 0
SCRIPT       : Object 'TreeSoft_t_quercusRobur_1fd' is scope 0
SCRIPT       : Object 'TreeHard_t_quercusRobur_2sb' is scope 0
SCRIPT       : Object 'TreeSoft_t_quercusRobur_1fd' is scope 0
SCRIPT       : Object 'TreeHard_t_quercusRobur_2sc' is scope 0
SCRIPT       : Object 'TreeHard_t_quercusRobur_3fb' is scope 0
SCRIPT       : Object 'TreeHard_t_quercusRobur_3fb' is scope 0
SCRIPT       : Object 'TreeSoft_t_quercusRobur_1s' is scope 0
SCRIPT       : Object 'TreeHard_t_quercusRobur_3fb' is scope 0
SCRIPT       : Object 'TreeHard_t_quercusRobur_2d' is scope 0
SCRIPT       : 208 objects created, 0 deleted (completed in 208)
SCRIPT       : 01:17:04.408 [EXPANSION DEBUG]: ExpansionTraderDenis<922010>::SetTraderObject ExpansionTraderObjectBase<8eb98910> <6297.701172, 20.696091, 9523.166016>
SCRIPT       : 01:17:04.408 [EXPANSION DEBUG]: LoadMissionTradersFile trader ExpansionTraderDenis<922010> fileName Aircraft
SCRIPT       : 01:17:04.423 [EXPANSION DEBUG]: ExpansionTraderGuo<57f769d0>::SetTraderObject ExpansionTraderObjectBase<57f4bd40> <8599.360352, 14.725300, 10492.200195>
SCRIPT       : 01:17:04.423 [EXPANSION DEBUG]: LoadMissionTradersFile trader ExpansionTraderGuo<57f769d0> fileName Vehicle_Parts
SCRIPT       : 01:17:04.439 [EXPANSION DEBUG]: ExpansionTraderHassan<57fd59d0>::SetTraderObject ExpansionTraderObjectBase<57ff6330> <8596.509766, 14.747800, 10488.000000>
SCRIPT       : 01:17:04.439 [EXPANSION DEBUG]: LoadMissionTradersFile trader ExpansionTraderHassan<57fd59d0> fileName Vehicles
SCRIPT       : 01:17:04.455 [EXPANSION DEBUG]: ExpansionTraderIndar<58105010>::SetTraderObject ExpansionTraderObjectBase<580b0500> <8570.200195, 14.804744, 10531.799805>
SCRIPT       : 01:17:04.456 [EXPANSION DEBUG]: LoadMissionTradersFile trader ExpansionTraderIndar<58105010> fileName Medicals
SCRIPT       : 01:17:04.473 [EXPANSION DEBUG]: ExpansionTraderKaito<388ca520>::SetTraderObject ExpansionTraderObjectBase<581dfe50> <8566.829102, 15.935067, 10515.494141>
SCRIPT       : 01:17:04.473 [EXPANSION DEBUG]: LoadMissionTradersFile trader ExpansionTraderKaito<388ca520> fileName Exchange
SCRIPT       : 01:17:04.487 [EXPANSION DEBUG]: ExpansionTraderLewis<57fdbeb0>::SetTraderObject ExpansionTraderObjectBase<582fcc20> <8564.556641, 15.914123, 10516.875000>
SCRIPT       : 01:17:04.487 [EXPANSION DEBUG]: LoadMissionTradersFile trader ExpansionTraderLewis<57fdbeb0> fileName BuildingSupplies
SCRIPT       : 01:17:04.509 [EXPANSION DEBUG]: ExpansionTraderNaomi<583c0ff0>::SetTraderObject ExpansionTraderObjectBase<58308f20> <8554.720703, 15.931895, 10524.275391>
SCRIPT       : 01:17:04.509 [EXPANSION DEBUG]: LoadMissionTradersFile trader ExpansionTraderNaomi<583c0ff0> fileName Clothing
SCRIPT       : 01:17:04.526 [EXPANSION DEBUG]: ExpansionTraderHelga<58478010>::SetTraderObject ExpansionTraderObjectBase<58434240> <8560.446289, 15.920970, 10521.180664>
SCRIPT       : 01:17:04.526 [EXPANSION DEBUG]: LoadMissionTradersFile trader ExpansionTraderHelga<58478010> fileName Clothing_Accessories
SCRIPT       : 01:17:04.541 [EXPANSION DEBUG]: ExpansionTraderLinda<5c70dfe0>::SetTraderObject ExpansionTraderObjectBase<5c687850> <8571.715820, 14.824916, 10521.992188>
SCRIPT       : 01:17:04.541 [EXPANSION DEBUG]: LoadMissionTradersFile trader ExpansionTraderLinda<5c70dfe0> fileName Consumables
SCRIPT       : 01:17:04.558 [EXPANSION DEBUG]: ExpansionTraderGabi<5c79aff0>::SetTraderObject ExpansionTraderObjectBase<5c73a970> <8584.846680, 14.821787, 10534.984375>
SCRIPT       : 01:17:04.558 [EXPANSION DEBUG]: LoadMissionTradersFile trader ExpansionTraderGabi<5c79aff0> fileName Weapons
SCRIPT       : 01:17:04.575 [EXPANSION DEBUG]: ExpansionTraderIrena<5c8cc010>::SetTraderObject ExpansionTraderObjectBase<5c8496e0> <8594.533203, 14.821795, 10529.988281>
SCRIPT       : 01:17:04.575 [EXPANSION DEBUG]: LoadMissionTradersFile trader ExpansionTraderIrena<5c8cc010> fileName Attachments
SCRIPT       : 01:17:04.591 [EXPANSION DEBUG]: ExpansionTraderQuinn<5c83d010>::SetTraderObject ExpansionTraderObjectBase<5c941270> <8555.026367, 15.931314, 10514.249023>
SCRIPT       : 01:17:04.591 [EXPANSION DEBUG]: LoadMissionTradersFile trader ExpansionTraderQuinn<5c83d010> fileName Components
SCRIPT       : 01:17:04.606 [EXPANSION DEBUG]: ExpansionTraderJudy<f1ed7680>::SetTraderObject ExpansionTraderObjectBase<5ca9c230> <8630.750000, 16.608299, 10510.500000>
SCRIPT       : 01:17:04.606 [EXPANSION DEBUG]: LoadMissionTradersFile trader ExpansionTraderJudy<f1ed7680> fileName Fishing
SCRIPT       : 01:17:04.624 [EXPANSION DEBUG]: ExpansionTraderPeter<5ccd8010>::SetTraderObject ExpansionTraderObjectBase<5cc79bb0> <8590.870117, 14.821789, 10534.200195>
SCRIPT       : 01:17:04.624 [EXPANSION DEBUG]: LoadMissionTradersFile trader ExpansionTraderPeter<5ccd8010> fileName Special
SCRIPT       : 01:17:04.639 [EXPANSION DEBUG]: ExpansionTraderMaria<5ce45010>::SetTraderObject ExpansionTraderObjectBase<5cda0300> <8559.040039, 16.014900, 10511.099609>
SCRIPT       : 01:17:04.639 [EXPANSION DEBUG]: LoadMissionTradersFile trader ExpansionTraderMaria<5ce45010> fileName Spraycans
SCRIPT       : 01:17:04.655 [EXPANSION DEBUG]: ExpansionTraderBoris<5cda3010>::SetTraderObject ExpansionTraderObjectBase<5cecfb50> <8053.950195, 1.847600, 7595.729980>
SCRIPT       : 01:17:04.655 [EXPANSION DEBUG]: LoadMissionTradersFile trader ExpansionTraderBoris<5cda3010> fileName Boats
SCRIPT       : 01:17:04.669 [EXPANSION DEBUG]: ExpansionTraderCyril<fa0a9070>::SetTraderObject ExpansionTraderObjectBase<5cff3140> <8050.020020, 2.791790, 7583.060059>
SCRIPT       : 01:17:04.669 [EXPANSION DEBUG]: LoadMissionTradersFile trader ExpansionTraderCyril<fa0a9070> fileName Vehicle_Parts
SCRIPT       : [ExpansionQuestPersistentServerData] Load existing configuration file:$profile:ExpansionMod\Quests\PersistentServerData.json
SCRIPT       : [ExpansionQuestPersistentServerData] Load existing configuration file:$profile:ExpansionMod\Quests\PersistentServerData.json
SCRIPT       : [ExpansionQuestObjectiveTravelConfig] Load existing configuration file:$profile:ExpansionMod\Quests\Objectives\Travel\Objective_T_1.json
SCRIPT       : [ExpansionQuestObjectiveTravelConfig] Load existing configuration file:$profile:ExpansionMod\Quests\Objectives\Travel\Objective_T_2.json
SCRIPT       : [ExpansionQuestObjectiveTravelConfig] Load existing configuration file:$profile:ExpansionMod\Quests\Objectives\Travel\Objective_T_3.json
SCRIPT       : [ExpansionQuestObjectiveTravelConfig] Load existing configuration file:$profile:ExpansionMod\Quests\Objectives\Travel\Objective_T_4.json
SCRIPT       : [ExpansionQuestObjectiveTravelConfig] Load existing configuration file:$profile:ExpansionMod\Quests\Objectives\Travel\Objective_T_5.json
SCRIPT       : [ExpansionQuestObjectiveTravelConfig] Load existing configuration file:$profile:ExpansionMod\Quests\Objectives\Travel\Objective_T_6.json
SCRIPT       : [ExpansionQuestObjectiveTravelConfig] Load existing configuration file:$profile:ExpansionMod\Quests\Objectives\Travel\Objective_T_7.json
SCRIPT       : [ExpansionQuestObjectiveTargetConfig] Load existing configuration file:$profile:ExpansionMod\Quests\Objectives\Target\Objective_TA_1.json
SCRIPT       : [ExpansionQuestObjectiveTargetConfig] Load existing configuration file:$profile:ExpansionMod\Quests\Objectives\Target\Objective_TA_2.json
SCRIPT       : [ExpansionQuestObjectiveTargetConfig] Load existing configuration file:$profile:ExpansionMod\Quests\Objectives\Target\Objective_TA_3.json
SCRIPT       : [ExpansionQuestObjectiveTargetConfig] Load existing configuration file:$profile:ExpansionMod\Quests\Objectives\Target\Objective_TA_4.json
SCRIPT       : [ExpansionQuestObjectiveDeliveryConfig] Load existing configuration file:$profile:ExpansionMod\Quests\Objectives\Delivery\Objective_D_1.json
SCRIPT       : [ExpansionQuestObjectiveDeliveryConfig] Load existing configuration file:$profile:ExpansionMod\Quests\Objectives\Delivery\Objective_D_2.json
SCRIPT       : [ExpansionQuestObjectiveCollectionConfig] Load existing configuration file:$profile:ExpansionMod\Quests\Objectives\Collection\Objective_C_1.json
SCRIPT       : [ExpansionQuestObjectiveCollectionConfig] Load existing configuration file:$profile:ExpansionMod\Quests\Objectives\Collection\Objective_C_2.json
SCRIPT       : [ExpansionQuestObjectiveCollectionConfig] Load existing configuration file:$profile:ExpansionMod\Quests\Objectives\Collection\Objective_C_3.json
SCRIPT       : [ExpansionQuestObjectiveTreasureHuntConfig] Load existing configuration file:$profile:ExpansionMod\Quests\Objectives\TreasureHunt\Objective_TH_1.json
SCRIPT       : [ExpansionQuestObjectiveActionConfig] Load existing configuration file:$profile:ExpansionMod\Quests\Objectives\Action\Objective_A_1.json
SCRIPT       : [ExpansionQuestObjectiveActionConfig] Load existing configuration file:$profile:ExpansionMod\Quests\Objectives\Action\Objective_A_2.json
SCRIPT       : [ExpansionQuestObjectiveCraftingConfig] Load existing configuration file:$profile:ExpansionMod\Quests\Objectives\Crafting\Objective_CR_1.json
SCRIPT       : [ExpansionQuestObjectiveAIPatrolConfig] Load existing configuration file:$profile:ExpansionMod\Quests\Objectives\AIPatrol\Objective_AIP_1.json
SCRIPT       : [ExpansionQuestObjectiveAICampConfig] Load existing configuration file:$profile:ExpansionMod\Quests\Objectives\AICamp\Objective_AIC_1.json
SCRIPT       : [ExpansionQuestObjectiveAIEscortConfig] Load existing configuration file:$profile:ExpansionMod\Quests\Objectives\AIVIP\Objective_AIESCORT_1.json
SCRIPT       : [ExpansionQuestNPCData] Load existing configuration file:QuestNPC_1.json
SCRIPT       : [ExpansionQuestNPCData] Load existing configuration file:QuestNPC_2.json
SCRIPT       : [ExpansionQuestNPCData] Load existing configuration file:QuestNPC_3.json
SCRIPT       : 01:17:05.411 [EXPANSION DEBUG]: ExpansionP2PTraderAIIrena<72d55350>::SetP2PTraderID - ID: 1
SCRIPT       : ExpansionMarketItem marketItem = ExpansionMarketItem<693b2fc0>
SCRIPT       : int worth =   1
SCRIPT       : ExpansionZoneCircle<72546800> position=<8583.669922, 0.000000, 10515.000000> radius=400
SCRIPT       : Found 1 zones!
SCRIPT       : m_EventManager NamEventManager<d3be67e0>
SCRIPT       : MaxEventCount 2
SCRIPT       : 01:17:05.562 [EXPANSION DEBUG]: ExpansionQuestNPCAIElias<7c93d050>::OnEnterSafeZone
SCRIPT       : bool m_Expansion_LeavingSafeZone = 0
SCRIPT       : bool m_Expansion_IsInSafeZone = 0
SCRIPT       : bool m_Expansion_IsInSafeZoneSynchRemote = 0
SCRIPT       : 01:17:05.562 [EXPANSION DEBUG]: ExpansionQuestNPCAIDenis<7cc3f010>::OnEnterSafeZone
SCRIPT       : bool m_Expansion_LeavingSafeZone = 0
SCRIPT       : bool m_Expansion_IsInSafeZone = 0
SCRIPT       : bool m_Expansion_IsInSafeZoneSynchRemote = 0
SCRIPT       : [Namalsk][NamEventManager]: Trying to select a new event...
SCRIPT       : [Namalsk][NamEventManager]: Starting event Snowfall
SCRIPT       : [Namalsk][Snowfall]: init: 600 (sec), mid: 1122.83 (sec), end: 600 (sec)
SCRIPT       : [Namalsk][NamEventManager]: Snowfall: Phase Length 600
SCRIPT       : [Namalsk][NamEventManager]: Next selection will occur in 866 seconds
SCRIPT       : Clear up static fireplaces: 0
SCRIPT       : 01:18:26.089 [EXPANSION DEBUG]: Clearing cached categories 67
SCRIPT       : 01:18:26.090 [EXPANSION DEBUG]: Clearing cached traders 17
SCRIPT       : ~DayZGame()
