---------------------------------------------
Log C:\daisy\DayZServerNam\!!!\profiles\script_2024-06-14_00-59-30.log started at 14.06. 00:59:31

SCRIPT       : Registered 403 temporary action enum(s), UAN==403
SCRIPT    (W): @"GoreZ/3_game/effects\effectparticle\bulletimpactbase\hit_meatbones.c,74": FIX-ME: Overriding function 'BloodSplatGround' but not marked as 'override'
SCRIPT    (W): @"GoreZ/3_game/effects\effectparticle\bulletimpactbase\hit_meatbones.c,109": FIX-ME: Overriding function 'BloodSplatWall' but not marked as 'override'
SCRIPT    (W): @"scripts/3_Game/gameplay.c,911": Missing script declaration for method 'MenuData.GetLastSteamQueryPort'
SCRIPT       : Registering faction type eAIFactionShamans ID -1484989417
SCRIPT       : Registering faction type eAIFactionObservers ID -563736721
SCRIPT       : Registering faction type eAIFactionInvincibleObservers ID -1227299746
SCRIPT       : Registering faction type eAIFactionEast ID 90522109
SCRIPT       : Registering faction type eAIFactionGuards ID 963933710
SCRIPT       : Registering faction type eAIFactionRaiders ID 1535276022
SCRIPT       : Registering faction type eAIFactionYeetBrigade ID 1408543989
SCRIPT       : Registering faction type eAIFactionMercenaries ID 1629891834
SCRIPT       : Registering faction type eAIFactionWest ID 113880155
SCRIPT       : Registering faction type eAIFactionCivilian ID 1096178351
SCRIPT       : Registering faction type eAIFactionPassive ID -1159399789
SCRIPT       : Registering faction type eAIFactionInvincibleYeetBrigade ID -1118767876
SCRIPT       : Registering faction type eAIFactionInvincibleGuards ID 782746017
SCRIPT       : ... Backlit Effects Enabled
SCRIPT       : 00:59:33 [EXPANSION LOG]: DayZGame<f1c9c750> Start time (local time) 2024-06-14 00:59:23
SCRIPT       : 00:59:33 [EXPANSION LOG]: DayZGame<f1c9c750> Start time (UTC) 2024-06-13 23:59:23
SCRIPT       : 00:59:33 [EXPANSION LOG]: DayZGame<f1c9c750> Runtime since start (seconds) 10.171
SCRIPT    (W): @"DrugsPLUS/scripts/4_world/drugsplus.c,49": Missing ';' at the end of line
SCRIPT    (W): @"GoreZ/4_world/entities\manbase\playerbase.c,11": FIX-ME: Overriding function 'CheckDeath' but not marked as 'override'
SCRIPT    (W): @"GoreZ/4_world/entities\infected\zombiebase.c,27": FIX-ME: Overriding function 'IsAlive' but not marked as 'override'
SCRIPT    (W): @"Pokemon/scripts/4_World/entities\pokemonboosterpack_1.c,31": FIX-ME: Overriding function 'InsertCard' but not marked as 'override'
SCRIPT    (W): @"Pokemon/scripts/4_World/entities\pokemonboosterpack_3.c,31": FIX-ME: Overriding function 'InsertCard' but not marked as 'override'
SCRIPT    (W): @"Pokemon/scripts/4_World/entities\pokemonboosterpack_5.c,31": FIX-ME: Overriding function 'InsertCard' but not marked as 'override'
SCRIPT    (W): @"UnlimitedStamina/4_World/classes\staminahandler.c,3": FIX-ME: Overriding function 'Update' but not marked as 'override'
SCRIPT    (W): @"CannabisPlus/scripts/4_World/entities\itembase\drypost.c,52": Possible variable name conflict 'attachment'
SCRIPT    (W): @"CannabisPlus/scripts/4_World/entities\itembase\drypost.c,212": Possible variable name conflict 'attachment'
SCRIPT    (W): @"GoreZ/4_world/classes\bleedingsources\bleedingsource.c,56": FIX-ME: Overriding function 'GetBit' but not marked as 'override'
SCRIPT    (W): @"GoreZ/4_world/classes\bleedingsources\bleedingsource.c,157": FIX-ME: Overriding function 'DrawDebugShape' but not marked as 'override'
SCRIPT    (W): @"DrugsPLUS/scripts/4_world/classes\useractionscomponent\actions\singleuse\actionconsumedrugs.c,27": Possible variable name conflict 'player'
SCRIPT    (W): @"CannabisPlus/scripts/4_World/entities\gardenbase\plantbase.c,64": Possible variable name conflict 'currentYield'
SCRIPT    (W): @"CannabisPlus/scripts/4_World/entities\itembase\drypost.c,502": Possible variable name conflict 'p'
SCRIPT    (W): @"CannabisPlus/scripts/4_World/entities\itembase\drypost.c,512": Possible variable name conflict 'j'
SCRIPT    (W): @"CannabisPlus/scripts/4_World/classes\useractionscomponent\actions\continuous\tearopenbrickorbag.c,46": Unsafe down-casting, use 'CP_CannabisBags.Cast' for safe down-casting
SCRIPT    (W): @"CannabisPlus/scripts/4_World/classes\useractionscomponent\actions\continuous\tearopenbrickorbag.c,47": Unsafe down-casting, use 'CP_CoreClass.Cast' for safe down-casting
SCRIPT    (W): @"CannabisPlus/scripts/4_World/entities\itembase\workbench.c,835": Possible variable name conflict 'BatteryRequired'
SCRIPT    (W): @"DrugsPLUS/scripts/4_world/classes\useractionscomponent\actions\singleuse\actionconsumedrugs.c,50": Possible variable name conflict 'player'
SCRIPT    (W): @"DrugsPLUS/scripts/4_world/classes\useractionscomponent\actions\singleuse\actionconsumedrugs.c,92": Possible variable name conflict 'player'
SCRIPT       : Registering faction type eAIFactionLunatics ID 1167351711
SCRIPT       : Registering faction type eAIFactionInfected ID 1371958374
SCRIPT    (W): @"UnlimitedStamina/5_Mission/missiongameplay.c,5": Missing ';' at the end of line
SCRIPT       : Expansion version: 1.8.50
SCRIPT       : 00:59:52.889 [EXPANSION DEBUG]: [ExpansionDebugSettings] Load existing setting file:$profile:ExpansionMod\Settings\DebugSettings.json
SCRIPT       : 00:59:52.889 [EXPANSION DEBUG]: [ExpansionLogSettings] Load existing setting file:$profile:ExpansionMod\Settings\LogsSettings.json
SCRIPT       : 00:59:52.891 [EXPANSION DEBUG]: [ExpansionNotificationSettings] Load existing setting file:$profile:ExpansionMod\Settings\NotificationSettings.json
SCRIPT       : 00:59:52.892 [EXPANSION DEBUG]: [ExpansionMonitoringSettings] Load existing setting file:$profile:ExpansionMod\Settings\MonitoringSettings.json
SCRIPT       : 00:59:52.892 [EXPANSION DEBUG]: [ExpansionDamageSystemSettings] Load existing setting file:$profile:ExpansionMod\Settings\DamageSystemSettings.json
SCRIPT       : 00:59:52.892 [EXPANSION DEBUG]: [ExpansionPartySettings] Load existing setting file:$profile:ExpansionMod\Settings\PartySettings.json
SCRIPT       : 00:59:52.893 [EXPANSION DEBUG]: [ExpansionHardlineSettings] Load existing setting file:$mission:expansion\settings\HardlineSettings.json
SCRIPT       : 00:59:52.908 [EXPANSION DEBUG]: [ExpansionMarketSettings] Load existing setting file:$mission:expansion\settings\MarketSettings.json
SCRIPT       : ExpansionMarketSettings::LoadCategories - Adding category ID 1 (Ammo)
SCRIPT       : ExpansionMarketSettings::LoadCategories - Adding category ID 2 (Ammo_Boxes)
SCRIPT       : ExpansionMarketSettings::LoadCategories - Adding category ID 3 (Armbands)
SCRIPT       : ExpansionMarketSettings::LoadCategories - Adding category ID 4 (Assault_Rifles)
SCRIPT       : ExpansionMarketSettings::LoadCategories - Adding category ID 5 (Backpacks)
SCRIPT       : ExpansionMarketSettings::LoadCategories - Adding category ID 6 (Bandanas)
SCRIPT       : ExpansionMarketSettings::LoadCategories - Adding category ID 7 (Batteries)
SCRIPT       : ExpansionMarketSettings::LoadCategories - Adding category ID 8 (Bayonets)
SCRIPT       : ExpansionMarketSettings::LoadCategories - Adding category ID 9 (Belts)
SCRIPT       : ExpansionMarketSettings::LoadCategories - Adding category ID 10 (Blouses_And_Suits)
SCRIPT       : ExpansionMarketSettings::LoadCategories - Adding category ID 11 (Boats)
SCRIPT       : ExpansionMarketSettings::LoadCategories - Adding category ID 12 (Boots_And_Shoes)
SCRIPT       : ExpansionMarketSettings::LoadCategories - Adding category ID 13 (Buttstocks)
SCRIPT       : ExpansionMarketSettings::LoadCategories - Adding category ID 14 (Caps)
SCRIPT       : ExpansionMarketSettings::LoadCategories - Adding category ID 15 (Cars)
SCRIPT       : ExpansionMarketSettings::LoadCategories - Adding category ID 16 (Coats_And_Jackets)
SCRIPT       : ExpansionMarketSettings::LoadCategories - Adding category ID 17 (Containers)
SCRIPT       : ExpansionMarketSettings::LoadCategories - Adding category ID 18 (Crossbows)
SCRIPT       : ExpansionMarketSettings::LoadCategories - Adding category ID 19 (Drinks)
SCRIPT       : ExpansionMarketSettings::LoadCategories - Adding category ID 20 (Electronics)
SCRIPT       : ExpansionMarketSettings::LoadCategories - Adding category ID 21 (Event)
SCRIPT       : ExpansionMarketSettings::LoadCategories - Adding category ID 22 (Exchange)
SCRIPT       : ExpansionMarketSettings::LoadCategories - Adding category ID 23 (Explosives_And_Grenades)
SCRIPT       : ExpansionMarketSettings::LoadCategories - Adding category ID 24 (Eyewear)
SCRIPT       : ExpansionMarketSettings::LoadCategories - Adding category ID 25 (Fish)
SCRIPT       : ExpansionMarketSettings::LoadCategories - Adding category ID 26 (Fishing)
SCRIPT       : ExpansionMarketSettings::LoadCategories - Adding category ID 27 (Flags)
SCRIPT       : ExpansionMarketSettings::LoadCategories - Adding category ID 28 (Food)
SCRIPT       : ExpansionMarketSettings::LoadCategories - Adding category ID 29 (Fruit_And_Vegetables)
SCRIPT       : ExpansionMarketSettings::LoadCategories - Adding category ID 30 (Furnishings)
SCRIPT       : ExpansionMarketSettings::LoadCategories - Adding category ID 31 (Gardening)
SCRIPT       : ExpansionMarketSettings::LoadCategories - Adding category ID 32 (Ghillies)
SCRIPT       : ExpansionMarketSettings::LoadCategories - Adding category ID 33 (Gloves)
SCRIPT       : ExpansionMarketSettings::LoadCategories - Adding category ID 34 (Handguards)
SCRIPT       : ExpansionMarketSettings::LoadCategories - Adding category ID 35 (Hats_And_Hoods)
SCRIPT       : ExpansionMarketSettings::LoadCategories - Adding category ID 36 (Helicopters)
SCRIPT       : ExpansionMarketSettings::LoadCategories - Adding category ID 37 (Helmets)
SCRIPT       : ExpansionMarketSettings::LoadCategories - Adding category ID 38 (Holsters_And_Pouches)
SCRIPT       : ExpansionMarketSettings::LoadCategories - Adding category ID 39 (Kits)
SCRIPT       : ExpansionMarketSettings::LoadCategories - Adding category ID 40 (Knifes)
SCRIPT       : ExpansionMarketSettings::LoadCategories - Adding category ID 41 (Launchers)
SCRIPT       : ExpansionMarketSettings::LoadCategories - Adding category ID 42 (Lights)
SCRIPT       : ExpansionMarketSettings::LoadCategories - Adding category ID 43 (Liquids)
SCRIPT       : ExpansionMarketSettings::LoadCategories - Adding category ID 44 (Locks)
SCRIPT       : ExpansionMarketSettings::LoadCategories - Adding category ID 45 (Magazines)
SCRIPT       : ExpansionMarketSettings::LoadCategories - Adding category ID 46 (Masks)
SCRIPT       : ExpansionMarketSettings::LoadCategories - Adding category ID 47 (Meat)
SCRIPT       : ExpansionMarketSettings::LoadCategories - Adding category ID 48 (Medical)
SCRIPT       : ExpansionMarketSettings::LoadCategories - Adding category ID 49 (Melee_Weapons)
SCRIPT       : ExpansionMarketSettings::LoadCategories - Adding category ID 50 (Muzzles)
SCRIPT       : ExpansionMarketSettings::LoadCategories - Adding category ID 51 (Navigation)
SCRIPT       : ExpansionMarketSettings::LoadCategories - Adding category ID 52 (Optics)
SCRIPT       : ExpansionMarketSettings::LoadCategories - Adding category ID 53 (Pants_And_Shorts)
SCRIPT       : ExpansionMarketSettings::LoadCategories - Adding category ID 54 (Pistols)
SCRIPT       : ExpansionMarketSettings::LoadCategories - Adding category ID 55 (Rifles)
SCRIPT       : ExpansionMarketSettings::LoadCategories - Adding category ID 56 (Shirts_And_TShirts)
SCRIPT       : ExpansionMarketSettings::LoadCategories - Adding category ID 57 (Shotguns)
SCRIPT       : ExpansionMarketSettings::LoadCategories - Adding category ID 58 (Skirts_And_Dresses)
SCRIPT       : ExpansionMarketSettings::LoadCategories - Adding category ID 59 (Sniper_Rifles)
SCRIPT       : ExpansionMarketSettings::LoadCategories - Adding category ID 60 (Spraycans)
SCRIPT       : ExpansionMarketSettings::LoadCategories - Adding category ID 61 (Submachine_Guns)
SCRIPT       : ExpansionMarketSettings::LoadCategories - Adding category ID 62 (Supplies)
SCRIPT       : ExpansionMarketSettings::LoadCategories - Adding category ID 63 (Sweaters_And_Hoodies)
SCRIPT       : ExpansionMarketSettings::LoadCategories - Adding category ID 64 (Tents)
SCRIPT       : ExpansionMarketSettings::LoadCategories - Adding category ID 65 (Tools)
SCRIPT       : ExpansionMarketSettings::LoadCategories - Adding category ID 66 (Vehicle_Parts)
SCRIPT       : ExpansionMarketSettings::LoadCategories - Adding category ID 67 (Vests)
SCRIPT       : 00:59:53.069 [EXPANSION DEBUG]: [ExpansionAirdropSettings] Load existing setting file:$profile:ExpansionMod\Settings\AirdropSettings.json
SCRIPT       : 00:59:53.490 [EXPANSION DEBUG]: [ExpansionMissionSettings] Load existing setting file:$profile:ExpansionMod\Settings\MissionSettings.json
SCRIPT       : 00:59:53.490 [EXPANSION DEBUG]: [ExpansionMapSettings] Load existing setting file:$mission:expansion\settings\MapSettings.json
SCRIPT       : 00:59:53.507 [EXPANSION DEBUG]: [ExpansionPersonalStorageNewSettings] Load existing setting file:$profile:ExpansionMod\Settings\PersonalStorageNewSettings.json
SCRIPT       : 00:59:53.508 [EXPANSION DEBUG]: [ExpansionGeneralSettings] Load existing setting file:$profile:ExpansionMod\Settings\GeneralSettings.json
SCRIPT       : 00:59:53.509 [EXPANSION DEBUG]: [ExpansionPlayerListSettings] Load existing setting file:$profile:ExpansionMod\Settings\PlayerListSettings.json
SCRIPT       : 00:59:53.509 [EXPANSION DEBUG]: [ExpansionSocialMediaSettings] Load existing setting file:$profile:ExpansionMod\Settings\SocialMediaSettings.json
SCRIPT       : 00:59:53.509 [EXPANSION DEBUG]: [ExpansionSpawnSettings] Load existing setting file:$mission:expansion\settings\SpawnSettings.json
SCRIPT       : 00:59:53.516 [EXPANSION DEBUG]: [ExpansionVehicleSettings] Load existing setting file:$profile:ExpansionMod\Settings\VehicleSettings.json
SCRIPT       : 00:59:53.517 [EXPANSION DEBUG]: [ExpansionAISettings] Load existing setting file:$profile:ExpansionMod\Settings\AISettings.json
SCRIPT       : 00:59:53.517 [EXPANSION DEBUG]: [ExpansionAIPatrolSettings] Load existing setting file:$mission:expansion\settings\AIPatrolSettings.json
SCRIPT       : 00:59:53.525 [EXPANSION DEBUG]: [ExpansionBaseBuildingSettings] Load existing setting file:$mission:expansion\settings\BaseBuildingSettings.json
SCRIPT       : 00:59:53.528 [EXPANSION DEBUG]: [ExpansionRaidSettings] Load existing setting file:$profile:ExpansionMod\Settings\RaidSettings.json
SCRIPT       : 00:59:53.528 [EXPANSION DEBUG]: [ExpansionTerritorySettings] Load existing setting file:$profile:ExpansionMod\Settings\TerritorySettings.json
SCRIPT       : 00:59:53.531 [EXPANSION DEBUG]: [ExpansionChatSettings] Load existing setting file:$profile:ExpansionMod\Settings\ChatSettings.json
SCRIPT       : [DefineTest] EXPANSIONMOD is defined
SCRIPT       : [DefineTest] EXPANSIONMODAI is defined
SCRIPT       : [DefineTest] EXPANSIONMODBASEBUILDING is defined
SCRIPT       : [DefineTest] EXPANSIONMODBOOK is defined
SCRIPT       : [DefineTest] EXPANSIONMODCHAT is defined
SCRIPT       : [DefineTest] EXPANSIONMODCORE is defined
SCRIPT       : [DefineTest] EXPANSIONMODGARAGE is defined
SCRIPT       : [DefineTest] EXPANSIONMODGROUPS is defined
SCRIPT       : [DefineTest] EXPANSIONMODHARDLINE is defined
SCRIPT       : [DefineTest] EXPANSIONMODKILLFEED is defined
SCRIPT       : [DefineTest] EXPANSIONMODMAPASSETS is defined
SCRIPT       : [DefineTest] EXPANSIONMODMARKET is defined
SCRIPT       : [DefineTest] EXPANSIONMODMISSIONS is defined
SCRIPT       : [DefineTest] EXPANSIONMODNAMETAGS is defined
SCRIPT       : [DefineTest] EXPANSIONMODNAVIGATION is defined
SCRIPT       : [DefineTest] EXPANSIONMODP2PMARKET is defined
SCRIPT       : [DefineTest] EXPANSIONMODPERSONALSTORAGE is defined
SCRIPT       : [DefineTest] EXPANSIONMODQUESTS is defined
SCRIPT       : [DefineTest] EXPANSIONMODSPAWNSELECTION is defined
SCRIPT       : [DefineTest] EXPANSIONMODVEHICLE is defined
SCRIPT       : [DefineTest] EXPANSIONMODWEAPONS is defined
SCRIPT       : [DefineTest] CfgMods:
SCRIPT       : defaultAction
SCRIPT       : DayZ
SCRIPT       : DZ_Expansion_AI_Preload
SCRIPT       : DZ_Expansion_BaseBuilding_Preload
SCRIPT       : DZ_Expansion_Book_Preload
SCRIPT       : DZ_Expansion_Chat_Preload
SCRIPT       : DZ_Expansion_Core_Preload
SCRIPT       : DZ_Expansion_Garage_Preload
SCRIPT       : DZ_Expansion_Groups_Preload
SCRIPT       : DZ_Expansion_Hardline_Preload
SCRIPT       : DZ_Expansion_KillFeed_Preload
SCRIPT       : DZ_Expansion_MapAssets_Preload
SCRIPT       : DZ_Expansion_Market_Preload
SCRIPT       : DZ_Expansion_Missions_Preload
SCRIPT       : DZ_Expansion_ModStorage_Preload
SCRIPT       : DZ_Expansion_NameTags_Preload
SCRIPT       : DZ_Expansion_Navigation_Preload
SCRIPT       : DZ_Expansion_P2PMarket_Preload
SCRIPT       : DZ_Expansion_PersonalStorage_Preload
SCRIPT       : DZ_Expansion_Preload
SCRIPT       : DZ_Expansion_Quests_Preload
SCRIPT       : DZ_Expansion_SpawnSelection_Preload
SCRIPT       : DZ_Expansion_Vehicles_Preload
SCRIPT       : DZ_Expansion_Weapons_Preload
SCRIPT       : Blackout_Weapons_Ammunition
SCRIPT       : Blackout_Weapons_Attachments
SCRIPT       : Blackout_Weapons_Launchers
SCRIPT       : Blackout_Weapons_LMGs
SCRIPT       : Blackout_Weapons_Pistols
SCRIPT       : Blackout_Weapons_Rifles
SCRIPT       : Blackout_Weapons_Scripts
SCRIPT       : Blackout_Weapons_Shotguns
SCRIPT       : Blackout_Weapons_SMGs
SCRIPT       : Blackout_Weapons_Snipers
SCRIPT       : CJ187Fridges
SCRIPT       : CPtoken
SCRIPT       : DabsFramework
SCRIPT       : DZ_Expansion_DefineTest
SCRIPT       : DZ_Expansion_MapAssets
SCRIPT       : EditorLoader
SCRIPT       : GoreZ
SCRIPT       : JM_CommunityFramework
SCRIPT       : JM_CommunityOnlineTools
SCRIPT       : PerishableFood
SCRIPT       : PumpingGas
SCRIPT       : Namalsk_Weapon
SCRIPT       : NAMALSK_ISLAND
SCRIPT       : NAMALSK_SURVIVAL
SCRIPT       : Treasure
SCRIPT       : TreasurePhotosNamalsk
SCRIPT       : UnlimitedStamina
SCRIPT       : AmmunitionExpansion
SCRIPT       : CannabisPlus_GhostIcons
SCRIPT       : DZ_Expansion_ModStorage
SCRIPT       : dbo_creatures
SCRIPT       : Namalsk_Igloo
SCRIPT       : CannabisPlus
SCRIPT       : DZ_Expansion_Core
SCRIPT       : DZ_Expansion_Garage
SCRIPT       : DZ_Expansion_Groups
SCRIPT       : DZ_Expansion_Market
SCRIPT       : DZ_Expansion_Missions
SCRIPT       : DZ_Expansion_NameTags
SCRIPT       : DZ_Expansion_Navigation
SCRIPT       : DZ_Expansion_NotificationScheduler
SCRIPT       : DZ_Expansion_P2PMarket
SCRIPT       : DZ_Expansion_PersonalStorage
SCRIPT       : DZ_Expansion_PersonalStorageNew
SCRIPT       : DZ_Expansion_PlayerList
SCRIPT       : DZ_Expansion
SCRIPT       : DZ_Expansion_SpawnSelection
SCRIPT       : DZ_Expansion_VanillaFixes
SCRIPT       : DZ_Expansion_Vehicles
SCRIPT       : DZ_Expansion_Weapons
SCRIPT       : MoreFood
SCRIPT       : DrugsPLUS
SCRIPT       : Pokemon
SCRIPT       : rag_snowman
SCRIPT       : CP_Pouch
SCRIPT       : DZ_Expansion_AI
SCRIPT       : DZ_Expansion_BaseBuilding
SCRIPT       : DZ_Expansion_Book
SCRIPT       : DZ_Expansion_Chat
SCRIPT       : DZ_Expansion_Hardline
SCRIPT       : DZ_Expansion_Quests
SCRIPT       : DZ_Expansion_VirtualContainerStorage
SCRIPT       : [Treasure] 'Treasures.json' found, loading existing config
SCRIPT       : [Treasure] 'Descriptions_FR.json' does not exist, skipping this config
SCRIPT       : [Treasure] 'Descriptions_ES.json' does not exist, skipping this config
SCRIPT       : [Treasure] 'Descriptions_IT.json' does not exist, skipping this config
SCRIPT       : [Treasure] 'Descriptions_DE.json' does not exist, skipping this config
SCRIPT       : [Treasure] 'Descriptions_CZ.json' does not exist, skipping this config
SCRIPT       : [Treasure] 'Descriptions_RU.json' does not exist, skipping this config
SCRIPT       : [Treasure] 'Descriptions_CHT.json' does not exist, skipping this config
SCRIPT       : [Treasure] 'Descriptions_CHS.json' does not exist, skipping this config
SCRIPT       : [Treasure] 'Descriptions_PL.json' does not exist, skipping this config
SCRIPT       : [Treasure] 'Descriptions_JA.json' does not exist, skipping this config
SCRIPT       : [Treasure] 'Descriptions_PTBR.json' does not exist, skipping this config
SCRIPT       : 00:59:53.981 [EXPANSION DEBUG]: ModStorage v5
SCRIPT       : [CP] Config Sucessfully loaded!
SCRIPT       : [DP] Config Sucessfully loaded!
SCRIPT       : [Namalsk][NamEventManager]: Next selection will occur in 846 seconds
SCRIPT       : [Namalsk][NamEventManager]: NamEventManager is now running
SCRIPT       : Object 'TreeSoft_t_LarixDecidua_1f' is scope 0
SCRIPT       : Object 'TreeHard_t_LarixDecidua_2s' is scope 0
SCRIPT       : Object 'TreeHard_t_LarixDecidua_2f' is scope 0
SCRIPT       : Object 'TreeHard_t_LarixDecidua_2s' is scope 0
SCRIPT       : Object 'TreeSoft_t_LarixDecidua_1f' is scope 0
SCRIPT       : Object 'TreeHard_t_LarixDecidua_3f' is scope 0
SCRIPT       : Object 'TreeSoft_t_LarixDecidua_1s' is scope 0
SCRIPT       : Object 'TreeHard_t_LarixDecidua_2s' is scope 0
SCRIPT       : Object 'TreeHard_t_LarixDecidua_3fb' is scope 0
SCRIPT       : Object 'TreeHard_t_LarixDecidua_2f' is scope 0
SCRIPT       : Object 'TreeHard_t_LarixDecidua_2f' is scope 0
SCRIPT       : Object 'TreeHard_t_LarixDecidua_3f' is scope 0
SCRIPT       : Object 'TreeHard_t_LarixDecidua_2f' is scope 0
SCRIPT       : Object 'TreeSoft_t_LarixDecidua_1f' is scope 0
SCRIPT       : Object 'TreeHard_t_LarixDecidua_2s' is scope 0
SCRIPT       : Object 'TreeHard_t_quercusRobur_2sc' is scope 0
SCRIPT       : Object 'TreeSoft_t_quercusRobur_1fd' is scope 0
SCRIPT       : Object 'TreeHard_t_quercusRobur_2sb' is scope 0
SCRIPT       : Object 'TreeSoft_t_quercusRobur_1fd' is scope 0
SCRIPT       : Object 'TreeHard_t_quercusRobur_2sc' is scope 0
SCRIPT       : Object 'TreeHard_t_quercusRobur_3fb' is scope 0
SCRIPT       : Object 'TreeHard_t_quercusRobur_3fb' is scope 0
SCRIPT       : Object 'TreeSoft_t_quercusRobur_1s' is scope 0
SCRIPT       : Object 'TreeHard_t_quercusRobur_3fb' is scope 0
SCRIPT       : Object 'TreeHard_t_quercusRobur_2d' is scope 0
SCRIPT       : 208 objects created, 0 deleted (completed in 208)
SCRIPT       : 01:00:08.946 [EXPANSION DEBUG]: ExpansionTraderDenis<73a47010>::SetTraderObject ExpansionTraderObjectBase<59499380> <6297.701172, 20.696091, 9523.166016>
SCRIPT       : 01:00:08.947 [EXPANSION DEBUG]: LoadMissionTradersFile trader ExpansionTraderDenis<73a47010> fileName Aircraft
SCRIPT       : 01:00:08.962 [EXPANSION DEBUG]: ExpansionTraderGuo<5960e7c0>::SetTraderObject ExpansionTraderObjectBase<59634770> <8599.360352, 14.725300, 10492.200195>
SCRIPT       : 01:00:08.964 [EXPANSION DEBUG]: LoadMissionTradersFile trader ExpansionTraderGuo<5960e7c0> fileName Vehicle_Parts
SCRIPT       : 01:00:08.979 [EXPANSION DEBUG]: ExpansionTraderHassan<4a998030>::SetTraderObject ExpansionTraderObjectBase<59641e50> <8596.509766, 14.747800, 10488.000000>
SCRIPT       : 01:00:08.979 [EXPANSION DEBUG]: LoadMissionTradersFile trader ExpansionTraderHassan<4a998030> fileName Vehicles
SCRIPT       : 01:00:08.999 [EXPANSION DEBUG]: ExpansionTraderIndar<caa999f0>::SetTraderObject ExpansionTraderObjectBase<597a50f0> <8570.200195, 14.804744, 10531.799805>
SCRIPT       : 01:00:08.999 [EXPANSION DEBUG]: LoadMissionTradersFile trader ExpansionTraderIndar<caa999f0> fileName Medicals
SCRIPT       : 01:00:09.016 [EXPANSION DEBUG]: ExpansionTraderKaito<598c79d0>::SetTraderObject ExpansionTraderObjectBase<5982c010> <8566.829102, 15.935067, 10515.494141>
SCRIPT       : 01:00:09.016 [EXPANSION DEBUG]: LoadMissionTradersFile trader ExpansionTraderKaito<598c79d0> fileName Exchange
SCRIPT       : 01:00:09.031 [EXPANSION DEBUG]: ExpansionTraderLewis<bc6791d0>::SetTraderObject ExpansionTraderObjectBase<598d5c00> <8564.556641, 15.914123, 10516.875000>
SCRIPT       : 01:00:09.031 [EXPANSION DEBUG]: LoadMissionTradersFile trader ExpansionTraderLewis<bc6791d0> fileName BuildingSupplies
SCRIPT       : 01:00:09.054 [EXPANSION DEBUG]: ExpansionTraderNaomi<f3b87a00>::SetTraderObject ExpansionTraderObjectBase<599859c0> <8554.720703, 15.931895, 10524.275391>
SCRIPT       : 01:00:09.054 [EXPANSION DEBUG]: LoadMissionTradersFile trader ExpansionTraderNaomi<f3b87a00> fileName Clothing
SCRIPT       : 01:00:09.071 [EXPANSION DEBUG]: ExpansionTraderHelga<9d5cc080>::SetTraderObject ExpansionTraderObjectBase<59a80a50> <8560.446289, 15.920970, 10521.180664>
SCRIPT       : 01:00:09.071 [EXPANSION DEBUG]: LoadMissionTradersFile trader ExpansionTraderHelga<9d5cc080> fileName Clothing_Accessories
SCRIPT       : 01:00:09.089 [EXPANSION DEBUG]: ExpansionTraderLinda<59c06000>::SetTraderObject ExpansionTraderObjectBase<59b73060> <8571.715820, 14.824916, 10521.992188>
SCRIPT       : 01:00:09.089 [EXPANSION DEBUG]: LoadMissionTradersFile trader ExpansionTraderLinda<59c06000> fileName Consumables
SCRIPT       : 01:00:09.104 [EXPANSION DEBUG]: ExpansionTraderGabi<5d19dfe0>::SetTraderObject ExpansionTraderObjectBase<5d118770> <8584.846680, 14.821787, 10534.984375>
SCRIPT       : 01:00:09.104 [EXPANSION DEBUG]: LoadMissionTradersFile trader ExpansionTraderGabi<5d19dfe0> fileName Weapons
SCRIPT       : 01:00:09.118 [EXPANSION DEBUG]: ExpansionTraderIrena<59b5e020>::SetTraderObject ExpansionTraderObjectBase<5d20ed40> <8594.533203, 14.821795, 10529.988281>
SCRIPT       : 01:00:09.118 [EXPANSION DEBUG]: LoadMissionTradersFile trader ExpansionTraderIrena<59b5e020> fileName Attachments
SCRIPT       : 01:00:09.135 [EXPANSION DEBUG]: ExpansionTraderQuinn<5d363010>::SetTraderObject ExpansionTraderObjectBase<5d333810> <8555.026367, 15.931314, 10514.249023>
SCRIPT       : 01:00:09.135 [EXPANSION DEBUG]: LoadMissionTradersFile trader ExpansionTraderQuinn<5d363010> fileName Components
SCRIPT       : 01:00:09.150 [EXPANSION DEBUG]: ExpansionTraderJudy<5d336010>::SetTraderObject ExpansionTraderObjectBase<5d421ef0> <8630.750000, 16.608299, 10510.500000>
SCRIPT       : 01:00:09.150 [EXPANSION DEBUG]: LoadMissionTradersFile trader ExpansionTraderJudy<5d336010> fileName Fishing
SCRIPT       : 01:00:09.166 [EXPANSION DEBUG]: ExpansionTraderPeter<2258380>::SetTraderObject ExpansionTraderObjectBase<5d54ec40> <8590.870117, 14.821789, 10534.200195>
SCRIPT       : 01:00:09.166 [EXPANSION DEBUG]: LoadMissionTradersFile trader ExpansionTraderPeter<2258380> fileName Special
SCRIPT       : 01:00:09.184 [EXPANSION DEBUG]: ExpansionTraderMaria<5d6d1010>::SetTraderObject ExpansionTraderObjectBase<5d653480> <8559.040039, 16.014900, 10511.099609>
SCRIPT       : 01:00:09.184 [EXPANSION DEBUG]: LoadMissionTradersFile trader ExpansionTraderMaria<5d6d1010> fileName Spraycans
SCRIPT       : 01:00:09.198 [EXPANSION DEBUG]: ExpansionTraderBoris<5d853010>::SetTraderObject ExpansionTraderObjectBase<5d7e7440> <8053.950195, 1.847600, 7595.729980>
SCRIPT       : 01:00:09.198 [EXPANSION DEBUG]: LoadMissionTradersFile trader ExpansionTraderBoris<5d853010> fileName Boats
SCRIPT       : 01:00:09.215 [EXPANSION DEBUG]: ExpansionTraderCyril<70cb5120>::SetTraderObject ExpansionTraderObjectBase<5d8f27c0> <8050.020020, 2.791790, 7583.060059>
SCRIPT       : 01:00:09.215 [EXPANSION DEBUG]: LoadMissionTradersFile trader ExpansionTraderCyril<70cb5120> fileName Vehicle_Parts
SCRIPT       : [ExpansionQuestPersistentServerData] Load existing configuration file:$profile:ExpansionMod\Quests\PersistentServerData.json
SCRIPT       : [ExpansionQuestPersistentServerData] Load existing configuration file:$profile:ExpansionMod\Quests\PersistentServerData.json
SCRIPT       : [ExpansionQuestObjectiveTravelConfig] Load existing configuration file:$profile:ExpansionMod\Quests\Objectives\Travel\Objective_T_1.json
SCRIPT       : [ExpansionQuestObjectiveTravelConfig] Load existing configuration file:$profile:ExpansionMod\Quests\Objectives\Travel\Objective_T_2.json
SCRIPT       : [ExpansionQuestObjectiveTravelConfig] Load existing configuration file:$profile:ExpansionMod\Quests\Objectives\Travel\Objective_T_3.json
SCRIPT       : [ExpansionQuestObjectiveTravelConfig] Load existing configuration file:$profile:ExpansionMod\Quests\Objectives\Travel\Objective_T_4.json
SCRIPT       : [ExpansionQuestObjectiveTravelConfig] Load existing configuration file:$profile:ExpansionMod\Quests\Objectives\Travel\Objective_T_5.json
SCRIPT       : [ExpansionQuestObjectiveTravelConfig] Load existing configuration file:$profile:ExpansionMod\Quests\Objectives\Travel\Objective_T_6.json
SCRIPT       : [ExpansionQuestObjectiveTravelConfig] Load existing configuration file:$profile:ExpansionMod\Quests\Objectives\Travel\Objective_T_7.json
SCRIPT       : [ExpansionQuestObjectiveTargetConfig] Load existing configuration file:$profile:ExpansionMod\Quests\Objectives\Target\Objective_TA_1.json
SCRIPT       : [ExpansionQuestObjectiveTargetConfig] Load existing configuration file:$profile:ExpansionMod\Quests\Objectives\Target\Objective_TA_2.json
SCRIPT       : [ExpansionQuestObjectiveTargetConfig] Load existing configuration file:$profile:ExpansionMod\Quests\Objectives\Target\Objective_TA_3.json
SCRIPT       : [ExpansionQuestObjectiveTargetConfig] Load existing configuration file:$profile:ExpansionMod\Quests\Objectives\Target\Objective_TA_4.json
SCRIPT       : [ExpansionQuestObjectiveDeliveryConfig] Load existing configuration file:$profile:ExpansionMod\Quests\Objectives\Delivery\Objective_D_1.json
SCRIPT       : [ExpansionQuestObjectiveDeliveryConfig] Load existing configuration file:$profile:ExpansionMod\Quests\Objectives\Delivery\Objective_D_2.json
SCRIPT       : [ExpansionQuestObjectiveCollectionConfig] Load existing configuration file:$profile:ExpansionMod\Quests\Objectives\Collection\Objective_C_1.json
SCRIPT       : [ExpansionQuestObjectiveCollectionConfig] Load existing configuration file:$profile:ExpansionMod\Quests\Objectives\Collection\Objective_C_2.json
SCRIPT       : [ExpansionQuestObjectiveCollectionConfig] Load existing configuration file:$profile:ExpansionMod\Quests\Objectives\Collection\Objective_C_3.json
SCRIPT       : [ExpansionQuestObjectiveTreasureHuntConfig] Load existing configuration file:$profile:ExpansionMod\Quests\Objectives\TreasureHunt\Objective_TH_1.json
SCRIPT       : [ExpansionQuestObjectiveActionConfig] Load existing configuration file:$profile:ExpansionMod\Quests\Objectives\Action\Objective_A_1.json
SCRIPT       : [ExpansionQuestObjectiveActionConfig] Load existing configuration file:$profile:ExpansionMod\Quests\Objectives\Action\Objective_A_2.json
SCRIPT       : [ExpansionQuestObjectiveCraftingConfig] Load existing configuration file:$profile:ExpansionMod\Quests\Objectives\Crafting\Objective_CR_1.json
SCRIPT       : [ExpansionQuestObjectiveAIPatrolConfig] Load existing configuration file:$profile:ExpansionMod\Quests\Objectives\AIPatrol\Objective_AIP_1.json
SCRIPT       : [ExpansionQuestObjectiveAICampConfig] Load existing configuration file:$profile:ExpansionMod\Quests\Objectives\AICamp\Objective_AIC_1.json
SCRIPT       : [ExpansionQuestObjectiveAIEscortConfig] Load existing configuration file:$profile:ExpansionMod\Quests\Objectives\AIVIP\Objective_AIESCORT_1.json
SCRIPT       : [ExpansionQuestNPCData] Load existing configuration file:QuestNPC_1.json
SCRIPT       : [ExpansionQuestNPCData] Load existing configuration file:QuestNPC_2.json
SCRIPT       : [ExpansionQuestNPCData] Load existing configuration file:QuestNPC_3.json
SCRIPT       : [wpnfsm] Warning! OnStoreLoad - cannot load curent weapon state, id=0
SCRIPT       : [wpnfsm] Warning! OnStoreLoad - cannot load curent weapon state, id=0
SCRIPT       : [wpnfsm] Warning! OnStoreLoad - cannot load curent weapon state, id=0
SCRIPT       : 01:00:22.696 [EXPANSION DEBUG]: ExpansionP2PTraderAIIrena<79aceff0>::SetP2PTraderID - ID: 1
SCRIPT       : ExpansionMarketItem marketItem = ExpansionMarketItem<8ef9830>
SCRIPT       : int worth =   1
SCRIPT       : ExpansionZoneCircle<799fe830> position=<8583.669922, 0.000000, 10515.000000> radius=400
SCRIPT       : Found 1 zones!
SCRIPT       : m_EventManager NamEventManager<b648f1e0>
SCRIPT       : MaxEventCount 2
SCRIPT       : 01:00:22.775 [EXPANSION DEBUG]: ExpansionQuestNPCAIElias<79859780>::OnEnterSafeZone
SCRIPT       : bool m_Expansion_LeavingSafeZone = 0
SCRIPT       : bool m_Expansion_IsInSafeZone = 0
SCRIPT       : bool m_Expansion_IsInSafeZoneSynchRemote = 0
SCRIPT       : 01:00:22.775 [EXPANSION DEBUG]: ExpansionQuestNPCAIDenis<7abaaff0>::OnEnterSafeZone
SCRIPT       : bool m_Expansion_LeavingSafeZone = 0
SCRIPT       : bool m_Expansion_IsInSafeZone = 0
SCRIPT       : bool m_Expansion_IsInSafeZoneSynchRemote = 0
SCRIPT       : [wpnfsm] ValidateAndRepair Attempting to repair: Scout:12679 (owner ExpansionQuestNPCAIElias<79859780>) - MagazineRepair - BAREM_CLO_BUF_MA0<79729360> - state: 0 != weapon: 1
Class:      'WeaponFSM'

Function: 'ValidateAndRepairHelper'
Stack trace:
SCRIPT       : DayZExpansion/Core/Scripts/4_World/dayzexpansion_core\entities\firearms\weaponfsm.c:30
SCRIPT       : 01:03:10.509 [EXPANSION DEBUG]: ExpansionHardlineModule<a3bfe0c0> ::LoadPlayerData - Loaded player hardline data for player Survivor[YKMF23SQkzabdtJzn3VUcLU8W3bjbl-ZiJ18vqBuvzI=]
SCRIPT       : [CP] -> Sucessfully sent: Survivor CP Plus Config!
SCRIPT       : [DP] -> Sucessfully sent: Survivor DP Plus Config!
SCRIPT       : Stomach checksum fail
SCRIPT       : ---- PlayerBase OnStoreLoad SUCCESS ----
SCRIPT       : 01:03:54.495 [EXPANSION DEBUG]: ExpansionQuestModule<ae9e51b0> Sending 24 quest configs to client with UID: YKMF23SQkzabdtJzn3VUcLU8W3bjbl-ZiJ18vqBuvzI=
SCRIPT       : 01:03:54.495 [EXPANSION DEBUG]: ExpansionQuestModule<ae9e51b0> Sending player quest data for 4 quests to player with UID: YKMF23SQkzabdtJzn3VUcLU8W3bjbl-ZiJ18vqBuvzI=
SCRIPT       : [wpnfsm] ValidateAndRepair Attempting to repair: Scout:5820 (owner eAI_SurvivorF_Linda<8758a030>) - MagazineRepair - BAREM_CLO_BUF_MA0<8849d320> - state: 0 != weapon: 1
Class:      'WeaponFSM'

Function: 'ValidateAndRepairHelper'
Stack trace:
SCRIPT       : DayZExpansion/Core/Scripts/4_World/dayzexpansion_core\entities\firearms\weaponfsm.c:30
SCRIPT       : [wpnfsm] ValidateAndRepair Attempting to repair: Scout:8220 (owner eAI_SurvivorF_Baty<884622e0>) - MagazineRepair - BAREM_CLO_BUF_MA0<884aac40> - state: 0 != weapon: 1
Class:      'WeaponFSM'

Function: 'ValidateAndRepairHelper'
Stack trace:
SCRIPT       : DayZExpansion/Core/Scripts/4_World/dayzexpansion_core\entities\firearms\weaponfsm.c:30
SCRIPT       : 01:03:54.957 [EXPANSION DEBUG]: ExpansionQuestModule<ae9e51b0> Quest configs already synched for player with UID: YKMF23SQkzabdtJzn3VUcLU8W3bjbl-ZiJ18vqBuvzI=
SCRIPT       : 01:03:54.957 [EXPANSION DEBUG]: ExpansionQuestModule<ae9e51b0> Sending player quest data for quest ID 14 to player with UID: YKMF23SQkzabdtJzn3VUcLU8W3bjbl-ZiJ18vqBuvzI=
SCRIPT       : [wpnfsm] ValidateAndRepair Attempting to repair: Scout:8400 (owner eAI_SurvivorM_Taiki<89cf2d40>) - MagazineRepair - BAREM_CLO_BUF_MA0<89db86f0> - state: 0 != weapon: 1
Class:      'WeaponFSM'

Function: 'ValidateAndRepairHelper'
Stack trace:
SCRIPT       : DayZExpansion/Core/Scripts/4_World/dayzexpansion_core\entities\firearms\weaponfsm.c:30
SCRIPT       : 01:05:22.784 [EXPANSION DEBUG]: [ExpansionMissionEventAirdrop] Adjusted container weights:
SCRIPT       : 01:05:22.784 [EXPANSION DEBUG]: ExpansionAirdropContainer 146
SCRIPT       : 01:05:22.784 [EXPANSION DEBUG]: ExpansionAirdropContainer_Medical 151
SCRIPT       : 01:05:22.784 [EXPANSION DEBUG]: ExpansionAirdropContainer_Basebuilding 156
SCRIPT       : 01:05:22.784 [EXPANSION DEBUG]: ExpansionAirdropContainer_Military_WinterCamo 161
SCRIPT       : 01:05:22.784 [EXPANSION DEBUG]: ExpansionAirdropPlane::GetSpawnPoint - drop position <6140.000000, 0.000000, 9189.000000> - map is namalsk - size 12800 - center <4352.000000, 0.000000, 7348.000000>
SCRIPT       : 01:05:22.784 [EXPANSION DEBUG]: ExpansionAirdropPlane::GetSpawnPoint - selected spawn point <0.000000, 450.070953, 1849.950439>
SCRIPT       : 01:07:47.574 [EXPANSION DEBUG]: ExpansionItemSpawnHelper::Clone - created Scout:10398 at location { type=ATTACHMENT item=Scout:8400 parent=eAI_SurvivorM_Taiki:24:INSTANCETYPE_AI_SERVER slot=Shoulder }
SCRIPT       : 01:07:47.575 [EXPANSION DEBUG]: ExpansionItemSpawnHelper::Clone - created ACOGOptic_6x:9010 at location { type=ATTACHMENT item=null parent=Scout:10398 slot=weaponOptics }
SCRIPT       : 01:07:47.575 [EXPANSION DEBUG]: ExpansionItemSpawnHelper::Clone - created Mag_Scout_5Rnd:11067 at location { type=ATTACHMENT item=null parent=Scout:10398 slot=magazine }
SCRIPT       : 01:08:49.813 [EXPANSION DEBUG]: ExpansionItemSpawnHelper::Clone - created M4A1:10508 at location { type=ATTACHMENT item=M4A1:9770 parent=eAI_SurvivorM_Elias:26:INSTANCETYPE_AI_SERVER slot=Shoulder }
SCRIPT       : 01:08:49.814 [EXPANSION DEBUG]: ExpansionItemSpawnHelper::Clone - created M4_CarryHandleOptic:5587 at location { type=ATTACHMENT item=null parent=M4A1:10508 slot=weaponOptics }
SCRIPT       : 01:08:49.814 [EXPANSION DEBUG]: ExpansionItemSpawnHelper::Clone - created M4_MPBttstck:5342 at location { type=ATTACHMENT item=null parent=M4A1:10508 slot=weaponButtstockM4 }
SCRIPT       : 01:08:49.815 [EXPANSION DEBUG]: ExpansionItemSpawnHelper::Clone - created M4_MPHndgrd:5685 at location { type=ATTACHMENT item=null parent=M4A1:10508 slot=weaponHandguardM4 }
SCRIPT       : 01:08:49.816 [EXPANSION DEBUG]: ExpansionItemSpawnHelper::Clone - created Mag_STANAG_30Rnd:5345 at location { type=ATTACHMENT item=null parent=M4A1:10508 slot=magazine }
SCRIPT       : 01:11:18.440 [EXPANSION DEBUG]: eAI_SurvivorM_Taiki<89cf2d40> Debug: Not removed during target cleanup eAIItemTargetInformation<6c00f680>, entity=Cleaver<91015310>, position=<6831.000977, 16.378914, 11349.405273> eAITargetInformationState<91fa0e90>
SCRIPT       : 01:11:18.440 [EXPANSION DEBUG]: eAI_SurvivorM_Taiki<89cf2d40> Debug: Not removed during target cleanup eAIZombieTargetInformation<89518fa0>, entity=ZmbM_FarmerFat_Base<89a840d0>, position=<6811.148438, 15.200000, 11393.526367> eAITargetInformationState<91fa1110>
SCRIPT       : 01:11:18.440 [EXPANSION DEBUG]: eAI_SurvivorM_Taiki<89cf2d40> Debug: Not removed during target cleanup eAIItemTargetInformation<71e98ef0>, entity=Expansion_Kar98_Base<707b8ee0>, position=<6732.816895, 34.858322, 11195.106445> eAITargetInformationState<84eb7b90>
SCRIPT       : 01:11:18.440 [EXPANSION DEBUG]: eAI_SurvivorM_Taiki<89cf2d40> Debug: Not removed during target cleanup eAIZombieTargetInformation<89515f40>, entity=ZmbF_JournalistNormal_Base<89a84ae0>, position=<6844.983887, 15.210437, 11375.217773> eAITargetInformationState<91fa2c90>
SCRIPT       : 01:11:18.441 [EXPANSION DEBUG]: eAI_SurvivorM_Taiki<89cf2d40> Debug: Not removed during target cleanup eAIItemTargetInformation<71a0b8c0>, entity=BaseballBat<71a3d8f0>, position=<6658.188965, 20.430342, 11222.086914> eAITargetInformationState<91b3da00>
SCRIPT       : 01:11:18.441 [EXPANSION DEBUG]: eAI_SurvivorM_Taiki<89cf2d40> Debug: Not removed during target cleanup eAIItemTargetInformation<71c09ce0>, entity=HandSaw<71a62340>, position=<6665.252930, 24.470770, 11265.344727> eAITargetInformationState<91b3c6a0>
SCRIPT       : 01:11:18.441 [EXPANSION DEBUG]: eAI_SurvivorM_Taiki<89cf2d40> Debug: Not removed during target cleanup eAIItemTargetInformation<71c64e70>, entity=HandSaw<71a6be20>, position=<6763.627441, 15.890384, 11299.150391> eAITargetInformationState<929e35f0>
SCRIPT       : 01:11:18.441 [EXPANSION DEBUG]: eAI_SurvivorM_Taiki<89cf2d40> Debug: Not removed during target cleanup eAIItemTargetInformation<7188b2e0>, entity=Ammo_12gaPellets<71834e20>, position=<6800.952637, 34.206825, 11327.460938> eAITargetInformationState<91f997d0>
SCRIPT       : 01:11:18.441 [EXPANSION DEBUG]: eAI_SurvivorM_Taiki<89cf2d40> Debug: Not removed during target cleanup eAIItemTargetInformation<8973ddc0>, entity=SteakKnife<793c2f10>, position=<6715.698242, 27.191530, 11290.618164> eAITargetInformationState<915c0390>
SCRIPT       : 01:11:18.441 [EXPANSION DEBUG]: eAI_SurvivorM_Taiki<89cf2d40> Debug: Not removed during target cleanup eAIItemTargetInformation<6e562f30>, entity=Pipe<6e56db50>, position=<6670.575684, 27.235426, 11232.765625> eAITargetInformationState<91b3d1e0>
SCRIPT       : 01:11:18.441 [EXPANSION DEBUG]: eAI_SurvivorM_Taiki<89cf2d40> Debug: Not removed during target cleanup eAIItemTargetInformation<722ff770>, entity=Cleaver<9100f690>, position=<6714.851563, 17.980478, 11291.028320> eAITargetInformationState<915c0430>
SCRIPT       : 01:11:18.441 [EXPANSION DEBUG]: eAI_SurvivorM_Taiki<89cf2d40> Debug: Not removed during target cleanup eAIItemTargetInformation<71d86ac0>, entity=HandSaw<71dfe780>, position=<6671.714844, 27.183409, 11201.693359> eAITargetInformationState<91b40020>
SCRIPT       : 01:11:18.441 [EXPANSION DEBUG]: eAI_SurvivorM_Taiki<89cf2d40> Debug: Not removed during target cleanup eAIItemTargetInformation<91656140>, entity=Izh18Shotgun_Base<878ee930>, position=<6789.823242, 34.197521, 11308.048828> eAITargetInformationState<91f98e70>
SCRIPT       : 01:11:18.441 [EXPANSION DEBUG]: eAI_SurvivorM_Taiki<89cf2d40> Debug: Not removed during target cleanup eAIItemTargetInformation<8973f7a0>, entity=SteakKnife<793c3aa0>, position=<6721.431152, 20.577982, 11330.883789> eAITargetInformationState<929ee8b0>
SCRIPT       : 01:11:18.441 [EXPANSION DEBUG]: eAI_SurvivorM_Taiki<89cf2d40> Debug: Not removed during target cleanup eAIItemTargetInformation<8973b960>, entity=SteakKnife<793c5d50>, position=<6665.412598, 30.591200, 11209.862305> eAITargetInformationState<91b3e4a0>
SCRIPT       : 01:11:18.441 [EXPANSION DEBUG]: eAI_SurvivorM_Taiki<89cf2d40> Debug: Not removed during target cleanup eAIItemTargetInformation<701055f0>, entity=Crossbow_Autumn<6de466d0>, position=<6733.345703, 34.112507, 11182.695313> eAITargetInformationState<84eb6330>
SCRIPT       : 01:11:18.441 [EXPANSION DEBUG]: eAI_SurvivorM_Taiki<89cf2d40> Debug: Not removed during target cleanup eAIItemTargetInformation<6ea71e60>, entity=Ammunition_Base<6fcf51c0>, position=<6661.993164, 34.371647, 11208.656250> eAITargetInformationState<91b3d140>
SCRIPT       : 01:11:18.441 [EXPANSION DEBUG]: eAI_SurvivorM_Taiki<89cf2d40> Debug: Not removed during target cleanup eAIItemTargetInformation<700fdd30>, entity=Ammunition_Base<700702c0>, position=<6659.975586, 34.371738, 11261.620117> eAITargetInformationState<91b3df00>
SCRIPT       : 01:11:18.441 [EXPANSION DEBUG]: eAI_SurvivorM_Taiki<89cf2d40> Debug: Not removed during target cleanup eAIItemTargetInformation<701e24c0>, entity=Ammunition_Base<701770d0>, position=<6667.805176, 35.038467, 11226.762695> eAITargetInformationState<91b3d280>
SCRIPT       : 01:11:18.441 [EXPANSION DEBUG]: eAI_SurvivorM_Taiki<89cf2d40> Debug: Not removed during target cleanup eAIItemTargetInformation<706244c0>, entity=Ammo_308WinTracer<70644600>, position=<6721.298340, 34.904198, 11329.584961> eAITargetInformationState<929ed2d0>
SCRIPT       : 01:11:18.441 [EXPANSION DEBUG]: eAI_SurvivorM_Taiki<89cf2d40> Debug: Not removed during target cleanup eAIItemTargetInformation<6e5511d0>, entity=Ammo_AE300<6e5eb780>, position=<6815.357422, 17.255276, 11358.071289> eAITargetInformationState<91f9b530>
SCRIPT       : 01:11:18.441 [EXPANSION DEBUG]: eAI_SurvivorM_Taiki<89cf2d40> Debug: Not removed during target cleanup eAIItemTargetInformation<8973a8e0>, entity=SteakKnife<793be9b0>, position=<6722.875488, 30.599857, 11312.386719> eAITargetInformationState<929e8550>
SCRIPT       : 01:11:18.441 [EXPANSION DEBUG]: eAI_SurvivorM_Taiki<89cf2d40> Debug: Not removed during target cleanup eAIItemTargetInformation<6af17b80>, entity=Ammo_9x19<70ad20b0>, position=<6824.252930, 17.637411, 11359.299805> eAITargetInformationState<91f9c7f0>
SCRIPT       : 01:11:18.441 [EXPANSION DEBUG]: eAI_SurvivorM_Taiki<89cf2d40> Debug: Not removed during target cleanup eAIItemTargetInformation<71c126e0>, entity=CZ527_Base<707ac5e0>, position=<6798.675781, 34.186428, 11307.832031> eAITargetInformationState<91f99870>
SCRIPT       : 01:11:18.441 [EXPANSION DEBUG]: eAI_SurvivorM_Taiki<89cf2d40> Debug: Not removed during target cleanup eAIItemTargetInformation<71e82b70>, entity=HandSaw<71e0c4c0>, position=<6716.977539, 24.482100, 11302.172852> eAITargetInformationState<929e4090>
SCRIPT       : 01:11:18.441 [EXPANSION DEBUG]: eAI_SurvivorM_Taiki<89cf2d40> Debug: Not removed during target cleanup eAIItemTargetInformation<70933f90>, entity=Ammunition_Base<708c0b60>, position=<6720.857422, 35.040451, 11284.434570> eAITargetInformationState<91b47fa0>
SCRIPT       : 01:11:18.441 [EXPANSION DEBUG]: eAI_SurvivorM_Taiki<89cf2d40> Debug: Not removed during target cleanup eAIItemTargetInformation<701deb00>, entity=Crossbow_Autumn<6de4fd90>, position=<6714.406250, 34.332726, 11294.830078> eAITargetInformationState<929e1cf0>
SCRIPT       : 01:11:18.441 [EXPANSION DEBUG]: eAI_SurvivorM_Taiki<89cf2d40> Debug: Not removed during target cleanup eAIItemTargetInformation<70c791d0>, entity=Bandana_BlackPattern<70c3b520>, position=<6671.516113, 23.797010, 11210.137695> eAITargetInformationState<84eb09d0>
SCRIPT       : 01:11:18.441 [EXPANSION DEBUG]: eAI_SurvivorM_Taiki<89cf2d40> Debug: Not removed during target cleanup eAIItemTargetInformation<71c6a2d0>, entity=Cleaver<71badab0>, position=<6661.115723, 27.196146, 11226.709961> eAITargetInformationState<91b3e5e0>
SCRIPT       : 01:11:18.441 [EXPANSION DEBUG]: eAI_SurvivorM_Taiki<89cf2d40> Debug: Not removed during target cleanup eAIItemTargetInformation<71e82090>, entity=Ammunition_Base<71f315f0>, position=<6723.067871, 34.377476, 11315.879883> eAITargetInformationState<929e9a90>
SCRIPT       : 01:11:18.441 [EXPANSION DEBUG]: eAI_SurvivorM_Taiki<89cf2d40> Debug: Not removed during target cleanup eAIItemTargetInformation<701e35a0>, entity=Izh18Shotgun_Base<6de53c60>, position=<6737.744141, 33.946457, 11201.607422> eAITargetInformationState<84eafcb0>
SCRIPT       : 01:11:18.441 [EXPANSION DEBUG]: eAI_SurvivorM_Taiki<89cf2d40> Debug: Not removed during target cleanup eAIItemTargetInformation<6fe61b30>, entity=Broom<6cc1cd70>, position=<6803.272461, 23.887367, 11331.087891> eAITargetInformationState<91f992d0>
SCRIPT       : 01:11:18.441 [EXPANSION DEBUG]: eAI_SurvivorM_Taiki<89cf2d40> Debug: Not removed during target cleanup eAIItemTargetInformation<71e7ec70>, entity=Hatchet<71f2b970>, position=<6732.790527, 20.331642, 11183.343750> eAITargetInformationState<84eb60b0>
SCRIPT       : 01:11:18.441 [EXPANSION DEBUG]: eAI_SurvivorM_Taiki<89cf2d40> Debug: Not removed during target cleanup eAIItemTargetInformation<7054a5b0>, entity=SteakKnife<703d1f10>, position=<6800.359375, 27.193089, 11317.356445> eAITargetInformationState<91f99050>
SCRIPT       : 01:11:18.441 [EXPANSION DEBUG]: eAI_SurvivorM_Taiki<89cf2d40> Debug: Not removed during target cleanup eAIItemTargetInformation<71c08ea0>, entity=Mag_IJ70_8Rnd<71b9a280>, position=<6694.546387, 15.474831, 11194.389648> eAITargetInformationState<91b3eb80>
SCRIPT       : [Logout]: New player YKMF23SQkzabdtJzn3VUcLU8W3bjbl-ZiJ18vqBuvzI= with logout time 0
SCRIPT       : 01:11:25.990 [EXPANSION DEBUG]: ExpansionQuestPersistentData<f3cc9e90>~ExpansionQuestPersistentData (4)
SCRIPT       : [Logout]: Player YKMF23SQkzabdtJzn3VUcLU8W3bjbl-ZiJ18vqBuvzI= finished
SCRIPT       : Clear up static fireplaces: 0
SCRIPT       : 01:11:27.646 [EXPANSION DEBUG]: Clearing cached categories 67
SCRIPT       : 01:11:27.648 [EXPANSION DEBUG]: Clearing cached traders 17
SCRIPT       : ~DayZGame()
