---------------------------------------------
Log C:\daisy\DayZServerNam\!!!\profiles\script_2024-06-14_12-47-34.log started at 14.06. 12:47:34

SCRIPT       : Registered 403 temporary action enum(s), UAN==403
SCRIPT    (W): @"GoreZ/3_game/effects\effectparticle\bulletimpactbase\hit_meatbones.c,74": FIX-ME: Overriding function 'BloodSplatGround' but not marked as 'override'
SCRIPT    (W): @"GoreZ/3_game/effects\effectparticle\bulletimpactbase\hit_meatbones.c,109": FIX-ME: Overriding function 'BloodSplatWall' but not marked as 'override'
SCRIPT    (W): @"scripts/3_Game/gameplay.c,911": Missing script declaration for method 'MenuData.GetLastSteamQueryPort'
SCRIPT       : Registering faction type eAIFactionShamans ID -1484989417
SCRIPT       : Registering faction type eAIFactionObservers ID -563736721
SCRIPT       : Registering faction type eAIFactionInvincibleObservers ID -1227299746
SCRIPT       : Registering faction type eAIFactionEast ID 90522109
SCRIPT       : Registering faction type eAIFactionGuards ID 963933710
SCRIPT       : Registering faction type eAIFactionRaiders ID 1535276022
SCRIPT       : Registering faction type eAIFactionYeetBrigade ID 1408543989
SCRIPT       : Registering faction type eAIFactionMercenaries ID 1629891834
SCRIPT       : Registering faction type eAIFactionWest ID 113880155
SCRIPT       : Registering faction type eAIFactionCivilian ID 1096178351
SCRIPT       : Registering faction type eAIFactionPassive ID -1159399789
SCRIPT       : Registering faction type eAIFactionInvincibleYeetBrigade ID -1118767876
SCRIPT       : Registering faction type eAIFactionInvincibleGuards ID 782746017
SCRIPT       : ... Backlit Effects Enabled
SCRIPT       : 12:47:36 [EXPANSION LOG]: DayZGame<357d7100> Start time (local time) 2024-06-14 12:47:28
SCRIPT       : 12:47:36 [EXPANSION LOG]: DayZGame<357d7100> Start time (UTC) 2024-06-14 11:47:28
SCRIPT       : 12:47:36 [EXPANSION LOG]: DayZGame<357d7100> Runtime since start (seconds) 8.493
SCRIPT    (W): @"DrugsPLUS/scripts/4_world/drugsplus.c,49": Missing ';' at the end of line
SCRIPT    (W): @"MassMisc/scripts/4_World/items\containers\modded classes\itembase.c,29": FIX-ME: Overriding function 'IsInvEmpty' but not marked as 'override'
SCRIPT    (W): @"GoreZ/4_world/entities\manbase\playerbase.c,11": FIX-ME: Overriding function 'CheckDeath' but not marked as 'override'
SCRIPT    (W): @"GoreZ/4_world/entities\infected\zombiebase.c,27": FIX-ME: Overriding function 'IsAlive' but not marked as 'override'
SCRIPT    (W): @"Pokemon/scripts/4_World/entities\pokemonboosterpack_1.c,31": FIX-ME: Overriding function 'InsertCard' but not marked as 'override'
SCRIPT    (W): @"Pokemon/scripts/4_World/entities\pokemonboosterpack_3.c,31": FIX-ME: Overriding function 'InsertCard' but not marked as 'override'
SCRIPT    (W): @"Pokemon/scripts/4_World/entities\pokemonboosterpack_5.c,31": FIX-ME: Overriding function 'InsertCard' but not marked as 'override'
SCRIPT    (W): @"MassGuns\Scripts\4_World/entities\firearms\automaticrifle\mass_slr106.c,9": FIX-ME: Overriding function 'Open' but not marked as 'override'
SCRIPT    (W): @"Food\scripts\4_World/mremains.c,485": FIX-ME: Overriding function 'Open' but not marked as 'override'
SCRIPT    (W): @"MassGuns\Scripts\4_World/entities\firearms\automaticrifle\mass_ak9.c,8": FIX-ME: Overriding function 'Open' but not marked as 'override'
SCRIPT    (W): @"UnlimitedStamina/4_World/classes\staminahandler.c,3": FIX-ME: Overriding function 'Update' but not marked as 'override'
SCRIPT    (W): @"MassGuns\Scripts\4_World/entities\firearms\automaticrifle\mass_rpk74_base.c,59": FIX-ME: Overriding function 'Open' but not marked as 'override'
SCRIPT    (W): @"MassGuns\Scripts\4_World/entities\firearms\shotgun\spas12.c,10": FIX-ME: Overriding function 'Open' but not marked as 'override'
SCRIPT    (W): @"Food\scripts\4_World/mremains.c,435": FIX-ME: Overriding function 'Open' but not marked as 'override'
SCRIPT    (W): @"Food\scripts\4_World/mremains.c,385": FIX-ME: Overriding function 'Open' but not marked as 'override'
SCRIPT    (W): @"MassMisc/scripts/4_World/items\containers\thiccweaponcase.c,71": FIX-ME: Overriding function 'IsHeavyBehaviour' but not marked as 'override'
SCRIPT    (W): @"CannabisPlus/scripts/4_World/entities\itembase\drypost.c,52": Possible variable name conflict 'attachment'
SCRIPT    (W): @"CannabisPlus/scripts/4_World/entities\itembase\drypost.c,212": Possible variable name conflict 'attachment'
SCRIPT    (W): @"GoreZ/4_world/classes\bleedingsources\bleedingsource.c,56": FIX-ME: Overriding function 'GetBit' but not marked as 'override'
SCRIPT    (W): @"GoreZ/4_world/classes\bleedingsources\bleedingsource.c,157": FIX-ME: Overriding function 'DrawDebugShape' but not marked as 'override'
SCRIPT    (W): @"DrugsPLUS/scripts/4_world/classes\useractionscomponent\actions\singleuse\actionconsumedrugs.c,27": Possible variable name conflict 'player'
SCRIPT    (W): @"Food\scripts\4_World/mremains.c,333": FIX-ME: Overriding function 'Open' but not marked as 'override'
SCRIPT    (W): @"Food\scripts\4_World/mremains.c,325": FIX-ME: Callbacks do not properly support overloaded methods 'Open'
SCRIPT    (W): @"Food\scripts\4_World/mremains.c,377": FIX-ME: Callbacks do not properly support overloaded methods 'Open'
SCRIPT    (W): @"Food\scripts\4_World/mremains.c,427": FIX-ME: Callbacks do not properly support overloaded methods 'Open'
SCRIPT    (W): @"Food\scripts\4_World/mremains.c,477": FIX-ME: Callbacks do not properly support overloaded methods 'Open'
SCRIPT    (W): @"MassGuns\Scripts\4_World/entities\firearms\shotgun\spas12.c,7": FIX-ME: Callbacks do not properly support overloaded methods 'Open'
SCRIPT    (W): @"MassGuns\Scripts\4_World/entities\firearms\automaticrifle\mass_slr106.c,5": FIX-ME: Callbacks do not properly support overloaded methods 'Open'
SCRIPT    (W): @"MassGuns\Scripts\4_World/entities\firearms\automaticrifle\mass_ak9.c,5": FIX-ME: Callbacks do not properly support overloaded methods 'Open'
SCRIPT    (W): @"MassGuns\Scripts\4_World/entities\firearms\automaticrifle\mass_rpk74_base.c,33": FIX-ME: Callbacks do not properly support overloaded methods 'Open'
SCRIPT    (W): @"CannabisPlus/scripts/4_World/entities\gardenbase\plantbase.c,64": Possible variable name conflict 'currentYield'
SCRIPT    (W): @"CannabisPlus/scripts/4_World/entities\itembase\drypost.c,502": Possible variable name conflict 'p'
SCRIPT    (W): @"CannabisPlus/scripts/4_World/entities\itembase\drypost.c,512": Possible variable name conflict 'j'
SCRIPT    (W): @"CannabisPlus/scripts/4_World/classes\useractionscomponent\actions\continuous\tearopenbrickorbag.c,46": Unsafe down-casting, use 'CP_CannabisBags.Cast' for safe down-casting
SCRIPT    (W): @"CannabisPlus/scripts/4_World/classes\useractionscomponent\actions\continuous\tearopenbrickorbag.c,47": Unsafe down-casting, use 'CP_CoreClass.Cast' for safe down-casting
SCRIPT    (W): @"CannabisPlus/scripts/4_World/entities\itembase\workbench.c,835": Possible variable name conflict 'BatteryRequired'
SCRIPT    (W): @"DrugsPLUS/scripts/4_world/classes\useractionscomponent\actions\singleuse\actionconsumedrugs.c,50": Possible variable name conflict 'player'
SCRIPT    (W): @"DrugsPLUS/scripts/4_world/classes\useractionscomponent\actions\singleuse\actionconsumedrugs.c,92": Possible variable name conflict 'player'
SCRIPT       : Registering faction type eAIFactionLunatics ID 1167351711
SCRIPT       : Registering faction type eAIFactionInfected ID 1371958374
SCRIPT    (W): @"UnlimitedStamina/5_Mission/missiongameplay.c,5": Missing ';' at the end of line
SCRIPT       : Expansion version: 1.8.50
SCRIPT       : 12:47:52.164 [EXPANSION DEBUG]: [ExpansionDebugSettings] Load existing setting file:$profile:ExpansionMod\Settings\DebugSettings.json
SCRIPT       : 12:47:52.164 [EXPANSION DEBUG]: [ExpansionLogSettings] Load existing setting file:$profile:ExpansionMod\Settings\LogsSettings.json
SCRIPT       : 12:47:52.164 [EXPANSION DEBUG]: [ExpansionNotificationSettings] Load existing setting file:$profile:ExpansionMod\Settings\NotificationSettings.json
SCRIPT       : 12:47:52.164 [EXPANSION DEBUG]: [ExpansionMonitoringSettings] Load existing setting file:$profile:ExpansionMod\Settings\MonitoringSettings.json
SCRIPT       : 12:47:52.164 [EXPANSION DEBUG]: [ExpansionDamageSystemSettings] Load existing setting file:$profile:ExpansionMod\Settings\DamageSystemSettings.json
SCRIPT       : 12:47:52.164 [EXPANSION DEBUG]: [ExpansionPartySettings] Load existing setting file:$profile:ExpansionMod\Settings\PartySettings.json
SCRIPT       : 12:47:52.164 [EXPANSION DEBUG]: [ExpansionHardlineSettings] Load existing setting file:$mission:expansion\settings\HardlineSettings.json
SCRIPT       : 12:47:52.179 [EXPANSION DEBUG]: [ExpansionMarketSettings] Load existing setting file:$mission:expansion\settings\MarketSettings.json
SCRIPT       : ExpansionMarketSettings::LoadCategories - Adding category ID 1 (Ammo)
SCRIPT       : ExpansionMarketSettings::LoadCategories - Adding category ID 2 (Ammo_Boxes)
SCRIPT       : ExpansionMarketSettings::LoadCategories - Adding category ID 3 (Armbands)
SCRIPT       : ExpansionMarketSettings::LoadCategories - Adding category ID 4 (Assault_Rifles)
SCRIPT       : ExpansionMarketSettings::LoadCategories - Adding category ID 5 (Backpacks)
SCRIPT       : ExpansionMarketSettings::LoadCategories - Adding category ID 6 (Bandanas)
SCRIPT       : ExpansionMarketSettings::LoadCategories - Adding category ID 7 (Batteries)
SCRIPT       : ExpansionMarketSettings::LoadCategories - Adding category ID 8 (Bayonets)
SCRIPT       : ExpansionMarketSettings::LoadCategories - Adding category ID 9 (Belts)
SCRIPT       : ExpansionMarketSettings::LoadCategories - Adding category ID 10 (Blouses_And_Suits)
SCRIPT       : ExpansionMarketSettings::LoadCategories - Adding category ID 11 (Boats)
SCRIPT       : ExpansionMarketSettings::LoadCategories - Adding category ID 12 (Boots_And_Shoes)
SCRIPT       : ExpansionMarketSettings::LoadCategories - Adding category ID 13 (Buttstocks)
SCRIPT       : ExpansionMarketSettings::LoadCategories - Adding category ID 14 (Caps)
SCRIPT       : ExpansionMarketSettings::LoadCategories - Adding category ID 15 (Cars)
SCRIPT       : ExpansionMarketSettings::LoadCategories - Adding category ID 16 (Coats_And_Jackets)
SCRIPT       : ExpansionMarketSettings::LoadCategories - Adding category ID 17 (Containers)
SCRIPT       : ExpansionMarketSettings::LoadCategories - Adding category ID 18 (Crossbows)
SCRIPT       : ExpansionMarketSettings::LoadCategories - Adding category ID 19 (Drinks)
SCRIPT       : ExpansionMarketSettings::LoadCategories - Adding category ID 20 (Electronics)
SCRIPT       : ExpansionMarketSettings::LoadCategories - Adding category ID 21 (Event)
SCRIPT       : ExpansionMarketSettings::LoadCategories - Adding category ID 22 (Exchange)
SCRIPT       : ExpansionMarketSettings::LoadCategories - Adding category ID 23 (Explosives_And_Grenades)
SCRIPT       : ExpansionMarketSettings::LoadCategories - Adding category ID 24 (Eyewear)
SCRIPT       : ExpansionMarketSettings::LoadCategories - Adding category ID 25 (Fish)
SCRIPT       : ExpansionMarketSettings::LoadCategories - Adding category ID 26 (Fishing)
SCRIPT       : ExpansionMarketSettings::LoadCategories - Adding category ID 27 (Flags)
SCRIPT       : ExpansionMarketSettings::LoadCategories - Adding category ID 28 (Food)
SCRIPT       : ExpansionMarketSettings::LoadCategories - Adding category ID 29 (Fruit_And_Vegetables)
SCRIPT       : ExpansionMarketSettings::LoadCategories - Adding category ID 30 (Furnishings)
SCRIPT       : ExpansionMarketSettings::LoadCategories - Adding category ID 31 (Gardening)
SCRIPT       : ExpansionMarketSettings::LoadCategories - Adding category ID 32 (Ghillies)
SCRIPT       : ExpansionMarketSettings::LoadCategories - Adding category ID 33 (Gloves)
SCRIPT       : ExpansionMarketSettings::LoadCategories - Adding category ID 34 (Handguards)
SCRIPT       : ExpansionMarketSettings::LoadCategories - Adding category ID 35 (Hats_And_Hoods)
SCRIPT       : ExpansionMarketSettings::LoadCategories - Adding category ID 36 (Helicopters)
SCRIPT       : ExpansionMarketSettings::LoadCategories - Adding category ID 37 (Helmets)
SCRIPT       : ExpansionMarketSettings::LoadCategories - Adding category ID 38 (Holsters_And_Pouches)
SCRIPT       : ExpansionMarketSettings::LoadCategories - Adding category ID 39 (Kits)
SCRIPT       : ExpansionMarketSettings::LoadCategories - Adding category ID 40 (Knifes)
SCRIPT       : ExpansionMarketSettings::LoadCategories - Adding category ID 41 (Launchers)
SCRIPT       : ExpansionMarketSettings::LoadCategories - Adding category ID 42 (Lights)
SCRIPT       : ExpansionMarketSettings::LoadCategories - Adding category ID 43 (Liquids)
SCRIPT       : ExpansionMarketSettings::LoadCategories - Adding category ID 44 (Locks)
SCRIPT       : ExpansionMarketSettings::LoadCategories - Adding category ID 45 (Magazines)
SCRIPT       : ExpansionMarketSettings::LoadCategories - Adding category ID 46 (Masks)
SCRIPT       : ExpansionMarketSettings::LoadCategories - Adding category ID 47 (Meat)
SCRIPT       : ExpansionMarketSettings::LoadCategories - Adding category ID 48 (Medical)
SCRIPT       : ExpansionMarketSettings::LoadCategories - Adding category ID 49 (Melee_Weapons)
SCRIPT       : ExpansionMarketSettings::LoadCategories - Adding category ID 50 (Muzzles)
SCRIPT       : ExpansionMarketSettings::LoadCategories - Adding category ID 51 (Navigation)
SCRIPT       : ExpansionMarketSettings::LoadCategories - Adding category ID 52 (Optics)
SCRIPT       : ExpansionMarketSettings::LoadCategories - Adding category ID 53 (Pants_And_Shorts)
SCRIPT       : ExpansionMarketSettings::LoadCategories - Adding category ID 54 (Pistols)
SCRIPT       : ExpansionMarketSettings::LoadCategories - Adding category ID 55 (Rifles)
SCRIPT       : ExpansionMarketSettings::LoadCategories - Adding category ID 56 (Shirts_And_TShirts)
SCRIPT       : ExpansionMarketSettings::LoadCategories - Adding category ID 57 (Shotguns)
SCRIPT       : ExpansionMarketSettings::LoadCategories - Adding category ID 58 (Skirts_And_Dresses)
SCRIPT       : ExpansionMarketSettings::LoadCategories - Adding category ID 59 (Sniper_Rifles)
SCRIPT       : ExpansionMarketSettings::LoadCategories - Adding category ID 60 (Spraycans)
SCRIPT       : ExpansionMarketSettings::LoadCategories - Adding category ID 61 (Submachine_Guns)
SCRIPT       : ExpansionMarketSettings::LoadCategories - Adding category ID 62 (Supplies)
SCRIPT       : ExpansionMarketSettings::LoadCategories - Adding category ID 63 (Sweaters_And_Hoodies)
SCRIPT       : ExpansionMarketSettings::LoadCategories - Adding category ID 64 (Tents)
SCRIPT       : ExpansionMarketSettings::LoadCategories - Adding category ID 65 (Tools)
SCRIPT       : ExpansionMarketSettings::LoadCategories - Adding category ID 66 (Vehicle_Parts)
SCRIPT       : ExpansionMarketSettings::LoadCategories - Adding category ID 67 (Vests)
SCRIPT       : 12:47:52.320 [EXPANSION DEBUG]: [ExpansionAirdropSettings] Load existing setting file:$profile:ExpansionMod\Settings\AirdropSettings.json
SCRIPT       : 12:47:52.746 [EXPANSION DEBUG]: [ExpansionMissionSettings] Load existing setting file:$profile:ExpansionMod\Settings\MissionSettings.json
SCRIPT       : 12:47:52.746 [EXPANSION DEBUG]: [ExpansionMapSettings] Load existing setting file:$mission:expansion\settings\MapSettings.json
SCRIPT       : 12:47:52.761 [EXPANSION DEBUG]: [ExpansionPersonalStorageNewSettings] Load existing setting file:$profile:ExpansionMod\Settings\PersonalStorageNewSettings.json
SCRIPT       : 12:47:52.761 [EXPANSION DEBUG]: [ExpansionGeneralSettings] Load existing setting file:$profile:ExpansionMod\Settings\GeneralSettings.json
SCRIPT       : 12:47:52.761 [EXPANSION DEBUG]: [ExpansionPlayerListSettings] Load existing setting file:$profile:ExpansionMod\Settings\PlayerListSettings.json
SCRIPT       : 12:47:52.761 [EXPANSION DEBUG]: [ExpansionSocialMediaSettings] Load existing setting file:$profile:ExpansionMod\Settings\SocialMediaSettings.json
SCRIPT       : 12:47:52.761 [EXPANSION DEBUG]: [ExpansionSpawnSettings] Load existing setting file:$mission:expansion\settings\SpawnSettings.json
SCRIPT       : 12:47:52.765 [EXPANSION DEBUG]: [ExpansionVehicleSettings] Load existing setting file:$profile:ExpansionMod\Settings\VehicleSettings.json
SCRIPT       : 12:47:52.769 [EXPANSION DEBUG]: [ExpansionAISettings] Load existing setting file:$profile:ExpansionMod\Settings\AISettings.json
SCRIPT       : 12:47:52.769 [EXPANSION DEBUG]: [ExpansionAIPatrolSettings] Load existing setting file:$mission:expansion\settings\AIPatrolSettings.json
SCRIPT       : 12:47:52.777 [EXPANSION DEBUG]: [ExpansionBaseBuildingSettings] Load existing setting file:$mission:expansion\settings\BaseBuildingSettings.json
SCRIPT       : 12:47:52.777 [EXPANSION DEBUG]: [ExpansionRaidSettings] Load existing setting file:$profile:ExpansionMod\Settings\RaidSettings.json
SCRIPT       : 12:47:52.777 [EXPANSION DEBUG]: [ExpansionTerritorySettings] Load existing setting file:$profile:ExpansionMod\Settings\TerritorySettings.json
SCRIPT       : 12:47:52.781 [EXPANSION DEBUG]: [ExpansionChatSettings] Load existing setting file:$profile:ExpansionMod\Settings\ChatSettings.json
SCRIPT       : [DefineTest] EXPANSIONMOD is defined
SCRIPT       : [DefineTest] EXPANSIONMODAI is defined
SCRIPT       : [DefineTest] EXPANSIONMODBASEBUILDING is defined
SCRIPT       : [DefineTest] EXPANSIONMODBOOK is defined
SCRIPT       : [DefineTest] EXPANSIONMODCHAT is defined
SCRIPT       : [DefineTest] EXPANSIONMODCORE is defined
SCRIPT       : [DefineTest] EXPANSIONMODGARAGE is defined
SCRIPT       : [DefineTest] EXPANSIONMODGROUPS is defined
SCRIPT       : [DefineTest] EXPANSIONMODHARDLINE is defined
SCRIPT       : [DefineTest] EXPANSIONMODKILLFEED is defined
SCRIPT       : [DefineTest] EXPANSIONMODMAPASSETS is defined
SCRIPT       : [DefineTest] EXPANSIONMODMARKET is defined
SCRIPT       : [DefineTest] EXPANSIONMODMISSIONS is defined
SCRIPT       : [DefineTest] EXPANSIONMODNAMETAGS is defined
SCRIPT       : [DefineTest] EXPANSIONMODNAVIGATION is defined
SCRIPT       : [DefineTest] EXPANSIONMODP2PMARKET is defined
SCRIPT       : [DefineTest] EXPANSIONMODPERSONALSTORAGE is defined
SCRIPT       : [DefineTest] EXPANSIONMODQUESTS is defined
SCRIPT       : [DefineTest] EXPANSIONMODSPAWNSELECTION is defined
SCRIPT       : [DefineTest] EXPANSIONMODVEHICLE is defined
SCRIPT       : [DefineTest] EXPANSIONMODWEAPONS is defined
SCRIPT       : [DefineTest] CfgMods:
SCRIPT       : defaultAction
SCRIPT       : DayZ
SCRIPT       : DZ_Expansion_AI_Preload
SCRIPT       : DZ_Expansion_BaseBuilding_Preload
SCRIPT       : DZ_Expansion_Book_Preload
SCRIPT       : DZ_Expansion_Chat_Preload
SCRIPT       : DZ_Expansion_Core_Preload
SCRIPT       : DZ_Expansion_Garage_Preload
SCRIPT       : DZ_Expansion_Groups_Preload
SCRIPT       : DZ_Expansion_Hardline_Preload
SCRIPT       : DZ_Expansion_KillFeed_Preload
SCRIPT       : DZ_Expansion_MapAssets_Preload
SCRIPT       : DZ_Expansion_Market_Preload
SCRIPT       : DZ_Expansion_Missions_Preload
SCRIPT       : DZ_Expansion_ModStorage_Preload
SCRIPT       : DZ_Expansion_NameTags_Preload
SCRIPT       : DZ_Expansion_Navigation_Preload
SCRIPT       : DZ_Expansion_P2PMarket_Preload
SCRIPT       : DZ_Expansion_PersonalStorage_Preload
SCRIPT       : DZ_Expansion_Preload
SCRIPT       : DZ_Expansion_Quests_Preload
SCRIPT       : DZ_Expansion_SpawnSelection_Preload
SCRIPT       : DZ_Expansion_Vehicles_Preload
SCRIPT       : DZ_Expansion_Weapons_Preload
SCRIPT       : Blackout_Weapons_Ammunition
SCRIPT       : Blackout_Weapons_Attachments
SCRIPT       : Blackout_Weapons_Launchers
SCRIPT       : Blackout_Weapons_LMGs
SCRIPT       : Blackout_Weapons_Pistols
SCRIPT       : Blackout_Weapons_Rifles
SCRIPT       : Blackout_Weapons_Scripts
SCRIPT       : Blackout_Weapons_Shotguns
SCRIPT       : Blackout_Weapons_SMGs
SCRIPT       : Blackout_Weapons_Snipers
SCRIPT       : CJ187Fridges
SCRIPT       : CPtoken
SCRIPT       : DabsFramework
SCRIPT       : DZ_Expansion_DefineTest
SCRIPT       : DZ_Expansion_MapAssets
SCRIPT       : DH_Hunting
SCRIPT       : EditorLoader
SCRIPT       : MassFoodScripts
SCRIPT       : MassModMedical
SCRIPT       : GoreZ
SCRIPT       : JM_CommunityFramework
SCRIPT       : JM_CommunityOnlineTools
SCRIPT       : PerishableFood
SCRIPT       : MassScripts
SCRIPT       : MMIO_GUI
SCRIPT       : MassMiscScripts
SCRIPT       : PumpingGas
SCRIPT       : Namalsk_Weapon
SCRIPT       : NAMALSK_ISLAND
SCRIPT       : NAMALSK_SURVIVAL
SCRIPT       : OP_BaseItems
SCRIPT       : Treasure
SCRIPT       : TreasurePhotosNamalsk
SCRIPT       : UnlimitedStamina
SCRIPT       : FlipTransport
SCRIPT       : AmmunitionExpansion
SCRIPT       : CannabisPlus_GhostIcons
SCRIPT       : DZ_Expansion_ModStorage
SCRIPT       : dbo_creatures
SCRIPT       : MassChessScripts
SCRIPT       : MassGuns_Scripts
SCRIPT       : Namalsk_Igloo
SCRIPT       : CannabisPlus
SCRIPT       : DZ_Expansion_Core
SCRIPT       : DZ_Expansion_Garage
SCRIPT       : DZ_Expansion_Groups
SCRIPT       : DZ_Expansion_Market
SCRIPT       : DZ_Expansion_Missions
SCRIPT       : DZ_Expansion_NameTags
SCRIPT       : DZ_Expansion_Navigation
SCRIPT       : DZ_Expansion_NotificationScheduler
SCRIPT       : DZ_Expansion_P2PMarket
SCRIPT       : DZ_Expansion_PersonalStorage
SCRIPT       : DZ_Expansion_PersonalStorageNew
SCRIPT       : DZ_Expansion_PlayerList
SCRIPT       : DZ_Expansion
SCRIPT       : DZ_Expansion_SpawnSelection
SCRIPT       : DZ_Expansion_VanillaFixes
SCRIPT       : DZ_Expansion_Vehicles
SCRIPT       : DZ_Expansion_Weapons
SCRIPT       : MoreFood
SCRIPT       : DrugsPLUS
SCRIPT       : MassBuildingScripts
SCRIPT       : Pokemon
SCRIPT       : rag_snowman
SCRIPT       : AdmiralsParachuteMod
SCRIPT       : CP_Pouch
SCRIPT       : DZ_Expansion_AI
SCRIPT       : DZ_Expansion_BaseBuilding
SCRIPT       : DZ_Expansion_Book
SCRIPT       : DZ_Expansion_Chat
SCRIPT       : DZ_Expansion_Hardline
SCRIPT       : DZ_Expansion_Quests
SCRIPT       : DZ_Expansion_VirtualContainerStorage
SCRIPT       : [Treasure] 'Treasures.json' found, loading existing config
SCRIPT       : [Treasure] 'Descriptions_FR.json' does not exist, skipping this config
SCRIPT       : [Treasure] 'Descriptions_ES.json' does not exist, skipping this config
SCRIPT       : [Treasure] 'Descriptions_IT.json' does not exist, skipping this config
SCRIPT       : [Treasure] 'Descriptions_DE.json' does not exist, skipping this config
SCRIPT       : [Treasure] 'Descriptions_CZ.json' does not exist, skipping this config
SCRIPT       : [Treasure] 'Descriptions_RU.json' does not exist, skipping this config
SCRIPT       : [Treasure] 'Descriptions_CHT.json' does not exist, skipping this config
SCRIPT       : [Treasure] 'Descriptions_CHS.json' does not exist, skipping this config
SCRIPT       : [Treasure] 'Descriptions_PL.json' does not exist, skipping this config
SCRIPT       : [Treasure] 'Descriptions_JA.json' does not exist, skipping this config
SCRIPT       : [Treasure] 'Descriptions_PTBR.json' does not exist, skipping this config
SCRIPT       : [MMIO Misc] OnInit
SCRIPT       : [MMIO Misc] Loading Config
SCRIPT       : 12:47:53.191 [EXPANSION DEBUG]: ModStorage v5
SCRIPT       : [CP] Config Sucessfully loaded!
SCRIPT       : [DP] Config Sucessfully loaded!
SCRIPT       : Parachute Settings Received From Server
SCRIPT       : [Namalsk][NamEventManager]: Next selection will occur in 735 seconds
SCRIPT       : [Namalsk][NamEventManager]: NamEventManager is now running
SCRIPT       : Object 'TreeSoft_t_LarixDecidua_1f' is scope 0
SCRIPT       : Object 'TreeHard_t_LarixDecidua_2s' is scope 0
SCRIPT       : Object 'TreeHard_t_LarixDecidua_2f' is scope 0
SCRIPT       : Object 'TreeHard_t_LarixDecidua_2s' is scope 0
SCRIPT       : Object 'TreeSoft_t_LarixDecidua_1f' is scope 0
SCRIPT       : Object 'TreeHard_t_LarixDecidua_3f' is scope 0
SCRIPT       : Object 'TreeSoft_t_LarixDecidua_1s' is scope 0
SCRIPT       : Object 'TreeHard_t_LarixDecidua_2s' is scope 0
SCRIPT       : Object 'TreeHard_t_LarixDecidua_3fb' is scope 0
SCRIPT       : Object 'TreeHard_t_LarixDecidua_2f' is scope 0
SCRIPT       : Object 'TreeHard_t_LarixDecidua_2f' is scope 0
SCRIPT       : Object 'TreeHard_t_LarixDecidua_3f' is scope 0
SCRIPT       : Object 'TreeHard_t_LarixDecidua_2f' is scope 0
SCRIPT       : Object 'TreeSoft_t_LarixDecidua_1f' is scope 0
SCRIPT       : Object 'TreeHard_t_LarixDecidua_2s' is scope 0
SCRIPT       : Object 'TreeHard_t_quercusRobur_2sc' is scope 0
SCRIPT       : Object 'TreeSoft_t_quercusRobur_1fd' is scope 0
SCRIPT       : Object 'TreeHard_t_quercusRobur_2sb' is scope 0
SCRIPT       : Object 'TreeSoft_t_quercusRobur_1fd' is scope 0
SCRIPT       : Object 'TreeHard_t_quercusRobur_2sc' is scope 0
SCRIPT       : Object 'TreeHard_t_quercusRobur_3fb' is scope 0
SCRIPT       : Object 'TreeHard_t_quercusRobur_3fb' is scope 0
SCRIPT       : Object 'TreeSoft_t_quercusRobur_1s' is scope 0
SCRIPT       : Object 'TreeHard_t_quercusRobur_3fb' is scope 0
SCRIPT       : Object 'TreeHard_t_quercusRobur_2d' is scope 0
SCRIPT       : 208 objects created, 0 deleted (completed in 208)
SCRIPT       : 12:47:59.308 [EXPANSION DEBUG]: ExpansionTraderDenis<5f03e020>::SetTraderObject ExpansionTraderObjectBase<e01841a0> <6297.701172, 20.696091, 9523.166016>
SCRIPT       : 12:47:59.308 [EXPANSION DEBUG]: LoadMissionTradersFile trader ExpansionTraderDenis<5f03e020> fileName Aircraft
SCRIPT       : 12:47:59.320 [EXPANSION DEBUG]: ExpansionTraderGuo<d2878020>::SetTraderObject ExpansionTraderObjectBase<e01892a0> <8599.360352, 14.725300, 10492.200195>
SCRIPT       : 12:47:59.320 [EXPANSION DEBUG]: LoadMissionTradersFile trader ExpansionTraderGuo<d2878020> fileName Vehicle_Parts
SCRIPT       : 12:47:59.339 [EXPANSION DEBUG]: ExpansionTraderHassan<b3eea530>::SetTraderObject ExpansionTraderObjectBase<e0384840> <8596.509766, 14.747800, 10488.000000>
SCRIPT       : 12:47:59.339 [EXPANSION DEBUG]: LoadMissionTradersFile trader ExpansionTraderHassan<b3eea530> fileName Vehicles
SCRIPT       : 12:47:59.351 [EXPANSION DEBUG]: ExpansionTraderIndar<e044d010>::SetTraderObject ExpansionTraderObjectBase<e04c2ef0> <8570.200195, 14.804744, 10531.799805>
SCRIPT       : 12:47:59.351 [EXPANSION DEBUG]: LoadMissionTradersFile trader ExpansionTraderIndar<e044d010> fileName Medicals
SCRIPT       : 12:47:59.371 [EXPANSION DEBUG]: ExpansionTraderKaito<e05c6010>::SetTraderObject ExpansionTraderObjectBase<e05e8690> <8566.829102, 15.935067, 10515.494141>
SCRIPT       : 12:47:59.371 [EXPANSION DEBUG]: LoadMissionTradersFile trader ExpansionTraderKaito<e05c6010> fileName Exchange
SCRIPT       : 12:47:59.386 [EXPANSION DEBUG]: ExpansionTraderLewis<273eabb0>::SetTraderObject ExpansionTraderObjectBase<e05f2d10> <8564.556641, 15.914123, 10516.875000>
SCRIPT       : 12:47:59.386 [EXPANSION DEBUG]: LoadMissionTradersFile trader ExpansionTraderLewis<273eabb0> fileName BuildingSupplies
SCRIPT       : 12:47:59.406 [EXPANSION DEBUG]: ExpansionTraderNaomi<e0879010>::SetTraderObject ExpansionTraderObjectBase<e06fd130> <8554.720703, 15.931895, 10524.275391>
SCRIPT       : 12:47:59.406 [EXPANSION DEBUG]: LoadMissionTradersFile trader ExpansionTraderNaomi<e0879010> fileName Clothing
SCRIPT       : 12:47:59.421 [EXPANSION DEBUG]: ExpansionTraderHelga<fa259570>::SetTraderObject ExpansionTraderObjectBase<e0949fb0> <8560.446289, 15.920970, 10521.180664>
SCRIPT       : 12:47:59.421 [EXPANSION DEBUG]: LoadMissionTradersFile trader ExpansionTraderHelga<fa259570> fileName Clothing_Accessories
SCRIPT       : 12:47:59.437 [EXPANSION DEBUG]: ExpansionTraderLinda<e0aea020>::SetTraderObject ExpansionTraderObjectBase<e0a706f0> <8571.715820, 14.824916, 10521.992188>
SCRIPT       : 12:47:59.437 [EXPANSION DEBUG]: LoadMissionTradersFile trader ExpansionTraderLinda<e0aea020> fileName Consumables
SCRIPT       : 12:47:59.449 [EXPANSION DEBUG]: ExpansionTraderGabi<7a2883e0>::SetTraderObject ExpansionTraderObjectBase<e0703c70> <8584.846680, 14.821787, 10534.984375>
SCRIPT       : 12:47:59.449 [EXPANSION DEBUG]: LoadMissionTradersFile trader ExpansionTraderGabi<7a2883e0> fileName Weapons
SCRIPT       : 12:47:59.468 [EXPANSION DEBUG]: ExpansionTraderIrena<89845690>::SetTraderObject ExpansionTraderObjectBase<e0bb3c90> <8594.533203, 14.821795, 10529.988281>
SCRIPT       : 12:47:59.468 [EXPANSION DEBUG]: LoadMissionTradersFile trader ExpansionTraderIrena<89845690> fileName Attachments
SCRIPT       : 12:47:59.480 [EXPANSION DEBUG]: ExpansionTraderQuinn<89849510>::SetTraderObject ExpansionTraderObjectBase<e0d78c20> <8555.026367, 15.931314, 10514.249023>
SCRIPT       : 12:47:59.480 [EXPANSION DEBUG]: LoadMissionTradersFile trader ExpansionTraderQuinn<89849510> fileName Components
SCRIPT       : 12:47:59.496 [EXPANSION DEBUG]: ExpansionTraderJudy<e0d2e020>::SetTraderObject ExpansionTraderObjectBase<e0ea0000> <8630.750000, 16.608299, 10510.500000>
SCRIPT       : 12:47:59.496 [EXPANSION DEBUG]: LoadMissionTradersFile trader ExpansionTraderJudy<e0d2e020> fileName Fishing
SCRIPT       : 12:47:59.511 [EXPANSION DEBUG]: ExpansionTraderPeter<e103b000>::SetTraderObject ExpansionTraderObjectBase<e10d6690> <8590.870117, 14.821789, 10534.200195>
SCRIPT       : 12:47:59.511 [EXPANSION DEBUG]: LoadMissionTradersFile trader ExpansionTraderPeter<e103b000> fileName Special
SCRIPT       : 12:47:59.527 [EXPANSION DEBUG]: ExpansionTraderMaria<e1141010>::SetTraderObject ExpansionTraderObjectBase<e10d75f0> <8559.040039, 16.014900, 10511.099609>
SCRIPT       : 12:47:59.527 [EXPANSION DEBUG]: LoadMissionTradersFile trader ExpansionTraderMaria<e1141010> fileName Spraycans
SCRIPT       : 12:47:59.542 [EXPANSION DEBUG]: ExpansionTraderBoris<5ec3a0a0>::SetTraderObject ExpansionTraderObjectBase<e2cfad20> <8053.950195, 1.847600, 7595.729980>
SCRIPT       : 12:47:59.542 [EXPANSION DEBUG]: LoadMissionTradersFile trader ExpansionTraderBoris<5ec3a0a0> fileName Boats
SCRIPT       : 12:47:59.558 [EXPANSION DEBUG]: ExpansionTraderCyril<5ec3e0b0>::SetTraderObject ExpansionTraderObjectBase<e2ed2b80> <8050.020020, 2.791790, 7583.060059>
SCRIPT       : 12:47:59.558 [EXPANSION DEBUG]: LoadMissionTradersFile trader ExpansionTraderCyril<5ec3e0b0> fileName Vehicle_Parts
SCRIPT       : [ExpansionQuestPersistentServerData] Load existing configuration file:$profile:ExpansionMod\Quests\PersistentServerData.json
SCRIPT       : [ExpansionQuestPersistentServerData] Load existing configuration file:$profile:ExpansionMod\Quests\PersistentServerData.json
SCRIPT       : [ExpansionQuestObjectiveTravelConfig] Load existing configuration file:$profile:ExpansionMod\Quests\Objectives\Travel\Objective_T_1.json
SCRIPT       : [ExpansionQuestObjectiveTravelConfig] Load existing configuration file:$profile:ExpansionMod\Quests\Objectives\Travel\Objective_T_2.json
SCRIPT       : [ExpansionQuestObjectiveTravelConfig] Load existing configuration file:$profile:ExpansionMod\Quests\Objectives\Travel\Objective_T_3.json
SCRIPT       : [ExpansionQuestObjectiveTravelConfig] Load existing configuration file:$profile:ExpansionMod\Quests\Objectives\Travel\Objective_T_4.json
SCRIPT       : [ExpansionQuestObjectiveTravelConfig] Load existing configuration file:$profile:ExpansionMod\Quests\Objectives\Travel\Objective_T_5.json
SCRIPT       : [ExpansionQuestObjectiveTravelConfig] Load existing configuration file:$profile:ExpansionMod\Quests\Objectives\Travel\Objective_T_6.json
SCRIPT       : [ExpansionQuestObjectiveTravelConfig] Load existing configuration file:$profile:ExpansionMod\Quests\Objectives\Travel\Objective_T_7.json
SCRIPT       : [ExpansionQuestObjectiveTargetConfig] Load existing configuration file:$profile:ExpansionMod\Quests\Objectives\Target\Objective_TA_1.json
SCRIPT       : [ExpansionQuestObjectiveTargetConfig] Load existing configuration file:$profile:ExpansionMod\Quests\Objectives\Target\Objective_TA_2.json
SCRIPT       : [ExpansionQuestObjectiveTargetConfig] Load existing configuration file:$profile:ExpansionMod\Quests\Objectives\Target\Objective_TA_3.json
SCRIPT       : [ExpansionQuestObjectiveTargetConfig] Load existing configuration file:$profile:ExpansionMod\Quests\Objectives\Target\Objective_TA_4.json
SCRIPT       : [ExpansionQuestObjectiveDeliveryConfig] Load existing configuration file:$profile:ExpansionMod\Quests\Objectives\Delivery\Objective_D_1.json
SCRIPT       : [ExpansionQuestObjectiveDeliveryConfig] Load existing configuration file:$profile:ExpansionMod\Quests\Objectives\Delivery\Objective_D_2.json
SCRIPT       : [ExpansionQuestObjectiveCollectionConfig] Load existing configuration file:$profile:ExpansionMod\Quests\Objectives\Collection\Objective_C_1.json
SCRIPT       : [ExpansionQuestObjectiveCollectionConfig] Load existing configuration file:$profile:ExpansionMod\Quests\Objectives\Collection\Objective_C_2.json
SCRIPT       : [ExpansionQuestObjectiveCollectionConfig] Load existing configuration file:$profile:ExpansionMod\Quests\Objectives\Collection\Objective_C_3.json
SCRIPT       : [ExpansionQuestObjectiveTreasureHuntConfig] Load existing configuration file:$profile:ExpansionMod\Quests\Objectives\TreasureHunt\Objective_TH_1.json
SCRIPT       : [ExpansionQuestObjectiveActionConfig] Load existing configuration file:$profile:ExpansionMod\Quests\Objectives\Action\Objective_A_1.json
SCRIPT       : [ExpansionQuestObjectiveActionConfig] Load existing configuration file:$profile:ExpansionMod\Quests\Objectives\Action\Objective_A_2.json
SCRIPT       : [ExpansionQuestObjectiveCraftingConfig] Load existing configuration file:$profile:ExpansionMod\Quests\Objectives\Crafting\Objective_CR_1.json
SCRIPT       : [ExpansionQuestObjectiveAIPatrolConfig] Load existing configuration file:$profile:ExpansionMod\Quests\Objectives\AIPatrol\Objective_AIP_1.json
SCRIPT       : [ExpansionQuestObjectiveAICampConfig] Load existing configuration file:$profile:ExpansionMod\Quests\Objectives\AICamp\Objective_AIC_1.json
SCRIPT       : [ExpansionQuestObjectiveAIEscortConfig] Load existing configuration file:$profile:ExpansionMod\Quests\Objectives\AIVIP\Objective_AIESCORT_1.json
SCRIPT       : [ExpansionQuestNPCData] Load existing configuration file:QuestNPC_1.json
SCRIPT       : [ExpansionQuestNPCData] Load existing configuration file:QuestNPC_2.json
SCRIPT       : [ExpansionQuestNPCData] Load existing configuration file:QuestNPC_3.json
SCRIPT       : ExpansionMarketItem marketItem = ExpansionMarketItem<67304620>
SCRIPT       : int worth =   1
SCRIPT       : 12:48:12.730 [EXPANSION DEBUG]: ExpansionP2PTraderAIIrena<ccb0010>::SetP2PTraderID - ID: 1
SCRIPT       : ExpansionZoneCircle<15384d30> position=<8583.669922, 0.000000, 10515.000000> radius=400
SCRIPT       : Found 1 zones!
SCRIPT       : m_EventManager NamEventManager<66b2b160>
SCRIPT       : MaxEventCount 2
SCRIPT       : 12:48:12.824 [EXPANSION DEBUG]: ExpansionQuestNPCAIElias<154c1020>::OnEnterSafeZone
SCRIPT       : bool m_Expansion_LeavingSafeZone = 0
SCRIPT       : bool m_Expansion_IsInSafeZone = 0
SCRIPT       : bool m_Expansion_IsInSafeZoneSynchRemote = 0
SCRIPT       : 12:48:12.824 [EXPANSION DEBUG]: ExpansionQuestNPCAIDenis<14fd0010>::OnEnterSafeZone
SCRIPT       : bool m_Expansion_LeavingSafeZone = 0
SCRIPT       : bool m_Expansion_IsInSafeZone = 0
SCRIPT       : bool m_Expansion_IsInSafeZoneSynchRemote = 0
SCRIPT       : 12:48:40.363 [EXPANSION DEBUG]: ExpansionHardlineModule<5b712b10> ::LoadPlayerData - Loaded player hardline data for player Survivor[YKMF23SQkzabdtJzn3VUcLU8W3bjbl-ZiJ18vqBuvzI=]
SCRIPT       : [CP] -> Sucessfully sent: Survivor CP Plus Config!
SCRIPT       : [DP] -> Sucessfully sent: Survivor DP Plus Config!
SCRIPT       : 12:49:00.714 [EXPANSION DEBUG]: ExpansionQuestModule<66a7ed0> Sending 24 quest configs to client with UID: YKMF23SQkzabdtJzn3VUcLU8W3bjbl-ZiJ18vqBuvzI=
SCRIPT       : 12:49:00.714 [EXPANSION DEBUG]: ExpansionQuestModule<66a7ed0> Sending player quest data for 4 quests to player with UID: YKMF23SQkzabdtJzn3VUcLU8W3bjbl-ZiJ18vqBuvzI=
SCRIPT       : 12:49:01.175 [EXPANSION DEBUG]: ExpansionQuestModule<66a7ed0> Quest configs already synched for player with UID: YKMF23SQkzabdtJzn3VUcLU8W3bjbl-ZiJ18vqBuvzI=
SCRIPT       : 12:49:01.175 [EXPANSION DEBUG]: ExpansionQuestModule<66a7ed0> Sending player quest data for quest ID 14 to player with UID: YKMF23SQkzabdtJzn3VUcLU8W3bjbl-ZiJ18vqBuvzI=
SCRIPT       : 12:49:06.812 [EXPANSION DEBUG]: ExpansionItemSpawnHelper::Clone - created FAMAS:13060 at location { type=GROUND item=FAMAS:12997 pos=(7503.91, 60.2642, 7504.12) dir=(0.713981, -0.12824, -0.121684, 0.67748) }
SCRIPT       : 12:49:06.812 [EXPANSION DEBUG]: ExpansionItemSpawnHelper::Clone - created Mag_FAMAS_25Rnd:13061 at location { type=ATTACHMENT item=null parent=FAMAS:13060 slot=magazine }
SCRIPT       : 12:49:06.832 [EXPANSION DEBUG]: ExpansionItemSpawnHelper::Clone - created AugShort:12998 at location { type=GROUND item=AugShort:13021 pos=(7504.25, 59.2153, 7489.45) dir=(0.658439, -0.18776, -0.199867, 0.700898) }
SCRIPT       : 12:49:06.832 [EXPANSION DEBUG]: ExpansionItemSpawnHelper::Clone - created Mag_Aug_30Rnd:12997 at location { type=ATTACHMENT item=null parent=AugShort:12998 slot=magazine }
SCRIPT       : 12:49:06.835 [EXPANSION DEBUG]: ExpansionItemSpawnHelper::Clone - created AugOptic:13062 at location { type=ATTACHMENT item=null parent=AugShort:12998 slot=weaponOpticsAug }
SCRIPT       : [Logout]: New player YKMF23SQkzabdtJzn3VUcLU8W3bjbl-ZiJ18vqBuvzI= with logout time 15
SCRIPT       : 12:50:00.246 [EXPANSION DEBUG]: ExpansionItemSpawnHelper::Clone - created FAMAS:13021 at location { type=HANDS item=FAMAS:13060 parent=eAI_SurvivorF_Judy:22:INSTANCETYPE_AI_SERVER }
SCRIPT       : 12:50:00.246 [EXPANSION DEBUG]: ExpansionItemSpawnHelper::Clone - created Mag_FAMAS_25Rnd:13059 at location { type=ATTACHMENT item=null parent=FAMAS:13021 slot=magazine }
SCRIPT       : 12:50:00.265 [EXPANSION DEBUG]: ExpansionItemSpawnHelper::Clone - created AugShort:13061 at location { type=HANDS item=AugShort:12998 parent=eAI_SurvivorF_Keiko:24:INSTANCETYPE_AI_SERVER }
SCRIPT       : 12:50:00.265 [EXPANSION DEBUG]: ExpansionItemSpawnHelper::Clone - created Mag_Aug_30Rnd:13060 at location { type=ATTACHMENT item=null parent=AugShort:13061 slot=magazine }
SCRIPT       : 12:50:00.265 [EXPANSION DEBUG]: ExpansionItemSpawnHelper::Clone - created AugOptic:13063 at location { type=ATTACHMENT item=null parent=AugShort:13061 slot=weaponOpticsAug }
SCRIPT       : 12:50:12.441 [EXPANSION DEBUG]: ExpansionQuestPersistentData<1706c9b0>~ExpansionQuestPersistentData (4)
SCRIPT       : [Logout]: Player YKMF23SQkzabdtJzn3VUcLU8W3bjbl-ZiJ18vqBuvzI= finished
SCRIPT       : 12:53:12.683 [EXPANSION DEBUG]: [ExpansionMissionEventAirdrop] Adjusted container weights:
SCRIPT       : 12:53:12.683 [EXPANSION DEBUG]: ExpansionAirdropContainer 166
SCRIPT       : 12:53:12.683 [EXPANSION DEBUG]: ExpansionAirdropContainer_Medical 171
SCRIPT       : 12:53:12.683 [EXPANSION DEBUG]: ExpansionAirdropContainer_Basebuilding 176
SCRIPT       : 12:53:12.683 [EXPANSION DEBUG]: ExpansionAirdropContainer_Military_WinterCamo 181
SCRIPT       : 12:53:12.683 [EXPANSION DEBUG]: ExpansionAirdropPlane::GetSpawnPoint - drop position <4327.000000, 0.000000, 5230.000000> - map is namalsk - size 12800 - center <4352.000000, 0.000000, 7348.000000>
SCRIPT       : 12:53:12.683 [EXPANSION DEBUG]: ExpansionAirdropPlane::GetSpawnPoint - selected spawn point <12800.000000, 452.000000, 11309.858398>
SCRIPT       : 13:00:11.410 [EXPANSION LOG]: ExpansionAirdropContainerBase<26f10a30> InitAirdrop - total weight (kg) 332.645 - nominal fall speed 4.58161 m/s, wind impact strength 0.14728
SCRIPT       : [Namalsk][NamEventManager]: Trying to select a new event...
SCRIPT       : [Namalsk][NamEventManager]: Starting event ExtremeCold
SCRIPT       : [Namalsk][ExtremeCold]: init: 100 (sec), mid: 1023.43 (sec), end: 100 (sec), TempDrop: -10.3001 (C)
SCRIPT       : [Namalsk][NamEventManager]: ExtremeCold: Phase Length 100
SCRIPT       : [Namalsk][NamEventManager]: Next selection will occur in 670 seconds
SCRIPT       : [Namalsk][NamEventManager]: ExtremeCold: Phase Length 1023.43
SCRIPT       : [Namalsk][NamEventManager]: Trying to select a new event...
SCRIPT       : [Namalsk][NamEventManager]: Starting event Aurora
SCRIPT       : [Namalsk][NamEventManager]: Aurora: Phase Length 60
SCRIPT       : [Namalsk][NamEventManager]: Next selection will occur in 897 seconds
SCRIPT       : [Namalsk][NamEventManager]: Aurora: Phase Length 1177.97
SCRIPT       : [Namalsk][NamEventManager]: ExtremeCold: Phase Length 100
SCRIPT       : [ExpansionAirdropContainerManager] Container at <4387.467773, 114.981384, 5336.853027> was deleted
SCRIPT       : ExpansionAirdropContainerManager::DeleteSingleInfected
SCRIPT       : ExpansionAirdropContainerManager::DeleteSingleInfected
SCRIPT       : ExpansionAirdropContainerManager::DeleteSingleInfected
SCRIPT       : ExpansionAirdropContainerManager::DeleteSingleInfected
SCRIPT       : ExpansionAirdropContainerManager::DeleteSingleInfected
SCRIPT       : ExpansionAirdropContainerManager::DeleteSingleInfected
SCRIPT       : ExpansionAirdropContainerManager::DeleteSingleInfected
SCRIPT       : ExpansionAirdropContainerManager::DeleteSingleInfected
SCRIPT       : ExpansionAirdropContainerManager::DeleteSingleInfected
SCRIPT       : ExpansionAirdropContainerManager::DeleteSingleInfected
SCRIPT       : ExpansionAirdropContainerManager::DeleteSingleInfected
SCRIPT       : ExpansionAirdropContainerManager::DeleteSingleInfected
SCRIPT       : ExpansionAirdropContainerManager::DeleteSingleInfected
SCRIPT       : ~ExpansionAirdropContainerManager
SCRIPT       : [Namalsk][NamEventManager]: ExtremeCold: Phase Length 0
SCRIPT       : [Namalsk][NamEventManager]: Trying to select a new event...
SCRIPT       : [Namalsk][NamEventManager]: Starting event Blizzard
SCRIPT       : [Namalsk][NamEventManager]: Could not run event Blizzard because it conflicts with event Aurora...
SCRIPT       : [Namalsk][NamEventManager]: Next selection will occur in 845 seconds
SCRIPT       : [Namalsk][NamEventManager]: Aurora: Phase Length 60
SCRIPT       : [Namalsk][NamEventManager]: Aurora: Phase Length 0
SCRIPT       : [Namalsk][NamEventManager]: Trying to select a new event...
SCRIPT       : [Namalsk][NamEventManager]: Starting event Snowfall
SCRIPT       : [Namalsk][Snowfall]: init: 600 (sec), mid: 943.938 (sec), end: 600 (sec)
SCRIPT       : [Namalsk][NamEventManager]: Snowfall: Phase Length 600
SCRIPT       : [Namalsk][NamEventManager]: Next selection will occur in 700 seconds
SCRIPT       : [Namalsk][NamEventManager]: Snowfall: Phase Length 943.938
SCRIPT       : [Namalsk][NamEventManager]: Trying to select a new event...
SCRIPT       : [Namalsk][NamEventManager]: Starting event Aurora
SCRIPT       : [Namalsk][NamEventManager]: Aurora: Phase Length 60
SCRIPT       : [Namalsk][NamEventManager]: Next selection will occur in 722 seconds
SCRIPT       : [Namalsk][NamEventManager]: Aurora: Phase Length 955.977
SCRIPT       : [Namalsk][NamEventManager]: Trying to select a new event...
SCRIPT       : [Namalsk][NamEventManager]: Could not start event as we reached the maximum event limit 2
SCRIPT       : [Namalsk][NamEventManager]: Next selection will occur in 911 seconds
SCRIPT       : [Namalsk][NamEventManager]: Snowfall: Phase Length 600
SCRIPT       : [Namalsk][NamEventManager]: Aurora: Phase Length 60
SCRIPT       : [Namalsk][NamEventManager]: Aurora: Phase Length 0
SCRIPT       : [Namalsk][NamEventManager]: Snowfall: Phase Length 0
SCRIPT       : [Namalsk][NamEventManager]: Trying to select a new event...
SCRIPT       : [Namalsk][NamEventManager]: Starting event Snowfall
SCRIPT       : [Namalsk][Snowfall]: init: 600 (sec), mid: 1117.91 (sec), end: 600 (sec)
SCRIPT       : [Namalsk][NamEventManager]: Snowfall: Phase Length 600
SCRIPT       : [Namalsk][NamEventManager]: Next selection will occur in 956 seconds
SCRIPT       : 14:20:11.683 [EXPANSION DEBUG]: [ExpansionMissionEventAirdrop] Adjusted container weights:
SCRIPT       : 14:20:11.683 [EXPANSION DEBUG]: ExpansionAirdropContainer 126
SCRIPT       : 14:20:11.683 [EXPANSION DEBUG]: ExpansionAirdropContainer_Medical 131
SCRIPT       : 14:20:11.683 [EXPANSION DEBUG]: ExpansionAirdropContainer_Basebuilding 136
SCRIPT       : 14:20:11.683 [EXPANSION DEBUG]: ExpansionAirdropContainer_Military_WinterCamo 141
SCRIPT       : 14:20:11.683 [EXPANSION DEBUG]: ExpansionAirdropPlane::GetSpawnPoint - drop position <3974.000000, 0.000000, 7350.000000> - map is namalsk - size 12800 - center <4352.000000, 0.000000, 7348.000000>
SCRIPT       : 14:20:11.683 [EXPANSION DEBUG]: ExpansionAirdropPlane::GetSpawnPoint - selected spawn point <12760.952148, 450.067261, 0.000000>
SCRIPT       : 14:27:47.214 [EXPANSION DEBUG]: ExpansionLootSpawner::Spawn - WARNING: Couldn't spawn BandageDressing on FirstAidKit<26f166b0>
SCRIPT       : 14:27:47.222 [EXPANSION DEBUG]: ExpansionLootSpawner::Spawn - WARNING: Couldn't spawn BandageDressing on FirstAidKit<26f1f170>
SCRIPT       : 14:27:47.222 [EXPANSION LOG]: ExpansionAirdropContainerBase<26f0f310> InitAirdrop - total weight (kg) 309.17 - nominal fall speed 4.52292 m/s, wind impact strength 0.149236
SCRIPT       : [Namalsk][NamEventManager]: Snowfall: Phase Length 1117.91
SCRIPT       : [Namalsk][NamEventManager]: Trying to select a new event...
SCRIPT       : [Namalsk][NamEventManager]: Starting event Blizzard
SCRIPT       : [Namalsk][NamEventManager]: Could not run event Blizzard because it conflicts with event Snowfall...
SCRIPT       : [Namalsk][NamEventManager]: Next selection will occur in 921 seconds
SCRIPT       : [ExpansionAirdropContainerManager] Container at <4042.248779, 92.242081, 7323.160156> was deleted
SCRIPT       : ExpansionAirdropContainerManager::DeleteSingleInfected
SCRIPT       : ExpansionAirdropContainerManager::DeleteSingleInfected
SCRIPT       : ExpansionAirdropContainerManager::DeleteSingleInfected
SCRIPT       : ~ExpansionAirdropContainerManager
SCRIPT       : [Namalsk][NamEventManager]: Snowfall: Phase Length 600
SCRIPT       : [Namalsk][NamEventManager]: Trying to select a new event...
SCRIPT       : [Namalsk][NamEventManager]: Starting event EVRStorm
SCRIPT       : [Namalsk][EVRStorm]: InitPhaseServer
SCRIPT       : [Namalsk][NamEventManager]: EVRStorm: Phase Length 1080
SCRIPT       : [Namalsk][NamEventManager]: Next selection will occur in 780 seconds
SCRIPT       : [Namalsk][NamEventManager]: Snowfall: Phase Length 0
SCRIPT       : [Namalsk][NamEventManager]: Trying to select a new event...
SCRIPT       : [Namalsk][NamEventManager]: Starting event Snowfall
SCRIPT       : [Namalsk][Snowfall]: init: 600 (sec), mid: 951.985 (sec), end: 600 (sec)
SCRIPT       : [Namalsk][NamEventManager]: Snowfall: Phase Length 600
SCRIPT       : [Namalsk][NamEventManager]: Next selection will occur in 823 seconds
SCRIPT       : [Namalsk][EVRStorm]: MidPhaseServer
SCRIPT       : [Namalsk][NamEventManager]: EVRStorm: Phase Length 90
SCRIPT       : float m_Colour_SkyOrang = 0.23
SCRIPT       : [Namalsk][EVRStorm]: EndPhaseServer
SCRIPT       : [Namalsk][NamEventManager]: EVRStorm: Phase Length 220
SCRIPT       : [Namalsk][NamEventManager]: Snowfall: Phase Length 951.985
SCRIPT       : [Namalsk][NamEventManager]: EVRStorm: Phase Length 0
SCRIPT       : [Namalsk][EVRStorm]: ~EVRStorm
SCRIPT       : [Namalsk][NamEventManager]: Trying to select a new event...
SCRIPT       : [Namalsk][NamEventManager]: Starting event Aurora
SCRIPT       : [Namalsk][NamEventManager]: Aurora: Phase Length 60
SCRIPT       : [Namalsk][NamEventManager]: Next selection will occur in 947 seconds
SCRIPT       : [Namalsk][NamEventManager]: Aurora: Phase Length 961.974
SCRIPT       : [Namalsk][NamEventManager]: Snowfall: Phase Length 600
SCRIPT       : [Namalsk][NamEventManager]: Trying to select a new event...
SCRIPT       : [Namalsk][NamEventManager]: Could not start event as we reached the maximum event limit 2
SCRIPT       : [Namalsk][NamEventManager]: Next selection will occur in 790 seconds
SCRIPT       : [Namalsk][NamEventManager]: Aurora: Phase Length 60
SCRIPT       : [Namalsk][NamEventManager]: Aurora: Phase Length 0
SCRIPT       : [Namalsk][NamEventManager]: Snowfall: Phase Length 0
SCRIPT       : [Namalsk][NamEventManager]: Trying to select a new event...
SCRIPT       : [Namalsk][NamEventManager]: Starting event Snowfall
SCRIPT       : [Namalsk][Snowfall]: init: 600 (sec), mid: 1089.79 (sec), end: 600 (sec)
SCRIPT       : [Namalsk][NamEventManager]: Snowfall: Phase Length 600
SCRIPT       : [Namalsk][NamEventManager]: Next selection will occur in 999 seconds
SCRIPT       : 15:47:47.683 [EXPANSION DEBUG]: ExpansionAirdropPlane::GetSpawnPoint - drop position <4327.000000, 0.000000, 5230.000000> - map is namalsk - size 12800 - center <4352.000000, 0.000000, 7348.000000>
SCRIPT       : 15:47:47.683 [EXPANSION DEBUG]: ExpansionAirdropPlane::GetSpawnPoint - selected spawn point <11057.779297, 453.907959, 12800.000000>
SCRIPT       : 15:54:33.199 [EXPANSION LOG]: ExpansionAirdropContainerBase<26f10a30> InitAirdrop - total weight (kg) 347.974 - nominal fall speed 4.61994 m/s, wind impact strength 0.146002
SCRIPT       : [Namalsk][NamEventManager]: Snowfall: Phase Length 1089.79
SCRIPT       : [Namalsk][NamEventManager]: Trying to select a new event...
SCRIPT       : [Namalsk][NamEventManager]: Starting event ExtremeCold
SCRIPT       : [Namalsk][ExtremeCold]: init: 100 (sec), mid: 1114.78 (sec), end: 100 (sec), TempDrop: -8.25593 (C)
SCRIPT       : [Namalsk][NamEventManager]: ExtremeCold: Phase Length 100
SCRIPT       : [Namalsk][NamEventManager]: Next selection will occur in 943 seconds
SCRIPT       : [Namalsk][NamEventManager]: ExtremeCold: Phase Length 1114.78
SCRIPT       : [ExpansionAirdropContainerManager] Container at <4321.573242, 87.024460, 5228.591309> was deleted
SCRIPT       : ExpansionAirdropContainerManager::DeleteSingleInfected
SCRIPT       : ExpansionAirdropContainerManager::DeleteSingleInfected
SCRIPT       : ExpansionAirdropContainerManager::DeleteSingleInfected
SCRIPT       : ExpansionAirdropContainerManager::DeleteSingleInfected
SCRIPT       : ExpansionAirdropContainerManager::DeleteSingleInfected
SCRIPT       : ExpansionAirdropContainerManager::DeleteSingleInfected
SCRIPT       : ExpansionAirdropContainerManager::DeleteSingleInfected
SCRIPT       : ExpansionAirdropContainerManager::DeleteSingleInfected
SCRIPT       : ExpansionAirdropContainerManager::DeleteSingleInfected
SCRIPT       : ExpansionAirdropContainerManager::DeleteSingleInfected
SCRIPT       : ExpansionAirdropContainerManager::DeleteSingleInfected
SCRIPT       : ExpansionAirdropContainerManager::DeleteSingleInfected
SCRIPT       : ExpansionAirdropContainerManager::DeleteSingleInfected
SCRIPT       : ~ExpansionAirdropContainerManager
SCRIPT       : [Namalsk][NamEventManager]: Snowfall: Phase Length 600
SCRIPT       : [Namalsk][NamEventManager]: Trying to select a new event...
SCRIPT       : [Namalsk][NamEventManager]: Could not start event as we reached the maximum event limit 2
SCRIPT       : [Namalsk][NamEventManager]: Next selection will occur in 583 seconds
SCRIPT       : [Namalsk][NamEventManager]: ExtremeCold: Phase Length 100
SCRIPT       : [Namalsk][NamEventManager]: Snowfall: Phase Length 0
SCRIPT       : [Namalsk][NamEventManager]: ExtremeCold: Phase Length 0
SCRIPT       : [Namalsk][NamEventManager]: Trying to select a new event...
SCRIPT       : [Namalsk][NamEventManager]: Starting event ExtremeCold
SCRIPT       : [Namalsk][ExtremeCold]: init: 100 (sec), mid: 885.379 (sec), end: 100 (sec), TempDrop: -12.3463 (C)
SCRIPT       : [Namalsk][NamEventManager]: ExtremeCold: Phase Length 100
SCRIPT       : [Namalsk][NamEventManager]: Next selection will occur in 775 seconds
SCRIPT       : [Namalsk][NamEventManager]: ExtremeCold: Phase Length 885.379
SCRIPT       : [Namalsk][NamEventManager]: Trying to select a new event...
SCRIPT       : [Namalsk][NamEventManager]: Starting event Aurora
SCRIPT       : [Namalsk][NamEventManager]: Aurora: Phase Length 60
SCRIPT       : [Namalsk][NamEventManager]: Next selection will occur in 905 seconds
SCRIPT       : [Namalsk][NamEventManager]: Aurora: Phase Length 1035.18
SCRIPT       : [Namalsk][NamEventManager]: ExtremeCold: Phase Length 100
SCRIPT       : [Namalsk][NamEventManager]: ExtremeCold: Phase Length 0
SCRIPT       : [Namalsk][NamEventManager]: Trying to select a new event...
SCRIPT       : [Namalsk][NamEventManager]: Starting event Snowfall
SCRIPT       : [Namalsk][NamEventManager]: Could not run event Snowfall because it conflicts with event Aurora...
SCRIPT       : [Namalsk][NamEventManager]: Next selection will occur in 938 seconds
SCRIPT       : [Namalsk][NamEventManager]: Aurora: Phase Length 60
SCRIPT       : [Namalsk][NamEventManager]: Aurora: Phase Length 0
SCRIPT       : [Namalsk][NamEventManager]: Trying to select a new event...
SCRIPT       : [Namalsk][NamEventManager]: Starting event Aurora
SCRIPT       : [Namalsk][NamEventManager]: Aurora: Phase Length 60
SCRIPT       : [Namalsk][NamEventManager]: Next selection will occur in 595 seconds
SCRIPT       : 17:14:33.683 [EXPANSION DEBUG]: [ExpansionMissionEventAirdrop] Adjusted container weights:
SCRIPT       : 17:14:33.683 [EXPANSION DEBUG]: ExpansionAirdropContainer 106
SCRIPT       : 17:14:33.683 [EXPANSION DEBUG]: ExpansionAirdropContainer_Medical 111
SCRIPT       : 17:14:33.683 [EXPANSION DEBUG]: ExpansionAirdropContainer_Basebuilding 116
SCRIPT       : 17:14:33.683 [EXPANSION DEBUG]: ExpansionAirdropContainer_Military_WinterCamo 121
SCRIPT       : 17:14:33.683 [EXPANSION DEBUG]: ExpansionAirdropPlane::GetSpawnPoint - drop position <7114.000000, 0.000000, 6000.000000> - map is namalsk - size 12800 - center <4352.000000, 0.000000, 7348.000000>
SCRIPT       : 17:14:33.683 [EXPANSION DEBUG]: ExpansionAirdropPlane::GetSpawnPoint - selected spawn point <2055.468994, 452.000000, 12800.000000>
SCRIPT       : [Namalsk][NamEventManager]: Aurora: Phase Length 1013.48
SCRIPT       : 17:20:13.828 [EXPANSION LOG]: ExpansionAirdropContainerBase<26f0f310> InitAirdrop - total weight (kg) 344.435 - nominal fall speed 4.61109 m/s, wind impact strength 0.146297
SCRIPT       : [Namalsk][NamEventManager]: Trying to select a new event...
SCRIPT       : [Namalsk][NamEventManager]: Starting event Blizzard
SCRIPT       : [Namalsk][NamEventManager]: Could not run event Blizzard because it conflicts with event Aurora...
SCRIPT       : [Namalsk][NamEventManager]: Next selection will occur in 904 seconds
SCRIPT       : [Namalsk][NamEventManager]: Aurora: Phase Length 60
SCRIPT       : [Namalsk][NamEventManager]: Aurora: Phase Length 0
SCRIPT       : [Namalsk][NamEventManager]: Trying to select a new event...
SCRIPT       : [Namalsk][NamEventManager]: Starting event Aurora
SCRIPT       : [Namalsk][NamEventManager]: Aurora: Phase Length 60
SCRIPT       : [Namalsk][NamEventManager]: Next selection will occur in 755 seconds
SCRIPT       : [Namalsk][NamEventManager]: Aurora: Phase Length 1044.38
SCRIPT       : [ExpansionAirdropContainerManager] Container at <7161.103027, 69.626724, 6061.376465> was deleted
SCRIPT       : ExpansionAirdropContainerManager::DeleteSingleInfected
SCRIPT       : ExpansionAirdropContainerManager::DeleteSingleInfected
SCRIPT       : ExpansionAirdropContainerManager::DeleteSingleInfected
SCRIPT       : ExpansionAirdropContainerManager::DeleteSingleInfected
SCRIPT       : ExpansionAirdropContainerManager::DeleteSingleInfected
SCRIPT       : ExpansionAirdropContainerManager::DeleteSingleInfected
SCRIPT       : ExpansionAirdropContainerManager::DeleteSingleInfected
SCRIPT       : ExpansionAirdropContainerManager::DeleteSingleInfected
SCRIPT       : ExpansionAirdropContainerManager::DeleteSingleInfected
SCRIPT       : ExpansionAirdropContainerManager::DeleteSingleInfected
SCRIPT       : ExpansionAirdropContainerManager::DeleteSingleInfected
SCRIPT       : ExpansionAirdropContainerManager::DeleteSingleInfected
SCRIPT       : ExpansionAirdropContainerManager::DeleteSingleInfected
SCRIPT       : ~ExpansionAirdropContainerManager
SCRIPT       : [Namalsk][NamEventManager]: Trying to select a new event...
SCRIPT       : [Namalsk][NamEventManager]: Starting event Snowfall
SCRIPT       : [Namalsk][NamEventManager]: Could not run event Snowfall because it conflicts with event Aurora...
SCRIPT       : [Namalsk][NamEventManager]: Next selection will occur in 612 seconds
SCRIPT       : [Namalsk][NamEventManager]: Aurora: Phase Length 60
SCRIPT       : [Namalsk][NamEventManager]: Aurora: Phase Length 0
SCRIPT       : [Namalsk][NamEventManager]: Trying to select a new event...
SCRIPT       : [Namalsk][NamEventManager]: Starting event Aurora
SCRIPT       : [Namalsk][NamEventManager]: Aurora: Phase Length 60
SCRIPT       : [Namalsk][NamEventManager]: Next selection will occur in 570 seconds
SCRIPT       : [Namalsk][NamEventManager]: Aurora: Phase Length 1121.46
SCRIPT       : [Namalsk][NamEventManager]: Trying to select a new event...
SCRIPT       : [Namalsk][NamEventManager]: Starting event HeavyFog
SCRIPT       : [Namalsk][NamEventManager]: Could not run event HeavyFog because it conflicts with event Aurora...
SCRIPT       : [Namalsk][NamEventManager]: Next selection will occur in 711 seconds
SCRIPT       : [Namalsk][NamEventManager]: Aurora: Phase Length 60
SCRIPT       : [Namalsk][NamEventManager]: Aurora: Phase Length 0
SCRIPT       : [Namalsk][NamEventManager]: Trying to select a new event...
SCRIPT       : [Namalsk][NamEventManager]: Starting event Aurora
SCRIPT       : [Namalsk][NamEventManager]: Aurora: Phase Length 60
SCRIPT       : [Namalsk][NamEventManager]: Next selection will occur in 917 seconds
SCRIPT       : [Namalsk][NamEventManager]: Aurora: Phase Length 943.58
SCRIPT       : [CP] -> Sucessfully sent: Survivor CP Plus Config!
SCRIPT       : [DP] -> Sucessfully sent: Survivor DP Plus Config!
SCRIPT       : 18:30:23.789 [EXPANSION DEBUG]: ExpansionQuestModule<66a7ed0> Sending 24 quest configs to client with UID: ATxI-JFgZxkWYr7Quf7frIHZioARfFT0VaBU8wOvx1E=
SCRIPT       : 18:30:23.789 [EXPANSION DEBUG]: ExpansionQuestModule<66a7ed0> Sending player quest data for 4 quests to player with UID: ATxI-JFgZxkWYr7Quf7frIHZioARfFT0VaBU8wOvx1E=
SCRIPT       : 18:30:24.265 [EXPANSION DEBUG]: ExpansionQuestModule<66a7ed0> Quest configs already synched for player with UID: ATxI-JFgZxkWYr7Quf7frIHZioARfFT0VaBU8wOvx1E=
SCRIPT       : 18:30:24.265 [EXPANSION DEBUG]: ExpansionQuestModule<66a7ed0> Sending player quest data for quest ID 14 to player with UID: ATxI-JFgZxkWYr7Quf7frIHZioARfFT0VaBU8wOvx1E=
SCRIPT       : 18:31:03.109 [EXPANSION DEBUG]: ExpansionHardlineModule<5b712b10> ::LoadPlayerData - Loaded player hardline data for player Uncle Duncan[YKMF23SQkzabdtJzn3VUcLU8W3bjbl-ZiJ18vqBuvzI=]
SCRIPT       : [CP] -> Sucessfully sent: Uncle Duncan CP Plus Config!
SCRIPT       : [DP] -> Sucessfully sent: Uncle Duncan DP Plus Config!
SCRIPT       : ---- PlayerBase OnStoreLoad SUCCESS ----
SCRIPT       : 18:31:51.109 [EXPANSION DEBUG]: ExpansionQuestModule<66a7ed0> Sending 24 quest configs to client with UID: YKMF23SQkzabdtJzn3VUcLU8W3bjbl-ZiJ18vqBuvzI=
SCRIPT       : 18:31:51.109 [EXPANSION DEBUG]: ExpansionQuestModule<66a7ed0> Sending player quest data for 4 quests to player with UID: YKMF23SQkzabdtJzn3VUcLU8W3bjbl-ZiJ18vqBuvzI=
SCRIPT       : 18:31:51.578 [EXPANSION DEBUG]: ExpansionQuestModule<66a7ed0> Quest configs already synched for player with UID: YKMF23SQkzabdtJzn3VUcLU8W3bjbl-ZiJ18vqBuvzI=
SCRIPT       : 18:31:51.578 [EXPANSION DEBUG]: ExpansionQuestModule<66a7ed0> Sending player quest data for quest ID 14 to player with UID: YKMF23SQkzabdtJzn3VUcLU8W3bjbl-ZiJ18vqBuvzI=
SCRIPT       : [wpnfsm] ValidateAndRepair Attempting to repair: Scout:13076 (owner eAI_SurvivorF_Gabi<2ba09050>) - MagazineRepair - BAREM_CLO_BUF_MA0<2e2c4c30> - state: 0 != weapon: 1
Class:      'WeaponFSM'

Function: 'ValidateAndRepairHelper'
Stack trace:
SCRIPT       : DayZExpansion/Core/Scripts/4_World/dayzexpansion_core\entities\firearms\weaponfsm.c:30
SCRIPT       : [Logout]: New player ATxI-JFgZxkWYr7Quf7frIHZioARfFT0VaBU8wOvx1E= with logout time 15
SCRIPT       : 18:37:20.109 [EXPANSION DEBUG]: ExpansionQuestPersistentData<1ff572c0>~ExpansionQuestPersistentData (4)
SCRIPT       : [Logout]: Player ATxI-JFgZxkWYr7Quf7frIHZioARfFT0VaBU8wOvx1E= finished
SCRIPT       : [Namalsk][NamEventManager]: Trying to select a new event...
SCRIPT       : [Namalsk][NamEventManager]: Starting event Snowfall
SCRIPT       : [Namalsk][NamEventManager]: Could not run event Snowfall because it conflicts with event Aurora...
SCRIPT       : [Namalsk][NamEventManager]: Next selection will occur in 780 seconds
SCRIPT       : [Namalsk][NamEventManager]: Aurora: Phase Length 60
SCRIPT       : 18:40:14.687 [EXPANSION DEBUG]: [ExpansionMissionEventAirdrop] Adjusted container weights:
SCRIPT       : 18:40:14.687 [EXPANSION DEBUG]: ExpansionAirdropContainer 86
SCRIPT       : 18:40:14.687 [EXPANSION DEBUG]: ExpansionAirdropContainer_Medical 91
SCRIPT       : 18:40:14.687 [EXPANSION DEBUG]: ExpansionAirdropContainer_Basebuilding 96
SCRIPT       : 18:40:14.687 [EXPANSION DEBUG]: ExpansionAirdropContainer_Military_WinterCamo 101
SCRIPT       : 18:40:14.687 [EXPANSION DEBUG]: ExpansionAirdropPlane::GetSpawnPoint - drop position <7493.000000, 0.000000, 7577.000000> - map is namalsk - size 12800 - center <4352.000000, 0.000000, 7348.000000>
SCRIPT       : 18:40:14.687 [EXPANSION DEBUG]: ExpansionAirdropPlane::GetSpawnPoint - selected spawn point <0.000000, 449.949280, 3138.827393>
SCRIPT       : [Namalsk][NamEventManager]: Aurora: Phase Length 0
SCRIPT       : 18:46:02.390 [EXPANSION LOG]: ExpansionAirdropContainerBase<2357f7e0> InitAirdrop - total weight (kg) 309.68 - nominal fall speed 4.5242 m/s, wind impact strength 0.149193
SCRIPT       : 18:46:53.921 [EXPANSION DEBUG]: eAI_SurvivorM_Peter<2e3aa010> Debug: Not removed during target cleanup eAIZombieTargetInformation<10b79e90>, entity=ZmbM_nacSoldier_normal<10e20560>, position=<5693.501953, 14.000767, 9441.713867> eAITargetInformationState<2e0cf7c0>
SCRIPT       : 18:46:53.921 [EXPANSION DEBUG]: eAI_SurvivorM_Peter<2e3aa010> Debug: Not removed during target cleanup eAIZombieTargetInformation<10b7b090>, entity=ZmbM_SoldierNormal_Base<10de4970>, position=<5667.425293, 18.997637, 9434.500000> eAITargetInformationState<2e0effc0>
SCRIPT       : 18:46:53.921 [EXPANSION DEBUG]: eAI_SurvivorM_Peter<2e3aa010> Debug: Not removed during target cleanup eAIZombieTargetInformation<10b7b210>, entity=ZmbM_PatrolNormal_Base<10e18ca0>, position=<5679.091797, 22.286743, 9462.638672> eAITargetInformationState<2e0ee940>
SCRIPT       : 18:46:53.921 [EXPANSION DEBUG]: eAI_SurvivorM_Peter<2e3aa010> Debug: Not removed during target cleanup eAIZombieTargetInformation<10b7ac10>, entity=ZmbM_PatrolNormal_Base<10e20f70>, position=<5669.249023, 18.402317, 9434.553711> eAITargetInformationState<2e0efc00>
SCRIPT       : 18:46:53.921 [EXPANSION DEBUG]: eAI_SurvivorM_Peter<2e3aa010> Debug: Not removed during target cleanup eAIZombieTargetInformation<10b7c590>, entity=ZmbM_PatrolNormal_Base<10de5380>, position=<5660.409668, 26.978796, 9463.083984> eAITargetInformationState<2e0f0240>
SCRIPT       : 18:46:53.929 [EXPANSION DEBUG]: eAI_SurvivorM_Oliver<2b30a090> Debug: Not removed during target cleanup eAIZombieTargetInformation<10b79e90>, entity=ZmbM_nacSoldier_normal<10e20560>, position=<5693.501953, 14.000767, 9441.713867> eAITargetInformationState<2e0cf680>
SCRIPT       : 18:46:53.929 [EXPANSION DEBUG]: eAI_SurvivorM_Oliver<2b30a090> Debug: Not removed during target cleanup eAIZombieTargetInformation<10b7b090>, entity=ZmbM_SoldierNormal_Base<10de4970>, position=<5667.425293, 18.997637, 9434.500000> eAITargetInformationState<2e0ef520>
SCRIPT       : 18:46:53.929 [EXPANSION DEBUG]: eAI_SurvivorM_Oliver<2b30a090> Debug: Not removed during target cleanup eAIZombieTargetInformation<10b7b210>, entity=ZmbM_PatrolNormal_Base<10e18ca0>, position=<5679.091797, 22.286743, 9462.638672> eAITargetInformationState<2e0cfd60>
SCRIPT       : 18:46:53.929 [EXPANSION DEBUG]: eAI_SurvivorM_Oliver<2b30a090> Debug: Not removed during target cleanup eAIZombieTargetInformation<10b7ac10>, entity=ZmbM_PatrolNormal_Base<10e20f70>, position=<5669.249023, 18.402317, 9434.553711> eAITargetInformationState<2e0efac0>
SCRIPT       : 18:46:53.929 [EXPANSION DEBUG]: eAI_SurvivorM_Oliver<2b30a090> Debug: Not removed during target cleanup eAIZombieTargetInformation<10b7c590>, entity=ZmbM_PatrolNormal_Base<10de5380>, position=<5660.409668, 26.978796, 9463.083984> eAITargetInformationState<2e0f0380>
SCRIPT       : [Namalsk][NamEventManager]: Trying to select a new event...
SCRIPT       : [Namalsk][NamEventManager]: Starting event ExtremeCold
SCRIPT       : [Namalsk][ExtremeCold]: init: 100 (sec), mid: 1074.45 (sec), end: 100 (sec), TempDrop: -12.8633 (C)
SCRIPT       : [Namalsk][NamEventManager]: ExtremeCold: Phase Length 100
SCRIPT       : [Namalsk][NamEventManager]: Next selection will occur in 669 seconds
SCRIPT       : [Namalsk][NamEventManager]: ExtremeCold: Phase Length 1074.45
