---------------------------------------------
Log C:\daisy\DayZServerNam\!!!\profiles\script_2024-06-12_23-48-57.log started at 12.06. 23:48:58

SCRIPT       : Registered 403 temporary action enum(s), UAN==403
SCRIPT    (W): @"scripts/3_Game/gameplay.c,911": Missing script declaration for method 'MenuData.GetLastSteamQueryPort'
SCRIPT       : Registering faction type eAIFactionShamans ID -1484989417
SCRIPT       : Registering faction type eAIFactionObservers ID -563736721
SCRIPT       : Registering faction type eAIFactionInvincibleObservers ID -1227299746
SCRIPT       : Registering faction type eAIFactionEast ID 90522109
SCRIPT       : Registering faction type eAIFactionGuards ID 963933710
SCRIPT       : Registering faction type eAIFactionRaiders ID 1535276022
SCRIPT       : Registering faction type eAIFactionYeetBrigade ID 1408543989
SCRIPT       : Registering faction type eAIFactionMercenaries ID 1629891834
SCRIPT       : Registering faction type eAIFactionWest ID 113880155
SCRIPT       : Registering faction type eAIFactionCivilian ID 1096178351
SCRIPT       : Registering faction type eAIFactionPassive ID -1159399789
SCRIPT       : Registering faction type eAIFactionInvincibleYeetBrigade ID -1118767876
SCRIPT       : Registering faction type eAIFactionInvincibleGuards ID 782746017
SCRIPT       : ... Backlit Effects Enabled
SCRIPT       : 23:49:00 [EXPANSION LOG]: DayZGame<d7567380> Start time (local time) 2024-06-12 23:48:53
SCRIPT       : 23:49:00 [EXPANSION LOG]: DayZGame<d7567380> Start time (UTC) 2024-06-12 22:48:53
SCRIPT       : 23:49:00 [EXPANSION LOG]: DayZGame<d7567380> Runtime since start (seconds) 7.449
SCRIPT       : Registering faction type eAIFactionLunatics ID 1167351711
SCRIPT       : Registering faction type eAIFactionInfected ID 1371958374
SCRIPT       : Expansion version: 1.8.50
SCRIPT       : 23:49:14.437 [EXPANSION DEBUG]: [ExpansionDebugSettings] Load existing setting file:$profile:ExpansionMod\Settings\DebugSettings.json
SCRIPT       : 23:49:14.437 [EXPANSION DEBUG]: [ExpansionLogSettings] Load existing setting file:$profile:ExpansionMod\Settings\LogsSettings.json
SCRIPT       : 23:49:14.437 [EXPANSION DEBUG]: [ExpansionNotificationSettings] Load existing setting file:$profile:ExpansionMod\Settings\NotificationSettings.json
SCRIPT       : 23:49:14.437 [EXPANSION DEBUG]: [ExpansionMonitoringSettings] Load existing setting file:$profile:ExpansionMod\Settings\MonitoringSettings.json
SCRIPT       : 23:49:14.437 [EXPANSION DEBUG]: [ExpansionDamageSystemSettings] Load existing setting file:$profile:ExpansionMod\Settings\DamageSystemSettings.json
SCRIPT       : 23:49:14.437 [EXPANSION DEBUG]: [ExpansionPartySettings] Load existing setting file:$profile:ExpansionMod\Settings\PartySettings.json
SCRIPT       : 23:49:14.437 [EXPANSION DEBUG]: [ExpansionHardlineSettings] Load existing setting file:$mission:expansion\settings\HardlineSettings.json
SCRIPT       : 23:49:14.453 [EXPANSION DEBUG]: [ExpansionMarketSettings] Load existing setting file:$mission:expansion\settings\MarketSettings.json
SCRIPT       : ExpansionMarketSettings::LoadCategories - Adding category ID 1 (Ammo)
SCRIPT       : ExpansionMarketSettings::LoadCategories - Adding category ID 2 (Ammo_Boxes)
SCRIPT       : ExpansionMarketSettings::LoadCategories - Adding category ID 3 (Armbands)
SCRIPT       : ExpansionMarketSettings::LoadCategories - Adding category ID 4 (Assault_Rifles)
SCRIPT       : ExpansionMarketSettings::LoadCategories - Adding category ID 5 (Backpacks)
SCRIPT       : ExpansionMarketSettings::LoadCategories - Adding category ID 6 (Bandanas)
SCRIPT       : ExpansionMarketSettings::LoadCategories - Adding category ID 7 (Batteries)
SCRIPT       : ExpansionMarketSettings::LoadCategories - Adding category ID 8 (Bayonets)
SCRIPT       : ExpansionMarketSettings::LoadCategories - Adding category ID 9 (Belts)
SCRIPT       : ExpansionMarketSettings::LoadCategories - Adding category ID 10 (Blouses_And_Suits)
SCRIPT       : ExpansionMarketSettings::LoadCategories - Adding category ID 11 (Boats)
SCRIPT       : ExpansionMarketSettings::LoadCategories - Adding category ID 12 (Boots_And_Shoes)
SCRIPT       : ExpansionMarketSettings::LoadCategories - Adding category ID 13 (Buttstocks)
SCRIPT       : ExpansionMarketSettings::LoadCategories - Adding category ID 14 (Caps)
SCRIPT       : ExpansionMarketSettings::LoadCategories - Adding category ID 15 (Cars)
SCRIPT       : ExpansionMarketSettings::LoadCategories - Adding category ID 16 (Coats_And_Jackets)
SCRIPT       : ExpansionMarketSettings::LoadCategories - Adding category ID 17 (Containers)
SCRIPT       : ExpansionMarketSettings::LoadCategories - Adding category ID 18 (Crossbows)
SCRIPT       : ExpansionMarketSettings::LoadCategories - Adding category ID 19 (Drinks)
SCRIPT       : ExpansionMarketSettings::LoadCategories - Adding category ID 20 (Electronics)
SCRIPT       : ExpansionMarketSettings::LoadCategories - Adding category ID 21 (Event)
SCRIPT       : ExpansionMarketSettings::LoadCategories - Adding category ID 22 (Exchange)
SCRIPT       : ExpansionMarketSettings::LoadCategories - Adding category ID 23 (Explosives_And_Grenades)
SCRIPT       : ExpansionMarketSettings::LoadCategories - Adding category ID 24 (Eyewear)
SCRIPT       : ExpansionMarketSettings::LoadCategories - Adding category ID 25 (Fish)
SCRIPT       : ExpansionMarketSettings::LoadCategories - Adding category ID 26 (Fishing)
SCRIPT       : ExpansionMarketSettings::LoadCategories - Adding category ID 27 (Flags)
SCRIPT       : ExpansionMarketSettings::LoadCategories - Adding category ID 28 (Food)
SCRIPT       : ExpansionMarketSettings::LoadCategories - Adding category ID 29 (Fruit_And_Vegetables)
SCRIPT       : ExpansionMarketSettings::LoadCategories - Adding category ID 30 (Furnishings)
SCRIPT       : ExpansionMarketSettings::LoadCategories - Adding category ID 31 (Gardening)
SCRIPT       : ExpansionMarketSettings::LoadCategories - Adding category ID 32 (Ghillies)
SCRIPT       : ExpansionMarketSettings::LoadCategories - Adding category ID 33 (Gloves)
SCRIPT       : ExpansionMarketSettings::LoadCategories - Adding category ID 34 (Handguards)
SCRIPT       : ExpansionMarketSettings::LoadCategories - Adding category ID 35 (Hats_And_Hoods)
SCRIPT       : ExpansionMarketSettings::LoadCategories - Adding category ID 36 (Helicopters)
SCRIPT       : ExpansionMarketSettings::LoadCategories - Adding category ID 37 (Helmets)
SCRIPT       : ExpansionMarketSettings::LoadCategories - Adding category ID 38 (Holsters_And_Pouches)
SCRIPT       : ExpansionMarketSettings::LoadCategories - Adding category ID 39 (Kits)
SCRIPT       : ExpansionMarketSettings::LoadCategories - Adding category ID 40 (Knifes)
SCRIPT       : ExpansionMarketSettings::LoadCategories - Adding category ID 41 (Launchers)
SCRIPT       : ExpansionMarketSettings::LoadCategories - Adding category ID 42 (Lights)
SCRIPT       : ExpansionMarketSettings::LoadCategories - Adding category ID 43 (Liquids)
SCRIPT       : ExpansionMarketSettings::LoadCategories - Adding category ID 44 (Locks)
SCRIPT       : ExpansionMarketSettings::LoadCategories - Adding category ID 45 (Magazines)
SCRIPT       : ExpansionMarketSettings::LoadCategories - Adding category ID 46 (Masks)
SCRIPT       : ExpansionMarketSettings::LoadCategories - Adding category ID 47 (Meat)
SCRIPT       : ExpansionMarketSettings::LoadCategories - Adding category ID 48 (Medical)
SCRIPT       : ExpansionMarketSettings::LoadCategories - Adding category ID 49 (Melee_Weapons)
SCRIPT       : ExpansionMarketSettings::LoadCategories - Adding category ID 50 (Muzzles)
SCRIPT       : ExpansionMarketSettings::LoadCategories - Adding category ID 51 (Navigation)
SCRIPT       : ExpansionMarketSettings::LoadCategories - Adding category ID 52 (Optics)
SCRIPT       : ExpansionMarketSettings::LoadCategories - Adding category ID 53 (Pants_And_Shorts)
SCRIPT       : ExpansionMarketSettings::LoadCategories - Adding category ID 54 (Pistols)
SCRIPT       : ExpansionMarketSettings::LoadCategories - Adding category ID 55 (Rifles)
SCRIPT       : ExpansionMarketSettings::LoadCategories - Adding category ID 56 (Shirts_And_TShirts)
SCRIPT       : ExpansionMarketSettings::LoadCategories - Adding category ID 57 (Shotguns)
SCRIPT       : ExpansionMarketSettings::LoadCategories - Adding category ID 58 (Skirts_And_Dresses)
SCRIPT       : ExpansionMarketSettings::LoadCategories - Adding category ID 59 (Sniper_Rifles)
SCRIPT       : ExpansionMarketSettings::LoadCategories - Adding category ID 60 (Spraycans)
SCRIPT       : ExpansionMarketSettings::LoadCategories - Adding category ID 61 (Submachine_Guns)
SCRIPT       : ExpansionMarketSettings::LoadCategories - Adding category ID 62 (Supplies)
SCRIPT       : ExpansionMarketSettings::LoadCategories - Adding category ID 63 (Sweaters_And_Hoodies)
SCRIPT       : ExpansionMarketSettings::LoadCategories - Adding category ID 64 (Tents)
SCRIPT       : ExpansionMarketSettings::LoadCategories - Adding category ID 65 (Tools)
SCRIPT       : ExpansionMarketSettings::LoadCategories - Adding category ID 66 (Vehicle_Parts)
SCRIPT       : ExpansionMarketSettings::LoadCategories - Adding category ID 67 (Vests)
SCRIPT       : 23:49:14.601 [EXPANSION DEBUG]: [ExpansionAirdropSettings] Load existing setting file:$profile:ExpansionMod\Settings\AirdropSettings.json
SCRIPT       : 23:49:15.015 [EXPANSION DEBUG]: [ExpansionMissionSettings] Load existing setting file:$profile:ExpansionMod\Settings\MissionSettings.json
SCRIPT       : 23:49:15.015 [EXPANSION DEBUG]: [ExpansionMapSettings] Load existing setting file:$mission:expansion\settings\MapSettings.json
SCRIPT       : 23:49:15.023 [EXPANSION DEBUG]: [ExpansionPersonalStorageNewSettings] Load existing setting file:$profile:ExpansionMod\Settings\PersonalStorageNewSettings.json
SCRIPT       : 23:49:15.031 [EXPANSION DEBUG]: [ExpansionGeneralSettings] Load existing setting file:$profile:ExpansionMod\Settings\GeneralSettings.json
SCRIPT       : 23:49:15.031 [EXPANSION DEBUG]: [ExpansionPlayerListSettings] Load existing setting file:$profile:ExpansionMod\Settings\PlayerListSettings.json
SCRIPT       : 23:49:15.031 [EXPANSION DEBUG]: [ExpansionSocialMediaSettings] Load existing setting file:$profile:ExpansionMod\Settings\SocialMediaSettings.json
SCRIPT       : 23:49:15.031 [EXPANSION DEBUG]: [ExpansionSpawnSettings] Load existing setting file:$mission:expansion\settings\SpawnSettings.json
SCRIPT       : 23:49:15.031 [EXPANSION DEBUG]: [ExpansionVehicleSettings] Load existing setting file:$profile:ExpansionMod\Settings\VehicleSettings.json
SCRIPT       : 23:49:15.031 [EXPANSION DEBUG]: [ExpansionAISettings] Load existing setting file:$profile:ExpansionMod\Settings\AISettings.json
SCRIPT       : 23:49:15.031 [EXPANSION DEBUG]: [ExpansionAIPatrolSettings] Load existing setting file:$mission:expansion\settings\AIPatrolSettings.json
SCRIPT       : 23:49:15.046 [EXPANSION DEBUG]: [ExpansionBaseBuildingSettings] Load existing setting file:$mission:expansion\settings\BaseBuildingSettings.json
SCRIPT       : 23:49:15.046 [EXPANSION DEBUG]: [ExpansionRaidSettings] Load existing setting file:$profile:ExpansionMod\Settings\RaidSettings.json
SCRIPT       : 23:49:15.046 [EXPANSION DEBUG]: [ExpansionTerritorySettings] Load existing setting file:$profile:ExpansionMod\Settings\TerritorySettings.json
SCRIPT       : 23:49:15.046 [EXPANSION DEBUG]: [ExpansionChatSettings] Load existing setting file:$profile:ExpansionMod\Settings\ChatSettings.json
SCRIPT       : [DefineTest] EXPANSIONMOD is defined
SCRIPT       : [DefineTest] EXPANSIONMODAI is defined
SCRIPT       : [DefineTest] EXPANSIONMODBASEBUILDING is defined
SCRIPT       : [DefineTest] EXPANSIONMODBOOK is defined
SCRIPT       : [DefineTest] EXPANSIONMODCHAT is defined
SCRIPT       : [DefineTest] EXPANSIONMODCORE is defined
SCRIPT       : [DefineTest] EXPANSIONMODGARAGE is defined
SCRIPT       : [DefineTest] EXPANSIONMODGROUPS is defined
SCRIPT       : [DefineTest] EXPANSIONMODHARDLINE is defined
SCRIPT       : [DefineTest] EXPANSIONMODKILLFEED is defined
SCRIPT       : [DefineTest] EXPANSIONMODMAPASSETS is defined
SCRIPT       : [DefineTest] EXPANSIONMODMARKET is defined
SCRIPT       : [DefineTest] EXPANSIONMODMISSIONS is defined
SCRIPT       : [DefineTest] EXPANSIONMODNAMETAGS is defined
SCRIPT       : [DefineTest] EXPANSIONMODNAVIGATION is defined
SCRIPT       : [DefineTest] EXPANSIONMODP2PMARKET is defined
SCRIPT       : [DefineTest] EXPANSIONMODPERSONALSTORAGE is defined
SCRIPT       : [DefineTest] EXPANSIONMODQUESTS is defined
SCRIPT       : [DefineTest] EXPANSIONMODSPAWNSELECTION is defined
SCRIPT       : [DefineTest] EXPANSIONMODVEHICLE is defined
SCRIPT       : [DefineTest] EXPANSIONMODWEAPONS is defined
SCRIPT       : [DefineTest] CfgMods:
SCRIPT       : defaultAction
SCRIPT       : DayZ
SCRIPT       : DZ_Expansion_AI_Preload
SCRIPT       : DZ_Expansion_BaseBuilding_Preload
SCRIPT       : DZ_Expansion_Book_Preload
SCRIPT       : DZ_Expansion_Chat_Preload
SCRIPT       : DZ_Expansion_Core_Preload
SCRIPT       : DZ_Expansion_Garage_Preload
SCRIPT       : DZ_Expansion_Groups_Preload
SCRIPT       : DZ_Expansion_Hardline_Preload
SCRIPT       : DZ_Expansion_KillFeed_Preload
SCRIPT       : DZ_Expansion_MapAssets_Preload
SCRIPT       : DZ_Expansion_Market_Preload
SCRIPT       : DZ_Expansion_Missions_Preload
SCRIPT       : DZ_Expansion_ModStorage_Preload
SCRIPT       : DZ_Expansion_NameTags_Preload
SCRIPT       : DZ_Expansion_Navigation_Preload
SCRIPT       : DZ_Expansion_P2PMarket_Preload
SCRIPT       : DZ_Expansion_PersonalStorage_Preload
SCRIPT       : DZ_Expansion_Preload
SCRIPT       : DZ_Expansion_Quests_Preload
SCRIPT       : DZ_Expansion_SpawnSelection_Preload
SCRIPT       : DZ_Expansion_Vehicles_Preload
SCRIPT       : DZ_Expansion_Weapons_Preload
SCRIPT       : DabsFramework
SCRIPT       : DZ_Expansion_DefineTest
SCRIPT       : DZ_Expansion_MapAssets
SCRIPT       : EditorLoader
SCRIPT       : JM_CommunityFramework
SCRIPT       : JM_CommunityOnlineTools
SCRIPT       : NAMALSK_ISLAND
SCRIPT       : NAMALSK_SURVIVAL
SCRIPT       : Overhaulfiles
SCRIPT       : DZ_Expansion_ModStorage
SCRIPT       : DZ_Expansion_Core
SCRIPT       : DZ_Expansion_Garage
SCRIPT       : DZ_Expansion_Groups
SCRIPT       : DZ_Expansion_Market
SCRIPT       : DZ_Expansion_Missions
SCRIPT       : DZ_Expansion_NameTags
SCRIPT       : DZ_Expansion_Navigation
SCRIPT       : DZ_Expansion_NotificationScheduler
SCRIPT       : DZ_Expansion_P2PMarket
SCRIPT       : DZ_Expansion_PersonalStorage
SCRIPT       : DZ_Expansion_PersonalStorageNew
SCRIPT       : DZ_Expansion_PlayerList
SCRIPT       : DZ_Expansion
SCRIPT       : DZ_Expansion_SpawnSelection
SCRIPT       : DZ_Expansion_VanillaFixes
SCRIPT       : DZ_Expansion_Vehicles
SCRIPT       : DZ_Expansion_Weapons
SCRIPT       : A3_UI_F
SCRIPT       : DZ_Expansion_AI
SCRIPT       : DZ_Expansion_BaseBuilding
SCRIPT       : DZ_Expansion_Book
SCRIPT       : DZ_Expansion_Chat
SCRIPT       : DZ_Expansion_Hardline
SCRIPT       : DZ_Expansion_Quests
SCRIPT       : DZ_Expansion_VirtualContainerStorage
SCRIPT       : Namalsk_Overhaul_scripts
SCRIPT       : 23:49:15.437 [EXPANSION DEBUG]: ModStorage v5
SCRIPT       : [Namalsk_Overhaul] Spawning Objects...
SCRIPT    (E): NULL pointer to instance
Class:      'CustomMission'
Function: 'SpawnObject'
Stack trace:
Namalsk_Overhaul/scripts/5_mission/namalsk_overhaul.c:8
Namalsk_Overhaul/scripts/5_mission/namalsk_overhaul.c:172
$CurrentDir:mpmissions\regular.namalsk\init.c:36
SCRIPT    (E): NULL pointer to instance
Class:      'CustomMission'
Function: 'SpawnObject'
Stack trace:
Namalsk_Overhaul/scripts/5_mission/namalsk_overhaul.c:8
Namalsk_Overhaul/scripts/5_mission/namalsk_overhaul.c:491
$CurrentDir:mpmissions\regular.namalsk\init.c:36
SCRIPT    (E): NULL pointer to instance
Class:      'CustomMission'
Function: 'SpawnObject'
Stack trace:
Namalsk_Overhaul/scripts/5_mission/namalsk_overhaul.c:8
Namalsk_Overhaul/scripts/5_mission/namalsk_overhaul.c:578
$CurrentDir:mpmissions\regular.namalsk\init.c:36
SCRIPT    (E): NULL pointer to instance
Class:      'CustomMission'
Function: 'SpawnObject'
Stack trace:
Namalsk_Overhaul/scripts/5_mission/namalsk_overhaul.c:8
Namalsk_Overhaul/scripts/5_mission/namalsk_overhaul.c:592
$CurrentDir:mpmissions\regular.namalsk\init.c:36
SCRIPT       : [Namalsk][NamEventManager]: Next selection will occur in 606 seconds
SCRIPT       : [Namalsk][NamEventManager]: NamEventManager is now running
SCRIPT       : 22 objects created, 0 deleted (completed in 22)
SCRIPT       : 23:49:22.820 [EXPANSION DEBUG]: ExpansionTraderDenis<d84a0010>::SetTraderObject ExpansionTraderObjectBase<81b40c00> <6297.701172, 20.696091, 9523.166016>
SCRIPT       : 23:49:22.820 [EXPANSION DEBUG]: LoadMissionTradersFile trader ExpansionTraderDenis<d84a0010> fileName Aircraft
SCRIPT       : 23:49:22.835 [EXPANSION DEBUG]: ExpansionTraderGuo<58089a80>::SetTraderObject ExpansionTraderObjectBase<666373c0> <8599.360352, 14.725300, 10492.200195>
SCRIPT       : 23:49:22.835 [EXPANSION DEBUG]: LoadMissionTradersFile trader ExpansionTraderGuo<58089a80> fileName Vehicle_Parts
SCRIPT       : 23:49:22.851 [EXPANSION DEBUG]: ExpansionTraderHassan<f38c78f0>::SetTraderObject ExpansionTraderObjectBase<6663e5c0> <8596.509766, 14.747800, 10488.000000>
SCRIPT       : 23:49:22.851 [EXPANSION DEBUG]: LoadMissionTradersFile trader ExpansionTraderHassan<f38c78f0> fileName Vehicles
SCRIPT       : 23:49:22.867 [EXPANSION DEBUG]: ExpansionTraderIndar<f348870>::SetTraderObject ExpansionTraderObjectBase<66724dd0> <8570.200195, 14.804744, 10531.799805>
SCRIPT       : 23:49:22.867 [EXPANSION DEBUG]: LoadMissionTradersFile trader ExpansionTraderIndar<f348870> fileName Medicals
SCRIPT       : 23:49:22.882 [EXPANSION DEBUG]: ExpansionTraderKaito<66733150>::SetTraderObject ExpansionTraderObjectBase<66902760> <8566.829102, 15.935067, 10515.494141>
SCRIPT       : 23:49:22.882 [EXPANSION DEBUG]: LoadMissionTradersFile trader ExpansionTraderKaito<66733150> fileName Exchange
SCRIPT       : 23:49:22.898 [EXPANSION DEBUG]: ExpansionTraderLewis<d84ab090>::SetTraderObject ExpansionTraderObjectBase<6691b180> <8564.556641, 15.914123, 10516.875000>
SCRIPT       : 23:49:22.898 [EXPANSION DEBUG]: LoadMissionTradersFile trader ExpansionTraderLewis<d84ab090> fileName BuildingSupplies
SCRIPT       : 23:49:22.914 [EXPANSION DEBUG]: ExpansionTraderNaomi<66936150>::SetTraderObject ExpansionTraderObjectBase<66a979c0> <8554.720703, 15.931895, 10524.275391>
SCRIPT       : 23:49:22.914 [EXPANSION DEBUG]: LoadMissionTradersFile trader ExpansionTraderNaomi<66936150> fileName Clothing
SCRIPT       : 23:49:22.929 [EXPANSION DEBUG]: ExpansionTraderHelga<66b5f010>::SetTraderObject ExpansionTraderObjectBase<66a9cee0> <8560.446289, 15.920970, 10521.180664>
SCRIPT       : 23:49:22.929 [EXPANSION DEBUG]: LoadMissionTradersFile trader ExpansionTraderHelga<66b5f010> fileName Clothing_Accessories
SCRIPT       : 23:49:22.945 [EXPANSION DEBUG]: ExpansionTraderLinda<66bc7a90>::SetTraderObject ExpansionTraderObjectBase<66c19170> <8571.715820, 14.824916, 10521.992188>
SCRIPT       : 23:49:22.945 [EXPANSION DEBUG]: LoadMissionTradersFile trader ExpansionTraderLinda<66bc7a90> fileName Consumables
SCRIPT       : 23:49:22.960 [EXPANSION DEBUG]: ExpansionTraderGabi<66d19010>::SetTraderObject ExpansionTraderObjectBase<6691b2a0> <8584.846680, 14.821787, 10534.984375>
SCRIPT       : 23:49:22.960 [EXPANSION DEBUG]: LoadMissionTradersFile trader ExpansionTraderGabi<66d19010> fileName Weapons
SCRIPT       : 23:49:22.968 [EXPANSION DEBUG]: ExpansionTraderIrena<66da52a0>::SetTraderObject ExpansionTraderObjectBase<66dd9e10> <8594.533203, 14.821795, 10529.988281>
SCRIPT       : 23:49:22.968 [EXPANSION DEBUG]: LoadMissionTradersFile trader ExpansionTraderIrena<66da52a0> fileName Attachments
SCRIPT       : 23:49:22.984 [EXPANSION DEBUG]: ExpansionTraderQuinn<66f35010>::SetTraderObject ExpansionTraderObjectBase<66ddefd0> <8555.026367, 15.931314, 10514.249023>
SCRIPT       : 23:49:22.984 [EXPANSION DEBUG]: LoadMissionTradersFile trader ExpansionTraderQuinn<66f35010> fileName Components
SCRIPT       : 23:49:23.007 [EXPANSION DEBUG]: ExpansionTraderJudy<66e80010>::SetTraderObject ExpansionTraderObjectBase<66fdf720> <8630.750000, 16.608299, 10510.500000>
SCRIPT       : 23:49:23.007 [EXPANSION DEBUG]: LoadMissionTradersFile trader ExpansionTraderJudy<66e80010> fileName Fishing
SCRIPT       : 23:49:23.023 [EXPANSION DEBUG]: ExpansionTraderPeter<66eb3680>::SetTraderObject ExpansionTraderObjectBase<67145e10> <8590.870117, 14.821789, 10534.200195>
SCRIPT       : 23:49:23.023 [EXPANSION DEBUG]: LoadMissionTradersFile trader ExpansionTraderPeter<66eb3680> fileName Special
SCRIPT       : 23:49:23.039 [EXPANSION DEBUG]: ExpansionTraderMaria<670ad010>::SetTraderObject ExpansionTraderObjectBase<6715e950> <8559.040039, 16.014900, 10511.099609>
SCRIPT       : 23:49:23.039 [EXPANSION DEBUG]: LoadMissionTradersFile trader ExpansionTraderMaria<670ad010> fileName Spraycans
SCRIPT       : 23:49:23.054 [EXPANSION DEBUG]: ExpansionTraderBoris<672092a0>::SetTraderObject ExpansionTraderObjectBase<67243880> <8053.950195, 1.847600, 7595.729980>
SCRIPT       : 23:49:23.054 [EXPANSION DEBUG]: LoadMissionTradersFile trader ExpansionTraderBoris<672092a0> fileName Boats
SCRIPT       : 23:49:23.062 [EXPANSION DEBUG]: ExpansionTraderCyril<69d27010>::SetTraderObject ExpansionTraderObjectBase<67247a80> <8050.020020, 2.791790, 7583.060059>
SCRIPT       : 23:49:23.062 [EXPANSION DEBUG]: LoadMissionTradersFile trader ExpansionTraderCyril<69d27010> fileName Vehicle_Parts
SCRIPT       : [ExpansionQuestPersistentServerData] Load existing configuration file:$profile:ExpansionMod\Quests\PersistentServerData.json
SCRIPT       : [ExpansionQuestPersistentServerData] Load existing configuration file:$profile:ExpansionMod\Quests\PersistentServerData.json
SCRIPT       : [ExpansionQuestObjectiveTravelConfig] Load existing configuration file:$profile:ExpansionMod\Quests\Objectives\Travel\Objective_T_1.json
SCRIPT       : [ExpansionQuestObjectiveTravelConfig] Load existing configuration file:$profile:ExpansionMod\Quests\Objectives\Travel\Objective_T_2.json
SCRIPT       : [ExpansionQuestObjectiveTravelConfig] Load existing configuration file:$profile:ExpansionMod\Quests\Objectives\Travel\Objective_T_3.json
SCRIPT       : [ExpansionQuestObjectiveTravelConfig] Load existing configuration file:$profile:ExpansionMod\Quests\Objectives\Travel\Objective_T_4.json
SCRIPT       : [ExpansionQuestObjectiveTravelConfig] Load existing configuration file:$profile:ExpansionMod\Quests\Objectives\Travel\Objective_T_5.json
SCRIPT       : [ExpansionQuestObjectiveTravelConfig] Load existing configuration file:$profile:ExpansionMod\Quests\Objectives\Travel\Objective_T_6.json
SCRIPT       : [ExpansionQuestObjectiveTravelConfig] Load existing configuration file:$profile:ExpansionMod\Quests\Objectives\Travel\Objective_T_7.json
SCRIPT       : [ExpansionQuestObjectiveTargetConfig] Load existing configuration file:$profile:ExpansionMod\Quests\Objectives\Target\Objective_TA_1.json
SCRIPT       : [ExpansionQuestObjectiveTargetConfig] Load existing configuration file:$profile:ExpansionMod\Quests\Objectives\Target\Objective_TA_2.json
SCRIPT       : [ExpansionQuestObjectiveTargetConfig] Load existing configuration file:$profile:ExpansionMod\Quests\Objectives\Target\Objective_TA_3.json
SCRIPT       : [ExpansionQuestObjectiveTargetConfig] Load existing configuration file:$profile:ExpansionMod\Quests\Objectives\Target\Objective_TA_4.json
SCRIPT       : [ExpansionQuestObjectiveDeliveryConfig] Load existing configuration file:$profile:ExpansionMod\Quests\Objectives\Delivery\Objective_D_1.json
SCRIPT       : [ExpansionQuestObjectiveDeliveryConfig] Load existing configuration file:$profile:ExpansionMod\Quests\Objectives\Delivery\Objective_D_2.json
SCRIPT       : [ExpansionQuestObjectiveCollectionConfig] Load existing configuration file:$profile:ExpansionMod\Quests\Objectives\Collection\Objective_C_1.json
SCRIPT       : [ExpansionQuestObjectiveCollectionConfig] Load existing configuration file:$profile:ExpansionMod\Quests\Objectives\Collection\Objective_C_2.json
SCRIPT       : [ExpansionQuestObjectiveCollectionConfig] Load existing configuration file:$profile:ExpansionMod\Quests\Objectives\Collection\Objective_C_3.json
SCRIPT       : [ExpansionQuestObjectiveTreasureHuntConfig] Load existing configuration file:$profile:ExpansionMod\Quests\Objectives\TreasureHunt\Objective_TH_1.json
SCRIPT       : [ExpansionQuestObjectiveActionConfig] Load existing configuration file:$profile:ExpansionMod\Quests\Objectives\Action\Objective_A_1.json
SCRIPT       : [ExpansionQuestObjectiveActionConfig] Load existing configuration file:$profile:ExpansionMod\Quests\Objectives\Action\Objective_A_2.json
SCRIPT       : [ExpansionQuestObjectiveCraftingConfig] Load existing configuration file:$profile:ExpansionMod\Quests\Objectives\Crafting\Objective_CR_1.json
SCRIPT       : [ExpansionQuestObjectiveAIPatrolConfig] Load existing configuration file:$profile:ExpansionMod\Quests\Objectives\AIPatrol\Objective_AIP_1.json
SCRIPT       : [ExpansionQuestObjectiveAICampConfig] Load existing configuration file:$profile:ExpansionMod\Quests\Objectives\AICamp\Objective_AIC_1.json
SCRIPT       : [ExpansionQuestObjectiveAIEscortConfig] Load existing configuration file:$profile:ExpansionMod\Quests\Objectives\AIVIP\Objective_AIESCORT_1.json
SCRIPT       : [ExpansionQuestNPCData] Load existing configuration file:QuestNPC_1.json
SCRIPT       : [ExpansionQuestNPCData] Load existing configuration file:QuestNPC_2.json
SCRIPT       : [ExpansionQuestNPCData] Load existing configuration file:QuestNPC_3.json
SCRIPT       : 23:49:36.601 [EXPANSION DEBUG]: ExpansionP2PTraderAIIrena<438e8200>::SetP2PTraderID - ID: 1
SCRIPT       : ExpansionZoneCircle<4c2a04f0> position=<8583.669922, 0.000000, 10515.000000> radius=400
SCRIPT       : Found 1 zones!
SCRIPT       : ExpansionMarketItem marketItem = ExpansionMarketItem<d7768300>
SCRIPT       : int worth =   1
SCRIPT       : m_EventManager NamEventManager<cf1eae00>
SCRIPT       : MaxEventCount 2
SCRIPT       : 23:49:36.695 [EXPANSION DEBUG]: ExpansionQuestNPCAIElias<4dd3b060>::OnEnterSafeZone
SCRIPT       : bool m_Expansion_LeavingSafeZone = 0
SCRIPT       : bool m_Expansion_IsInSafeZone = 0
SCRIPT       : bool m_Expansion_IsInSafeZoneSynchRemote = 0
SCRIPT       : 23:49:36.695 [EXPANSION DEBUG]: ExpansionQuestNPCAIDenis<4df28170>::OnEnterSafeZone
SCRIPT       : bool m_Expansion_LeavingSafeZone = 0
SCRIPT       : bool m_Expansion_IsInSafeZone = 0
SCRIPT       : bool m_Expansion_IsInSafeZoneSynchRemote = 0
SCRIPT       : [Namalsk][NamEventManager]: Trying to select a new event...
SCRIPT       : [Namalsk][NamEventManager]: Starting event ExtremeCold
SCRIPT       : [Namalsk][ExtremeCold]: init: 100 (sec), mid: 1158.86 (sec), end: 100 (sec), TempDrop: -12.9712 (C)
SCRIPT       : [Namalsk][NamEventManager]: ExtremeCold: Phase Length 100
SCRIPT       : [Namalsk][NamEventManager]: Next selection will occur in 802 seconds
SCRIPT       : Clear up static fireplaces: 0
SCRIPT       : 23:50:02.414 [EXPANSION DEBUG]: Clearing cached categories 67
SCRIPT       : 23:50:02.421 [EXPANSION DEBUG]: Clearing cached traders 17
SCRIPT       : ~DayZGame()
