---------------------------------------------
Log C:\daisy\DayZServerNam\!!!\profiles\script_2024-06-12_23-50-30.log started at 12.06. 23:50:31

SCRIPT       : Registered 403 temporary action enum(s), UAN==403
SCRIPT    (W): @"scripts/3_Game/gameplay.c,911": Missing script declaration for method 'MenuData.GetLastSteamQueryPort'
SCRIPT       : Registering faction type eAIFactionShamans ID -1484989417
SCRIPT       : Registering faction type eAIFactionObservers ID -563736721
SCRIPT       : Registering faction type eAIFactionInvincibleObservers ID -1227299746
SCRIPT       : Registering faction type eAIFactionEast ID 90522109
SCRIPT       : Registering faction type eAIFactionGuards ID 963933710
SCRIPT       : Registering faction type eAIFactionRaiders ID 1535276022
SCRIPT       : Registering faction type eAIFactionYeetBrigade ID 1408543989
SCRIPT       : Registering faction type eAIFactionMercenaries ID 1629891834
SCRIPT       : Registering faction type eAIFactionWest ID 113880155
SCRIPT       : Registering faction type eAIFactionCivilian ID 1096178351
SCRIPT       : Registering faction type eAIFactionPassive ID -1159399789
SCRIPT       : Registering faction type eAIFactionInvincibleYeetBrigade ID -1118767876
SCRIPT       : Registering faction type eAIFactionInvincibleGuards ID 782746017
SCRIPT       : ... Backlit Effects Enabled
SCRIPT       : 23:50:33 [EXPANSION LOG]: DayZGame<c5d1f8e0> Start time (local time) 2024-06-12 23:50:20
SCRIPT       : 23:50:33 [EXPANSION LOG]: DayZGame<c5d1f8e0> Start time (UTC) 2024-06-12 22:50:20
SCRIPT       : 23:50:33 [EXPANSION LOG]: DayZGame<c5d1f8e0> Runtime since start (seconds) 13.816
SCRIPT       : Registering faction type eAIFactionLunatics ID 1167351711
SCRIPT       : Registering faction type eAIFactionInfected ID 1371958374
SCRIPT       : Expansion version: 1.8.50
SCRIPT       : 23:50:58.437 [EXPANSION DEBUG]: [ExpansionDebugSettings] Load existing setting file:$profile:ExpansionMod\Settings\DebugSettings.json
SCRIPT       : 23:50:58.437 [EXPANSION DEBUG]: [ExpansionLogSettings] Load existing setting file:$profile:ExpansionMod\Settings\LogsSettings.json
SCRIPT       : 23:50:58.437 [EXPANSION DEBUG]: [ExpansionNotificationSettings] Load existing setting file:$profile:ExpansionMod\Settings\NotificationSettings.json
SCRIPT       : 23:50:58.437 [EXPANSION DEBUG]: [ExpansionMonitoringSettings] Load existing setting file:$profile:ExpansionMod\Settings\MonitoringSettings.json
SCRIPT       : 23:50:58.437 [EXPANSION DEBUG]: [ExpansionDamageSystemSettings] Load existing setting file:$profile:ExpansionMod\Settings\DamageSystemSettings.json
SCRIPT       : 23:50:58.437 [EXPANSION DEBUG]: [ExpansionPartySettings] Load existing setting file:$profile:ExpansionMod\Settings\PartySettings.json
SCRIPT       : 23:50:58.437 [EXPANSION DEBUG]: [ExpansionHardlineSettings] Load existing setting file:$mission:expansion\settings\HardlineSettings.json
SCRIPT       : 23:50:58.460 [EXPANSION DEBUG]: [ExpansionMarketSettings] Load existing setting file:$mission:expansion\settings\MarketSettings.json
SCRIPT       : ExpansionMarketSettings::LoadCategories - Adding category ID 1 (Ammo)
SCRIPT       : ExpansionMarketSettings::LoadCategories - Adding category ID 2 (Ammo_Boxes)
SCRIPT       : ExpansionMarketSettings::LoadCategories - Adding category ID 3 (Armbands)
SCRIPT       : ExpansionMarketSettings::LoadCategories - Adding category ID 4 (Assault_Rifles)
SCRIPT       : ExpansionMarketSettings::LoadCategories - Adding category ID 5 (Backpacks)
SCRIPT       : ExpansionMarketSettings::LoadCategories - Adding category ID 6 (Bandanas)
SCRIPT       : ExpansionMarketSettings::LoadCategories - Adding category ID 7 (Batteries)
SCRIPT       : ExpansionMarketSettings::LoadCategories - Adding category ID 8 (Bayonets)
SCRIPT       : ExpansionMarketSettings::LoadCategories - Adding category ID 9 (Belts)
SCRIPT       : ExpansionMarketSettings::LoadCategories - Adding category ID 10 (Blouses_And_Suits)
SCRIPT       : ExpansionMarketSettings::LoadCategories - Adding category ID 11 (Boats)
SCRIPT       : ExpansionMarketSettings::LoadCategories - Adding category ID 12 (Boots_And_Shoes)
SCRIPT       : ExpansionMarketSettings::LoadCategories - Adding category ID 13 (Buttstocks)
SCRIPT       : ExpansionMarketSettings::LoadCategories - Adding category ID 14 (Caps)
SCRIPT       : ExpansionMarketSettings::LoadCategories - Adding category ID 15 (Cars)
SCRIPT       : ExpansionMarketSettings::LoadCategories - Adding category ID 16 (Coats_And_Jackets)
SCRIPT       : ExpansionMarketSettings::LoadCategories - Adding category ID 17 (Containers)
SCRIPT       : ExpansionMarketSettings::LoadCategories - Adding category ID 18 (Crossbows)
SCRIPT       : ExpansionMarketSettings::LoadCategories - Adding category ID 19 (Drinks)
SCRIPT       : ExpansionMarketSettings::LoadCategories - Adding category ID 20 (Electronics)
SCRIPT       : ExpansionMarketSettings::LoadCategories - Adding category ID 21 (Event)
SCRIPT       : ExpansionMarketSettings::LoadCategories - Adding category ID 22 (Exchange)
SCRIPT       : ExpansionMarketSettings::LoadCategories - Adding category ID 23 (Explosives_And_Grenades)
SCRIPT       : ExpansionMarketSettings::LoadCategories - Adding category ID 24 (Eyewear)
SCRIPT       : ExpansionMarketSettings::LoadCategories - Adding category ID 25 (Fish)
SCRIPT       : ExpansionMarketSettings::LoadCategories - Adding category ID 26 (Fishing)
SCRIPT       : ExpansionMarketSettings::LoadCategories - Adding category ID 27 (Flags)
SCRIPT       : ExpansionMarketSettings::LoadCategories - Adding category ID 28 (Food)
SCRIPT       : ExpansionMarketSettings::LoadCategories - Adding category ID 29 (Fruit_And_Vegetables)
SCRIPT       : ExpansionMarketSettings::LoadCategories - Adding category ID 30 (Furnishings)
SCRIPT       : ExpansionMarketSettings::LoadCategories - Adding category ID 31 (Gardening)
SCRIPT       : ExpansionMarketSettings::LoadCategories - Adding category ID 32 (Ghillies)
SCRIPT       : ExpansionMarketSettings::LoadCategories - Adding category ID 33 (Gloves)
SCRIPT       : ExpansionMarketSettings::LoadCategories - Adding category ID 34 (Handguards)
SCRIPT       : ExpansionMarketSettings::LoadCategories - Adding category ID 35 (Hats_And_Hoods)
SCRIPT       : ExpansionMarketSettings::LoadCategories - Adding category ID 36 (Helicopters)
SCRIPT       : ExpansionMarketSettings::LoadCategories - Adding category ID 37 (Helmets)
SCRIPT       : ExpansionMarketSettings::LoadCategories - Adding category ID 38 (Holsters_And_Pouches)
SCRIPT       : ExpansionMarketSettings::LoadCategories - Adding category ID 39 (Kits)
SCRIPT       : ExpansionMarketSettings::LoadCategories - Adding category ID 40 (Knifes)
SCRIPT       : ExpansionMarketSettings::LoadCategories - Adding category ID 41 (Launchers)
SCRIPT       : ExpansionMarketSettings::LoadCategories - Adding category ID 42 (Lights)
SCRIPT       : ExpansionMarketSettings::LoadCategories - Adding category ID 43 (Liquids)
SCRIPT       : ExpansionMarketSettings::LoadCategories - Adding category ID 44 (Locks)
SCRIPT       : ExpansionMarketSettings::LoadCategories - Adding category ID 45 (Magazines)
SCRIPT       : ExpansionMarketSettings::LoadCategories - Adding category ID 46 (Masks)
SCRIPT       : ExpansionMarketSettings::LoadCategories - Adding category ID 47 (Meat)
SCRIPT       : ExpansionMarketSettings::LoadCategories - Adding category ID 48 (Medical)
SCRIPT       : ExpansionMarketSettings::LoadCategories - Adding category ID 49 (Melee_Weapons)
SCRIPT       : ExpansionMarketSettings::LoadCategories - Adding category ID 50 (Muzzles)
SCRIPT       : ExpansionMarketSettings::LoadCategories - Adding category ID 51 (Navigation)
SCRIPT       : ExpansionMarketSettings::LoadCategories - Adding category ID 52 (Optics)
SCRIPT       : ExpansionMarketSettings::LoadCategories - Adding category ID 53 (Pants_And_Shorts)
SCRIPT       : ExpansionMarketSettings::LoadCategories - Adding category ID 54 (Pistols)
SCRIPT       : ExpansionMarketSettings::LoadCategories - Adding category ID 55 (Rifles)
SCRIPT       : ExpansionMarketSettings::LoadCategories - Adding category ID 56 (Shirts_And_TShirts)
SCRIPT       : ExpansionMarketSettings::LoadCategories - Adding category ID 57 (Shotguns)
SCRIPT       : ExpansionMarketSettings::LoadCategories - Adding category ID 58 (Skirts_And_Dresses)
SCRIPT       : ExpansionMarketSettings::LoadCategories - Adding category ID 59 (Sniper_Rifles)
SCRIPT       : ExpansionMarketSettings::LoadCategories - Adding category ID 60 (Spraycans)
SCRIPT       : ExpansionMarketSettings::LoadCategories - Adding category ID 61 (Submachine_Guns)
SCRIPT       : ExpansionMarketSettings::LoadCategories - Adding category ID 62 (Supplies)
SCRIPT       : ExpansionMarketSettings::LoadCategories - Adding category ID 63 (Sweaters_And_Hoodies)
SCRIPT       : ExpansionMarketSettings::LoadCategories - Adding category ID 64 (Tents)
SCRIPT       : ExpansionMarketSettings::LoadCategories - Adding category ID 65 (Tools)
SCRIPT       : ExpansionMarketSettings::LoadCategories - Adding category ID 66 (Vehicle_Parts)
SCRIPT       : ExpansionMarketSettings::LoadCategories - Adding category ID 67 (Vests)
SCRIPT       : 23:50:58.726 [EXPANSION DEBUG]: [ExpansionAirdropSettings] Load existing setting file:$profile:ExpansionMod\Settings\AirdropSettings.json
SCRIPT       : 23:50:59.203 [EXPANSION DEBUG]: [ExpansionMissionSettings] Load existing setting file:$profile:ExpansionMod\Settings\MissionSettings.json
SCRIPT       : 23:50:59.203 [EXPANSION DEBUG]: [ExpansionMapSettings] Load existing setting file:$mission:expansion\settings\MapSettings.json
SCRIPT       : 23:50:59.234 [EXPANSION DEBUG]: [ExpansionPersonalStorageNewSettings] Load existing setting file:$profile:ExpansionMod\Settings\PersonalStorageNewSettings.json
SCRIPT       : 23:50:59.234 [EXPANSION DEBUG]: [ExpansionGeneralSettings] Load existing setting file:$profile:ExpansionMod\Settings\GeneralSettings.json
SCRIPT       : 23:50:59.234 [EXPANSION DEBUG]: [ExpansionPlayerListSettings] Load existing setting file:$profile:ExpansionMod\Settings\PlayerListSettings.json
SCRIPT       : 23:50:59.234 [EXPANSION DEBUG]: [ExpansionSocialMediaSettings] Load existing setting file:$profile:ExpansionMod\Settings\SocialMediaSettings.json
SCRIPT       : 23:50:59.234 [EXPANSION DEBUG]: [ExpansionSpawnSettings] Load existing setting file:$mission:expansion\settings\SpawnSettings.json
SCRIPT       : 23:50:59.242 [EXPANSION DEBUG]: [ExpansionVehicleSettings] Load existing setting file:$profile:ExpansionMod\Settings\VehicleSettings.json
SCRIPT       : 23:50:59.250 [EXPANSION DEBUG]: [ExpansionAISettings] Load existing setting file:$profile:ExpansionMod\Settings\AISettings.json
SCRIPT       : 23:50:59.250 [EXPANSION DEBUG]: [ExpansionAIPatrolSettings] Load existing setting file:$mission:expansion\settings\AIPatrolSettings.json
SCRIPT       : 23:50:59.257 [EXPANSION DEBUG]: [ExpansionBaseBuildingSettings] Load existing setting file:$mission:expansion\settings\BaseBuildingSettings.json
SCRIPT       : 23:50:59.265 [EXPANSION DEBUG]: [ExpansionRaidSettings] Load existing setting file:$profile:ExpansionMod\Settings\RaidSettings.json
SCRIPT       : 23:50:59.265 [EXPANSION DEBUG]: [ExpansionTerritorySettings] Load existing setting file:$profile:ExpansionMod\Settings\TerritorySettings.json
SCRIPT       : 23:50:59.273 [EXPANSION DEBUG]: [ExpansionChatSettings] Load existing setting file:$profile:ExpansionMod\Settings\ChatSettings.json
SCRIPT       : [DefineTest] EXPANSIONMOD is defined
SCRIPT       : [DefineTest] EXPANSIONMODAI is defined
SCRIPT       : [DefineTest] EXPANSIONMODBASEBUILDING is defined
SCRIPT       : [DefineTest] EXPANSIONMODBOOK is defined
SCRIPT       : [DefineTest] EXPANSIONMODCHAT is defined
SCRIPT       : [DefineTest] EXPANSIONMODCORE is defined
SCRIPT       : [DefineTest] EXPANSIONMODGARAGE is defined
SCRIPT       : [DefineTest] EXPANSIONMODGROUPS is defined
SCRIPT       : [DefineTest] EXPANSIONMODHARDLINE is defined
SCRIPT       : [DefineTest] EXPANSIONMODKILLFEED is defined
SCRIPT       : [DefineTest] EXPANSIONMODMAPASSETS is defined
SCRIPT       : [DefineTest] EXPANSIONMODMARKET is defined
SCRIPT       : [DefineTest] EXPANSIONMODMISSIONS is defined
SCRIPT       : [DefineTest] EXPANSIONMODNAMETAGS is defined
SCRIPT       : [DefineTest] EXPANSIONMODNAVIGATION is defined
SCRIPT       : [DefineTest] EXPANSIONMODP2PMARKET is defined
SCRIPT       : [DefineTest] EXPANSIONMODPERSONALSTORAGE is defined
SCRIPT       : [DefineTest] EXPANSIONMODQUESTS is defined
SCRIPT       : [DefineTest] EXPANSIONMODSPAWNSELECTION is defined
SCRIPT       : [DefineTest] EXPANSIONMODVEHICLE is defined
SCRIPT       : [DefineTest] EXPANSIONMODWEAPONS is defined
SCRIPT       : [DefineTest] CfgMods:
SCRIPT       : defaultAction
SCRIPT       : DayZ
SCRIPT       : DZ_Expansion_AI_Preload
SCRIPT       : DZ_Expansion_BaseBuilding_Preload
SCRIPT       : DZ_Expansion_Book_Preload
SCRIPT       : DZ_Expansion_Chat_Preload
SCRIPT       : DZ_Expansion_Core_Preload
SCRIPT       : DZ_Expansion_Garage_Preload
SCRIPT       : DZ_Expansion_Groups_Preload
SCRIPT       : DZ_Expansion_Hardline_Preload
SCRIPT       : DZ_Expansion_KillFeed_Preload
SCRIPT       : DZ_Expansion_MapAssets_Preload
SCRIPT       : DZ_Expansion_Market_Preload
SCRIPT       : DZ_Expansion_Missions_Preload
SCRIPT       : DZ_Expansion_ModStorage_Preload
SCRIPT       : DZ_Expansion_NameTags_Preload
SCRIPT       : DZ_Expansion_Navigation_Preload
SCRIPT       : DZ_Expansion_P2PMarket_Preload
SCRIPT       : DZ_Expansion_PersonalStorage_Preload
SCRIPT       : DZ_Expansion_Preload
SCRIPT       : DZ_Expansion_Quests_Preload
SCRIPT       : DZ_Expansion_SpawnSelection_Preload
SCRIPT       : DZ_Expansion_Vehicles_Preload
SCRIPT       : DZ_Expansion_Weapons_Preload
SCRIPT       : DabsFramework
SCRIPT       : DZ_Expansion_DefineTest
SCRIPT       : DZ_Expansion_MapAssets
SCRIPT       : EditorLoader
SCRIPT       : JM_CommunityFramework
SCRIPT       : JM_CommunityOnlineTools
SCRIPT       : NAMALSK_ISLAND
SCRIPT       : NAMALSK_SURVIVAL
SCRIPT       : Overhaulfiles
SCRIPT       : DZ_Expansion_ModStorage
SCRIPT       : DZ_Expansion_Core
SCRIPT       : DZ_Expansion_Garage
SCRIPT       : DZ_Expansion_Groups
SCRIPT       : DZ_Expansion_Market
SCRIPT       : DZ_Expansion_Missions
SCRIPT       : DZ_Expansion_NameTags
SCRIPT       : DZ_Expansion_Navigation
SCRIPT       : DZ_Expansion_NotificationScheduler
SCRIPT       : DZ_Expansion_P2PMarket
SCRIPT       : DZ_Expansion_PersonalStorage
SCRIPT       : DZ_Expansion_PersonalStorageNew
SCRIPT       : DZ_Expansion_PlayerList
SCRIPT       : DZ_Expansion
SCRIPT       : DZ_Expansion_SpawnSelection
SCRIPT       : DZ_Expansion_VanillaFixes
SCRIPT       : DZ_Expansion_Vehicles
SCRIPT       : DZ_Expansion_Weapons
SCRIPT       : A3_UI_F
SCRIPT       : DZ_Expansion_AI
SCRIPT       : DZ_Expansion_BaseBuilding
SCRIPT       : DZ_Expansion_Book
SCRIPT       : DZ_Expansion_Chat
SCRIPT       : DZ_Expansion_Hardline
SCRIPT       : DZ_Expansion_Quests
SCRIPT       : DZ_Expansion_VirtualContainerStorage
SCRIPT       : Namalsk_Overhaul_scripts
SCRIPT       : 23:50:59.812 [EXPANSION DEBUG]: ModStorage v5
SCRIPT       : [Namalsk_Overhaul] Spawning Objects...
SCRIPT    (E): NULL pointer to instance
Class:      'CustomMission'
Function: 'SpawnObject'
Stack trace:
Namalsk_Overhaul/scripts/5_mission/namalsk_overhaul.c:8
Namalsk_Overhaul/scripts/5_mission/namalsk_overhaul.c:172
$CurrentDir:mpmissions\regular.namalsk\init.c:36
SCRIPT    (E): NULL pointer to instance
Class:      'CustomMission'
Function: 'SpawnObject'
Stack trace:
Namalsk_Overhaul/scripts/5_mission/namalsk_overhaul.c:8
Namalsk_Overhaul/scripts/5_mission/namalsk_overhaul.c:491
$CurrentDir:mpmissions\regular.namalsk\init.c:36
SCRIPT    (E): NULL pointer to instance
Class:      'CustomMission'
Function: 'SpawnObject'
Stack trace:
Namalsk_Overhaul/scripts/5_mission/namalsk_overhaul.c:8
Namalsk_Overhaul/scripts/5_mission/namalsk_overhaul.c:578
$CurrentDir:mpmissions\regular.namalsk\init.c:36
SCRIPT    (E): NULL pointer to instance
Class:      'CustomMission'
Function: 'SpawnObject'
Stack trace:
Namalsk_Overhaul/scripts/5_mission/namalsk_overhaul.c:8
Namalsk_Overhaul/scripts/5_mission/namalsk_overhaul.c:592
$CurrentDir:mpmissions\regular.namalsk\init.c:36
SCRIPT       : [Namalsk][NamEventManager]: Next selection will occur in 706 seconds
SCRIPT       : [Namalsk][NamEventManager]: NamEventManager is now running
SCRIPT       : 22 objects created, 0 deleted (completed in 22)
SCRIPT       : 23:51:09.429 [EXPANSION DEBUG]: ExpansionTraderDenis<72f50030>::SetTraderObject ExpansionTraderObjectBase<730edb20> <6297.701172, 20.696091, 9523.166016>
SCRIPT       : 23:51:09.429 [EXPANSION DEBUG]: LoadMissionTradersFile trader ExpansionTraderDenis<72f50030> fileName Aircraft
SCRIPT       : 23:51:09.476 [EXPANSION DEBUG]: ExpansionTraderGuo<bba2030>::SetTraderObject ExpansionTraderObjectBase<72e07660> <8599.360352, 14.725300, 10492.200195>
SCRIPT       : 23:51:09.476 [EXPANSION DEBUG]: LoadMissionTradersFile trader ExpansionTraderGuo<bba2030> fileName Vehicle_Parts
SCRIPT       : 23:51:09.523 [EXPANSION DEBUG]: ExpansionTraderHassan<bba5ea0>::SetTraderObject ExpansionTraderObjectBase<7348f230> <8596.509766, 14.747800, 10488.000000>
SCRIPT       : 23:51:09.523 [EXPANSION DEBUG]: LoadMissionTradersFile trader ExpansionTraderHassan<bba5ea0> fileName Vehicles
SCRIPT       : 23:51:09.570 [EXPANSION DEBUG]: ExpansionTraderIndar<73530030>::SetTraderObject ExpansionTraderObjectBase<7323da20> <8570.200195, 14.804744, 10531.799805>
SCRIPT       : 23:51:09.570 [EXPANSION DEBUG]: LoadMissionTradersFile trader ExpansionTraderIndar<73530030> fileName Medicals
SCRIPT       : 23:51:09.617 [EXPANSION DEBUG]: ExpansionTraderKaito<e680a350>::SetTraderObject ExpansionTraderObjectBase<737a7760> <8566.829102, 15.935067, 10515.494141>
SCRIPT       : 23:51:09.617 [EXPANSION DEBUG]: LoadMissionTradersFile trader ExpansionTraderKaito<e680a350> fileName Exchange
SCRIPT       : 23:51:09.664 [EXPANSION DEBUG]: ExpansionTraderLewis<738f5800>::SetTraderObject ExpansionTraderObjectBase<73559b40> <8564.556641, 15.914123, 10516.875000>
SCRIPT       : 23:51:09.664 [EXPANSION DEBUG]: LoadMissionTradersFile trader ExpansionTraderLewis<738f5800> fileName BuildingSupplies
SCRIPT       : 23:51:09.726 [EXPANSION DEBUG]: ExpansionTraderNaomi<73a82800>::SetTraderObject ExpansionTraderObjectBase<7358d620> <8554.720703, 15.931895, 10524.275391>
SCRIPT       : 23:51:09.726 [EXPANSION DEBUG]: LoadMissionTradersFile trader ExpansionTraderNaomi<73a82800> fileName Clothing
SCRIPT       : 23:51:09.773 [EXPANSION DEBUG]: ExpansionTraderHelga<73bc2020>::SetTraderObject ExpansionTraderObjectBase<7345fad0> <8560.446289, 15.920970, 10521.180664>
SCRIPT       : 23:51:09.773 [EXPANSION DEBUG]: LoadMissionTradersFile trader ExpansionTraderHelga<73bc2020> fileName Clothing_Accessories
SCRIPT       : 23:51:09.812 [EXPANSION DEBUG]: ExpansionTraderLinda<73bd0120>::SetTraderObject ExpansionTraderObjectBase<739a1310> <8571.715820, 14.824916, 10521.992188>
SCRIPT       : 23:51:09.812 [EXPANSION DEBUG]: LoadMissionTradersFile trader ExpansionTraderLinda<73bd0120> fileName Consumables
SCRIPT       : 23:51:09.859 [EXPANSION DEBUG]: ExpansionTraderGabi<76990030>::SetTraderObject ExpansionTraderObjectBase<7325dd60> <8584.846680, 14.821787, 10534.984375>
SCRIPT       : 23:51:09.859 [EXPANSION DEBUG]: LoadMissionTradersFile trader ExpansionTraderGabi<76990030> fileName Weapons
SCRIPT       : 23:51:09.898 [EXPANSION DEBUG]: ExpansionTraderIrena<76a02020>::SetTraderObject ExpansionTraderObjectBase<76b5d1c0> <8594.533203, 14.821795, 10529.988281>
SCRIPT       : 23:51:09.898 [EXPANSION DEBUG]: LoadMissionTradersFile trader ExpansionTraderIrena<76a02020> fileName Attachments
SCRIPT       : 23:51:09.945 [EXPANSION DEBUG]: ExpansionTraderQuinn<76aa8150>::SetTraderObject ExpansionTraderObjectBase<73bfbf20> <8555.026367, 15.931314, 10514.249023>
SCRIPT       : 23:51:09.945 [EXPANSION DEBUG]: LoadMissionTradersFile trader ExpansionTraderQuinn<76aa8150> fileName Components
SCRIPT       : 23:51:09.992 [EXPANSION DEBUG]: ExpansionTraderJudy<76df2020>::SetTraderObject ExpansionTraderObjectBase<76dcece0> <8630.750000, 16.608299, 10510.500000>
SCRIPT       : 23:51:09.992 [EXPANSION DEBUG]: LoadMissionTradersFile trader ExpansionTraderJudy<76df2020> fileName Fishing
SCRIPT       : 23:51:10.046 [EXPANSION DEBUG]: ExpansionTraderPeter<76caa910>::SetTraderObject ExpansionTraderObjectBase<73c0ef70> <8590.870117, 14.821789, 10534.200195>
SCRIPT       : 23:51:10.046 [EXPANSION DEBUG]: LoadMissionTradersFile trader ExpansionTraderPeter<76caa910> fileName Special
SCRIPT       : 23:51:10.085 [EXPANSION DEBUG]: ExpansionTraderMaria<76ea9020>::SetTraderObject ExpansionTraderObjectBase<76febec0> <8559.040039, 16.014900, 10511.099609>
SCRIPT       : 23:51:10.085 [EXPANSION DEBUG]: LoadMissionTradersFile trader ExpansionTraderMaria<76ea9020> fileName Spraycans
SCRIPT       : 23:51:10.125 [EXPANSION DEBUG]: ExpansionTraderBoris<770de020>::SetTraderObject ExpansionTraderObjectBase<76ded910> <8053.950195, 1.847600, 7595.729980>
SCRIPT       : 23:51:10.125 [EXPANSION DEBUG]: LoadMissionTradersFile trader ExpansionTraderBoris<770de020> fileName Boats
SCRIPT       : 23:51:10.179 [EXPANSION DEBUG]: ExpansionTraderCyril<77246030>::SetTraderObject ExpansionTraderObjectBase<76b61300> <8050.020020, 2.791790, 7583.060059>
SCRIPT       : 23:51:10.179 [EXPANSION DEBUG]: LoadMissionTradersFile trader ExpansionTraderCyril<77246030> fileName Vehicle_Parts
SCRIPT       : [ExpansionQuestPersistentServerData] Load existing configuration file:$profile:ExpansionMod\Quests\PersistentServerData.json
SCRIPT       : [ExpansionQuestPersistentServerData] Load existing configuration file:$profile:ExpansionMod\Quests\PersistentServerData.json
SCRIPT       : [ExpansionQuestObjectiveTravelConfig] Load existing configuration file:$profile:ExpansionMod\Quests\Objectives\Travel\Objective_T_1.json
SCRIPT       : [ExpansionQuestObjectiveTravelConfig] Load existing configuration file:$profile:ExpansionMod\Quests\Objectives\Travel\Objective_T_2.json
SCRIPT       : [ExpansionQuestObjectiveTravelConfig] Load existing configuration file:$profile:ExpansionMod\Quests\Objectives\Travel\Objective_T_3.json
SCRIPT       : [ExpansionQuestObjectiveTravelConfig] Load existing configuration file:$profile:ExpansionMod\Quests\Objectives\Travel\Objective_T_4.json
SCRIPT       : [ExpansionQuestObjectiveTravelConfig] Load existing configuration file:$profile:ExpansionMod\Quests\Objectives\Travel\Objective_T_5.json
SCRIPT       : [ExpansionQuestObjectiveTravelConfig] Load existing configuration file:$profile:ExpansionMod\Quests\Objectives\Travel\Objective_T_6.json
SCRIPT       : [ExpansionQuestObjectiveTravelConfig] Load existing configuration file:$profile:ExpansionMod\Quests\Objectives\Travel\Objective_T_7.json
SCRIPT       : [ExpansionQuestObjectiveTargetConfig] Load existing configuration file:$profile:ExpansionMod\Quests\Objectives\Target\Objective_TA_1.json
SCRIPT       : [ExpansionQuestObjectiveTargetConfig] Load existing configuration file:$profile:ExpansionMod\Quests\Objectives\Target\Objective_TA_2.json
SCRIPT       : [ExpansionQuestObjectiveTargetConfig] Load existing configuration file:$profile:ExpansionMod\Quests\Objectives\Target\Objective_TA_3.json
SCRIPT       : [ExpansionQuestObjectiveTargetConfig] Load existing configuration file:$profile:ExpansionMod\Quests\Objectives\Target\Objective_TA_4.json
SCRIPT       : [ExpansionQuestObjectiveDeliveryConfig] Load existing configuration file:$profile:ExpansionMod\Quests\Objectives\Delivery\Objective_D_1.json
SCRIPT       : [ExpansionQuestObjectiveDeliveryConfig] Load existing configuration file:$profile:ExpansionMod\Quests\Objectives\Delivery\Objective_D_2.json
SCRIPT       : [ExpansionQuestObjectiveCollectionConfig] Load existing configuration file:$profile:ExpansionMod\Quests\Objectives\Collection\Objective_C_1.json
SCRIPT       : [ExpansionQuestObjectiveCollectionConfig] Load existing configuration file:$profile:ExpansionMod\Quests\Objectives\Collection\Objective_C_2.json
SCRIPT       : [ExpansionQuestObjectiveCollectionConfig] Load existing configuration file:$profile:ExpansionMod\Quests\Objectives\Collection\Objective_C_3.json
SCRIPT       : [ExpansionQuestObjectiveTreasureHuntConfig] Load existing configuration file:$profile:ExpansionMod\Quests\Objectives\TreasureHunt\Objective_TH_1.json
SCRIPT       : [ExpansionQuestObjectiveActionConfig] Load existing configuration file:$profile:ExpansionMod\Quests\Objectives\Action\Objective_A_1.json
SCRIPT       : [ExpansionQuestObjectiveActionConfig] Load existing configuration file:$profile:ExpansionMod\Quests\Objectives\Action\Objective_A_2.json
SCRIPT       : [ExpansionQuestObjectiveCraftingConfig] Load existing configuration file:$profile:ExpansionMod\Quests\Objectives\Crafting\Objective_CR_1.json
SCRIPT       : [ExpansionQuestObjectiveAIPatrolConfig] Load existing configuration file:$profile:ExpansionMod\Quests\Objectives\AIPatrol\Objective_AIP_1.json
SCRIPT       : [ExpansionQuestObjectiveAICampConfig] Load existing configuration file:$profile:ExpansionMod\Quests\Objectives\AICamp\Objective_AIC_1.json
SCRIPT       : [ExpansionQuestObjectiveAIEscortConfig] Load existing configuration file:$profile:ExpansionMod\Quests\Objectives\AIVIP\Objective_AIESCORT_1.json
SCRIPT       : [ExpansionQuestNPCData] Load existing configuration file:QuestNPC_1.json
SCRIPT       : [ExpansionQuestNPCData] Load existing configuration file:QuestNPC_2.json
SCRIPT       : [ExpansionQuestNPCData] Load existing configuration file:QuestNPC_3.json
SCRIPT       : 23:51:34.820 [EXPANSION DEBUG]: ExpansionP2PTraderAIIrena<3f5da010>::SetP2PTraderID - ID: 1
SCRIPT       : ExpansionZoneCircle<5d1e5920> position=<8583.669922, 0.000000, 10515.000000> radius=400
SCRIPT       : Found 1 zones!
SCRIPT       : ExpansionMarketItem marketItem = ExpansionMarketItem<668e3d30>
SCRIPT       : int worth =   1
SCRIPT       : m_EventManager NamEventManager<6710f0c0>
SCRIPT       : MaxEventCount 2
SCRIPT       : 23:51:35.039 [EXPANSION DEBUG]: ExpansionQuestNPCAIElias<5b91e880>::OnEnterSafeZone
SCRIPT       : bool m_Expansion_LeavingSafeZone = 0
SCRIPT       : bool m_Expansion_IsInSafeZone = 0
SCRIPT       : bool m_Expansion_IsInSafeZoneSynchRemote = 0
SCRIPT       : 23:51:35.039 [EXPANSION DEBUG]: ExpansionQuestNPCAIDenis<5bd471f0>::OnEnterSafeZone
SCRIPT       : bool m_Expansion_LeavingSafeZone = 0
SCRIPT       : bool m_Expansion_IsInSafeZone = 0
SCRIPT       : bool m_Expansion_IsInSafeZoneSynchRemote = 0
SCRIPT       : [Namalsk][NamEventManager]: Trying to select a new event...
SCRIPT       : [Namalsk][NamEventManager]: Starting event Aurora
SCRIPT       : [Namalsk][NamEventManager]: Aurora: Phase Length 60
SCRIPT       : [Namalsk][NamEventManager]: Next selection will occur in 845 seconds
SCRIPT       : [Namalsk][NamEventManager]: Aurora: Phase Length 904.495
SCRIPT       : 23:54:04.375 [EXPANSION DEBUG]: ExpansionHardlineModule<c5e4eff0> ::LoadPlayerData - Loaded player hardline data for player Survivor[YKMF23SQkzabdtJzn3VUcLU8W3bjbl-ZiJ18vqBuvzI=]
SCRIPT       : 23:54:36.273 [EXPANSION DEBUG]: ExpansionQuestModule<f9c3ac90> Sending 24 quest configs to client with UID: YKMF23SQkzabdtJzn3VUcLU8W3bjbl-ZiJ18vqBuvzI=
SCRIPT       : 23:54:36.273 [EXPANSION DEBUG]: ExpansionQuestModule<f9c3ac90> Sending player quest data for 4 quests to player with UID: YKMF23SQkzabdtJzn3VUcLU8W3bjbl-ZiJ18vqBuvzI=
SCRIPT       : 23:54:36.718 [EXPANSION DEBUG]: ExpansionQuestModule<f9c3ac90> Quest configs already synched for player with UID: YKMF23SQkzabdtJzn3VUcLU8W3bjbl-ZiJ18vqBuvzI=
SCRIPT       : 23:54:36.718 [EXPANSION DEBUG]: ExpansionQuestModule<f9c3ac90> Sending player quest data for quest ID 14 to player with UID: YKMF23SQkzabdtJzn3VUcLU8W3bjbl-ZiJ18vqBuvzI=
SCRIPT       : 23:55:21.046 [EXPANSION DEBUG]: SurvivorBase<ecacb9f0>::OnEnterSafeZone
SCRIPT       : bool m_Expansion_LeavingSafeZone = 0
SCRIPT       : bool m_Expansion_IsInSafeZone = 0
SCRIPT       : bool m_Expansion_IsInSafeZoneSynchRemote = 0
SCRIPT       : 23:55:21.062 [EXPANSION DEBUG]: ExpansionQuestModule<f9c3ac90> Sending 24 quest configs to client with UID: ATxI-JFgZxkWYr7Quf7frIHZioARfFT0VaBU8wOvx1E=
SCRIPT       : 23:55:21.070 [EXPANSION DEBUG]: ExpansionQuestModule<f9c3ac90> Sending player quest data for 4 quests to player with UID: ATxI-JFgZxkWYr7Quf7frIHZioARfFT0VaBU8wOvx1E=
SCRIPT       : 23:55:21.523 [EXPANSION DEBUG]: ExpansionQuestModule<f9c3ac90> Quest configs already synched for player with UID: ATxI-JFgZxkWYr7Quf7frIHZioARfFT0VaBU8wOvx1E=
SCRIPT       : 23:55:21.523 [EXPANSION DEBUG]: ExpansionQuestModule<f9c3ac90> Sending player quest data for quest ID 14 to player with UID: ATxI-JFgZxkWYr7Quf7frIHZioARfFT0VaBU8wOvx1E=
SCRIPT       : [wpnfsm] ValidateAndRepair Attempting to repair: Scout:12304 (owner eAI_SurvivorM_Cyril<6e8612a0>) - MagazineRepair - BAREM_CLO_BUF_MA0<6947d130> - state: 0 != weapon: 1
Class:      'WeaponFSM'

Function: 'ValidateAndRepairHelper'
Stack trace:
SCRIPT       : DayZExpansion/Core/Scripts/4_World/dayzexpansion_core\entities\firearms\weaponfsm.c:30
SCRIPT       : 23:56:35.890 [EXPANSION DEBUG]: [ExpansionMissionEventAirdrop] Adjusted container weights:
SCRIPT       : 23:56:35.890 [EXPANSION DEBUG]: ExpansionAirdropContainer 6
SCRIPT       : 23:56:35.890 [EXPANSION DEBUG]: ExpansionAirdropContainer_Medical 11
SCRIPT       : 23:56:35.890 [EXPANSION DEBUG]: ExpansionAirdropContainer_Basebuilding 16
SCRIPT       : 23:56:35.890 [EXPANSION DEBUG]: ExpansionAirdropContainer_Military_WinterCamo 21
SCRIPT       : 23:56:35.890 [EXPANSION DEBUG]: ExpansionAirdropPlane::GetSpawnPoint - drop position <6751.000000, 0.000000, 10900.000000> - map is namalsk - size 12800 - center <4352.000000, 0.000000, 7348.000000>
SCRIPT       : 23:56:35.890 [EXPANSION DEBUG]: ExpansionAirdropPlane::GetSpawnPoint - selected spawn point <477.674744, 450.338318, 0.000000>
SCRIPT       : 23:56:43.281 [EXPANSION DEBUG]: ExpansionItemSpawnHelper::Clone - created FAMAS:12322 at location { type=GROUND item=FAMAS:12255 pos=(6998.96, -2.28587, 11955.7) dir=(0.754591, -0.0156887, -0.0136361, 0.655866) }
SCRIPT       : 23:56:43.281 [EXPANSION DEBUG]: ExpansionItemSpawnHelper::Clone - created Mag_FAMAS_25Rnd:12323 at location { type=ATTACHMENT item=null parent=FAMAS:12322 slot=magazine }
SCRIPT       : 23:56:45.375 [EXPANSION DEBUG]: ExpansionItemSpawnHelper::Clone - created Scout:12256 at location { type=GROUND item=Scout:12304 pos=(7000.25, -2.36989, 11955.7) dir=(-0.655866, 0.0136361, -0.0156887, 0.754591) }
SCRIPT       : 23:56:45.375 [EXPANSION DEBUG]: ExpansionItemSpawnHelper::Clone - created Mag_Scout_5Rnd:12255 at location { type=ATTACHMENT item=null parent=Scout:12256 slot=magazine }
SCRIPT       : 23:56:45.453 [EXPANSION DEBUG]: ExpansionItemSpawnHelper::Clone - created Aug:12305 at location { type=GROUND item=Aug:12279 pos=(6999.61, -2.33752, 11955.7) dir=(0.754591, -0.0156887, -0.0136361, 0.655866) }
SCRIPT       : 23:56:45.453 [EXPANSION DEBUG]: ExpansionItemSpawnHelper::Clone - created Mag_Aug_30Rnd:12320 at location { type=ATTACHMENT item=null parent=Aug:12305 slot=magazine }
SCRIPT       : [wpnfsm] ValidateAndRepair Attempting to repair: Scout:12280 (owner eAI_SurvivorM_Quinn<696cdd00>) - MagazineRepair - BAREM_CLO_BUF_MA0<65b383e0> - state: 0 != weapon: 1
Class:      'WeaponFSM'

Function: 'ValidateAndRepairHelper'
Stack trace:
SCRIPT       : DayZExpansion/Core/Scripts/4_World/dayzexpansion_core\entities\firearms\weaponfsm.c:30
