---------------------------------------------
Log C:\daisy\DayZServerNam\!!!\profiles\script_2024-06-13_21-57-01.log started at 13.06. 21:57:02

SCRIPT       : Registered 403 temporary action enum(s), UAN==403
SCRIPT    (W): @"scripts/3_Game/gameplay.c,911": Missing script declaration for method 'MenuData.GetLastSteamQueryPort'
SCRIPT       : Registering faction type eAIFactionShamans ID -1484989417
SCRIPT       : Registering faction type eAIFactionObservers ID -563736721
SCRIPT       : Registering faction type eAIFactionInvincibleObservers ID -1227299746
SCRIPT       : Registering faction type eAIFactionEast ID 90522109
SCRIPT       : Registering faction type eAIFactionGuards ID 963933710
SCRIPT       : Registering faction type eAIFactionRaiders ID 1535276022
SCRIPT       : Registering faction type eAIFactionYeetBrigade ID 1408543989
SCRIPT       : Registering faction type eAIFactionMercenaries ID 1629891834
SCRIPT       : Registering faction type eAIFactionWest ID 113880155
SCRIPT       : Registering faction type eAIFactionCivilian ID 1096178351
SCRIPT       : Registering faction type eAIFactionPassive ID -1159399789
SCRIPT       : Registering faction type eAIFactionInvincibleYeetBrigade ID -1118767876
SCRIPT       : Registering faction type eAIFactionInvincibleGuards ID 782746017
SCRIPT       : ... Backlit Effects Enabled
SCRIPT       : 21:57:03 [EXPANSION LOG]: DayZGame<ce119010> Start time (local time) 2024-06-13 21:56:57
SCRIPT       : 21:57:03 [EXPANSION LOG]: DayZGame<ce119010> Start time (UTC) 2024-06-13 20:56:57
SCRIPT       : 21:57:03 [EXPANSION LOG]: DayZGame<ce119010> Runtime since start (seconds) 6.882
SCRIPT       : Registering faction type eAIFactionLunatics ID 1167351711
SCRIPT       : Registering faction type eAIFactionInfected ID 1371958374
SCRIPT       : Expansion version: 1.8.50
SCRIPT       : 21:57:16.710 [EXPANSION DEBUG]: [ExpansionDebugSettings] Load existing setting file:$profile:ExpansionMod\Settings\DebugSettings.json
SCRIPT       : 21:57:16.718 [EXPANSION DEBUG]: [ExpansionLogSettings] Load existing setting file:$profile:ExpansionMod\Settings\LogsSettings.json
SCRIPT       : 21:57:16.726 [EXPANSION DEBUG]: [ExpansionNotificationSettings] Load existing setting file:$profile:ExpansionMod\Settings\NotificationSettings.json
SCRIPT       : 21:57:16.734 [EXPANSION DEBUG]: [ExpansionMonitoringSettings] Load existing setting file:$profile:ExpansionMod\Settings\MonitoringSettings.json
SCRIPT       : 21:57:16.734 [EXPANSION DEBUG]: [ExpansionDamageSystemSettings] Load existing setting file:$profile:ExpansionMod\Settings\DamageSystemSettings.json
SCRIPT       : 21:57:16.742 [EXPANSION DEBUG]: [ExpansionPartySettings] Load existing setting file:$profile:ExpansionMod\Settings\PartySettings.json
SCRIPT       : 21:57:16.750 [EXPANSION DEBUG]: [ExpansionHardlineSettings] Load existing setting file:$mission:expansion\settings\HardlineSettings.json
SCRIPT       : 21:57:16.765 [EXPANSION DEBUG]: [ExpansionMarketSettings] Load existing setting file:$mission:expansion\settings\MarketSettings.json
SCRIPT       : ExpansionMarketSettings::LoadCategories - Adding category ID 1 (Ammo)
SCRIPT       : ExpansionMarketSettings::LoadCategories - Adding category ID 2 (Ammo_Boxes)
SCRIPT       : ExpansionMarketSettings::LoadCategories - Adding category ID 3 (Armbands)
SCRIPT       : ExpansionMarketSettings::LoadCategories - Adding category ID 4 (Assault_Rifles)
SCRIPT       : ExpansionMarketSettings::LoadCategories - Adding category ID 5 (Backpacks)
SCRIPT       : ExpansionMarketSettings::LoadCategories - Adding category ID 6 (Bandanas)
SCRIPT       : ExpansionMarketSettings::LoadCategories - Adding category ID 7 (Batteries)
SCRIPT       : ExpansionMarketSettings::LoadCategories - Adding category ID 8 (Bayonets)
SCRIPT       : ExpansionMarketSettings::LoadCategories - Adding category ID 9 (Belts)
SCRIPT       : ExpansionMarketSettings::LoadCategories - Adding category ID 10 (Blouses_And_Suits)
SCRIPT       : ExpansionMarketSettings::LoadCategories - Adding category ID 11 (Boats)
SCRIPT       : ExpansionMarketSettings::LoadCategories - Adding category ID 12 (Boots_And_Shoes)
SCRIPT       : ExpansionMarketSettings::LoadCategories - Adding category ID 13 (Buttstocks)
SCRIPT       : ExpansionMarketSettings::LoadCategories - Adding category ID 14 (Caps)
SCRIPT       : ExpansionMarketSettings::LoadCategories - Adding category ID 15 (Cars)
SCRIPT       : ExpansionMarketSettings::LoadCategories - Adding category ID 16 (Coats_And_Jackets)
SCRIPT       : ExpansionMarketSettings::LoadCategories - Adding category ID 17 (Containers)
SCRIPT       : ExpansionMarketSettings::LoadCategories - Adding category ID 18 (Crossbows)
SCRIPT       : ExpansionMarketSettings::LoadCategories - Adding category ID 19 (Drinks)
SCRIPT       : ExpansionMarketSettings::LoadCategories - Adding category ID 20 (Electronics)
SCRIPT       : ExpansionMarketSettings::LoadCategories - Adding category ID 21 (Event)
SCRIPT       : ExpansionMarketSettings::LoadCategories - Adding category ID 22 (Exchange)
SCRIPT       : ExpansionMarketSettings::LoadCategories - Adding category ID 23 (Explosives_And_Grenades)
SCRIPT       : ExpansionMarketSettings::LoadCategories - Adding category ID 24 (Eyewear)
SCRIPT       : ExpansionMarketSettings::LoadCategories - Adding category ID 25 (Fish)
SCRIPT       : ExpansionMarketSettings::LoadCategories - Adding category ID 26 (Fishing)
SCRIPT       : ExpansionMarketSettings::LoadCategories - Adding category ID 27 (Flags)
SCRIPT       : ExpansionMarketSettings::LoadCategories - Adding category ID 28 (Food)
SCRIPT       : ExpansionMarketSettings::LoadCategories - Adding category ID 29 (Fruit_And_Vegetables)
SCRIPT       : ExpansionMarketSettings::LoadCategories - Adding category ID 30 (Furnishings)
SCRIPT       : ExpansionMarketSettings::LoadCategories - Adding category ID 31 (Gardening)
SCRIPT       : ExpansionMarketSettings::LoadCategories - Adding category ID 32 (Ghillies)
SCRIPT       : ExpansionMarketSettings::LoadCategories - Adding category ID 33 (Gloves)
SCRIPT       : ExpansionMarketSettings::LoadCategories - Adding category ID 34 (Handguards)
SCRIPT       : ExpansionMarketSettings::LoadCategories - Adding category ID 35 (Hats_And_Hoods)
SCRIPT       : ExpansionMarketSettings::LoadCategories - Adding category ID 36 (Helicopters)
SCRIPT       : ExpansionMarketSettings::LoadCategories - Adding category ID 37 (Helmets)
SCRIPT       : ExpansionMarketSettings::LoadCategories - Adding category ID 38 (Holsters_And_Pouches)
SCRIPT       : ExpansionMarketSettings::LoadCategories - Adding category ID 39 (Kits)
SCRIPT       : ExpansionMarketSettings::LoadCategories - Adding category ID 40 (Knifes)
SCRIPT       : ExpansionMarketSettings::LoadCategories - Adding category ID 41 (Launchers)
SCRIPT       : ExpansionMarketSettings::LoadCategories - Adding category ID 42 (Lights)
SCRIPT       : ExpansionMarketSettings::LoadCategories - Adding category ID 43 (Liquids)
SCRIPT       : ExpansionMarketSettings::LoadCategories - Adding category ID 44 (Locks)
SCRIPT       : ExpansionMarketSettings::LoadCategories - Adding category ID 45 (Magazines)
SCRIPT       : ExpansionMarketSettings::LoadCategories - Adding category ID 46 (Masks)
SCRIPT       : ExpansionMarketSettings::LoadCategories - Adding category ID 47 (Meat)
SCRIPT       : ExpansionMarketSettings::LoadCategories - Adding category ID 48 (Medical)
SCRIPT       : ExpansionMarketSettings::LoadCategories - Adding category ID 49 (Melee_Weapons)
SCRIPT       : ExpansionMarketSettings::LoadCategories - Adding category ID 50 (Muzzles)
SCRIPT       : ExpansionMarketSettings::LoadCategories - Adding category ID 51 (Navigation)
SCRIPT       : ExpansionMarketSettings::LoadCategories - Adding category ID 52 (Optics)
SCRIPT       : ExpansionMarketSettings::LoadCategories - Adding category ID 53 (Pants_And_Shorts)
SCRIPT       : ExpansionMarketSettings::LoadCategories - Adding category ID 54 (Pistols)
SCRIPT       : ExpansionMarketSettings::LoadCategories - Adding category ID 55 (Rifles)
SCRIPT       : ExpansionMarketSettings::LoadCategories - Adding category ID 56 (Shirts_And_TShirts)
SCRIPT       : ExpansionMarketSettings::LoadCategories - Adding category ID 57 (Shotguns)
SCRIPT       : ExpansionMarketSettings::LoadCategories - Adding category ID 58 (Skirts_And_Dresses)
SCRIPT       : ExpansionMarketSettings::LoadCategories - Adding category ID 59 (Sniper_Rifles)
SCRIPT       : ExpansionMarketSettings::LoadCategories - Adding category ID 60 (Spraycans)
SCRIPT       : ExpansionMarketSettings::LoadCategories - Adding category ID 61 (Submachine_Guns)
SCRIPT       : ExpansionMarketSettings::LoadCategories - Adding category ID 62 (Supplies)
SCRIPT       : ExpansionMarketSettings::LoadCategories - Adding category ID 63 (Sweaters_And_Hoodies)
SCRIPT       : ExpansionMarketSettings::LoadCategories - Adding category ID 64 (Tents)
SCRIPT       : ExpansionMarketSettings::LoadCategories - Adding category ID 65 (Tools)
SCRIPT       : ExpansionMarketSettings::LoadCategories - Adding category ID 66 (Vehicle_Parts)
SCRIPT       : ExpansionMarketSettings::LoadCategories - Adding category ID 67 (Vests)
SCRIPT       : 21:57:17.304 [EXPANSION DEBUG]: [ExpansionAirdropSettings] Load existing setting file:$profile:ExpansionMod\Settings\AirdropSettings.json
SCRIPT       : 21:57:17.726 [EXPANSION DEBUG]: [ExpansionMissionSettings] Load existing setting file:$profile:ExpansionMod\Settings\MissionSettings.json
SCRIPT       : 21:57:17.742 [EXPANSION DEBUG]: [ExpansionMapSettings] Load existing setting file:$mission:expansion\settings\MapSettings.json
SCRIPT       : 21:57:17.773 [EXPANSION DEBUG]: [ExpansionPersonalStorageNewSettings] Load existing setting file:$profile:ExpansionMod\Settings\PersonalStorageNewSettings.json
SCRIPT       : 21:57:17.773 [EXPANSION DEBUG]: [ExpansionGeneralSettings] Load existing setting file:$profile:ExpansionMod\Settings\GeneralSettings.json
SCRIPT       : 21:57:17.781 [EXPANSION DEBUG]: [ExpansionPlayerListSettings] Load existing setting file:$profile:ExpansionMod\Settings\PlayerListSettings.json
SCRIPT       : 21:57:17.789 [EXPANSION DEBUG]: [ExpansionSocialMediaSettings] Load existing setting file:$profile:ExpansionMod\Settings\SocialMediaSettings.json
SCRIPT       : 21:57:17.789 [EXPANSION DEBUG]: [ExpansionSpawnSettings] Load existing setting file:$mission:expansion\settings\SpawnSettings.json
SCRIPT       : 21:57:17.804 [EXPANSION DEBUG]: [ExpansionVehicleSettings] Load existing setting file:$profile:ExpansionMod\Settings\VehicleSettings.json
SCRIPT       : 21:57:17.804 [EXPANSION DEBUG]: [ExpansionAISettings] Load existing setting file:$profile:ExpansionMod\Settings\AISettings.json
SCRIPT       : 21:57:17.812 [EXPANSION DEBUG]: [ExpansionAIPatrolSettings] Load existing setting file:$mission:expansion\settings\AIPatrolSettings.json
SCRIPT       : 21:57:17.828 [EXPANSION DEBUG]: [ExpansionBaseBuildingSettings] Load existing setting file:$mission:expansion\settings\BaseBuildingSettings.json
SCRIPT       : 21:57:17.828 [EXPANSION DEBUG]: [ExpansionRaidSettings] Load existing setting file:$profile:ExpansionMod\Settings\RaidSettings.json
SCRIPT       : 21:57:17.835 [EXPANSION DEBUG]: [ExpansionTerritorySettings] Load existing setting file:$profile:ExpansionMod\Settings\TerritorySettings.json
SCRIPT       : 21:57:17.851 [EXPANSION DEBUG]: [ExpansionChatSettings] Load existing setting file:$profile:ExpansionMod\Settings\ChatSettings.json
SCRIPT       : [DefineTest] EXPANSIONMOD is defined
SCRIPT       : [DefineTest] EXPANSIONMODAI is defined
SCRIPT       : [DefineTest] EXPANSIONMODBASEBUILDING is defined
SCRIPT       : [DefineTest] EXPANSIONMODBOOK is defined
SCRIPT       : [DefineTest] EXPANSIONMODCHAT is defined
SCRIPT       : [DefineTest] EXPANSIONMODCORE is defined
SCRIPT       : [DefineTest] EXPANSIONMODGARAGE is defined
SCRIPT       : [DefineTest] EXPANSIONMODGROUPS is defined
SCRIPT       : [DefineTest] EXPANSIONMODHARDLINE is defined
SCRIPT       : [DefineTest] EXPANSIONMODKILLFEED is defined
SCRIPT       : [DefineTest] EXPANSIONMODMAPASSETS is defined
SCRIPT       : [DefineTest] EXPANSIONMODMARKET is defined
SCRIPT       : [DefineTest] EXPANSIONMODMISSIONS is defined
SCRIPT       : [DefineTest] EXPANSIONMODNAMETAGS is defined
SCRIPT       : [DefineTest] EXPANSIONMODNAVIGATION is defined
SCRIPT       : [DefineTest] EXPANSIONMODP2PMARKET is defined
SCRIPT       : [DefineTest] EXPANSIONMODPERSONALSTORAGE is defined
SCRIPT       : [DefineTest] EXPANSIONMODQUESTS is defined
SCRIPT       : [DefineTest] EXPANSIONMODSPAWNSELECTION is defined
SCRIPT       : [DefineTest] EXPANSIONMODVEHICLE is defined
SCRIPT       : [DefineTest] EXPANSIONMODWEAPONS is defined
SCRIPT       : [DefineTest] CfgMods:
SCRIPT       : defaultAction
SCRIPT       : DayZ
SCRIPT       : DZ_Expansion_AI_Preload
SCRIPT       : DZ_Expansion_BaseBuilding_Preload
SCRIPT       : DZ_Expansion_Book_Preload
SCRIPT       : DZ_Expansion_Chat_Preload
SCRIPT       : DZ_Expansion_Core_Preload
SCRIPT       : DZ_Expansion_Garage_Preload
SCRIPT       : DZ_Expansion_Groups_Preload
SCRIPT       : DZ_Expansion_Hardline_Preload
SCRIPT       : DZ_Expansion_KillFeed_Preload
SCRIPT       : DZ_Expansion_MapAssets_Preload
SCRIPT       : DZ_Expansion_Market_Preload
SCRIPT       : DZ_Expansion_Missions_Preload
SCRIPT       : DZ_Expansion_ModStorage_Preload
SCRIPT       : DZ_Expansion_NameTags_Preload
SCRIPT       : DZ_Expansion_Navigation_Preload
SCRIPT       : DZ_Expansion_P2PMarket_Preload
SCRIPT       : DZ_Expansion_PersonalStorage_Preload
SCRIPT       : DZ_Expansion_Preload
SCRIPT       : DZ_Expansion_Quests_Preload
SCRIPT       : DZ_Expansion_SpawnSelection_Preload
SCRIPT       : DZ_Expansion_Vehicles_Preload
SCRIPT       : DZ_Expansion_Weapons_Preload
SCRIPT       : DabsFramework
SCRIPT       : DZ_Expansion_DefineTest
SCRIPT       : DZ_Expansion_MapAssets
SCRIPT       : EditorLoader
SCRIPT       : JM_CommunityFramework
SCRIPT       : JM_CommunityOnlineTools
SCRIPT       : Namalsk_Weapon
SCRIPT       : NAMALSK_ISLAND
SCRIPT       : NAMALSK_SURVIVAL
SCRIPT       : Treasure
SCRIPT       : TreasurePhotosNamalsk
SCRIPT       : DZ_Expansion_ModStorage
SCRIPT       : dbo_creatures
SCRIPT       : Namalsk_Igloo
SCRIPT       : DZ_Expansion_Core
SCRIPT       : DZ_Expansion_Garage
SCRIPT       : DZ_Expansion_Groups
SCRIPT       : DZ_Expansion_Market
SCRIPT       : DZ_Expansion_Missions
SCRIPT       : DZ_Expansion_NameTags
SCRIPT       : DZ_Expansion_Navigation
SCRIPT       : DZ_Expansion_NotificationScheduler
SCRIPT       : DZ_Expansion_P2PMarket
SCRIPT       : DZ_Expansion_PersonalStorage
SCRIPT       : DZ_Expansion_PersonalStorageNew
SCRIPT       : DZ_Expansion_PlayerList
SCRIPT       : DZ_Expansion
SCRIPT       : DZ_Expansion_SpawnSelection
SCRIPT       : DZ_Expansion_VanillaFixes
SCRIPT       : DZ_Expansion_Vehicles
SCRIPT       : DZ_Expansion_Weapons
SCRIPT       : rag_snowman
SCRIPT       : DZ_Expansion_AI
SCRIPT       : DZ_Expansion_BaseBuilding
SCRIPT       : DZ_Expansion_Book
SCRIPT       : DZ_Expansion_Chat
SCRIPT       : DZ_Expansion_Hardline
SCRIPT       : DZ_Expansion_Quests
SCRIPT       : DZ_Expansion_VirtualContainerStorage
SCRIPT       : [Treasure] 'Treasures.json' found, loading existing config
SCRIPT       : [Treasure] 'Descriptions_FR.json' does not exist, skipping this config
SCRIPT       : [Treasure] 'Descriptions_ES.json' does not exist, skipping this config
SCRIPT       : [Treasure] 'Descriptions_IT.json' does not exist, skipping this config
SCRIPT       : [Treasure] 'Descriptions_DE.json' does not exist, skipping this config
SCRIPT       : [Treasure] 'Descriptions_CZ.json' does not exist, skipping this config
SCRIPT       : [Treasure] 'Descriptions_RU.json' does not exist, skipping this config
SCRIPT       : [Treasure] 'Descriptions_CHT.json' does not exist, skipping this config
SCRIPT       : [Treasure] 'Descriptions_CHS.json' does not exist, skipping this config
SCRIPT       : [Treasure] 'Descriptions_PL.json' does not exist, skipping this config
SCRIPT       : [Treasure] 'Descriptions_JA.json' does not exist, skipping this config
SCRIPT       : [Treasure] 'Descriptions_PTBR.json' does not exist, skipping this config
SCRIPT       : 21:57:18.382 [EXPANSION DEBUG]: ModStorage v5
SCRIPT       : [Namalsk][NamEventManager]: Next selection will occur in 630 seconds
SCRIPT       : [Namalsk][NamEventManager]: NamEventManager is now running
SCRIPT       : Object 'TreeSoft_t_LarixDecidua_1f' is scope 0
SCRIPT       : Object 'TreeHard_t_LarixDecidua_2s' is scope 0
SCRIPT       : Object 'TreeHard_t_LarixDecidua_2f' is scope 0
SCRIPT       : Object 'TreeHard_t_LarixDecidua_2s' is scope 0
SCRIPT       : Object 'TreeSoft_t_LarixDecidua_1f' is scope 0
SCRIPT       : Object 'TreeHard_t_LarixDecidua_3f' is scope 0
SCRIPT       : Object 'TreeSoft_t_LarixDecidua_1s' is scope 0
SCRIPT       : Object 'TreeHard_t_LarixDecidua_2s' is scope 0
SCRIPT       : Object 'TreeHard_t_LarixDecidua_3fb' is scope 0
SCRIPT       : Object 'TreeHard_t_LarixDecidua_2f' is scope 0
SCRIPT       : Object 'TreeHard_t_LarixDecidua_2f' is scope 0
SCRIPT       : Object 'TreeHard_t_LarixDecidua_3f' is scope 0
SCRIPT       : Object 'TreeHard_t_LarixDecidua_2f' is scope 0
SCRIPT       : Object 'TreeSoft_t_LarixDecidua_1f' is scope 0
SCRIPT       : Object 'TreeHard_t_LarixDecidua_2s' is scope 0
SCRIPT       : Object 'TreeHard_t_quercusRobur_2sc' is scope 0
SCRIPT       : Object 'TreeSoft_t_quercusRobur_1fd' is scope 0
SCRIPT       : Object 'TreeHard_t_quercusRobur_2sb' is scope 0
SCRIPT       : Object 'TreeSoft_t_quercusRobur_1fd' is scope 0
SCRIPT       : Object 'TreeHard_t_quercusRobur_2sc' is scope 0
SCRIPT       : Object 'TreeHard_t_quercusRobur_3fb' is scope 0
SCRIPT       : Object 'TreeHard_t_quercusRobur_3fb' is scope 0
SCRIPT       : Object 'TreeSoft_t_quercusRobur_1s' is scope 0
SCRIPT       : Object 'TreeHard_t_quercusRobur_3fb' is scope 0
SCRIPT       : Object 'TreeHard_t_quercusRobur_2d' is scope 0
SCRIPT       : 208 objects created, 0 deleted (completed in 208)
SCRIPT       : 21:57:22.468 [EXPANSION DEBUG]: ExpansionTraderDenis<6d62f010>::SetTraderObject ExpansionTraderObjectBase<49088720> <6297.701172, 20.696091, 9523.166016>
SCRIPT       : 21:57:22.468 [EXPANSION DEBUG]: LoadMissionTradersFile trader ExpansionTraderDenis<6d62f010> fileName Aircraft
SCRIPT       : 21:57:22.484 [EXPANSION DEBUG]: ExpansionTraderGuo<6d632e80>::SetTraderObject ExpansionTraderObjectBase<492e6df0> <8599.360352, 14.725300, 10492.200195>
SCRIPT       : 21:57:22.484 [EXPANSION DEBUG]: LoadMissionTradersFile trader ExpansionTraderGuo<6d632e80> fileName Vehicle_Parts
SCRIPT       : 21:57:22.500 [EXPANSION DEBUG]: ExpansionTraderHassan<493af010>::SetTraderObject ExpansionTraderObjectBase<49300770> <8596.509766, 14.747800, 10488.000000>
SCRIPT       : 21:57:22.500 [EXPANSION DEBUG]: LoadMissionTradersFile trader ExpansionTraderHassan<493af010> fileName Vehicles
SCRIPT       : 21:57:22.515 [EXPANSION DEBUG]: ExpansionTraderIndar<4933b020>::SetTraderObject ExpansionTraderObjectBase<49477140> <8570.200195, 14.804744, 10531.799805>
SCRIPT       : 21:57:22.515 [EXPANSION DEBUG]: LoadMissionTradersFile trader ExpansionTraderIndar<4933b020> fileName Medicals
SCRIPT       : 21:57:22.531 [EXPANSION DEBUG]: ExpansionTraderKaito<4934f6b0>::SetTraderObject ExpansionTraderObjectBase<4947cea0> <8566.829102, 15.935067, 10515.494141>
SCRIPT       : 21:57:22.531 [EXPANSION DEBUG]: LoadMissionTradersFile trader ExpansionTraderKaito<4934f6b0> fileName Exchange
SCRIPT       : 21:57:22.539 [EXPANSION DEBUG]: ExpansionTraderLewis<49595010>::SetTraderObject ExpansionTraderObjectBase<49659040> <8564.556641, 15.914123, 10516.875000>
SCRIPT       : 21:57:22.539 [EXPANSION DEBUG]: LoadMissionTradersFile trader ExpansionTraderLewis<49595010> fileName BuildingSupplies
SCRIPT       : 21:57:22.562 [EXPANSION DEBUG]: ExpansionTraderNaomi<2af7a3d0>::SetTraderObject ExpansionTraderObjectBase<49302210> <8554.720703, 15.931895, 10524.275391>
SCRIPT       : 21:57:22.562 [EXPANSION DEBUG]: LoadMissionTradersFile trader ExpansionTraderNaomi<2af7a3d0> fileName Clothing
SCRIPT       : 21:57:22.570 [EXPANSION DEBUG]: ExpansionTraderHelga<49767680>::SetTraderObject ExpansionTraderObjectBase<4984fc70> <8560.446289, 15.920970, 10521.180664>
SCRIPT       : 21:57:22.570 [EXPANSION DEBUG]: LoadMissionTradersFile trader ExpansionTraderHelga<49767680> fileName Clothing_Accessories
SCRIPT       : 21:57:22.585 [EXPANSION DEBUG]: ExpansionTraderLinda<e4767c80>::SetTraderObject ExpansionTraderObjectBase<49856570> <8571.715820, 14.824916, 10521.992188>
SCRIPT       : 21:57:22.585 [EXPANSION DEBUG]: LoadMissionTradersFile trader ExpansionTraderLinda<e4767c80> fileName Consumables
SCRIPT       : 21:57:22.601 [EXPANSION DEBUG]: ExpansionTraderGabi<49877810>::SetTraderObject ExpansionTraderObjectBase<515db6a0> <8584.846680, 14.821787, 10534.984375>
SCRIPT       : 21:57:22.601 [EXPANSION DEBUG]: LoadMissionTradersFile trader ExpansionTraderGabi<49877810> fileName Weapons
SCRIPT       : 21:57:22.609 [EXPANSION DEBUG]: ExpansionTraderIrena<516672b0>::SetTraderObject ExpansionTraderObjectBase<516d7b50> <8594.533203, 14.821795, 10529.988281>
SCRIPT       : 21:57:22.609 [EXPANSION DEBUG]: LoadMissionTradersFile trader ExpansionTraderIrena<516672b0> fileName Attachments
SCRIPT       : 21:57:22.625 [EXPANSION DEBUG]: ExpansionTraderQuinn<516a9010>::SetTraderObject ExpansionTraderObjectBase<516f09f0> <8555.026367, 15.931314, 10514.249023>
SCRIPT       : 21:57:22.625 [EXPANSION DEBUG]: LoadMissionTradersFile trader ExpansionTraderQuinn<516a9010> fileName Components
SCRIPT       : 21:57:22.640 [EXPANSION DEBUG]: ExpansionTraderJudy<51876020>::SetTraderObject ExpansionTraderObjectBase<518172d0> <8630.750000, 16.608299, 10510.500000>
SCRIPT       : 21:57:22.640 [EXPANSION DEBUG]: LoadMissionTradersFile trader ExpansionTraderJudy<51876020> fileName Fishing
SCRIPT       : 21:57:22.656 [EXPANSION DEBUG]: ExpansionTraderPeter<51912810>::SetTraderObject ExpansionTraderObjectBase<5181cc10> <8590.870117, 14.821789, 10534.200195>
SCRIPT       : 21:57:22.656 [EXPANSION DEBUG]: LoadMissionTradersFile trader ExpansionTraderPeter<51912810> fileName Special
SCRIPT       : 21:57:22.671 [EXPANSION DEBUG]: ExpansionTraderMaria<518bf800>::SetTraderObject ExpansionTraderObjectBase<5195ecb0> <8559.040039, 16.014900, 10511.099609>
SCRIPT       : 21:57:22.671 [EXPANSION DEBUG]: LoadMissionTradersFile trader ExpansionTraderMaria<518bf800> fileName Spraycans
SCRIPT       : 21:57:22.687 [EXPANSION DEBUG]: ExpansionTraderBoris<51b3f820>::SetTraderObject ExpansionTraderObjectBase<51961230> <8053.950195, 1.847600, 7595.729980>
SCRIPT       : 21:57:22.687 [EXPANSION DEBUG]: LoadMissionTradersFile trader ExpansionTraderBoris<51b3f820> fileName Boats
SCRIPT       : 21:57:22.703 [EXPANSION DEBUG]: ExpansionTraderCyril<b8acc4a0>::SetTraderObject ExpansionTraderObjectBase<51b59690> <8050.020020, 2.791790, 7583.060059>
SCRIPT       : 21:57:22.703 [EXPANSION DEBUG]: LoadMissionTradersFile trader ExpansionTraderCyril<b8acc4a0> fileName Vehicle_Parts
SCRIPT       : [ExpansionQuestPersistentServerData] Load existing configuration file:$profile:ExpansionMod\Quests\PersistentServerData.json
SCRIPT       : [ExpansionQuestPersistentServerData] Load existing configuration file:$profile:ExpansionMod\Quests\PersistentServerData.json
SCRIPT       : [ExpansionQuestObjectiveTravelConfig] Load existing configuration file:$profile:ExpansionMod\Quests\Objectives\Travel\Objective_T_1.json
SCRIPT       : [ExpansionQuestObjectiveTravelConfig] Load existing configuration file:$profile:ExpansionMod\Quests\Objectives\Travel\Objective_T_2.json
SCRIPT       : [ExpansionQuestObjectiveTravelConfig] Load existing configuration file:$profile:ExpansionMod\Quests\Objectives\Travel\Objective_T_3.json
SCRIPT       : [ExpansionQuestObjectiveTravelConfig] Load existing configuration file:$profile:ExpansionMod\Quests\Objectives\Travel\Objective_T_4.json
SCRIPT       : [ExpansionQuestObjectiveTravelConfig] Load existing configuration file:$profile:ExpansionMod\Quests\Objectives\Travel\Objective_T_5.json
SCRIPT       : [ExpansionQuestObjectiveTravelConfig] Load existing configuration file:$profile:ExpansionMod\Quests\Objectives\Travel\Objective_T_6.json
SCRIPT       : [ExpansionQuestObjectiveTravelConfig] Load existing configuration file:$profile:ExpansionMod\Quests\Objectives\Travel\Objective_T_7.json
SCRIPT       : [ExpansionQuestObjectiveTargetConfig] Load existing configuration file:$profile:ExpansionMod\Quests\Objectives\Target\Objective_TA_1.json
SCRIPT       : [ExpansionQuestObjectiveTargetConfig] Load existing configuration file:$profile:ExpansionMod\Quests\Objectives\Target\Objective_TA_2.json
SCRIPT       : [ExpansionQuestObjectiveTargetConfig] Load existing configuration file:$profile:ExpansionMod\Quests\Objectives\Target\Objective_TA_3.json
SCRIPT       : [ExpansionQuestObjectiveTargetConfig] Load existing configuration file:$profile:ExpansionMod\Quests\Objectives\Target\Objective_TA_4.json
SCRIPT       : [ExpansionQuestObjectiveDeliveryConfig] Load existing configuration file:$profile:ExpansionMod\Quests\Objectives\Delivery\Objective_D_1.json
SCRIPT       : [ExpansionQuestObjectiveDeliveryConfig] Load existing configuration file:$profile:ExpansionMod\Quests\Objectives\Delivery\Objective_D_2.json
SCRIPT       : [ExpansionQuestObjectiveCollectionConfig] Load existing configuration file:$profile:ExpansionMod\Quests\Objectives\Collection\Objective_C_1.json
SCRIPT       : [ExpansionQuestObjectiveCollectionConfig] Load existing configuration file:$profile:ExpansionMod\Quests\Objectives\Collection\Objective_C_2.json
SCRIPT       : [ExpansionQuestObjectiveCollectionConfig] Load existing configuration file:$profile:ExpansionMod\Quests\Objectives\Collection\Objective_C_3.json
SCRIPT       : [ExpansionQuestObjectiveTreasureHuntConfig] Load existing configuration file:$profile:ExpansionMod\Quests\Objectives\TreasureHunt\Objective_TH_1.json
SCRIPT       : [ExpansionQuestObjectiveActionConfig] Load existing configuration file:$profile:ExpansionMod\Quests\Objectives\Action\Objective_A_1.json
SCRIPT       : [ExpansionQuestObjectiveActionConfig] Load existing configuration file:$profile:ExpansionMod\Quests\Objectives\Action\Objective_A_2.json
SCRIPT       : [ExpansionQuestObjectiveCraftingConfig] Load existing configuration file:$profile:ExpansionMod\Quests\Objectives\Crafting\Objective_CR_1.json
SCRIPT       : [ExpansionQuestObjectiveAIPatrolConfig] Load existing configuration file:$profile:ExpansionMod\Quests\Objectives\AIPatrol\Objective_AIP_1.json
SCRIPT       : [ExpansionQuestObjectiveAICampConfig] Load existing configuration file:$profile:ExpansionMod\Quests\Objectives\AICamp\Objective_AIC_1.json
SCRIPT       : [ExpansionQuestObjectiveAIEscortConfig] Load existing configuration file:$profile:ExpansionMod\Quests\Objectives\AIVIP\Objective_AIESCORT_1.json
SCRIPT       : [ExpansionQuestNPCData] Load existing configuration file:QuestNPC_1.json
SCRIPT       : [ExpansionQuestNPCData] Load existing configuration file:QuestNPC_2.json
SCRIPT       : [ExpansionQuestNPCData] Load existing configuration file:QuestNPC_3.json
SCRIPT       : ExpansionMarketItem marketItem = ExpansionMarketItem<5ac115c0>
SCRIPT       : int worth =   1
SCRIPT       : 21:57:34.851 [EXPANSION DEBUG]: ExpansionP2PTraderAIIrena<3dbebfd0>::SetP2PTraderID - ID: 1
SCRIPT       : ExpansionZoneCircle<3de05110> position=<8583.669922, 0.000000, 10515.000000> radius=400
SCRIPT       : Found 1 zones!
SCRIPT       : m_EventManager NamEventManager<dd2d8560>
SCRIPT       : MaxEventCount 2
SCRIPT       : 21:57:34.984 [EXPANSION DEBUG]: ExpansionQuestNPCAIElias<3d7da340>::OnEnterSafeZone
SCRIPT       : bool m_Expansion_LeavingSafeZone = 0
SCRIPT       : bool m_Expansion_IsInSafeZone = 0
SCRIPT       : bool m_Expansion_IsInSafeZoneSynchRemote = 0
SCRIPT       : 21:57:34.984 [EXPANSION DEBUG]: ExpansionQuestNPCAIDenis<22fc6010>::OnEnterSafeZone
SCRIPT       : bool m_Expansion_LeavingSafeZone = 0
SCRIPT       : bool m_Expansion_IsInSafeZone = 0
SCRIPT       : bool m_Expansion_IsInSafeZoneSynchRemote = 0
SCRIPT       : [Namalsk][NamEventManager]: Trying to select a new event...
SCRIPT       : [Namalsk][NamEventManager]: Starting event Blizzard
SCRIPT       : [Namalsk][Blizzard]: init: 600 (sec), mid: 974.715 (sec), end: 600 (sec), TempDrop: -17.5644 (C)
SCRIPT       : [Namalsk][NamEventManager]: Blizzard: Phase Length 600
SCRIPT       : [Namalsk][NamEventManager]: Next selection will occur in 713 seconds
SCRIPT       : 22:02:35.031 [EXPANSION DEBUG]: [ExpansionMissionEventAirdrop] Adjusted container weights:
SCRIPT       : 22:02:35.031 [EXPANSION DEBUG]: ExpansionAirdropContainer 86
SCRIPT       : 22:02:35.031 [EXPANSION DEBUG]: ExpansionAirdropContainer_Medical 91
SCRIPT       : 22:02:35.031 [EXPANSION DEBUG]: ExpansionAirdropContainer_Basebuilding 96
SCRIPT       : 22:02:35.031 [EXPANSION DEBUG]: ExpansionAirdropContainer_Military_WinterCamo 101
SCRIPT       : 22:02:35.031 [EXPANSION DEBUG]: ExpansionAirdropPlane::GetSpawnPoint - drop position <7493.000000, 0.000000, 7577.000000> - map is namalsk - size 12800 - center <4352.000000, 0.000000, 7348.000000>
SCRIPT       : 22:02:35.031 [EXPANSION DEBUG]: ExpansionAirdropPlane::GetSpawnPoint - selected spawn point <0.000000, 450.199524, 346.354126>
SCRIPT       : [Namalsk][NamEventManager]: Blizzard: Phase Length 974.715
SCRIPT       : 22:09:30.000 [EXPANSION DEBUG]: ExpansionLootSpawner::Spawn - WARNING: Couldn't spawn ExpansionSafeMini on ExpansionAirdropContainerBase<4569c890>
SCRIPT       : 22:09:30.000 [EXPANSION LOG]: ExpansionAirdropContainerBase<4569c890> InitAirdrop - total weight (kg) 428.898 - nominal fall speed 4.82224 m/s, wind impact strength 0.139259
SCRIPT       : [Namalsk][NamEventManager]: Trying to select a new event...
SCRIPT       : [Namalsk][NamEventManager]: Starting event EVRStorm
SCRIPT       : [Namalsk][EVRStorm]: InitPhaseServer
SCRIPT       : [Namalsk][NamEventManager]: EVRStorm: Phase Length 1080
SCRIPT       : [Namalsk][NamEventManager]: Next selection will occur in 981 seconds
SCRIPT       : [Namalsk][NamEventManager]: Blizzard: Phase Length 600
SCRIPT       : [Namalsk][NamEventManager]: Trying to select a new event...
SCRIPT       : [Namalsk][NamEventManager]: Could not start event as we reached the maximum event limit 2
SCRIPT       : [Namalsk][NamEventManager]: Next selection will occur in 988 seconds
SCRIPT       : [Namalsk][EVRStorm]: MidPhaseServer
SCRIPT       : [Namalsk][NamEventManager]: EVRStorm: Phase Length 90
SCRIPT       : float m_Colour_SkyOrang = 0.23
SCRIPT       : [Namalsk][EVRStorm]: EndPhaseServer
SCRIPT       : [Namalsk][NamEventManager]: EVRStorm: Phase Length 220
SCRIPT       : [ExpansionAirdropContainerManager] Container at <7622.063965, 37.508469, 7598.453125> was deleted
SCRIPT       : ~ExpansionAirdropContainerManager
SCRIPT       : [Namalsk][NamEventManager]: EVRStorm: Phase Length 0
SCRIPT       : [Namalsk][EVRStorm]: ~EVRStorm
SCRIPT       : [Namalsk][NamEventManager]: Blizzard: Phase Length 0
SCRIPT       : [Namalsk][NamEventManager]: Trying to select a new event...
SCRIPT       : [Namalsk][NamEventManager]: Starting event Snowfall
SCRIPT       : [Namalsk][Snowfall]: init: 600 (sec), mid: 1196.97 (sec), end: 600 (sec)
SCRIPT       : [Namalsk][NamEventManager]: Snowfall: Phase Length 600
SCRIPT       : [Namalsk][NamEventManager]: Next selection will occur in 626 seconds
SCRIPT       : [Namalsk][NamEventManager]: Snowfall: Phase Length 1196.97
SCRIPT       : [Namalsk][NamEventManager]: Trying to select a new event...
SCRIPT       : [Namalsk][NamEventManager]: Starting event ExtremeCold
SCRIPT       : [Namalsk][ExtremeCold]: init: 100 (sec), mid: 820.948 (sec), end: 100 (sec), TempDrop: -9.64217 (C)
SCRIPT       : [Namalsk][NamEventManager]: ExtremeCold: Phase Length 100
SCRIPT       : [Namalsk][NamEventManager]: Next selection will occur in 694 seconds
SCRIPT       : [Namalsk][NamEventManager]: ExtremeCold: Phase Length 820.948
SCRIPT       : [Namalsk][NamEventManager]: Trying to select a new event...
SCRIPT       : [Namalsk][NamEventManager]: Could not start event as we reached the maximum event limit 2
SCRIPT       : [Namalsk][NamEventManager]: Next selection will occur in 712 seconds
SCRIPT       : [Namalsk][NamEventManager]: ExtremeCold: Phase Length 100
SCRIPT       : [Namalsk][NamEventManager]: ExtremeCold: Phase Length 0
SCRIPT       : [Namalsk][NamEventManager]: Snowfall: Phase Length 600
SCRIPT       : [Namalsk][NamEventManager]: Trying to select a new event...
SCRIPT       : [Namalsk][NamEventManager]: Could not start Snowfall as one is already active
SCRIPT       : [Namalsk][NamEventManager]: Next selection will occur in 864 seconds
SCRIPT       : Clear up static fireplaces: 0
SCRIPT       : 23:17:42.734 [EXPANSION DEBUG]: Clearing cached categories 67
SCRIPT       : 23:17:42.742 [EXPANSION DEBUG]: Clearing cached traders 17
SCRIPT       : ~DayZGame()
