---------------------------------------------
Log C:\daisy\DayZServerNam\!!!\profiles\script_2024-06-13_15-57-14.log started at 13.06. 15:57:15

SCRIPT       : Registered 403 temporary action enum(s), UAN==403
SCRIPT    (W): @"scripts/3_Game/gameplay.c,911": Missing script declaration for method 'MenuData.GetLastSteamQueryPort'
SCRIPT       : Registering faction type eAIFactionShamans ID -1484989417
SCRIPT       : Registering faction type eAIFactionObservers ID -563736721
SCRIPT       : Registering faction type eAIFactionInvincibleObservers ID -1227299746
SCRIPT       : Registering faction type eAIFactionEast ID 90522109
SCRIPT       : Registering faction type eAIFactionGuards ID 963933710
SCRIPT       : Registering faction type eAIFactionRaiders ID 1535276022
SCRIPT       : Registering faction type eAIFactionYeetBrigade ID 1408543989
SCRIPT       : Registering faction type eAIFactionMercenaries ID 1629891834
SCRIPT       : Registering faction type eAIFactionWest ID 113880155
SCRIPT       : Registering faction type eAIFactionCivilian ID 1096178351
SCRIPT       : Registering faction type eAIFactionPassive ID -1159399789
SCRIPT       : Registering faction type eAIFactionInvincibleYeetBrigade ID -1118767876
SCRIPT       : Registering faction type eAIFactionInvincibleGuards ID 782746017
SCRIPT       : ... Backlit Effects Enabled
SCRIPT       : 15:57:17 [EXPANSION LOG]: DayZGame<8e46ca20> Start time (local time) 2024-06-13 15:57:05
SCRIPT       : 15:57:17 [EXPANSION LOG]: DayZGame<8e46ca20> Start time (UTC) 2024-06-13 14:57:05
SCRIPT       : 15:57:17 [EXPANSION LOG]: DayZGame<8e46ca20> Runtime since start (seconds) 12.197
SCRIPT       : Registering faction type eAIFactionLunatics ID 1167351711
SCRIPT       : Registering faction type eAIFactionInfected ID 1371958374
SCRIPT       : Expansion version: 1.8.50
SCRIPT       : 15:57:37.632 [EXPANSION DEBUG]: [ExpansionDebugSettings] Load existing setting file:$profile:ExpansionMod\Settings\DebugSettings.json
SCRIPT       : 15:57:37.632 [EXPANSION DEBUG]: [ExpansionLogSettings] Load existing setting file:$profile:ExpansionMod\Settings\LogsSettings.json
SCRIPT       : 15:57:37.636 [EXPANSION DEBUG]: [ExpansionNotificationSettings] Load existing setting file:$profile:ExpansionMod\Settings\NotificationSettings.json
SCRIPT       : 15:57:37.636 [EXPANSION DEBUG]: [ExpansionMonitoringSettings] Load existing setting file:$profile:ExpansionMod\Settings\MonitoringSettings.json
SCRIPT       : 15:57:37.636 [EXPANSION DEBUG]: [ExpansionDamageSystemSettings] Load existing setting file:$profile:ExpansionMod\Settings\DamageSystemSettings.json
SCRIPT       : 15:57:37.636 [EXPANSION DEBUG]: [ExpansionPartySettings] Load existing setting file:$profile:ExpansionMod\Settings\PartySettings.json
SCRIPT       : 15:57:37.640 [EXPANSION DEBUG]: [ExpansionHardlineSettings] Load existing setting file:$mission:expansion\settings\HardlineSettings.json
SCRIPT       : 15:57:37.660 [EXPANSION DEBUG]: [ExpansionMarketSettings] Load existing setting file:$mission:expansion\settings\MarketSettings.json
SCRIPT       : ExpansionMarketSettings::LoadCategories - Adding category ID 1 (Ammo)
SCRIPT       : ExpansionMarketSettings::LoadCategories - Adding category ID 2 (Ammo_Boxes)
SCRIPT       : ExpansionMarketSettings::LoadCategories - Adding category ID 3 (Armbands)
SCRIPT       : ExpansionMarketSettings::LoadCategories - Adding category ID 4 (Assault_Rifles)
SCRIPT       : ExpansionMarketSettings::LoadCategories - Adding category ID 5 (Backpacks)
SCRIPT       : ExpansionMarketSettings::LoadCategories - Adding category ID 6 (Bandanas)
SCRIPT       : ExpansionMarketSettings::LoadCategories - Adding category ID 7 (Batteries)
SCRIPT       : ExpansionMarketSettings::LoadCategories - Adding category ID 8 (Bayonets)
SCRIPT       : ExpansionMarketSettings::LoadCategories - Adding category ID 9 (Belts)
SCRIPT       : ExpansionMarketSettings::LoadCategories - Adding category ID 10 (Blouses_And_Suits)
SCRIPT       : ExpansionMarketSettings::LoadCategories - Adding category ID 11 (Boats)
SCRIPT       : ExpansionMarketSettings::LoadCategories - Adding category ID 12 (Boots_And_Shoes)
SCRIPT       : ExpansionMarketSettings::LoadCategories - Adding category ID 13 (Buttstocks)
SCRIPT       : ExpansionMarketSettings::LoadCategories - Adding category ID 14 (Caps)
SCRIPT       : ExpansionMarketSettings::LoadCategories - Adding category ID 15 (Cars)
SCRIPT       : ExpansionMarketSettings::LoadCategories - Adding category ID 16 (Coats_And_Jackets)
SCRIPT       : ExpansionMarketSettings::LoadCategories - Adding category ID 17 (Containers)
SCRIPT       : ExpansionMarketSettings::LoadCategories - Adding category ID 18 (Crossbows)
SCRIPT       : ExpansionMarketSettings::LoadCategories - Adding category ID 19 (Drinks)
SCRIPT       : ExpansionMarketSettings::LoadCategories - Adding category ID 20 (Electronics)
SCRIPT       : ExpansionMarketSettings::LoadCategories - Adding category ID 21 (Event)
SCRIPT       : ExpansionMarketSettings::LoadCategories - Adding category ID 22 (Exchange)
SCRIPT       : ExpansionMarketSettings::LoadCategories - Adding category ID 23 (Explosives_And_Grenades)
SCRIPT       : ExpansionMarketSettings::LoadCategories - Adding category ID 24 (Eyewear)
SCRIPT       : ExpansionMarketSettings::LoadCategories - Adding category ID 25 (Fish)
SCRIPT       : ExpansionMarketSettings::LoadCategories - Adding category ID 26 (Fishing)
SCRIPT       : ExpansionMarketSettings::LoadCategories - Adding category ID 27 (Flags)
SCRIPT       : ExpansionMarketSettings::LoadCategories - Adding category ID 28 (Food)
SCRIPT       : ExpansionMarketSettings::LoadCategories - Adding category ID 29 (Fruit_And_Vegetables)
SCRIPT       : ExpansionMarketSettings::LoadCategories - Adding category ID 30 (Furnishings)
SCRIPT       : ExpansionMarketSettings::LoadCategories - Adding category ID 31 (Gardening)
SCRIPT       : ExpansionMarketSettings::LoadCategories - Adding category ID 32 (Ghillies)
SCRIPT       : ExpansionMarketSettings::LoadCategories - Adding category ID 33 (Gloves)
SCRIPT       : ExpansionMarketSettings::LoadCategories - Adding category ID 34 (Handguards)
SCRIPT       : ExpansionMarketSettings::LoadCategories - Adding category ID 35 (Hats_And_Hoods)
SCRIPT       : ExpansionMarketSettings::LoadCategories - Adding category ID 36 (Helicopters)
SCRIPT       : ExpansionMarketSettings::LoadCategories - Adding category ID 37 (Helmets)
SCRIPT       : ExpansionMarketSettings::LoadCategories - Adding category ID 38 (Holsters_And_Pouches)
SCRIPT       : ExpansionMarketSettings::LoadCategories - Adding category ID 39 (Kits)
SCRIPT       : ExpansionMarketSettings::LoadCategories - Adding category ID 40 (Knifes)
SCRIPT       : ExpansionMarketSettings::LoadCategories - Adding category ID 41 (Launchers)
SCRIPT       : ExpansionMarketSettings::LoadCategories - Adding category ID 42 (Lights)
SCRIPT       : ExpansionMarketSettings::LoadCategories - Adding category ID 43 (Liquids)
SCRIPT       : ExpansionMarketSettings::LoadCategories - Adding category ID 44 (Locks)
SCRIPT       : ExpansionMarketSettings::LoadCategories - Adding category ID 45 (Magazines)
SCRIPT       : ExpansionMarketSettings::LoadCategories - Adding category ID 46 (Masks)
SCRIPT       : ExpansionMarketSettings::LoadCategories - Adding category ID 47 (Meat)
SCRIPT       : ExpansionMarketSettings::LoadCategories - Adding category ID 48 (Medical)
SCRIPT       : ExpansionMarketSettings::LoadCategories - Adding category ID 49 (Melee_Weapons)
SCRIPT       : ExpansionMarketSettings::LoadCategories - Adding category ID 50 (Muzzles)
SCRIPT       : ExpansionMarketSettings::LoadCategories - Adding category ID 51 (Navigation)
SCRIPT       : ExpansionMarketSettings::LoadCategories - Adding category ID 52 (Optics)
SCRIPT       : ExpansionMarketSettings::LoadCategories - Adding category ID 53 (Pants_And_Shorts)
SCRIPT       : ExpansionMarketSettings::LoadCategories - Adding category ID 54 (Pistols)
SCRIPT       : ExpansionMarketSettings::LoadCategories - Adding category ID 55 (Rifles)
SCRIPT       : ExpansionMarketSettings::LoadCategories - Adding category ID 56 (Shirts_And_TShirts)
SCRIPT       : ExpansionMarketSettings::LoadCategories - Adding category ID 57 (Shotguns)
SCRIPT       : ExpansionMarketSettings::LoadCategories - Adding category ID 58 (Skirts_And_Dresses)
SCRIPT       : ExpansionMarketSettings::LoadCategories - Adding category ID 59 (Sniper_Rifles)
SCRIPT       : ExpansionMarketSettings::LoadCategories - Adding category ID 60 (Spraycans)
SCRIPT       : ExpansionMarketSettings::LoadCategories - Adding category ID 61 (Submachine_Guns)
SCRIPT       : ExpansionMarketSettings::LoadCategories - Adding category ID 62 (Supplies)
SCRIPT       : ExpansionMarketSettings::LoadCategories - Adding category ID 63 (Sweaters_And_Hoodies)
SCRIPT       : ExpansionMarketSettings::LoadCategories - Adding category ID 64 (Tents)
SCRIPT       : ExpansionMarketSettings::LoadCategories - Adding category ID 65 (Tools)
SCRIPT       : ExpansionMarketSettings::LoadCategories - Adding category ID 66 (Vehicle_Parts)
SCRIPT       : ExpansionMarketSettings::LoadCategories - Adding category ID 67 (Vests)
SCRIPT       : 15:57:37.902 [EXPANSION DEBUG]: [ExpansionAirdropSettings] Load existing setting file:$profile:ExpansionMod\Settings\AirdropSettings.json
SCRIPT       : 15:57:38.359 [EXPANSION DEBUG]: [ExpansionMissionSettings] Load existing setting file:$profile:ExpansionMod\Settings\MissionSettings.json
SCRIPT       : 15:57:38.359 [EXPANSION DEBUG]: [ExpansionMapSettings] Load existing setting file:$mission:expansion\settings\MapSettings.json
SCRIPT       : 15:57:38.382 [EXPANSION DEBUG]: [ExpansionPersonalStorageNewSettings] Load existing setting file:$profile:ExpansionMod\Settings\PersonalStorageNewSettings.json
SCRIPT       : 15:57:38.386 [EXPANSION DEBUG]: [ExpansionGeneralSettings] Load existing setting file:$profile:ExpansionMod\Settings\GeneralSettings.json
SCRIPT       : 15:57:38.386 [EXPANSION DEBUG]: [ExpansionPlayerListSettings] Load existing setting file:$profile:ExpansionMod\Settings\PlayerListSettings.json
SCRIPT       : 15:57:38.386 [EXPANSION DEBUG]: [ExpansionSocialMediaSettings] Load existing setting file:$profile:ExpansionMod\Settings\SocialMediaSettings.json
SCRIPT       : 15:57:38.386 [EXPANSION DEBUG]: [ExpansionSpawnSettings] Load existing setting file:$mission:expansion\settings\SpawnSettings.json
SCRIPT       : 15:57:38.394 [EXPANSION DEBUG]: [ExpansionVehicleSettings] Load existing setting file:$profile:ExpansionMod\Settings\VehicleSettings.json
SCRIPT       : 15:57:38.398 [EXPANSION DEBUG]: [ExpansionAISettings] Load existing setting file:$profile:ExpansionMod\Settings\AISettings.json
SCRIPT       : 15:57:38.398 [EXPANSION DEBUG]: [ExpansionAIPatrolSettings] Load existing setting file:$mission:expansion\settings\AIPatrolSettings.json
SCRIPT       : 15:57:38.410 [EXPANSION DEBUG]: [ExpansionBaseBuildingSettings] Load existing setting file:$mission:expansion\settings\BaseBuildingSettings.json
SCRIPT       : 15:57:38.410 [EXPANSION DEBUG]: [ExpansionRaidSettings] Load existing setting file:$profile:ExpansionMod\Settings\RaidSettings.json
SCRIPT       : 15:57:38.414 [EXPANSION DEBUG]: [ExpansionTerritorySettings] Load existing setting file:$profile:ExpansionMod\Settings\TerritorySettings.json
SCRIPT       : 15:57:38.421 [EXPANSION DEBUG]: [ExpansionChatSettings] Load existing setting file:$profile:ExpansionMod\Settings\ChatSettings.json
SCRIPT       : [DefineTest] EXPANSIONMOD is defined
SCRIPT       : [DefineTest] EXPANSIONMODAI is defined
SCRIPT       : [DefineTest] EXPANSIONMODBASEBUILDING is defined
SCRIPT       : [DefineTest] EXPANSIONMODBOOK is defined
SCRIPT       : [DefineTest] EXPANSIONMODCHAT is defined
SCRIPT       : [DefineTest] EXPANSIONMODCORE is defined
SCRIPT       : [DefineTest] EXPANSIONMODGARAGE is defined
SCRIPT       : [DefineTest] EXPANSIONMODGROUPS is defined
SCRIPT       : [DefineTest] EXPANSIONMODHARDLINE is defined
SCRIPT       : [DefineTest] EXPANSIONMODKILLFEED is defined
SCRIPT       : [DefineTest] EXPANSIONMODMAPASSETS is defined
SCRIPT       : [DefineTest] EXPANSIONMODMARKET is defined
SCRIPT       : [DefineTest] EXPANSIONMODMISSIONS is defined
SCRIPT       : [DefineTest] EXPANSIONMODNAMETAGS is defined
SCRIPT       : [DefineTest] EXPANSIONMODNAVIGATION is defined
SCRIPT       : [DefineTest] EXPANSIONMODP2PMARKET is defined
SCRIPT       : [DefineTest] EXPANSIONMODPERSONALSTORAGE is defined
SCRIPT       : [DefineTest] EXPANSIONMODQUESTS is defined
SCRIPT       : [DefineTest] EXPANSIONMODSPAWNSELECTION is defined
SCRIPT       : [DefineTest] EXPANSIONMODVEHICLE is defined
SCRIPT       : [DefineTest] EXPANSIONMODWEAPONS is defined
SCRIPT       : [DefineTest] CfgMods:
SCRIPT       : defaultAction
SCRIPT       : DayZ
SCRIPT       : DZ_Expansion_AI_Preload
SCRIPT       : DZ_Expansion_BaseBuilding_Preload
SCRIPT       : DZ_Expansion_Book_Preload
SCRIPT       : DZ_Expansion_Chat_Preload
SCRIPT       : DZ_Expansion_Core_Preload
SCRIPT       : DZ_Expansion_Garage_Preload
SCRIPT       : DZ_Expansion_Groups_Preload
SCRIPT       : DZ_Expansion_Hardline_Preload
SCRIPT       : DZ_Expansion_KillFeed_Preload
SCRIPT       : DZ_Expansion_MapAssets_Preload
SCRIPT       : DZ_Expansion_Market_Preload
SCRIPT       : DZ_Expansion_Missions_Preload
SCRIPT       : DZ_Expansion_ModStorage_Preload
SCRIPT       : DZ_Expansion_NameTags_Preload
SCRIPT       : DZ_Expansion_Navigation_Preload
SCRIPT       : DZ_Expansion_P2PMarket_Preload
SCRIPT       : DZ_Expansion_PersonalStorage_Preload
SCRIPT       : DZ_Expansion_Preload
SCRIPT       : DZ_Expansion_Quests_Preload
SCRIPT       : DZ_Expansion_SpawnSelection_Preload
SCRIPT       : DZ_Expansion_Vehicles_Preload
SCRIPT       : DZ_Expansion_Weapons_Preload
SCRIPT       : DabsFramework
SCRIPT       : DZ_Expansion_DefineTest
SCRIPT       : DZ_Expansion_MapAssets
SCRIPT       : EditorLoader
SCRIPT       : JM_CommunityFramework
SCRIPT       : JM_CommunityOnlineTools
SCRIPT       : NAMALSK_ISLAND
SCRIPT       : NAMALSK_SURVIVAL
SCRIPT       : Overhaulfiles
SCRIPT       : DZ_Expansion_ModStorage
SCRIPT       : DZ_Expansion_Core
SCRIPT       : DZ_Expansion_Garage
SCRIPT       : DZ_Expansion_Groups
SCRIPT       : DZ_Expansion_Market
SCRIPT       : DZ_Expansion_Missions
SCRIPT       : DZ_Expansion_NameTags
SCRIPT       : DZ_Expansion_Navigation
SCRIPT       : DZ_Expansion_NotificationScheduler
SCRIPT       : DZ_Expansion_P2PMarket
SCRIPT       : DZ_Expansion_PersonalStorage
SCRIPT       : DZ_Expansion_PersonalStorageNew
SCRIPT       : DZ_Expansion_PlayerList
SCRIPT       : DZ_Expansion
SCRIPT       : DZ_Expansion_SpawnSelection
SCRIPT       : DZ_Expansion_VanillaFixes
SCRIPT       : DZ_Expansion_Vehicles
SCRIPT       : DZ_Expansion_Weapons
SCRIPT       : A3_UI_F
SCRIPT       : DZ_Expansion_AI
SCRIPT       : DZ_Expansion_BaseBuilding
SCRIPT       : DZ_Expansion_Book
SCRIPT       : DZ_Expansion_Chat
SCRIPT       : DZ_Expansion_Hardline
SCRIPT       : DZ_Expansion_Quests
SCRIPT       : DZ_Expansion_VirtualContainerStorage
SCRIPT       : Namalsk_Overhaul_scripts
SCRIPT       : 15:57:38.914 [EXPANSION DEBUG]: ModStorage v5
SCRIPT       : [Namalsk_Overhaul] Spawning Objects...
SCRIPT    (E): NULL pointer to instance
Class:      'CustomMission'
Function: 'SpawnObject'
Stack trace:
Namalsk_Overhaul/scripts/5_mission/namalsk_overhaul.c:8
Namalsk_Overhaul/scripts/5_mission/namalsk_overhaul.c:172
$CurrentDir:mpmissions\regular.namalsk\init.c:36
SCRIPT    (E): NULL pointer to instance
Class:      'CustomMission'
Function: 'SpawnObject'
Stack trace:
Namalsk_Overhaul/scripts/5_mission/namalsk_overhaul.c:8
Namalsk_Overhaul/scripts/5_mission/namalsk_overhaul.c:491
$CurrentDir:mpmissions\regular.namalsk\init.c:36
SCRIPT    (E): NULL pointer to instance
Class:      'CustomMission'
Function: 'SpawnObject'
Stack trace:
Namalsk_Overhaul/scripts/5_mission/namalsk_overhaul.c:8
Namalsk_Overhaul/scripts/5_mission/namalsk_overhaul.c:578
$CurrentDir:mpmissions\regular.namalsk\init.c:36
SCRIPT    (E): NULL pointer to instance
Class:      'CustomMission'
Function: 'SpawnObject'
Stack trace:
Namalsk_Overhaul/scripts/5_mission/namalsk_overhaul.c:8
Namalsk_Overhaul/scripts/5_mission/namalsk_overhaul.c:592
$CurrentDir:mpmissions\regular.namalsk\init.c:36
SCRIPT       : [Namalsk][NamEventManager]: Next selection will occur in 637 seconds
SCRIPT       : [Namalsk][NamEventManager]: NamEventManager is now running
SCRIPT       : Object 'TreeSoft_t_LarixDecidua_1f' is scope 0
SCRIPT       : Object 'TreeHard_t_LarixDecidua_2s' is scope 0
SCRIPT       : Object 'TreeHard_t_LarixDecidua_2f' is scope 0
SCRIPT       : Object 'TreeHard_t_LarixDecidua_2s' is scope 0
SCRIPT       : Object 'TreeSoft_t_LarixDecidua_1f' is scope 0
SCRIPT       : Object 'TreeHard_t_LarixDecidua_3f' is scope 0
SCRIPT       : Object 'TreeSoft_t_LarixDecidua_1s' is scope 0
SCRIPT       : Object 'TreeHard_t_LarixDecidua_2s' is scope 0
SCRIPT       : Object 'TreeHard_t_LarixDecidua_3fb' is scope 0
SCRIPT       : Object 'TreeHard_t_LarixDecidua_2f' is scope 0
SCRIPT       : Object 'TreeHard_t_LarixDecidua_2f' is scope 0
SCRIPT       : Object 'TreeHard_t_LarixDecidua_3f' is scope 0
SCRIPT       : Object 'TreeHard_t_LarixDecidua_2f' is scope 0
SCRIPT       : Object 'TreeSoft_t_LarixDecidua_1f' is scope 0
SCRIPT       : Object 'TreeHard_t_LarixDecidua_2s' is scope 0
SCRIPT       : Object 'TreeHard_t_quercusRobur_2sc' is scope 0
SCRIPT       : Object 'TreeSoft_t_quercusRobur_1fd' is scope 0
SCRIPT       : Object 'TreeHard_t_quercusRobur_2sb' is scope 0
SCRIPT       : Object 'TreeSoft_t_quercusRobur_1fd' is scope 0
SCRIPT       : Object 'TreeHard_t_quercusRobur_2sc' is scope 0
SCRIPT       : Object 'TreeHard_t_quercusRobur_3fb' is scope 0
SCRIPT       : Object 'TreeHard_t_quercusRobur_3fb' is scope 0
SCRIPT       : Object 'TreeSoft_t_quercusRobur_1s' is scope 0
SCRIPT       : Object 'TreeHard_t_quercusRobur_3fb' is scope 0
SCRIPT       : Object 'TreeHard_t_quercusRobur_2d' is scope 0
SCRIPT       : 208 objects created, 0 deleted (completed in 208)
SCRIPT       : 15:57:48.765 [EXPANSION DEBUG]: ExpansionTraderDenis<c31e3560>::SetTraderObject ExpansionTraderObjectBase<72366100> <6297.701172, 20.696091, 9523.166016>
SCRIPT       : 15:57:48.765 [EXPANSION DEBUG]: LoadMissionTradersFile trader ExpansionTraderDenis<c31e3560> fileName Aircraft
SCRIPT       : 15:57:48.808 [EXPANSION DEBUG]: ExpansionTraderGuo<b732e050>::SetTraderObject ExpansionTraderObjectBase<721446a0> <8599.360352, 14.725300, 10492.200195>
SCRIPT       : 15:57:48.808 [EXPANSION DEBUG]: LoadMissionTradersFile trader ExpansionTraderGuo<b732e050> fileName Vehicle_Parts
SCRIPT       : 15:57:48.863 [EXPANSION DEBUG]: ExpansionTraderHassan<3b139810>::SetTraderObject ExpansionTraderObjectBase<721ea330> <8596.509766, 14.747800, 10488.000000>
SCRIPT       : 15:57:48.863 [EXPANSION DEBUG]: LoadMissionTradersFile trader ExpansionTraderHassan<3b139810> fileName Vehicles
SCRIPT       : 15:57:48.914 [EXPANSION DEBUG]: ExpansionTraderIndar<234b9810>::SetTraderObject ExpansionTraderObjectBase<7a85d910> <8570.200195, 14.804744, 10531.799805>
SCRIPT       : 15:57:48.914 [EXPANSION DEBUG]: LoadMissionTradersFile trader ExpansionTraderIndar<234b9810> fileName Medicals
SCRIPT       : 15:57:48.960 [EXPANSION DEBUG]: ExpansionTraderKaito<9f43a810>::SetTraderObject ExpansionTraderObjectBase<9d3d5840> <8566.829102, 15.935067, 10515.494141>
SCRIPT       : 15:57:48.960 [EXPANSION DEBUG]: LoadMissionTradersFile trader ExpansionTraderKaito<9f43a810> fileName Exchange
SCRIPT       : 15:57:49.011 [EXPANSION DEBUG]: ExpansionTraderLewis<fe5e9800>::SetTraderObject ExpansionTraderObjectBase<7aa32b60> <8564.556641, 15.914123, 10516.875000>
SCRIPT       : 15:57:49.011 [EXPANSION DEBUG]: LoadMissionTradersFile trader ExpansionTraderLewis<fe5e9800> fileName BuildingSupplies
SCRIPT       : 15:57:49.066 [EXPANSION DEBUG]: ExpansionTraderNaomi<15a3b930>::SetTraderObject ExpansionTraderObjectBase<7a86d000> <8554.720703, 15.931895, 10524.275391>
SCRIPT       : 15:57:49.066 [EXPANSION DEBUG]: LoadMissionTradersFile trader ExpansionTraderNaomi<15a3b930> fileName Clothing
SCRIPT       : 15:57:49.109 [EXPANSION DEBUG]: ExpansionTraderHelga<aa049f80>::SetTraderObject ExpansionTraderObjectBase<7ab30d10> <8560.446289, 15.920970, 10521.180664>
SCRIPT       : 15:57:49.109 [EXPANSION DEBUG]: LoadMissionTradersFile trader ExpansionTraderHelga<aa049f80> fileName Clothing_Accessories
SCRIPT       : 15:57:49.152 [EXPANSION DEBUG]: ExpansionTraderLinda<2e589a10>::SetTraderObject ExpansionTraderObjectBase<7ac71680> <8571.715820, 14.824916, 10521.992188>
SCRIPT       : 15:57:49.152 [EXPANSION DEBUG]: LoadMissionTradersFile trader ExpansionTraderLinda<2e589a10> fileName Consumables
SCRIPT       : 15:57:49.199 [EXPANSION DEBUG]: ExpansionTraderGabi<234c9690>::SetTraderObject ExpansionTraderObjectBase<7a86fe20> <8584.846680, 14.821787, 10534.984375>
SCRIPT       : 15:57:49.199 [EXPANSION DEBUG]: LoadMissionTradersFile trader ExpansionTraderGabi<234c9690> fileName Weapons
SCRIPT       : 15:57:49.242 [EXPANSION DEBUG]: ExpansionTraderIrena<3b149690>::SetTraderObject ExpansionTraderObjectBase<7ab21f20> <8594.533203, 14.821795, 10529.988281>
SCRIPT       : 15:57:49.242 [EXPANSION DEBUG]: LoadMissionTradersFile trader ExpansionTraderIrena<3b149690> fileName Attachments
SCRIPT       : 15:57:49.300 [EXPANSION DEBUG]: ExpansionTraderQuinn<c31f9350>::SetTraderObject ExpansionTraderObjectBase<7ac8ed50> <8555.026367, 15.931314, 10514.249023>
SCRIPT       : 15:57:49.304 [EXPANSION DEBUG]: LoadMissionTradersFile trader ExpansionTraderQuinn<c31f9350> fileName Components
SCRIPT       : 15:57:49.343 [EXPANSION DEBUG]: ExpansionTraderJudy<7acf8010>::SetTraderObject ExpansionTraderObjectBase<7a864870> <8630.750000, 16.608299, 10510.500000>
SCRIPT       : 15:57:49.343 [EXPANSION DEBUG]: LoadMissionTradersFile trader ExpansionTraderJudy<7acf8010> fileName Fishing
SCRIPT       : 15:57:49.390 [EXPANSION DEBUG]: ExpansionTraderPeter<f1a04920>::SetTraderObject ExpansionTraderObjectBase<9d3e4870> <8590.870117, 14.821789, 10534.200195>
SCRIPT       : 15:57:49.390 [EXPANSION DEBUG]: LoadMissionTradersFile trader ExpansionTraderPeter<f1a04920> fileName Special
SCRIPT       : 15:57:49.429 [EXPANSION DEBUG]: ExpansionTraderMaria<72797d00>::SetTraderObject ExpansionTraderObjectBase<7aa4ca80> <8559.040039, 16.014900, 10511.099609>
SCRIPT       : 15:57:49.429 [EXPANSION DEBUG]: LoadMissionTradersFile trader ExpansionTraderMaria<72797d00> fileName Spraycans
SCRIPT       : 15:57:49.480 [EXPANSION DEBUG]: ExpansionTraderBoris<7b2e3010>::SetTraderObject ExpansionTraderObjectBase<7b382a70> <8053.950195, 1.847600, 7595.729980>
SCRIPT       : 15:57:49.480 [EXPANSION DEBUG]: LoadMissionTradersFile trader ExpansionTraderBoris<7b2e3010> fileName Boats
SCRIPT       : 15:57:49.523 [EXPANSION DEBUG]: ExpansionTraderCyril<a851a0c0>::SetTraderObject ExpansionTraderObjectBase<7b1bbea0> <8050.020020, 2.791790, 7583.060059>
SCRIPT       : 15:57:49.523 [EXPANSION DEBUG]: LoadMissionTradersFile trader ExpansionTraderCyril<a851a0c0> fileName Vehicle_Parts
SCRIPT       : [ExpansionQuestPersistentServerData] Load existing configuration file:$profile:ExpansionMod\Quests\PersistentServerData.json
SCRIPT       : [ExpansionQuestPersistentServerData] Load existing configuration file:$profile:ExpansionMod\Quests\PersistentServerData.json
SCRIPT       : [ExpansionQuestObjectiveTravelConfig] Load existing configuration file:$profile:ExpansionMod\Quests\Objectives\Travel\Objective_T_1.json
SCRIPT       : [ExpansionQuestObjectiveTravelConfig] Load existing configuration file:$profile:ExpansionMod\Quests\Objectives\Travel\Objective_T_2.json
SCRIPT       : [ExpansionQuestObjectiveTravelConfig] Load existing configuration file:$profile:ExpansionMod\Quests\Objectives\Travel\Objective_T_3.json
SCRIPT       : [ExpansionQuestObjectiveTravelConfig] Load existing configuration file:$profile:ExpansionMod\Quests\Objectives\Travel\Objective_T_4.json
SCRIPT       : [ExpansionQuestObjectiveTravelConfig] Load existing configuration file:$profile:ExpansionMod\Quests\Objectives\Travel\Objective_T_5.json
SCRIPT       : [ExpansionQuestObjectiveTravelConfig] Load existing configuration file:$profile:ExpansionMod\Quests\Objectives\Travel\Objective_T_6.json
SCRIPT       : [ExpansionQuestObjectiveTravelConfig] Load existing configuration file:$profile:ExpansionMod\Quests\Objectives\Travel\Objective_T_7.json
SCRIPT       : [ExpansionQuestObjectiveTargetConfig] Load existing configuration file:$profile:ExpansionMod\Quests\Objectives\Target\Objective_TA_1.json
SCRIPT       : [ExpansionQuestObjectiveTargetConfig] Load existing configuration file:$profile:ExpansionMod\Quests\Objectives\Target\Objective_TA_2.json
SCRIPT       : [ExpansionQuestObjectiveTargetConfig] Load existing configuration file:$profile:ExpansionMod\Quests\Objectives\Target\Objective_TA_3.json
SCRIPT       : [ExpansionQuestObjectiveTargetConfig] Load existing configuration file:$profile:ExpansionMod\Quests\Objectives\Target\Objective_TA_4.json
SCRIPT       : [ExpansionQuestObjectiveDeliveryConfig] Load existing configuration file:$profile:ExpansionMod\Quests\Objectives\Delivery\Objective_D_1.json
SCRIPT       : [ExpansionQuestObjectiveDeliveryConfig] Load existing configuration file:$profile:ExpansionMod\Quests\Objectives\Delivery\Objective_D_2.json
SCRIPT       : [ExpansionQuestObjectiveCollectionConfig] Load existing configuration file:$profile:ExpansionMod\Quests\Objectives\Collection\Objective_C_1.json
SCRIPT       : [ExpansionQuestObjectiveCollectionConfig] Load existing configuration file:$profile:ExpansionMod\Quests\Objectives\Collection\Objective_C_2.json
SCRIPT       : [ExpansionQuestObjectiveCollectionConfig] Load existing configuration file:$profile:ExpansionMod\Quests\Objectives\Collection\Objective_C_3.json
SCRIPT       : [ExpansionQuestObjectiveTreasureHuntConfig] Load existing configuration file:$profile:ExpansionMod\Quests\Objectives\TreasureHunt\Objective_TH_1.json
SCRIPT       : [ExpansionQuestObjectiveActionConfig] Load existing configuration file:$profile:ExpansionMod\Quests\Objectives\Action\Objective_A_1.json
SCRIPT       : [ExpansionQuestObjectiveActionConfig] Load existing configuration file:$profile:ExpansionMod\Quests\Objectives\Action\Objective_A_2.json
SCRIPT       : [ExpansionQuestObjectiveCraftingConfig] Load existing configuration file:$profile:ExpansionMod\Quests\Objectives\Crafting\Objective_CR_1.json
SCRIPT       : [ExpansionQuestObjectiveAIPatrolConfig] Load existing configuration file:$profile:ExpansionMod\Quests\Objectives\AIPatrol\Objective_AIP_1.json
SCRIPT       : [ExpansionQuestObjectiveAICampConfig] Load existing configuration file:$profile:ExpansionMod\Quests\Objectives\AICamp\Objective_AIC_1.json
SCRIPT       : [ExpansionQuestObjectiveAIEscortConfig] Load existing configuration file:$profile:ExpansionMod\Quests\Objectives\AIVIP\Objective_AIESCORT_1.json
SCRIPT       : [ExpansionQuestNPCData] Load existing configuration file:QuestNPC_1.json
SCRIPT       : [ExpansionQuestNPCData] Load existing configuration file:QuestNPC_2.json
SCRIPT       : [ExpansionQuestNPCData] Load existing configuration file:QuestNPC_3.json
SCRIPT       : 15:58:14.015 [EXPANSION DEBUG]: ExpansionP2PTraderAIIrena<5421c780>::SetP2PTraderID - ID: 1
SCRIPT       : ExpansionZoneCircle<53b61640> position=<8583.669922, 0.000000, 10515.000000> radius=400
SCRIPT       : Found 1 zones!
SCRIPT       : ExpansionMarketItem marketItem = ExpansionMarketItem<6919c420>
SCRIPT       : int worth =   1
SCRIPT       : m_EventManager NamEventManager<65aa06e0>
SCRIPT       : MaxEventCount 2
SCRIPT       : 15:58:14.230 [EXPANSION DEBUG]: ExpansionQuestNPCAIElias<50d29500>::OnEnterSafeZone
SCRIPT       : bool m_Expansion_LeavingSafeZone = 0
SCRIPT       : bool m_Expansion_IsInSafeZone = 0
SCRIPT       : bool m_Expansion_IsInSafeZoneSynchRemote = 0
SCRIPT       : 15:58:14.230 [EXPANSION DEBUG]: ExpansionQuestNPCAIDenis<50c893c0>::OnEnterSafeZone
SCRIPT       : bool m_Expansion_LeavingSafeZone = 0
SCRIPT       : bool m_Expansion_IsInSafeZone = 0
SCRIPT       : bool m_Expansion_IsInSafeZoneSynchRemote = 0
SCRIPT       : Clear up static fireplaces: 0
SCRIPT       : 16:01:09.972 [EXPANSION DEBUG]: Clearing cached categories 67
SCRIPT       : 16:01:09.984 [EXPANSION DEBUG]: Clearing cached traders 17
SCRIPT       : ~DayZGame()
