---------------------------------------------
Log C:\daisy\DayZServerNam\!!!\profiles\script_2024-06-14_11-32-31.log started at 14.06. 11:32:32

SCRIPT       : Registered 403 temporary action enum(s), UAN==403
SCRIPT    (W): @"GoreZ/3_game/effects\effectparticle\bulletimpactbase\hit_meatbones.c,74": FIX-ME: Overriding function 'BloodSplatGround' but not marked as 'override'
SCRIPT    (W): @"GoreZ/3_game/effects\effectparticle\bulletimpactbase\hit_meatbones.c,109": FIX-ME: Overriding function 'BloodSplatWall' but not marked as 'override'
SCRIPT    (W): @"scripts/3_Game/gameplay.c,911": Missing script declaration for method 'MenuData.GetLastSteamQueryPort'
SCRIPT       : Registering faction type eAIFactionShamans ID -1484989417
SCRIPT       : Registering faction type eAIFactionObservers ID -563736721
SCRIPT       : Registering faction type eAIFactionInvincibleObservers ID -1227299746
SCRIPT       : Registering faction type eAIFactionEast ID 90522109
SCRIPT       : Registering faction type eAIFactionGuards ID 963933710
SCRIPT       : Registering faction type eAIFactionRaiders ID 1535276022
SCRIPT       : Registering faction type eAIFactionYeetBrigade ID 1408543989
SCRIPT       : Registering faction type eAIFactionMercenaries ID 1629891834
SCRIPT       : Registering faction type eAIFactionWest ID 113880155
SCRIPT       : Registering faction type eAIFactionCivilian ID 1096178351
SCRIPT       : Registering faction type eAIFactionPassive ID -1159399789
SCRIPT       : Registering faction type eAIFactionInvincibleYeetBrigade ID -1118767876
SCRIPT       : Registering faction type eAIFactionInvincibleGuards ID 782746017
SCRIPT       : ... Backlit Effects Enabled
SCRIPT       : 11:32:34 [EXPANSION LOG]: DayZGame<e91d9440> Start time (local time) 2024-06-14 11:32:20
SCRIPT       : 11:32:34 [EXPANSION LOG]: DayZGame<e91d9440> Start time (UTC) 2024-06-14 10:32:20
SCRIPT       : 11:32:34 [EXPANSION LOG]: DayZGame<e91d9440> Runtime since start (seconds) 14.77
SCRIPT    (W): @"DrugsPLUS/scripts/4_world/drugsplus.c,49": Missing ';' at the end of line
SCRIPT    (W): @"MassMisc/scripts/4_World/items\containers\modded classes\itembase.c,29": FIX-ME: Overriding function 'IsInvEmpty' but not marked as 'override'
SCRIPT    (W): @"GoreZ/4_world/entities\manbase\playerbase.c,11": FIX-ME: Overriding function 'CheckDeath' but not marked as 'override'
SCRIPT    (W): @"GoreZ/4_world/entities\infected\zombiebase.c,27": FIX-ME: Overriding function 'IsAlive' but not marked as 'override'
SCRIPT    (W): @"Pokemon/scripts/4_World/entities\pokemonboosterpack_1.c,31": FIX-ME: Overriding function 'InsertCard' but not marked as 'override'
SCRIPT    (W): @"Pokemon/scripts/4_World/entities\pokemonboosterpack_3.c,31": FIX-ME: Overriding function 'InsertCard' but not marked as 'override'
SCRIPT    (W): @"Pokemon/scripts/4_World/entities\pokemonboosterpack_5.c,31": FIX-ME: Overriding function 'InsertCard' but not marked as 'override'
SCRIPT    (W): @"MassGuns\Scripts\4_World/entities\firearms\automaticrifle\mass_slr106.c,9": FIX-ME: Overriding function 'Open' but not marked as 'override'
SCRIPT    (W): @"Food\scripts\4_World/mremains.c,485": FIX-ME: Overriding function 'Open' but not marked as 'override'
SCRIPT    (W): @"MassGuns\Scripts\4_World/entities\firearms\automaticrifle\mass_ak9.c,8": FIX-ME: Overriding function 'Open' but not marked as 'override'
SCRIPT    (W): @"UnlimitedStamina/4_World/classes\staminahandler.c,3": FIX-ME: Overriding function 'Update' but not marked as 'override'
SCRIPT    (W): @"MassGuns\Scripts\4_World/entities\firearms\automaticrifle\mass_rpk74_base.c,59": FIX-ME: Overriding function 'Open' but not marked as 'override'
SCRIPT    (W): @"MassGuns\Scripts\4_World/entities\firearms\shotgun\spas12.c,10": FIX-ME: Overriding function 'Open' but not marked as 'override'
SCRIPT    (W): @"Food\scripts\4_World/mremains.c,435": FIX-ME: Overriding function 'Open' but not marked as 'override'
SCRIPT    (W): @"Food\scripts\4_World/mremains.c,385": FIX-ME: Overriding function 'Open' but not marked as 'override'
SCRIPT    (W): @"MassMisc/scripts/4_World/items\containers\thiccweaponcase.c,71": FIX-ME: Overriding function 'IsHeavyBehaviour' but not marked as 'override'
SCRIPT    (W): @"CannabisPlus/scripts/4_World/entities\itembase\drypost.c,52": Possible variable name conflict 'attachment'
SCRIPT    (W): @"CannabisPlus/scripts/4_World/entities\itembase\drypost.c,212": Possible variable name conflict 'attachment'
SCRIPT    (W): @"GoreZ/4_world/classes\bleedingsources\bleedingsource.c,56": FIX-ME: Overriding function 'GetBit' but not marked as 'override'
SCRIPT    (W): @"GoreZ/4_world/classes\bleedingsources\bleedingsource.c,157": FIX-ME: Overriding function 'DrawDebugShape' but not marked as 'override'
SCRIPT    (W): @"DrugsPLUS/scripts/4_world/classes\useractionscomponent\actions\singleuse\actionconsumedrugs.c,27": Possible variable name conflict 'player'
SCRIPT    (W): @"Food\scripts\4_World/mremains.c,333": FIX-ME: Overriding function 'Open' but not marked as 'override'
SCRIPT    (W): @"Food\scripts\4_World/mremains.c,325": FIX-ME: Callbacks do not properly support overloaded methods 'Open'
SCRIPT    (W): @"Food\scripts\4_World/mremains.c,377": FIX-ME: Callbacks do not properly support overloaded methods 'Open'
SCRIPT    (W): @"Food\scripts\4_World/mremains.c,427": FIX-ME: Callbacks do not properly support overloaded methods 'Open'
SCRIPT    (W): @"Food\scripts\4_World/mremains.c,477": FIX-ME: Callbacks do not properly support overloaded methods 'Open'
SCRIPT    (W): @"MassGuns\Scripts\4_World/entities\firearms\shotgun\spas12.c,7": FIX-ME: Callbacks do not properly support overloaded methods 'Open'
SCRIPT    (W): @"MassGuns\Scripts\4_World/entities\firearms\automaticrifle\mass_slr106.c,5": FIX-ME: Callbacks do not properly support overloaded methods 'Open'
SCRIPT    (W): @"MassGuns\Scripts\4_World/entities\firearms\automaticrifle\mass_ak9.c,5": FIX-ME: Callbacks do not properly support overloaded methods 'Open'
SCRIPT    (W): @"MassGuns\Scripts\4_World/entities\firearms\automaticrifle\mass_rpk74_base.c,33": FIX-ME: Callbacks do not properly support overloaded methods 'Open'
SCRIPT    (W): @"CannabisPlus/scripts/4_World/entities\gardenbase\plantbase.c,64": Possible variable name conflict 'currentYield'
SCRIPT    (W): @"CannabisPlus/scripts/4_World/entities\itembase\drypost.c,502": Possible variable name conflict 'p'
SCRIPT    (W): @"CannabisPlus/scripts/4_World/entities\itembase\drypost.c,512": Possible variable name conflict 'j'
SCRIPT    (W): @"CannabisPlus/scripts/4_World/classes\useractionscomponent\actions\continuous\tearopenbrickorbag.c,46": Unsafe down-casting, use 'CP_CannabisBags.Cast' for safe down-casting
SCRIPT    (W): @"CannabisPlus/scripts/4_World/classes\useractionscomponent\actions\continuous\tearopenbrickorbag.c,47": Unsafe down-casting, use 'CP_CoreClass.Cast' for safe down-casting
SCRIPT    (W): @"CannabisPlus/scripts/4_World/entities\itembase\workbench.c,835": Possible variable name conflict 'BatteryRequired'
SCRIPT    (W): @"DrugsPLUS/scripts/4_world/classes\useractionscomponent\actions\singleuse\actionconsumedrugs.c,50": Possible variable name conflict 'player'
SCRIPT    (W): @"DrugsPLUS/scripts/4_world/classes\useractionscomponent\actions\singleuse\actionconsumedrugs.c,92": Possible variable name conflict 'player'
SCRIPT       : Registering faction type eAIFactionLunatics ID 1167351711
SCRIPT       : Registering faction type eAIFactionInfected ID 1371958374
SCRIPT    (W): @"UnlimitedStamina/5_Mission/missiongameplay.c,5": Missing ';' at the end of line
SCRIPT       : Expansion version: 1.8.50
SCRIPT       : 11:32:50.425 [EXPANSION DEBUG]: [ExpansionDebugSettings] Load existing setting file:$profile:ExpansionMod\Settings\DebugSettings.json
SCRIPT       : 11:32:50.429 [EXPANSION DEBUG]: [ExpansionLogSettings] Load existing setting file:$profile:ExpansionMod\Settings\LogsSettings.json
SCRIPT       : 11:32:50.437 [EXPANSION DEBUG]: [ExpansionNotificationSettings] Load existing setting file:$profile:ExpansionMod\Settings\NotificationSettings.json
SCRIPT       : 11:32:50.445 [EXPANSION DEBUG]: [ExpansionMonitoringSettings] Load existing setting file:$profile:ExpansionMod\Settings\MonitoringSettings.json
SCRIPT       : 11:32:50.449 [EXPANSION DEBUG]: [ExpansionDamageSystemSettings] Load existing setting file:$profile:ExpansionMod\Settings\DamageSystemSettings.json
SCRIPT       : 11:32:50.457 [EXPANSION DEBUG]: [ExpansionPartySettings] Load existing setting file:$profile:ExpansionMod\Settings\PartySettings.json
SCRIPT       : 11:32:50.460 [EXPANSION DEBUG]: [ExpansionHardlineSettings] Load existing setting file:$mission:expansion\settings\HardlineSettings.json
SCRIPT       : 11:32:50.484 [EXPANSION DEBUG]: [ExpansionMarketSettings] Load existing setting file:$mission:expansion\settings\MarketSettings.json
SCRIPT       : ExpansionMarketSettings::LoadCategories - Adding category ID 1 (Ammo)
SCRIPT       : ExpansionMarketSettings::LoadCategories - Adding category ID 2 (Ammo_Boxes)
SCRIPT       : ExpansionMarketSettings::LoadCategories - Adding category ID 3 (Armbands)
SCRIPT       : ExpansionMarketSettings::LoadCategories - Adding category ID 4 (Assault_Rifles)
SCRIPT       : ExpansionMarketSettings::LoadCategories - Adding category ID 5 (Backpacks)
SCRIPT       : ExpansionMarketSettings::LoadCategories - Adding category ID 6 (Bandanas)
SCRIPT       : ExpansionMarketSettings::LoadCategories - Adding category ID 7 (Batteries)
SCRIPT       : ExpansionMarketSettings::LoadCategories - Adding category ID 8 (Bayonets)
SCRIPT       : ExpansionMarketSettings::LoadCategories - Adding category ID 9 (Belts)
SCRIPT       : ExpansionMarketSettings::LoadCategories - Adding category ID 10 (Blouses_And_Suits)
SCRIPT       : ExpansionMarketSettings::LoadCategories - Adding category ID 11 (Boats)
SCRIPT       : ExpansionMarketSettings::LoadCategories - Adding category ID 12 (Boots_And_Shoes)
SCRIPT       : ExpansionMarketSettings::LoadCategories - Adding category ID 13 (Buttstocks)
SCRIPT       : ExpansionMarketSettings::LoadCategories - Adding category ID 14 (Caps)
SCRIPT       : ExpansionMarketSettings::LoadCategories - Adding category ID 15 (Cars)
SCRIPT       : ExpansionMarketSettings::LoadCategories - Adding category ID 16 (Coats_And_Jackets)
SCRIPT       : ExpansionMarketSettings::LoadCategories - Adding category ID 17 (Containers)
SCRIPT       : ExpansionMarketSettings::LoadCategories - Adding category ID 18 (Crossbows)
SCRIPT       : ExpansionMarketSettings::LoadCategories - Adding category ID 19 (Drinks)
SCRIPT       : ExpansionMarketSettings::LoadCategories - Adding category ID 20 (Electronics)
SCRIPT       : ExpansionMarketSettings::LoadCategories - Adding category ID 21 (Event)
SCRIPT       : ExpansionMarketSettings::LoadCategories - Adding category ID 22 (Exchange)
SCRIPT       : ExpansionMarketSettings::LoadCategories - Adding category ID 23 (Explosives_And_Grenades)
SCRIPT       : ExpansionMarketSettings::LoadCategories - Adding category ID 24 (Eyewear)
SCRIPT       : ExpansionMarketSettings::LoadCategories - Adding category ID 25 (Fish)
SCRIPT       : ExpansionMarketSettings::LoadCategories - Adding category ID 26 (Fishing)
SCRIPT       : ExpansionMarketSettings::LoadCategories - Adding category ID 27 (Flags)
SCRIPT       : ExpansionMarketSettings::LoadCategories - Adding category ID 28 (Food)
SCRIPT       : ExpansionMarketSettings::LoadCategories - Adding category ID 29 (Fruit_And_Vegetables)
SCRIPT       : ExpansionMarketSettings::LoadCategories - Adding category ID 30 (Furnishings)
SCRIPT       : ExpansionMarketSettings::LoadCategories - Adding category ID 31 (Gardening)
SCRIPT       : ExpansionMarketSettings::LoadCategories - Adding category ID 32 (Ghillies)
SCRIPT       : ExpansionMarketSettings::LoadCategories - Adding category ID 33 (Gloves)
SCRIPT       : ExpansionMarketSettings::LoadCategories - Adding category ID 34 (Handguards)
SCRIPT       : ExpansionMarketSettings::LoadCategories - Adding category ID 35 (Hats_And_Hoods)
SCRIPT       : ExpansionMarketSettings::LoadCategories - Adding category ID 36 (Helicopters)
SCRIPT       : ExpansionMarketSettings::LoadCategories - Adding category ID 37 (Helmets)
SCRIPT       : ExpansionMarketSettings::LoadCategories - Adding category ID 38 (Holsters_And_Pouches)
SCRIPT       : ExpansionMarketSettings::LoadCategories - Adding category ID 39 (Kits)
SCRIPT       : ExpansionMarketSettings::LoadCategories - Adding category ID 40 (Knifes)
SCRIPT       : ExpansionMarketSettings::LoadCategories - Adding category ID 41 (Launchers)
SCRIPT       : ExpansionMarketSettings::LoadCategories - Adding category ID 42 (Lights)
SCRIPT       : ExpansionMarketSettings::LoadCategories - Adding category ID 43 (Liquids)
SCRIPT       : ExpansionMarketSettings::LoadCategories - Adding category ID 44 (Locks)
SCRIPT       : ExpansionMarketSettings::LoadCategories - Adding category ID 45 (Magazines)
SCRIPT       : ExpansionMarketSettings::LoadCategories - Adding category ID 46 (Masks)
SCRIPT       : ExpansionMarketSettings::LoadCategories - Adding category ID 47 (Meat)
SCRIPT       : ExpansionMarketSettings::LoadCategories - Adding category ID 48 (Medical)
SCRIPT       : ExpansionMarketSettings::LoadCategories - Adding category ID 49 (Melee_Weapons)
SCRIPT       : ExpansionMarketSettings::LoadCategories - Adding category ID 50 (Muzzles)
SCRIPT       : ExpansionMarketSettings::LoadCategories - Adding category ID 51 (Navigation)
SCRIPT       : ExpansionMarketSettings::LoadCategories - Adding category ID 52 (Optics)
SCRIPT       : ExpansionMarketSettings::LoadCategories - Adding category ID 53 (Pants_And_Shorts)
SCRIPT       : ExpansionMarketSettings::LoadCategories - Adding category ID 54 (Pistols)
SCRIPT       : ExpansionMarketSettings::LoadCategories - Adding category ID 55 (Rifles)
SCRIPT       : ExpansionMarketSettings::LoadCategories - Adding category ID 56 (Shirts_And_TShirts)
SCRIPT       : ExpansionMarketSettings::LoadCategories - Adding category ID 57 (Shotguns)
SCRIPT       : ExpansionMarketSettings::LoadCategories - Adding category ID 58 (Skirts_And_Dresses)
SCRIPT       : ExpansionMarketSettings::LoadCategories - Adding category ID 59 (Sniper_Rifles)
SCRIPT       : ExpansionMarketSettings::LoadCategories - Adding category ID 60 (Spraycans)
SCRIPT       : ExpansionMarketSettings::LoadCategories - Adding category ID 61 (Submachine_Guns)
SCRIPT       : ExpansionMarketSettings::LoadCategories - Adding category ID 62 (Supplies)
SCRIPT       : ExpansionMarketSettings::LoadCategories - Adding category ID 63 (Sweaters_And_Hoodies)
SCRIPT       : ExpansionMarketSettings::LoadCategories - Adding category ID 64 (Tents)
SCRIPT       : ExpansionMarketSettings::LoadCategories - Adding category ID 65 (Tools)
SCRIPT       : ExpansionMarketSettings::LoadCategories - Adding category ID 66 (Vehicle_Parts)
SCRIPT       : ExpansionMarketSettings::LoadCategories - Adding category ID 67 (Vests)
SCRIPT       : 11:32:51.042 [EXPANSION DEBUG]: [ExpansionAirdropSettings] Load existing setting file:$profile:ExpansionMod\Settings\AirdropSettings.json
SCRIPT       : 11:32:51.453 [EXPANSION DEBUG]: [ExpansionMissionSettings] Load existing setting file:$profile:ExpansionMod\Settings\MissionSettings.json
SCRIPT       : 11:32:51.460 [EXPANSION DEBUG]: [ExpansionMapSettings] Load existing setting file:$mission:expansion\settings\MapSettings.json
SCRIPT       : 11:32:51.496 [EXPANSION DEBUG]: [ExpansionPersonalStorageNewSettings] Load existing setting file:$profile:ExpansionMod\Settings\PersonalStorageNewSettings.json
SCRIPT       : 11:32:51.500 [EXPANSION DEBUG]: [ExpansionGeneralSettings] Load existing setting file:$profile:ExpansionMod\Settings\GeneralSettings.json
SCRIPT       : 11:32:51.507 [EXPANSION DEBUG]: [ExpansionPlayerListSettings] Load existing setting file:$profile:ExpansionMod\Settings\PlayerListSettings.json
SCRIPT       : 11:32:51.511 [EXPANSION DEBUG]: [ExpansionSocialMediaSettings] Load existing setting file:$profile:ExpansionMod\Settings\SocialMediaSettings.json
SCRIPT       : 11:32:51.515 [EXPANSION DEBUG]: [ExpansionSpawnSettings] Load existing setting file:$mission:expansion\settings\SpawnSettings.json
SCRIPT       : 11:32:51.527 [EXPANSION DEBUG]: [ExpansionVehicleSettings] Load existing setting file:$profile:ExpansionMod\Settings\VehicleSettings.json
SCRIPT       : 11:32:51.531 [EXPANSION DEBUG]: [ExpansionAISettings] Load existing setting file:$profile:ExpansionMod\Settings\AISettings.json
SCRIPT       : 11:32:51.535 [EXPANSION DEBUG]: [ExpansionAIPatrolSettings] Load existing setting file:$mission:expansion\settings\AIPatrolSettings.json
SCRIPT       : 11:32:51.550 [EXPANSION DEBUG]: [ExpansionBaseBuildingSettings] Load existing setting file:$mission:expansion\settings\BaseBuildingSettings.json
SCRIPT       : 11:32:51.558 [EXPANSION DEBUG]: [ExpansionRaidSettings] Load existing setting file:$profile:ExpansionMod\Settings\RaidSettings.json
SCRIPT       : 11:32:51.562 [EXPANSION DEBUG]: [ExpansionTerritorySettings] Load existing setting file:$profile:ExpansionMod\Settings\TerritorySettings.json
SCRIPT       : 11:32:51.578 [EXPANSION DEBUG]: [ExpansionChatSettings] Load existing setting file:$profile:ExpansionMod\Settings\ChatSettings.json
SCRIPT       : [DefineTest] EXPANSIONMOD is defined
SCRIPT       : [DefineTest] EXPANSIONMODAI is defined
SCRIPT       : [DefineTest] EXPANSIONMODBASEBUILDING is defined
SCRIPT       : [DefineTest] EXPANSIONMODBOOK is defined
SCRIPT       : [DefineTest] EXPANSIONMODCHAT is defined
SCRIPT       : [DefineTest] EXPANSIONMODCORE is defined
SCRIPT       : [DefineTest] EXPANSIONMODGARAGE is defined
SCRIPT       : [DefineTest] EXPANSIONMODGROUPS is defined
SCRIPT       : [DefineTest] EXPANSIONMODHARDLINE is defined
SCRIPT       : [DefineTest] EXPANSIONMODKILLFEED is defined
SCRIPT       : [DefineTest] EXPANSIONMODMAPASSETS is defined
SCRIPT       : [DefineTest] EXPANSIONMODMARKET is defined
SCRIPT       : [DefineTest] EXPANSIONMODMISSIONS is defined
SCRIPT       : [DefineTest] EXPANSIONMODNAMETAGS is defined
SCRIPT       : [DefineTest] EXPANSIONMODNAVIGATION is defined
SCRIPT       : [DefineTest] EXPANSIONMODP2PMARKET is defined
SCRIPT       : [DefineTest] EXPANSIONMODPERSONALSTORAGE is defined
SCRIPT       : [DefineTest] EXPANSIONMODQUESTS is defined
SCRIPT       : [DefineTest] EXPANSIONMODSPAWNSELECTION is defined
SCRIPT       : [DefineTest] EXPANSIONMODVEHICLE is defined
SCRIPT       : [DefineTest] EXPANSIONMODWEAPONS is defined
SCRIPT       : [DefineTest] CfgMods:
SCRIPT       : defaultAction
SCRIPT       : DayZ
SCRIPT       : DZ_Expansion_AI_Preload
SCRIPT       : DZ_Expansion_BaseBuilding_Preload
SCRIPT       : DZ_Expansion_Book_Preload
SCRIPT       : DZ_Expansion_Chat_Preload
SCRIPT       : DZ_Expansion_Core_Preload
SCRIPT       : DZ_Expansion_Garage_Preload
SCRIPT       : DZ_Expansion_Groups_Preload
SCRIPT       : DZ_Expansion_Hardline_Preload
SCRIPT       : DZ_Expansion_KillFeed_Preload
SCRIPT       : DZ_Expansion_MapAssets_Preload
SCRIPT       : DZ_Expansion_Market_Preload
SCRIPT       : DZ_Expansion_Missions_Preload
SCRIPT       : DZ_Expansion_ModStorage_Preload
SCRIPT       : DZ_Expansion_NameTags_Preload
SCRIPT       : DZ_Expansion_Navigation_Preload
SCRIPT       : DZ_Expansion_P2PMarket_Preload
SCRIPT       : DZ_Expansion_PersonalStorage_Preload
SCRIPT       : DZ_Expansion_Preload
SCRIPT       : DZ_Expansion_Quests_Preload
SCRIPT       : DZ_Expansion_SpawnSelection_Preload
SCRIPT       : DZ_Expansion_Vehicles_Preload
SCRIPT       : DZ_Expansion_Weapons_Preload
SCRIPT       : Blackout_Weapons_Ammunition
SCRIPT       : Blackout_Weapons_Attachments
SCRIPT       : Blackout_Weapons_Launchers
SCRIPT       : Blackout_Weapons_LMGs
SCRIPT       : Blackout_Weapons_Pistols
SCRIPT       : Blackout_Weapons_Rifles
SCRIPT       : Blackout_Weapons_Scripts
SCRIPT       : Blackout_Weapons_Shotguns
SCRIPT       : Blackout_Weapons_SMGs
SCRIPT       : Blackout_Weapons_Snipers
SCRIPT       : CJ187Fridges
SCRIPT       : CPtoken
SCRIPT       : DabsFramework
SCRIPT       : DZ_Expansion_DefineTest
SCRIPT       : DZ_Expansion_MapAssets
SCRIPT       : DH_Hunting
SCRIPT       : EditorLoader
SCRIPT       : MassFoodScripts
SCRIPT       : MassModMedical
SCRIPT       : GoreZ
SCRIPT       : JM_CommunityFramework
SCRIPT       : JM_CommunityOnlineTools
SCRIPT       : PerishableFood
SCRIPT       : MassScripts
SCRIPT       : MMIO_GUI
SCRIPT       : MassMiscScripts
SCRIPT       : PumpingGas
SCRIPT       : Namalsk_Weapon
SCRIPT       : NAMALSK_ISLAND
SCRIPT       : NAMALSK_SURVIVAL
SCRIPT       : OP_BaseItems
SCRIPT       : Treasure
SCRIPT       : TreasurePhotosNamalsk
SCRIPT       : UnlimitedStamina
SCRIPT       : FlipTransport
SCRIPT       : AmmunitionExpansion
SCRIPT       : CannabisPlus_GhostIcons
SCRIPT       : DZ_Expansion_ModStorage
SCRIPT       : dbo_creatures
SCRIPT       : MassChessScripts
SCRIPT       : MassGuns_Scripts
SCRIPT       : Namalsk_Igloo
SCRIPT       : CannabisPlus
SCRIPT       : DZ_Expansion_Core
SCRIPT       : DZ_Expansion_Garage
SCRIPT       : DZ_Expansion_Groups
SCRIPT       : DZ_Expansion_Market
SCRIPT       : DZ_Expansion_Missions
SCRIPT       : DZ_Expansion_NameTags
SCRIPT       : DZ_Expansion_Navigation
SCRIPT       : DZ_Expansion_NotificationScheduler
SCRIPT       : DZ_Expansion_P2PMarket
SCRIPT       : DZ_Expansion_PersonalStorage
SCRIPT       : DZ_Expansion_PersonalStorageNew
SCRIPT       : DZ_Expansion_PlayerList
SCRIPT       : DZ_Expansion
SCRIPT       : DZ_Expansion_SpawnSelection
SCRIPT       : DZ_Expansion_VanillaFixes
SCRIPT       : DZ_Expansion_Vehicles
SCRIPT       : DZ_Expansion_Weapons
SCRIPT       : MoreFood
SCRIPT       : DrugsPLUS
SCRIPT       : MassBuildingScripts
SCRIPT       : Pokemon
SCRIPT       : rag_snowman
SCRIPT       : AdmiralsParachuteMod
SCRIPT       : CP_Pouch
SCRIPT       : DZ_Expansion_AI
SCRIPT       : DZ_Expansion_BaseBuilding
SCRIPT       : DZ_Expansion_Book
SCRIPT       : DZ_Expansion_Chat
SCRIPT       : DZ_Expansion_Hardline
SCRIPT       : DZ_Expansion_Quests
SCRIPT       : DZ_Expansion_VirtualContainerStorage
SCRIPT       : [Treasure] 'Treasures.json' found, loading existing config
SCRIPT       : [Treasure] 'Descriptions_FR.json' does not exist, skipping this config
SCRIPT       : [Treasure] 'Descriptions_ES.json' does not exist, skipping this config
SCRIPT       : [Treasure] 'Descriptions_IT.json' does not exist, skipping this config
SCRIPT       : [Treasure] 'Descriptions_DE.json' does not exist, skipping this config
SCRIPT       : [Treasure] 'Descriptions_CZ.json' does not exist, skipping this config
SCRIPT       : [Treasure] 'Descriptions_RU.json' does not exist, skipping this config
SCRIPT       : [Treasure] 'Descriptions_CHT.json' does not exist, skipping this config
SCRIPT       : [Treasure] 'Descriptions_CHS.json' does not exist, skipping this config
SCRIPT       : [Treasure] 'Descriptions_PL.json' does not exist, skipping this config
SCRIPT       : [Treasure] 'Descriptions_JA.json' does not exist, skipping this config
SCRIPT       : [Treasure] 'Descriptions_PTBR.json' does not exist, skipping this config
SCRIPT       : [MMIO Misc] OnInit
SCRIPT       : [MMIO Misc] Loading Config
SCRIPT       : 11:32:52.136 [EXPANSION DEBUG]: ModStorage v5
SCRIPT       : [CP] Config Sucessfully loaded!
SCRIPT       : [DP] Config Sucessfully loaded!
SCRIPT       : Parachute Settings Received From Server
SCRIPT       : [Namalsk][NamEventManager]: Next selection will occur in 871 seconds
SCRIPT       : [Namalsk][NamEventManager]: NamEventManager is now running
SCRIPT       : Object 'TreeSoft_t_LarixDecidua_1f' is scope 0
SCRIPT       : Object 'TreeHard_t_LarixDecidua_2s' is scope 0
SCRIPT       : Object 'TreeHard_t_LarixDecidua_2f' is scope 0
SCRIPT       : Object 'TreeHard_t_LarixDecidua_2s' is scope 0
SCRIPT       : Object 'TreeSoft_t_LarixDecidua_1f' is scope 0
SCRIPT       : Object 'TreeHard_t_LarixDecidua_3f' is scope 0
SCRIPT       : Object 'TreeSoft_t_LarixDecidua_1s' is scope 0
SCRIPT       : Object 'TreeHard_t_LarixDecidua_2s' is scope 0
SCRIPT       : Object 'TreeHard_t_LarixDecidua_3fb' is scope 0
SCRIPT       : Object 'TreeHard_t_LarixDecidua_2f' is scope 0
SCRIPT       : Object 'TreeHard_t_LarixDecidua_2f' is scope 0
SCRIPT       : Object 'TreeHard_t_LarixDecidua_3f' is scope 0
SCRIPT       : Object 'TreeHard_t_LarixDecidua_2f' is scope 0
SCRIPT       : Object 'TreeSoft_t_LarixDecidua_1f' is scope 0
SCRIPT       : Object 'TreeHard_t_LarixDecidua_2s' is scope 0
SCRIPT       : Object 'TreeHard_t_quercusRobur_2sc' is scope 0
SCRIPT       : Object 'TreeSoft_t_quercusRobur_1fd' is scope 0
SCRIPT       : Object 'TreeHard_t_quercusRobur_2sb' is scope 0
SCRIPT       : Object 'TreeSoft_t_quercusRobur_1fd' is scope 0
SCRIPT       : Object 'TreeHard_t_quercusRobur_2sc' is scope 0
SCRIPT       : Object 'TreeHard_t_quercusRobur_3fb' is scope 0
SCRIPT       : Object 'TreeHard_t_quercusRobur_3fb' is scope 0
SCRIPT       : Object 'TreeSoft_t_quercusRobur_1s' is scope 0
SCRIPT       : Object 'TreeHard_t_quercusRobur_3fb' is scope 0
SCRIPT       : Object 'TreeHard_t_quercusRobur_2d' is scope 0
SCRIPT       : 208 objects created, 0 deleted (completed in 208)
SCRIPT       : 11:32:59.742 [EXPANSION DEBUG]: ExpansionTraderDenis<b1b0c030>::SetTraderObject ExpansionTraderObjectBase<5d961b10> <6297.701172, 20.696091, 9523.166016>
SCRIPT       : 11:32:59.742 [EXPANSION DEBUG]: LoadMissionTradersFile trader ExpansionTraderDenis<b1b0c030> fileName Aircraft
SCRIPT       : 11:32:59.765 [EXPANSION DEBUG]: ExpansionTraderGuo<f7232020>::SetTraderObject ExpansionTraderObjectBase<5dc52990> <8599.360352, 14.725300, 10492.200195>
SCRIPT       : 11:32:59.765 [EXPANSION DEBUG]: LoadMissionTradersFile trader ExpansionTraderGuo<f7232020> fileName Vehicle_Parts
SCRIPT       : 11:32:59.777 [EXPANSION DEBUG]: ExpansionTraderHassan<83a0c020>::SetTraderObject ExpansionTraderObjectBase<5dc5a670> <8596.509766, 14.747800, 10488.000000>
SCRIPT       : 11:32:59.777 [EXPANSION DEBUG]: LoadMissionTradersFile trader ExpansionTraderHassan<83a0c020> fileName Vehicles
SCRIPT       : 11:32:59.796 [EXPANSION DEBUG]: ExpansionTraderIndar<cdbb8020>::SetTraderObject ExpansionTraderObjectBase<5dd840e0> <8570.200195, 14.804744, 10531.799805>
SCRIPT       : 11:32:59.796 [EXPANSION DEBUG]: LoadMissionTradersFile trader ExpansionTraderIndar<cdbb8020> fileName Medicals
SCRIPT       : 11:32:59.808 [EXPANSION DEBUG]: ExpansionTraderKaito<79db5c60>::SetTraderObject ExpansionTraderObjectBase<5deeb5e0> <8566.829102, 15.935067, 10515.494141>
SCRIPT       : 11:32:59.808 [EXPANSION DEBUG]: LoadMissionTradersFile trader ExpansionTraderKaito<79db5c60> fileName Exchange
SCRIPT       : 11:32:59.828 [EXPANSION DEBUG]: ExpansionTraderLewis<5e012020>::SetTraderObject ExpansionTraderObjectBase<5dfb2300> <8564.556641, 15.914123, 10516.875000>
SCRIPT       : 11:32:59.828 [EXPANSION DEBUG]: LoadMissionTradersFile trader ExpansionTraderLewis<5e012020> fileName BuildingSupplies
SCRIPT       : 11:32:59.847 [EXPANSION DEBUG]: ExpansionTraderNaomi<5e0bf7e0>::SetTraderObject ExpansionTraderObjectBase<5dd85be0> <8554.720703, 15.931895, 10524.275391>
SCRIPT       : 11:32:59.847 [EXPANSION DEBUG]: LoadMissionTradersFile trader ExpansionTraderNaomi<5e0bf7e0> fileName Clothing
SCRIPT       : 11:32:59.863 [EXPANSION DEBUG]: ExpansionTraderHelga<13fb9d10>::SetTraderObject ExpansionTraderObjectBase<5e1866c0> <8560.446289, 15.920970, 10521.180664>
SCRIPT       : 11:32:59.863 [EXPANSION DEBUG]: LoadMissionTradersFile trader ExpansionTraderHelga<13fb9d10> fileName Clothing_Accessories
SCRIPT       : 11:32:59.878 [EXPANSION DEBUG]: ExpansionTraderLinda<20ce8b10>::SetTraderObject ExpansionTraderObjectBase<5e2da240> <8571.715820, 14.824916, 10521.992188>
SCRIPT       : 11:32:59.878 [EXPANSION DEBUG]: LoadMissionTradersFile trader ExpansionTraderLinda<20ce8b10> fileName Consumables
SCRIPT       : 11:32:59.894 [EXPANSION DEBUG]: ExpansionTraderGabi<2fe888d0>::SetTraderObject ExpansionTraderObjectBase<5e43b900> <8584.846680, 14.821787, 10534.984375>
SCRIPT       : 11:32:59.894 [EXPANSION DEBUG]: LoadMissionTradersFile trader ExpansionTraderGabi<2fe888d0> fileName Weapons
SCRIPT       : 11:32:59.906 [EXPANSION DEBUG]: ExpansionTraderIrena<5e3dc010>::SetTraderObject ExpansionTraderObjectBase<5e18e0a0> <8594.533203, 14.821795, 10529.988281>
SCRIPT       : 11:32:59.906 [EXPANSION DEBUG]: LoadMissionTradersFile trader ExpansionTraderIrena<5e3dc010> fileName Attachments
SCRIPT       : 11:32:59.921 [EXPANSION DEBUG]: ExpansionTraderQuinn<5e4a4010>::SetTraderObject ExpansionTraderObjectBase<5e57a410> <8555.026367, 15.931314, 10514.249023>
SCRIPT       : 11:32:59.921 [EXPANSION DEBUG]: LoadMissionTradersFile trader ExpansionTraderQuinn<5e4a4010> fileName Components
SCRIPT       : 11:32:59.933 [EXPANSION DEBUG]: ExpansionTraderJudy<5e600000>::SetTraderObject ExpansionTraderObjectBase<62600510> <8630.750000, 16.608299, 10510.500000>
SCRIPT       : 11:32:59.933 [EXPANSION DEBUG]: LoadMissionTradersFile trader ExpansionTraderJudy<5e600000> fileName Fishing
SCRIPT       : 11:32:59.953 [EXPANSION DEBUG]: ExpansionTraderPeter<62790ff0>::SetTraderObject ExpansionTraderObjectBase<6273a320> <8590.870117, 14.821789, 10534.200195>
SCRIPT       : 11:32:59.953 [EXPANSION DEBUG]: LoadMissionTradersFile trader ExpansionTraderPeter<62790ff0> fileName Special
SCRIPT       : 11:32:59.964 [EXPANSION DEBUG]: ExpansionTraderMaria<5e618010>::SetTraderObject ExpansionTraderObjectBase<628ffe10> <8559.040039, 16.014900, 10511.099609>
SCRIPT       : 11:32:59.964 [EXPANSION DEBUG]: LoadMissionTradersFile trader ExpansionTraderMaria<5e618010> fileName Spraycans
SCRIPT       : 11:32:59.984 [EXPANSION DEBUG]: ExpansionTraderBoris<a070bfc0>::SetTraderObject ExpansionTraderObjectBase<629024b0> <8053.950195, 1.847600, 7595.729980>
SCRIPT       : 11:32:59.984 [EXPANSION DEBUG]: LoadMissionTradersFile trader ExpansionTraderBoris<a070bfc0> fileName Boats
SCRIPT       : 11:33:00.000 [EXPANSION DEBUG]: ExpansionTraderCyril<a0728030>::SetTraderObject ExpansionTraderObjectBase<62a67e50> <8050.020020, 2.791790, 7583.060059>
SCRIPT       : 11:33:00.000 [EXPANSION DEBUG]: LoadMissionTradersFile trader ExpansionTraderCyril<a0728030> fileName Vehicle_Parts
SCRIPT       : [ExpansionQuestPersistentServerData] Load existing configuration file:$profile:ExpansionMod\Quests\PersistentServerData.json
SCRIPT       : [ExpansionQuestPersistentServerData] Load existing configuration file:$profile:ExpansionMod\Quests\PersistentServerData.json
SCRIPT       : [ExpansionQuestObjectiveTravelConfig] Load existing configuration file:$profile:ExpansionMod\Quests\Objectives\Travel\Objective_T_1.json
SCRIPT       : [ExpansionQuestObjectiveTravelConfig] Load existing configuration file:$profile:ExpansionMod\Quests\Objectives\Travel\Objective_T_2.json
SCRIPT       : [ExpansionQuestObjectiveTravelConfig] Load existing configuration file:$profile:ExpansionMod\Quests\Objectives\Travel\Objective_T_3.json
SCRIPT       : [ExpansionQuestObjectiveTravelConfig] Load existing configuration file:$profile:ExpansionMod\Quests\Objectives\Travel\Objective_T_4.json
SCRIPT       : [ExpansionQuestObjectiveTravelConfig] Load existing configuration file:$profile:ExpansionMod\Quests\Objectives\Travel\Objective_T_5.json
SCRIPT       : [ExpansionQuestObjectiveTravelConfig] Load existing configuration file:$profile:ExpansionMod\Quests\Objectives\Travel\Objective_T_6.json
SCRIPT       : [ExpansionQuestObjectiveTravelConfig] Load existing configuration file:$profile:ExpansionMod\Quests\Objectives\Travel\Objective_T_7.json
SCRIPT       : [ExpansionQuestObjectiveTargetConfig] Load existing configuration file:$profile:ExpansionMod\Quests\Objectives\Target\Objective_TA_1.json
SCRIPT       : [ExpansionQuestObjectiveTargetConfig] Load existing configuration file:$profile:ExpansionMod\Quests\Objectives\Target\Objective_TA_2.json
SCRIPT       : [ExpansionQuestObjectiveTargetConfig] Load existing configuration file:$profile:ExpansionMod\Quests\Objectives\Target\Objective_TA_3.json
SCRIPT       : [ExpansionQuestObjectiveTargetConfig] Load existing configuration file:$profile:ExpansionMod\Quests\Objectives\Target\Objective_TA_4.json
SCRIPT       : [ExpansionQuestObjectiveDeliveryConfig] Load existing configuration file:$profile:ExpansionMod\Quests\Objectives\Delivery\Objective_D_1.json
SCRIPT       : [ExpansionQuestObjectiveDeliveryConfig] Load existing configuration file:$profile:ExpansionMod\Quests\Objectives\Delivery\Objective_D_2.json
SCRIPT       : [ExpansionQuestObjectiveCollectionConfig] Load existing configuration file:$profile:ExpansionMod\Quests\Objectives\Collection\Objective_C_1.json
SCRIPT       : [ExpansionQuestObjectiveCollectionConfig] Load existing configuration file:$profile:ExpansionMod\Quests\Objectives\Collection\Objective_C_2.json
SCRIPT       : [ExpansionQuestObjectiveCollectionConfig] Load existing configuration file:$profile:ExpansionMod\Quests\Objectives\Collection\Objective_C_3.json
SCRIPT       : [ExpansionQuestObjectiveTreasureHuntConfig] Load existing configuration file:$profile:ExpansionMod\Quests\Objectives\TreasureHunt\Objective_TH_1.json
SCRIPT       : [ExpansionQuestObjectiveActionConfig] Load existing configuration file:$profile:ExpansionMod\Quests\Objectives\Action\Objective_A_1.json
SCRIPT       : [ExpansionQuestObjectiveActionConfig] Load existing configuration file:$profile:ExpansionMod\Quests\Objectives\Action\Objective_A_2.json
SCRIPT       : [ExpansionQuestObjectiveCraftingConfig] Load existing configuration file:$profile:ExpansionMod\Quests\Objectives\Crafting\Objective_CR_1.json
SCRIPT       : [ExpansionQuestObjectiveAIPatrolConfig] Load existing configuration file:$profile:ExpansionMod\Quests\Objectives\AIPatrol\Objective_AIP_1.json
SCRIPT       : [ExpansionQuestObjectiveAICampConfig] Load existing configuration file:$profile:ExpansionMod\Quests\Objectives\AICamp\Objective_AIC_1.json
SCRIPT       : [ExpansionQuestObjectiveAIEscortConfig] Load existing configuration file:$profile:ExpansionMod\Quests\Objectives\AIVIP\Objective_AIESCORT_1.json
SCRIPT       : [ExpansionQuestNPCData] Load existing configuration file:QuestNPC_1.json
SCRIPT       : [ExpansionQuestNPCData] Load existing configuration file:QuestNPC_2.json
SCRIPT       : [ExpansionQuestNPCData] Load existing configuration file:QuestNPC_3.json
SCRIPT       : [inv] ReplaceItemWithNewLambdaBase Step B) remove OK, loc={ type=GROUND item=kivaarimag:4826 pos=(1236.86, 3.22938, 11848.4) dir=(0.349868, 0.614486, -0.614486, 0.349868) }
SCRIPT       : [inv] ReplaceItemWithNewLambdaBase Step B) remove OK, loc={ type=GROUND item=Scout556mag:5132 pos=(4012.53, 53.825, 7744.12) dir=(-0.612175, 0.353896, 0.353896, 0.612175) }
SCRIPT       : [inv] ReplaceItemWithNewLambdaBase Step B) remove OK, loc={ type=GROUND item=Mass308STANAG:5169 pos=(4231.13, 78.3694, 8028.52) dir=(-0.103992, 0.699418, 0.699418, 0.103992) }
SCRIPT       : [inv] ReplaceItemWithNewLambdaBase Step B) remove OK, loc={ type=GROUND item=Mass338M24Mag:5197 pos=(3706.79, 228.608, 6747.38) dir=(-0.20212, 0.677604, 0.677604, 0.20212) }
SCRIPT       : [wpnfsm] Warning! OnStoreLoad - cannot load curent weapon state, id=0
SCRIPT       : [inv] ReplaceItemWithNewLambdaBase Step B) remove OK, loc={ type=GROUND item=Scout556mag:5392 pos=(4221.47, 78.1676, 8077.72) dir=(0.702753, 0.0783455, -0.0783455, 0.702753) }
SCRIPT       : [wpnfsm] Warning! OnStoreLoad - cannot load curent weapon state, id=0
SCRIPT       : [wpnfsm] Warning! OnStoreLoad - cannot load curent weapon state, id=0
SCRIPT       : [inv] ReplaceItemWithNewLambdaBase Step B) remove OK, loc={ type=GROUND item=kivaarimag:5531 pos=(4199.65, 78.6763, 8071.04) dir=(-0.568832, -0.420035, -0.420035, 0.568833) }
SCRIPT       : [inv] ReplaceItemWithNewLambdaBase Step B) remove OK, loc={ type=GROUND item=Scout556mag:5543 pos=(3959.57, 107.991, 7608.59) dir=(0.185756, 0.682272, -0.682272, 0.185756) }
SCRIPT       : [inv] ReplaceItemWithNewLambdaBase Step B) remove OK, loc={ type=GROUND item=Scout556mag:5584 pos=(4254.56, 89.9363, 8121.66) dir=(-0.692261, -0.144132, -0.144132, 0.692261) }
SCRIPT       : [wpnfsm] Warning! OnStoreLoad - cannot load curent weapon state, id=0
SCRIPT       : [inv] ReplaceItemWithNewLambdaBase Step B) remove OK, loc={ type=GROUND item=Scout556mag:5709 pos=(4254.51, 79.0459, 8030.49) dir=(-0.0781771, 0.702772, -0.702772, -0.078177) }
SCRIPT       : [inv] ReplaceItemWithNewLambdaBase Step B) remove OK, loc={ type=GROUND item=Mass308STANAG:5784 pos=(4242.55, 78.5158, 8078.31) dir=(-0.686308, -0.170239, -0.170239, 0.686308) }
SCRIPT       : [wpnfsm] Warning! OnStoreLoad - cannot load curent weapon state, id=0
SCRIPT       : [inv] ReplaceItemWithNewLambdaBase Step B) remove OK, loc={ type=GROUND item=MassSVTmag:6080 pos=(4450.59, 15.8529, 11228.7) dir=(-0.124597, 0.696043, -0.696043, -0.124597) }
SCRIPT       : [wpnfsm] Warning! OnStoreLoad - cannot load curent weapon state, id=0
SCRIPT       : [inv] ReplaceItemWithNewLambdaBase Step B) remove OK, loc={ type=GROUND item=Mass308STANAG:6366 pos=(4342.11, 79.5853, 8064.43) dir=(0.352339, 0.613072, 0.613072, -0.352339) }
SCRIPT       : [wpnfsm] Warning! OnStoreLoad - cannot load curent weapon state, id=0
SCRIPT       : [inv] ReplaceItemWithNewLambdaBase Step B) remove OK, loc={ type=GROUND item=Scout556mag:6562 pos=(4371.56, 79.3338, 8055.98) dir=(-0.261026, 0.657165, -0.657165, -0.261026) }
SCRIPT       : [inv] ReplaceItemWithNewLambdaBase Step B) remove OK, loc={ type=GROUND item=MassSVTmag:6564 pos=(4813, 54.5219, 6199.13) dir=(-0.0376423, 0.706104, -0.706104, -0.0376423) }
SCRIPT       : [inv] ReplaceItemWithNewLambdaBase Step B) remove OK, loc={ type=GROUND item=Mass308STANAG:6575 pos=(4269.26, 5.31403, 4779.41) dir=(0.612784, -0.352839, 0.352839, 0.612784) }
SCRIPT       : [inv] ReplaceItemWithNewLambdaBase Step B) remove OK, loc={ type=GROUND item=Scout556mag:6615 pos=(4956.38, 41.9886, 8135.59) dir=(0.128333, 0.695364, -0.695364, 0.128333) }
SCRIPT       : [inv] ReplaceItemWithNewLambdaBase Step B) remove OK, loc={ type=GROUND item=Scout556mag:6696 pos=(4873.07, 53.2329, 6227.06) dir=(0.706245, -0.0349003, 0.0349003, 0.706245) }
SCRIPT       : [wpnfsm] Warning! OnStoreLoad - cannot load curent weapon state, id=0
SCRIPT       : [inv] ReplaceItemWithNewLambdaBase Step B) remove OK, loc={ type=GROUND item=Scout556mag:6863 pos=(4342.07, 4.57872, 4795.27) dir=(-0.175334, 0.685024, -0.685024, -0.175334) }
SCRIPT       : [inv] ReplaceItemWithNewLambdaBase Step B) remove OK, loc={ type=GROUND item=Mass308STANAG:7070 pos=(4834.7, 42.7024, 6192.62) dir=(0.70525, -0.0512082, 0.0512082, 0.70525) }
SCRIPT       : [inv] ReplaceItemWithNewLambdaBase Step B) remove OK, loc={ type=GROUND item=Mass308STANAG:7090 pos=(4391.02, 79.228, 8065.5) dir=(-0.260837, 0.65724, 0.65724, 0.260837) }
SCRIPT       : [wpnfsm] Warning! OnStoreLoad - cannot load curent weapon state, id=0
SCRIPT       : [inv] ReplaceItemWithNewLambdaBase Step B) remove OK, loc={ type=GROUND item=Scout556mag:7149 pos=(4810.96, 14.0338, 10798.8) dir=(-0.705825, -0.0425496, -0.0425496, 0.705825) }
SCRIPT       : [inv] ReplaceItemWithNewLambdaBase Step B) remove OK, loc={ type=GROUND item=Scout556mag:7290 pos=(4512.35, 85.5304, 8133.25) dir=(0.208089, 0.675795, 0.675795, -0.208089) }
SCRIPT       : [inv] ReplaceItemWithNewLambdaBase Step B) remove OK, loc={ type=GROUND item=Scout556mag:7337 pos=(4838.41, 71.8211, 8023.26) dir=(-0.595319, 0.38157, 0.38157, 0.595319) }
SCRIPT       : [wpnfsm] Warning! OnStoreLoad - cannot load curent weapon state, id=0
SCRIPT       : [inv] ReplaceItemWithNewLambdaBase Step B) remove OK, loc={ type=GROUND item=Mass308STANAG:7421 pos=(4369.93, 79.6205, 8069.34) dir=(-0.672135, -0.219623, -0.219623, 0.672135) }
SCRIPT       : [inv] ReplaceItemWithNewLambdaBase Step B) remove OK, loc={ type=GROUND item=MassSVTmag:7581 pos=(4818.61, 20.5761, 5333.89) dir=(-0.325268, 0.627854, -0.627854, -0.325268) }
SCRIPT       : [wpnfsm] Warning! OnStoreLoad - cannot load curent weapon state, id=0
SCRIPT       : [inv] ReplaceItemWithNewLambdaBase Step B) remove OK, loc={ type=GROUND item=kivaarimag:7770 pos=(4959.18, 28.936, 6611.37) dir=(0.0397408, 0.705989, 0.705989, -0.0397408) }
SCRIPT       : [wpnfsm] Warning! OnStoreLoad - cannot load curent weapon state, id=0
SCRIPT       : [wpnfsm] Warning! OnStoreLoad - cannot load curent weapon state, id=0
SCRIPT       : [wpnfsm] Warning! OnStoreLoad - cannot load curent weapon state, id=0
SCRIPT       : [wpnfsm] Warning! OnStoreLoad - cannot load curent weapon state, id=0
SCRIPT       : [wpnfsm] Warning! OnStoreLoad - cannot load curent weapon state, id=0
SCRIPT       : [inv] ReplaceItemWithNewLambdaBase Step B) remove OK, loc={ type=GROUND item=Mass308STANAG:8214 pos=(5177.05, 19.3923, 5810.95) dir=(0.551547, -0.442489, 0.442489, 0.551547) }
SCRIPT       : [inv] ReplaceItemWithNewLambdaBase Step B) remove OK, loc={ type=GROUND item=Scout556mag:8219 pos=(4856.13, 41.06, 6288.89) dir=(0.161309, 0.688462, -0.688462, 0.161309) }
SCRIPT       : [inv] ReplaceItemWithNewLambdaBase Step B) remove OK, loc={ type=GROUND item=Scout556mag:8221 pos=(4326.93, 79.1232, 8059.81) dir=(0.30671, 0.637125, -0.637125, 0.30671) }
SCRIPT       : [inv] ReplaceItemWithNewLambdaBase Step B) remove OK, loc={ type=GROUND item=Scout556mag:8354 pos=(5973.43, 13.427, 6708.67) dir=(0.285782, 0.646783, 0.646783, -0.285782) }
SCRIPT       : [inv] ReplaceItemWithNewLambdaBase Step B) remove OK, loc={ type=GROUND item=Scout556mag:8429 pos=(6345.02, 21.4427, 9347.13) dir=(-0.637258, -0.306435, -0.306435, 0.637258) }
SCRIPT       : [wpnfsm] Warning! OnStoreLoad - cannot load curent weapon state, id=0
SCRIPT       : [wpnfsm] Warning! OnStoreLoad - cannot load curent weapon state, id=0
SCRIPT       : [inv] ReplaceItemWithNewLambdaBase Step B) remove OK, loc={ type=GROUND item=Scout556mag:8650 pos=(6345.69, 21.4214, 9363.74) dir=(-0.707018, -0.0111857, -0.0111857, 0.707018) }
SCRIPT       : [wpnfsm] Warning! OnStoreLoad - cannot load curent weapon state, id=0
SCRIPT       : [inv] ReplaceItemWithNewLambdaBase Step B) remove OK, loc={ type=GROUND item=Scout556mag:9172 pos=(6773.38, 14.9564, 11169.2) dir=(-0.623959, -0.332679, -0.332679, 0.623959) }
SCRIPT       : [inv] ReplaceItemWithNewLambdaBase Step B) remove OK, loc={ type=GROUND item=Scout556mag:9258 pos=(7247.34, 86.704, 7956.34) dir=(-0.677517, 0.202412, 0.202412, 0.677517) }
SCRIPT       : [inv] ReplaceItemWithNewLambdaBase Step B) remove OK, loc={ type=GROUND item=Scout556mag:9443 pos=(6994.33, 43.1514, 11280.8) dir=(-0.706882, -0.0178282, -0.0178282, 0.706882) }
SCRIPT       : [inv] ReplaceItemWithNewLambdaBase Step B) remove OK, loc={ type=GROUND item=MassSVTmag:9480 pos=(6742.92, 33.9384, 11200.5) dir=(0.706957, 0.0145748, -0.0145748, 0.706957) }
SCRIPT       : [inv] ReplaceItemWithNewLambdaBase Step B) remove OK, loc={ type=GROUND item=MassSVTmag:9503 pos=(7309.47, 6.45107, 11071.4) dir=(-0.494154, 0.505779, -0.505779, -0.494154) }
SCRIPT       : [inv] ReplaceItemWithNewLambdaBase Step B) remove OK, loc={ type=GROUND item=MassSVTmag:9583 pos=(7000.79, 15.4601, 11017.1) dir=(0.44993, 0.545493, 0.545493, -0.44993) }
SCRIPT       : [inv] ReplaceItemWithNewLambdaBase Step B) remove OK, loc={ type=GROUND item=MassSVTmag:9677 pos=(6715.85, 34.8657, 11280.7) dir=(-0.421697, 0.567602, 0.567602, 0.421697) }
SCRIPT       : [inv] ReplaceItemWithNewLambdaBase Step B) remove OK, loc={ type=GROUND item=Scout556mag:9873 pos=(6803.27, 15.8198, 11673.9) dir=(0.474247, 0.52449, 0.52449, -0.474247) }
SCRIPT       : [inv] ReplaceItemWithNewLambdaBase Step B) remove OK, loc={ type=GROUND item=Scout556mag:10002 pos=(6545.8, 15.1483, 11258) dir=(0.621615, -0.337038, 0.337038, 0.621615) }
SCRIPT       : [inv] ReplaceItemWithNewLambdaBase Step B) remove OK, loc={ type=GROUND item=Scout556mag:10037 pos=(6981.21, 27.8607, 11448.2) dir=(0.55484, -0.438352, 0.438352, 0.55484) }
SCRIPT       : [inv] ReplaceItemWithNewLambdaBase Step B) remove OK, loc={ type=GROUND item=Scout556mag:10055 pos=(6615.36, 43.141, 11101.8) dir=(-0.529799, -0.468309, -0.468309, 0.529799) }
SCRIPT       : [inv] ReplaceItemWithNewLambdaBase Step B) remove OK, loc={ type=GROUND item=Scout556mag:10137 pos=(6590.09, 15.7798, 11336) dir=(-0.0576635, 0.704752, -0.704752, -0.0576635) }
SCRIPT       : [inv] ReplaceItemWithNewLambdaBase Step B) remove OK, loc={ type=GROUND item=MassSVTmag:10386 pos=(6663.1, 34.8644, 11215.4) dir=(0.571199, -0.416811, 0.416811, 0.571199) }
SCRIPT       : [inv] ReplaceItemWithNewLambdaBase Step B) remove OK, loc={ type=GROUND item=Scout556mag:10644 pos=(6978.5, 15.7209, 11314.5) dir=(0.0219281, 0.706767, -0.706767, 0.0219281) }
SCRIPT       : [inv] ReplaceItemWithNewLambdaBase Step B) remove OK, loc={ type=GROUND item=Scout556mag:10683 pos=(6810.09, 15.876, 11282.2) dir=(-0.347863, 0.615623, 0.615623, 0.347863) }
SCRIPT       : [inv] ReplaceItemWithNewLambdaBase Step B) remove OK, loc={ type=GROUND item=Scout556mag:10717 pos=(6753.98, 15.3973, 11068.9) dir=(0.209643, 0.675315, 0.675315, -0.209643) }
SCRIPT       : [inv] ReplaceItemWithNewLambdaBase Step B) remove OK, loc={ type=GROUND item=MassSVTmag:10936 pos=(7281.75, 90.314, 7990.79) dir=(0.70646, -0.0302274, 0.0302274, 0.70646) }
SCRIPT       : [inv] ReplaceItemWithNewLambdaBase Step B) remove OK, loc={ type=GROUND item=Scout556mag:10959 pos=(6797.7, 34.8531, 11309.8) dir=(0.693809, -0.136491, 0.136491, 0.693809) }
SCRIPT       : [inv] ReplaceItemWithNewLambdaBase Step B) remove OK, loc={ type=GROUND item=Scout556mag:11101 pos=(6598.75, 42.5837, 11267.8) dir=(0.17264, 0.685708, 0.685708, -0.17264) }
SCRIPT       : [inv] ReplaceItemWithNewLambdaBase Step B) remove OK, loc={ type=GROUND item=Scout556mag:11137 pos=(6930.74, 20.6447, 11362.6) dir=(-0.467775, 0.53027, -0.53027, -0.467775) }
SCRIPT       : [inv] ReplaceItemWithNewLambdaBase Step B) remove OK, loc={ type=GROUND item=Scout556mag:11351 pos=(6676.98, 16.062, 10955.9) dir=(0.702887, -0.0771326, 0.0771326, 0.702887) }
SCRIPT       : [wpnfsm] Warning! OnStoreLoad - cannot load curent weapon state, id=0
SCRIPT       : [inv] ReplaceItemWithNewLambdaBase Step B) remove OK, loc={ type=GROUND item=Scout556mag:11560 pos=(6721.14, 34.8633, 11307.1) dir=(-0.19607, 0.67938, -0.67938, -0.19607) }
SCRIPT       : [inv] ReplaceItemWithNewLambdaBase Step B) remove OK, loc={ type=GROUND item=Mass308STANAG:11615 pos=(7652.71, 83.9181, 8761.75) dir=(0.70538, -0.0493824, 0.0493824, 0.70538) }
SCRIPT       : [inv] ReplaceItemWithNewLambdaBase Step B) remove OK, loc={ type=GROUND item=Scout556mag:11856 pos=(8175.45, 15.762, 10622.8) dir=(0.260395, 0.657415, -0.657415, 0.260395) }
SCRIPT       : [inv] ReplaceItemWithNewLambdaBase Step B) remove OK, loc={ type=GROUND item=Scout556mag:12066 pos=(7590.07, 40.9686, 7535.79) dir=(0.696731, 0.120692, -0.120692, 0.696731) }
SCRIPT       : [inv] ReplaceItemWithNewLambdaBase Step B) remove OK, loc={ type=GROUND item=Mass308STANAG:12067 pos=(7871.99, 9.75329, 7637.2) dir=(0.280688, 0.64901, 0.64901, -0.280688) }
SCRIPT       : [inv] ReplaceItemWithNewLambdaBase Step B) remove OK, loc={ type=GROUND item=MassSVTmag:12260 pos=(7876.83, 11.2514, 7642.4) dir=(-0.27963, 0.649467, -0.649467, -0.27963) }
SCRIPT       : [inv] ReplaceItemWithNewLambdaBase Step B) remove OK, loc={ type=GROUND item=Scout556mag:12296 pos=(8174.44, 15.8492, 10632.1) dir=(-0.550825, 0.443387, 0.443387, 0.550825) }
SCRIPT       : [inv] ReplaceItemWithNewLambdaBase Step B) remove OK, loc={ type=GROUND item=Scout556mag:12553 pos=(8964.95, 5.3491, 10651.8) dir=(-0.338557, 0.620789, -0.620789, -0.338557) }
SCRIPT       : [inv] ReplaceItemWithNewLambdaBase Step B) remove OK, loc={ type=GROUND item=Scout556mag:12557 pos=(9039.69, 9.97857, 10148.2) dir=(0.623416, 0.333696, -0.333696, 0.623416) }
SCRIPT       : [inv] ReplaceItemWithNewLambdaBase Step B) remove OK, loc={ type=GROUND item=Scout556mag:12658 pos=(11918.5, 5.12045, 12031.7) dir=(0.116581, 0.69743, 0.69743, -0.116581) }
SCRIPT       : [inv] ReplaceItemWithNewLambdaBase Step B) remove OK, loc={ type=GROUND item=kivaarimag:12665 pos=(11921.1, 5.2028, 12036.7) dir=(-0.476306, 0.522621, -0.522621, -0.476305) }
SCRIPT       : [inv] ReplaceItemWithNewLambdaBase Step B) remove OK, loc={ type=GROUND item=kivaarimag:12688 pos=(11930.8, 2.7686, 12035.9) dir=(0.25642, 0.658976, 0.658976, -0.25642) }
SCRIPT       : [inv] ReplaceItemWithNewLambdaBase Step B) remove OK, loc={ type=GROUND item=Scout556mag:12711 pos=(11900.8, 52.8831, 7561.44) dir=(0.56855, -0.420417, 0.420417, 0.56855) }
SCRIPT       : ExpansionMarketItem marketItem = ExpansionMarketItem<70933810>
SCRIPT       : int worth =   1
SCRIPT       : 11:33:16.214 [EXPANSION DEBUG]: ExpansionP2PTraderAIIrena<90e2d010>::SetP2PTraderID - ID: 1
SCRIPT       : ExpansionZoneCircle<898a58e0> position=<8583.669922, 0.000000, 10515.000000> radius=400
SCRIPT       : Found 1 zones!
SCRIPT       : m_EventManager NamEventManager<70b9f8c0>
SCRIPT       : MaxEventCount 2
SCRIPT       : 11:33:16.378 [EXPANSION DEBUG]: ExpansionQuestNPCAIElias<912df2b0>::OnEnterSafeZone
SCRIPT       : bool m_Expansion_LeavingSafeZone = 0
SCRIPT       : bool m_Expansion_IsInSafeZone = 0
SCRIPT       : bool m_Expansion_IsInSafeZoneSynchRemote = 0
SCRIPT       : 11:33:16.378 [EXPANSION DEBUG]: ExpansionQuestNPCAIDenis<910cb030>::OnEnterSafeZone
SCRIPT       : bool m_Expansion_LeavingSafeZone = 0
SCRIPT       : bool m_Expansion_IsInSafeZone = 0
SCRIPT       : bool m_Expansion_IsInSafeZoneSynchRemote = 0
SCRIPT       : 11:36:26.835 [EXPANSION DEBUG]: ExpansionHardlineModule<96067c80> ::LoadPlayerData - Loaded player hardline data for player Survivor[YKMF23SQkzabdtJzn3VUcLU8W3bjbl-ZiJ18vqBuvzI=]
SCRIPT       : [CP] -> Sucessfully sent: Survivor CP Plus Config!
SCRIPT       : [DP] -> Sucessfully sent: Survivor DP Plus Config!
SCRIPT       : ---- PlayerBase OnStoreLoad SUCCESS ----
SCRIPT       : 11:37:33.183 [EXPANSION DEBUG]: ExpansionQuestModule<c8efed10> Sending 24 quest configs to client with UID: YKMF23SQkzabdtJzn3VUcLU8W3bjbl-ZiJ18vqBuvzI=
SCRIPT       : 11:37:33.183 [EXPANSION DEBUG]: ExpansionQuestModule<c8efed10> Sending player quest data for 4 quests to player with UID: YKMF23SQkzabdtJzn3VUcLU8W3bjbl-ZiJ18vqBuvzI=
SCRIPT       : [wpnfsm] ValidateAndRepair Attempting to repair: Scout:13009 (owner eAI_SurvivorM_Jose<aa76d420>) - MagazineRepair - BAREM_CLO_BUF_MA0<aacd4c50> - state: 0 != weapon: 1
Class:      'WeaponFSM'

Function: 'ValidateAndRepairHelper'
Stack trace:
SCRIPT       : DayZExpansion/Core/Scripts/4_World/dayzexpansion_core\entities\firearms\weaponfsm.c:30
SCRIPT       : [wpnfsm] ValidateAndRepair Attempting to repair: Scout:13023 (owner eAI_SurvivorF_Baty<53894980>) - MagazineRepair - BAREM_CLO_BUF_MA0<a8133900> - state: 0 != weapon: 1
Class:      'WeaponFSM'

Function: 'ValidateAndRepairHelper'
Stack trace:
SCRIPT       : DayZExpansion/Core/Scripts/4_World/dayzexpansion_core\entities\firearms\weaponfsm.c:30
SCRIPT       : 11:37:33.632 [EXPANSION DEBUG]: ExpansionQuestModule<c8efed10> Quest configs already synched for player with UID: YKMF23SQkzabdtJzn3VUcLU8W3bjbl-ZiJ18vqBuvzI=
SCRIPT       : 11:37:33.632 [EXPANSION DEBUG]: ExpansionQuestModule<c8efed10> Sending player quest data for quest ID 14 to player with UID: YKMF23SQkzabdtJzn3VUcLU8W3bjbl-ZiJ18vqBuvzI=
SCRIPT       : 11:38:16.308 [EXPANSION DEBUG]: [ExpansionMissionEventAirdrop] Adjusted container weights:
SCRIPT       : 11:38:16.308 [EXPANSION DEBUG]: ExpansionAirdropContainer 66
SCRIPT       : 11:38:16.308 [EXPANSION DEBUG]: ExpansionAirdropContainer_Medical 71
SCRIPT       : 11:38:16.308 [EXPANSION DEBUG]: ExpansionAirdropContainer_Basebuilding 76
SCRIPT       : 11:38:16.308 [EXPANSION DEBUG]: ExpansionAirdropContainer_Military_WinterCamo 81
SCRIPT       : 11:38:16.308 [EXPANSION DEBUG]: ExpansionAirdropPlane::GetSpawnPoint - drop position <5024.000000, 0.000000, 8919.000000> - map is namalsk - size 12800 - center <4352.000000, 0.000000, 7348.000000>
SCRIPT       : 11:38:16.308 [EXPANSION DEBUG]: ExpansionAirdropPlane::GetSpawnPoint - selected spawn point <661.160828, 450.067383, 0.000000>
SCRIPT       : 11:44:51.839 [EXPANSION LOG]: ExpansionAirdropContainerBase<a765a810> InitAirdrop - total weight (kg) 347.101 - nominal fall speed 4.61775 m/s, wind impact strength 0.146075
SCRIPT       : ExpansionActionOpenTraderMenu::OnStartServer - Start
SCRIPT       : [Namalsk][NamEventManager]: Trying to select a new event...
SCRIPT       : [Namalsk][NamEventManager]: Starting event Aurora
SCRIPT       : [Namalsk][NamEventManager]: Aurora: Phase Length 60
SCRIPT       : [Namalsk][NamEventManager]: Next selection will occur in 891 seconds
SCRIPT       : [Namalsk][NamEventManager]: Aurora: Phase Length 1047.81
SCRIPT       : 11:58:37.000 [EXPANSION DEBUG]: eAI_SurvivorM_Rolf<539974a0> Debug: Not removed during target cleanup eAIZombieTargetInformation<8d88ce70>, entity=ZmbM_PatrolNormal_Base<8dbc21f0>, position=<5698.026367, 8.744212, 9426.050781> eAITargetInformationState<ab030b70>
SCRIPT       : 11:58:37.000 [EXPANSION DEBUG]: eAI_SurvivorM_Rolf<539974a0> Debug: Not removed during target cleanup eAIZombieTargetInformation<8d88e3d0>, entity=ZmbM_ruSoldier_normal_Woodland2<8dbc17e0>, position=<5684.538086, 17.210735, 9446.938477> eAITargetInformationState<ab033370>
SCRIPT       : 11:58:37.000 [EXPANSION DEBUG]: eAI_SurvivorM_Rolf<539974a0> Debug: Not removed during target cleanup eAIZombieTargetInformation<8d88c390>, entity=ZmbM_nacSoldier_normal<8dbb4490>, position=<5690.895020, 21.894394, 9469.910156> eAITargetInformationState<ab032150>
SCRIPT       : 11:58:37.000 [EXPANSION DEBUG]: eAI_SurvivorM_Rolf<539974a0> Debug: Not removed during target cleanup eAIZombieTargetInformation<8d88bcd0>, entity=ZmbM_SoldierNormal_Base<8dbc0dd0>, position=<5679.590820, 17.821695, 9445.172852> eAITargetInformationState<ad0cf160>
SCRIPT       : 11:58:37.000 [EXPANSION DEBUG]: eAI_SurvivorM_Oliver<a77fc020> Debug: Not removed during target cleanup eAIZombieTargetInformation<8d88ce70>, entity=ZmbM_PatrolNormal_Base<8dbc21f0>, position=<5698.026367, 8.744212, 9426.050781> eAITargetInformationState<ab032970>
SCRIPT       : 11:58:37.000 [EXPANSION DEBUG]: eAI_SurvivorM_Oliver<a77fc020> Debug: Not removed during target cleanup eAIZombieTargetInformation<8d88e3d0>, entity=ZmbM_ruSoldier_normal_Woodland2<8dbc17e0>, position=<5684.538086, 17.210735, 9446.938477> eAITargetInformationState<ab033550>
SCRIPT       : 11:58:37.000 [EXPANSION DEBUG]: eAI_SurvivorM_Oliver<a77fc020> Debug: Not removed during target cleanup eAIZombieTargetInformation<8d88c390>, entity=ZmbM_nacSoldier_normal<8dbb4490>, position=<5690.895020, 21.894394, 9469.910156> eAITargetInformationState<ab032d30>
SCRIPT       : 11:58:37.000 [EXPANSION DEBUG]: eAI_SurvivorM_Oliver<a77fc020> Debug: Not removed during target cleanup eAIZombieTargetInformation<8d88bcd0>, entity=ZmbM_SoldierNormal_Base<8dbc0dd0>, position=<5679.590820, 17.821695, 9445.172852> eAITargetInformationState<ad0cd860>
SCRIPT       : 12:01:27.339 [EXPANSION DEBUG]: eAI_SurvivorM_Francis<aa314040> Debug: Not removed during target cleanup eAIZombieTargetInformation<8d8895d0>, entity=ZmbM_ruSoldier_normal_Woodland1<81d0fc70>, position=<6679.365234, 5.111885, 9900.235352> eAITargetInformationState<ab04caf0>
SCRIPT       : [Namalsk][NamEventManager]: Trying to select a new event...
SCRIPT       : [Namalsk][NamEventManager]: Starting event ExtremeCold
SCRIPT       : [Namalsk][ExtremeCold]: init: 100 (sec), mid: 943.754 (sec), end: 100 (sec), TempDrop: -8.17133 (C)
SCRIPT       : [Namalsk][NamEventManager]: ExtremeCold: Phase Length 100
SCRIPT       : [Namalsk][NamEventManager]: Next selection will occur in 835 seconds
SCRIPT       : [Namalsk][NamEventManager]: ExtremeCold: Phase Length 943.754
SCRIPT       : [ExpansionAirdropContainerManager] Container at <5103.014648, 75.417152, 8939.441406> was deleted
SCRIPT       : ExpansionAirdropContainerManager::DeleteSingleInfected
SCRIPT       : ExpansionAirdropContainerManager::DeleteSingleInfected
SCRIPT       : ExpansionAirdropContainerManager::DeleteSingleInfected
SCRIPT       : ExpansionAirdropContainerManager::DeleteSingleInfected
SCRIPT       : ExpansionAirdropContainerManager::DeleteSingleInfected
SCRIPT       : ExpansionAirdropContainerManager::DeleteSingleInfected
SCRIPT       : ExpansionAirdropContainerManager::DeleteSingleInfected
SCRIPT       : ExpansionAirdropContainerManager::DeleteSingleInfected
SCRIPT       : ExpansionAirdropContainerManager::DeleteSingleInfected
SCRIPT       : ExpansionAirdropContainerManager::DeleteSingleInfected
SCRIPT       : ExpansionAirdropContainerManager::DeleteSingleInfected
SCRIPT       : ExpansionAirdropContainerManager::DeleteSingleInfected
SCRIPT       : ExpansionAirdropContainerManager::DeleteSingleInfected
SCRIPT       : ~ExpansionAirdropContainerManager
SCRIPT       : [Namalsk][NamEventManager]: Aurora: Phase Length 60
SCRIPT       : [Namalsk][NamEventManager]: Aurora: Phase Length 0
SCRIPT       : [Logout]: New player YKMF23SQkzabdtJzn3VUcLU8W3bjbl-ZiJ18vqBuvzI= with logout time 0
SCRIPT       : 12:15:57.285 [EXPANSION DEBUG]: ExpansionQuestPersistentData<ee071810>~ExpansionQuestPersistentData (4)
SCRIPT       : [Logout]: Player YKMF23SQkzabdtJzn3VUcLU8W3bjbl-ZiJ18vqBuvzI= finished
SCRIPT       : Clear up static fireplaces: 0
SCRIPT       : 12:15:58.917 [EXPANSION DEBUG]: Clearing cached categories 67
SCRIPT       : 12:15:58.921 [EXPANSION DEBUG]: Clearing cached traders 17
SCRIPT       : ~DayZGame()
