---------------------------------------------
Log C:\daisy\DayZServerNam\!!!\profiles\script_2024-06-13_20-37-50.log started at 13.06. 20:37:51

SCRIPT       : Registered 403 temporary action enum(s), UAN==403
SCRIPT    (W): @"scripts/3_Game/gameplay.c,911": Missing script declaration for method 'MenuData.GetLastSteamQueryPort'
SCRIPT       : Registering faction type eAIFactionShamans ID -1484989417
SCRIPT       : Registering faction type eAIFactionObservers ID -563736721
SCRIPT       : Registering faction type eAIFactionInvincibleObservers ID -1227299746
SCRIPT       : Registering faction type eAIFactionEast ID 90522109
SCRIPT       : Registering faction type eAIFactionGuards ID 963933710
SCRIPT       : Registering faction type eAIFactionRaiders ID 1535276022
SCRIPT       : Registering faction type eAIFactionYeetBrigade ID 1408543989
SCRIPT       : Registering faction type eAIFactionMercenaries ID 1629891834
SCRIPT       : Registering faction type eAIFactionWest ID 113880155
SCRIPT       : Registering faction type eAIFactionCivilian ID 1096178351
SCRIPT       : Registering faction type eAIFactionPassive ID -1159399789
SCRIPT       : Registering faction type eAIFactionInvincibleYeetBrigade ID -1118767876
SCRIPT       : Registering faction type eAIFactionInvincibleGuards ID 782746017
SCRIPT       : ... Backlit Effects Enabled
SCRIPT       : 20:37:53 [EXPANSION LOG]: DayZGame<c8e0bc00> Start time (local time) 2024-06-13 20:37:47
SCRIPT       : 20:37:53 [EXPANSION LOG]: DayZGame<c8e0bc00> Start time (UTC) 2024-06-13 19:37:47
SCRIPT       : 20:37:53 [EXPANSION LOG]: DayZGame<c8e0bc00> Runtime since start (seconds) 6.932
SCRIPT       : Registering faction type eAIFactionLunatics ID 1167351711
SCRIPT       : Registering faction type eAIFactionInfected ID 1371958374
SCRIPT       : Expansion version: 1.8.50
SCRIPT       : 20:38:07.171 [EXPANSION DEBUG]: [ExpansionDebugSettings] Load existing setting file:$profile:ExpansionMod\Settings\DebugSettings.json
SCRIPT       : 20:38:07.171 [EXPANSION DEBUG]: [ExpansionLogSettings] Load existing setting file:$profile:ExpansionMod\Settings\LogsSettings.json
SCRIPT       : 20:38:07.171 [EXPANSION DEBUG]: [ExpansionNotificationSettings] Load existing setting file:$profile:ExpansionMod\Settings\NotificationSettings.json
SCRIPT       : 20:38:07.171 [EXPANSION DEBUG]: [ExpansionMonitoringSettings] Load existing setting file:$profile:ExpansionMod\Settings\MonitoringSettings.json
SCRIPT       : 20:38:07.171 [EXPANSION DEBUG]: [ExpansionDamageSystemSettings] Load existing setting file:$profile:ExpansionMod\Settings\DamageSystemSettings.json
SCRIPT       : 20:38:07.171 [EXPANSION DEBUG]: [ExpansionPartySettings] Load existing setting file:$profile:ExpansionMod\Settings\PartySettings.json
SCRIPT       : 20:38:07.171 [EXPANSION DEBUG]: [ExpansionHardlineSettings] Load existing setting file:$mission:expansion\settings\HardlineSettings.json
SCRIPT       : 20:38:07.187 [EXPANSION DEBUG]: [ExpansionMarketSettings] Load existing setting file:$mission:expansion\settings\MarketSettings.json
SCRIPT       : ExpansionMarketSettings::LoadCategories - Adding category ID 1 (Ammo)
SCRIPT       : ExpansionMarketSettings::LoadCategories - Adding category ID 2 (Ammo_Boxes)
SCRIPT       : ExpansionMarketSettings::LoadCategories - Adding category ID 3 (Armbands)
SCRIPT       : ExpansionMarketSettings::LoadCategories - Adding category ID 4 (Assault_Rifles)
SCRIPT       : ExpansionMarketSettings::LoadCategories - Adding category ID 5 (Backpacks)
SCRIPT       : ExpansionMarketSettings::LoadCategories - Adding category ID 6 (Bandanas)
SCRIPT       : ExpansionMarketSettings::LoadCategories - Adding category ID 7 (Batteries)
SCRIPT       : ExpansionMarketSettings::LoadCategories - Adding category ID 8 (Bayonets)
SCRIPT       : ExpansionMarketSettings::LoadCategories - Adding category ID 9 (Belts)
SCRIPT       : ExpansionMarketSettings::LoadCategories - Adding category ID 10 (Blouses_And_Suits)
SCRIPT       : ExpansionMarketSettings::LoadCategories - Adding category ID 11 (Boats)
SCRIPT       : ExpansionMarketSettings::LoadCategories - Adding category ID 12 (Boots_And_Shoes)
SCRIPT       : ExpansionMarketSettings::LoadCategories - Adding category ID 13 (Buttstocks)
SCRIPT       : ExpansionMarketSettings::LoadCategories - Adding category ID 14 (Caps)
SCRIPT       : ExpansionMarketSettings::LoadCategories - Adding category ID 15 (Cars)
SCRIPT       : ExpansionMarketSettings::LoadCategories - Adding category ID 16 (Coats_And_Jackets)
SCRIPT       : ExpansionMarketSettings::LoadCategories - Adding category ID 17 (Containers)
SCRIPT       : ExpansionMarketSettings::LoadCategories - Adding category ID 18 (Crossbows)
SCRIPT       : ExpansionMarketSettings::LoadCategories - Adding category ID 19 (Drinks)
SCRIPT       : ExpansionMarketSettings::LoadCategories - Adding category ID 20 (Electronics)
SCRIPT       : ExpansionMarketSettings::LoadCategories - Adding category ID 21 (Event)
SCRIPT       : ExpansionMarketSettings::LoadCategories - Adding category ID 22 (Exchange)
SCRIPT       : ExpansionMarketSettings::LoadCategories - Adding category ID 23 (Explosives_And_Grenades)
SCRIPT       : ExpansionMarketSettings::LoadCategories - Adding category ID 24 (Eyewear)
SCRIPT       : ExpansionMarketSettings::LoadCategories - Adding category ID 25 (Fish)
SCRIPT       : ExpansionMarketSettings::LoadCategories - Adding category ID 26 (Fishing)
SCRIPT       : ExpansionMarketSettings::LoadCategories - Adding category ID 27 (Flags)
SCRIPT       : ExpansionMarketSettings::LoadCategories - Adding category ID 28 (Food)
SCRIPT       : ExpansionMarketSettings::LoadCategories - Adding category ID 29 (Fruit_And_Vegetables)
SCRIPT       : ExpansionMarketSettings::LoadCategories - Adding category ID 30 (Furnishings)
SCRIPT       : ExpansionMarketSettings::LoadCategories - Adding category ID 31 (Gardening)
SCRIPT       : ExpansionMarketSettings::LoadCategories - Adding category ID 32 (Ghillies)
SCRIPT       : ExpansionMarketSettings::LoadCategories - Adding category ID 33 (Gloves)
SCRIPT       : ExpansionMarketSettings::LoadCategories - Adding category ID 34 (Handguards)
SCRIPT       : ExpansionMarketSettings::LoadCategories - Adding category ID 35 (Hats_And_Hoods)
SCRIPT       : ExpansionMarketSettings::LoadCategories - Adding category ID 36 (Helicopters)
SCRIPT       : ExpansionMarketSettings::LoadCategories - Adding category ID 37 (Helmets)
SCRIPT       : ExpansionMarketSettings::LoadCategories - Adding category ID 38 (Holsters_And_Pouches)
SCRIPT       : ExpansionMarketSettings::LoadCategories - Adding category ID 39 (Kits)
SCRIPT       : ExpansionMarketSettings::LoadCategories - Adding category ID 40 (Knifes)
SCRIPT       : ExpansionMarketSettings::LoadCategories - Adding category ID 41 (Launchers)
SCRIPT       : ExpansionMarketSettings::LoadCategories - Adding category ID 42 (Lights)
SCRIPT       : ExpansionMarketSettings::LoadCategories - Adding category ID 43 (Liquids)
SCRIPT       : ExpansionMarketSettings::LoadCategories - Adding category ID 44 (Locks)
SCRIPT       : ExpansionMarketSettings::LoadCategories - Adding category ID 45 (Magazines)
SCRIPT       : ExpansionMarketSettings::LoadCategories - Adding category ID 46 (Masks)
SCRIPT       : ExpansionMarketSettings::LoadCategories - Adding category ID 47 (Meat)
SCRIPT       : ExpansionMarketSettings::LoadCategories - Adding category ID 48 (Medical)
SCRIPT       : ExpansionMarketSettings::LoadCategories - Adding category ID 49 (Melee_Weapons)
SCRIPT       : ExpansionMarketSettings::LoadCategories - Adding category ID 50 (Muzzles)
SCRIPT       : ExpansionMarketSettings::LoadCategories - Adding category ID 51 (Navigation)
SCRIPT       : ExpansionMarketSettings::LoadCategories - Adding category ID 52 (Optics)
SCRIPT       : ExpansionMarketSettings::LoadCategories - Adding category ID 53 (Pants_And_Shorts)
SCRIPT       : ExpansionMarketSettings::LoadCategories - Adding category ID 54 (Pistols)
SCRIPT       : ExpansionMarketSettings::LoadCategories - Adding category ID 55 (Rifles)
SCRIPT       : ExpansionMarketSettings::LoadCategories - Adding category ID 56 (Shirts_And_TShirts)
SCRIPT       : ExpansionMarketSettings::LoadCategories - Adding category ID 57 (Shotguns)
SCRIPT       : ExpansionMarketSettings::LoadCategories - Adding category ID 58 (Skirts_And_Dresses)
SCRIPT       : ExpansionMarketSettings::LoadCategories - Adding category ID 59 (Sniper_Rifles)
SCRIPT       : ExpansionMarketSettings::LoadCategories - Adding category ID 60 (Spraycans)
SCRIPT       : ExpansionMarketSettings::LoadCategories - Adding category ID 61 (Submachine_Guns)
SCRIPT       : ExpansionMarketSettings::LoadCategories - Adding category ID 62 (Supplies)
SCRIPT       : ExpansionMarketSettings::LoadCategories - Adding category ID 63 (Sweaters_And_Hoodies)
SCRIPT       : ExpansionMarketSettings::LoadCategories - Adding category ID 64 (Tents)
SCRIPT       : ExpansionMarketSettings::LoadCategories - Adding category ID 65 (Tools)
SCRIPT       : ExpansionMarketSettings::LoadCategories - Adding category ID 66 (Vehicle_Parts)
SCRIPT       : ExpansionMarketSettings::LoadCategories - Adding category ID 67 (Vests)
SCRIPT       : 20:38:07.320 [EXPANSION DEBUG]: [ExpansionAirdropSettings] Load existing setting file:$profile:ExpansionMod\Settings\AirdropSettings.json
SCRIPT       : 20:38:07.726 [EXPANSION DEBUG]: [ExpansionMissionSettings] Load existing setting file:$profile:ExpansionMod\Settings\MissionSettings.json
SCRIPT       : 20:38:07.726 [EXPANSION DEBUG]: [ExpansionMapSettings] Load existing setting file:$mission:expansion\settings\MapSettings.json
SCRIPT       : 20:38:07.742 [EXPANSION DEBUG]: [ExpansionPersonalStorageNewSettings] Load existing setting file:$profile:ExpansionMod\Settings\PersonalStorageNewSettings.json
SCRIPT       : 20:38:07.742 [EXPANSION DEBUG]: [ExpansionGeneralSettings] Load existing setting file:$profile:ExpansionMod\Settings\GeneralSettings.json
SCRIPT       : 20:38:07.742 [EXPANSION DEBUG]: [ExpansionPlayerListSettings] Load existing setting file:$profile:ExpansionMod\Settings\PlayerListSettings.json
SCRIPT       : 20:38:07.742 [EXPANSION DEBUG]: [ExpansionSocialMediaSettings] Load existing setting file:$profile:ExpansionMod\Settings\SocialMediaSettings.json
SCRIPT       : 20:38:07.742 [EXPANSION DEBUG]: [ExpansionSpawnSettings] Load existing setting file:$mission:expansion\settings\SpawnSettings.json
SCRIPT       : 20:38:07.750 [EXPANSION DEBUG]: [ExpansionVehicleSettings] Load existing setting file:$profile:ExpansionMod\Settings\VehicleSettings.json
SCRIPT       : 20:38:07.750 [EXPANSION DEBUG]: [ExpansionAISettings] Load existing setting file:$profile:ExpansionMod\Settings\AISettings.json
SCRIPT       : 20:38:07.750 [EXPANSION DEBUG]: [ExpansionAIPatrolSettings] Load existing setting file:$mission:expansion\settings\AIPatrolSettings.json
SCRIPT       : 20:38:07.757 [EXPANSION DEBUG]: [ExpansionBaseBuildingSettings] Load existing setting file:$mission:expansion\settings\BaseBuildingSettings.json
SCRIPT       : 20:38:07.757 [EXPANSION DEBUG]: [ExpansionRaidSettings] Load existing setting file:$profile:ExpansionMod\Settings\RaidSettings.json
SCRIPT       : 20:38:07.757 [EXPANSION DEBUG]: [ExpansionTerritorySettings] Load existing setting file:$profile:ExpansionMod\Settings\TerritorySettings.json
SCRIPT       : 20:38:07.765 [EXPANSION DEBUG]: [ExpansionChatSettings] Load existing setting file:$profile:ExpansionMod\Settings\ChatSettings.json
SCRIPT       : [DefineTest] EXPANSIONMOD is defined
SCRIPT       : [DefineTest] EXPANSIONMODAI is defined
SCRIPT       : [DefineTest] EXPANSIONMODBASEBUILDING is defined
SCRIPT       : [DefineTest] EXPANSIONMODBOOK is defined
SCRIPT       : [DefineTest] EXPANSIONMODCHAT is defined
SCRIPT       : [DefineTest] EXPANSIONMODCORE is defined
SCRIPT       : [DefineTest] EXPANSIONMODGARAGE is defined
SCRIPT       : [DefineTest] EXPANSIONMODGROUPS is defined
SCRIPT       : [DefineTest] EXPANSIONMODHARDLINE is defined
SCRIPT       : [DefineTest] EXPANSIONMODKILLFEED is defined
SCRIPT       : [DefineTest] EXPANSIONMODMAPASSETS is defined
SCRIPT       : [DefineTest] EXPANSIONMODMARKET is defined
SCRIPT       : [DefineTest] EXPANSIONMODMISSIONS is defined
SCRIPT       : [DefineTest] EXPANSIONMODNAMETAGS is defined
SCRIPT       : [DefineTest] EXPANSIONMODNAVIGATION is defined
SCRIPT       : [DefineTest] EXPANSIONMODP2PMARKET is defined
SCRIPT       : [DefineTest] EXPANSIONMODPERSONALSTORAGE is defined
SCRIPT       : [DefineTest] EXPANSIONMODQUESTS is defined
SCRIPT       : [DefineTest] EXPANSIONMODSPAWNSELECTION is defined
SCRIPT       : [DefineTest] EXPANSIONMODVEHICLE is defined
SCRIPT       : [DefineTest] EXPANSIONMODWEAPONS is defined
SCRIPT       : [DefineTest] CfgMods:
SCRIPT       : defaultAction
SCRIPT       : DayZ
SCRIPT       : DZ_Expansion_AI_Preload
SCRIPT       : DZ_Expansion_BaseBuilding_Preload
SCRIPT       : DZ_Expansion_Book_Preload
SCRIPT       : DZ_Expansion_Chat_Preload
SCRIPT       : DZ_Expansion_Core_Preload
SCRIPT       : DZ_Expansion_Garage_Preload
SCRIPT       : DZ_Expansion_Groups_Preload
SCRIPT       : DZ_Expansion_Hardline_Preload
SCRIPT       : DZ_Expansion_KillFeed_Preload
SCRIPT       : DZ_Expansion_MapAssets_Preload
SCRIPT       : DZ_Expansion_Market_Preload
SCRIPT       : DZ_Expansion_Missions_Preload
SCRIPT       : DZ_Expansion_ModStorage_Preload
SCRIPT       : DZ_Expansion_NameTags_Preload
SCRIPT       : DZ_Expansion_Navigation_Preload
SCRIPT       : DZ_Expansion_P2PMarket_Preload
SCRIPT       : DZ_Expansion_PersonalStorage_Preload
SCRIPT       : DZ_Expansion_Preload
SCRIPT       : DZ_Expansion_Quests_Preload
SCRIPT       : DZ_Expansion_SpawnSelection_Preload
SCRIPT       : DZ_Expansion_Vehicles_Preload
SCRIPT       : DZ_Expansion_Weapons_Preload
SCRIPT       : DabsFramework
SCRIPT       : DZ_Expansion_DefineTest
SCRIPT       : DZ_Expansion_MapAssets
SCRIPT       : EditorLoader
SCRIPT       : JM_CommunityFramework
SCRIPT       : JM_CommunityOnlineTools
SCRIPT       : Namalsk_Weapon
SCRIPT       : NAMALSK_ISLAND
SCRIPT       : NAMALSK_SURVIVAL
SCRIPT       : Treasure
SCRIPT       : TreasurePhotosNamalsk
SCRIPT       : DZ_Expansion_ModStorage
SCRIPT       : dbo_creatures
SCRIPT       : Namalsk_Igloo
SCRIPT       : DZ_Expansion_Core
SCRIPT       : DZ_Expansion_Garage
SCRIPT       : DZ_Expansion_Groups
SCRIPT       : DZ_Expansion_Market
SCRIPT       : DZ_Expansion_Missions
SCRIPT       : DZ_Expansion_NameTags
SCRIPT       : DZ_Expansion_Navigation
SCRIPT       : DZ_Expansion_NotificationScheduler
SCRIPT       : DZ_Expansion_P2PMarket
SCRIPT       : DZ_Expansion_PersonalStorage
SCRIPT       : DZ_Expansion_PersonalStorageNew
SCRIPT       : DZ_Expansion_PlayerList
SCRIPT       : DZ_Expansion
SCRIPT       : DZ_Expansion_SpawnSelection
SCRIPT       : DZ_Expansion_VanillaFixes
SCRIPT       : DZ_Expansion_Vehicles
SCRIPT       : DZ_Expansion_Weapons
SCRIPT       : rag_snowman
SCRIPT       : DZ_Expansion_AI
SCRIPT       : DZ_Expansion_BaseBuilding
SCRIPT       : DZ_Expansion_Book
SCRIPT       : DZ_Expansion_Chat
SCRIPT       : DZ_Expansion_Hardline
SCRIPT       : DZ_Expansion_Quests
SCRIPT       : DZ_Expansion_VirtualContainerStorage
SCRIPT       : [Treasure] 'Treasures.json' found, loading existing config
SCRIPT       : [Treasure] 'Descriptions_FR.json' does not exist, skipping this config
SCRIPT       : [Treasure] 'Descriptions_ES.json' does not exist, skipping this config
SCRIPT       : [Treasure] 'Descriptions_IT.json' does not exist, skipping this config
SCRIPT       : [Treasure] 'Descriptions_DE.json' does not exist, skipping this config
SCRIPT       : [Treasure] 'Descriptions_CZ.json' does not exist, skipping this config
SCRIPT       : [Treasure] 'Descriptions_RU.json' does not exist, skipping this config
SCRIPT       : [Treasure] 'Descriptions_CHT.json' does not exist, skipping this config
SCRIPT       : [Treasure] 'Descriptions_CHS.json' does not exist, skipping this config
SCRIPT       : [Treasure] 'Descriptions_PL.json' does not exist, skipping this config
SCRIPT       : [Treasure] 'Descriptions_JA.json' does not exist, skipping this config
SCRIPT       : [Treasure] 'Descriptions_PTBR.json' does not exist, skipping this config
SCRIPT       : 20:38:08.187 [EXPANSION DEBUG]: ModStorage v5
SCRIPT       : [Namalsk][NamEventManager]: Next selection will occur in 707 seconds
SCRIPT       : [Namalsk][NamEventManager]: NamEventManager is now running
SCRIPT       : Object 'TreeSoft_t_LarixDecidua_1f' is scope 0
SCRIPT       : Object 'TreeHard_t_LarixDecidua_2s' is scope 0
SCRIPT       : Object 'TreeHard_t_LarixDecidua_2f' is scope 0
SCRIPT       : Object 'TreeHard_t_LarixDecidua_2s' is scope 0
SCRIPT       : Object 'TreeSoft_t_LarixDecidua_1f' is scope 0
SCRIPT       : Object 'TreeHard_t_LarixDecidua_3f' is scope 0
SCRIPT       : Object 'TreeSoft_t_LarixDecidua_1s' is scope 0
SCRIPT       : Object 'TreeHard_t_LarixDecidua_2s' is scope 0
SCRIPT       : Object 'TreeHard_t_LarixDecidua_3fb' is scope 0
SCRIPT       : Object 'TreeHard_t_LarixDecidua_2f' is scope 0
SCRIPT       : Object 'TreeHard_t_LarixDecidua_2f' is scope 0
SCRIPT       : Object 'TreeHard_t_LarixDecidua_3f' is scope 0
SCRIPT       : Object 'TreeHard_t_LarixDecidua_2f' is scope 0
SCRIPT       : Object 'TreeSoft_t_LarixDecidua_1f' is scope 0
SCRIPT       : Object 'TreeHard_t_LarixDecidua_2s' is scope 0
SCRIPT       : Object 'TreeHard_t_quercusRobur_2sc' is scope 0
SCRIPT       : Object 'TreeSoft_t_quercusRobur_1fd' is scope 0
SCRIPT       : Object 'TreeHard_t_quercusRobur_2sb' is scope 0
SCRIPT       : Object 'TreeSoft_t_quercusRobur_1fd' is scope 0
SCRIPT       : Object 'TreeHard_t_quercusRobur_2sc' is scope 0
SCRIPT       : Object 'TreeHard_t_quercusRobur_3fb' is scope 0
SCRIPT       : Object 'TreeHard_t_quercusRobur_3fb' is scope 0
SCRIPT       : Object 'TreeSoft_t_quercusRobur_1s' is scope 0
SCRIPT       : Object 'TreeHard_t_quercusRobur_3fb' is scope 0
SCRIPT       : Object 'TreeHard_t_quercusRobur_2d' is scope 0
SCRIPT       : 208 objects created, 0 deleted (completed in 208)
SCRIPT       : 20:38:12.265 [EXPANSION DEBUG]: ExpansionTraderDenis<64a31210>::SetTraderObject ExpansionTraderObjectBase<6b4256f0> <6297.701172, 20.696091, 9523.166016>
SCRIPT       : 20:38:12.265 [EXPANSION DEBUG]: LoadMissionTradersFile trader ExpansionTraderDenis<64a31210> fileName Aircraft
SCRIPT       : 20:38:12.273 [EXPANSION DEBUG]: ExpansionTraderGuo<48927020>::SetTraderObject ExpansionTraderObjectBase<488fd1c0> <8599.360352, 14.725300, 10492.200195>
SCRIPT       : 20:38:12.273 [EXPANSION DEBUG]: LoadMissionTradersFile trader ExpansionTraderGuo<48927020> fileName Vehicle_Parts
SCRIPT       : 20:38:12.289 [EXPANSION DEBUG]: ExpansionTraderHassan<48aa6010>::SetTraderObject ExpansionTraderObjectBase<48a0cba0> <8596.509766, 14.747800, 10488.000000>
SCRIPT       : 20:38:12.289 [EXPANSION DEBUG]: LoadMissionTradersFile trader ExpansionTraderHassan<48aa6010> fileName Vehicles
SCRIPT       : 20:38:12.304 [EXPANSION DEBUG]: ExpansionTraderIndar<489e0010>::SetTraderObject ExpansionTraderObjectBase<48a12480> <8570.200195, 14.804744, 10531.799805>
SCRIPT       : 20:38:12.304 [EXPANSION DEBUG]: LoadMissionTradersFile trader ExpansionTraderIndar<489e0010> fileName Medicals
SCRIPT       : 20:38:12.320 [EXPANSION DEBUG]: ExpansionTraderKaito<48c15010>::SetTraderObject ExpansionTraderObjectBase<48bafc00> <8566.829102, 15.935067, 10515.494141>
SCRIPT       : 20:38:12.320 [EXPANSION DEBUG]: LoadMissionTradersFile trader ExpansionTraderKaito<48c15010> fileName Exchange
SCRIPT       : 20:38:12.328 [EXPANSION DEBUG]: ExpansionTraderLewis<48b6f010>::SetTraderObject ExpansionTraderObjectBase<488fd5e0> <8564.556641, 15.914123, 10516.875000>
SCRIPT       : 20:38:12.328 [EXPANSION DEBUG]: LoadMissionTradersFile trader ExpansionTraderLewis<48b6f010> fileName BuildingSupplies
SCRIPT       : 20:38:12.351 [EXPANSION DEBUG]: ExpansionTraderNaomi<515f6010>::SetTraderObject ExpansionTraderObjectBase<48cddc10> <8554.720703, 15.931895, 10524.275391>
SCRIPT       : 20:38:12.351 [EXPANSION DEBUG]: LoadMissionTradersFile trader ExpansionTraderNaomi<515f6010> fileName Clothing
SCRIPT       : 20:38:12.359 [EXPANSION DEBUG]: ExpansionTraderHelga<516dd020>::SetTraderObject ExpansionTraderObjectBase<48a129c0> <8560.446289, 15.920970, 10521.180664>
SCRIPT       : 20:38:12.359 [EXPANSION DEBUG]: LoadMissionTradersFile trader ExpansionTraderHelga<516dd020> fileName Clothing_Accessories
SCRIPT       : 20:38:12.375 [EXPANSION DEBUG]: ExpansionTraderLinda<5178a010>::SetTraderObject ExpansionTraderObjectBase<517170b0> <8571.715820, 14.824916, 10521.992188>
SCRIPT       : 20:38:12.375 [EXPANSION DEBUG]: LoadMissionTradersFile trader ExpansionTraderLinda<5178a010> fileName Consumables
SCRIPT       : 20:38:12.390 [EXPANSION DEBUG]: ExpansionTraderGabi<517e1020>::SetTraderObject ExpansionTraderObjectBase<5182ec60> <8584.846680, 14.821787, 10534.984375>
SCRIPT       : 20:38:12.390 [EXPANSION DEBUG]: LoadMissionTradersFile trader ExpansionTraderGabi<517e1020> fileName Weapons
SCRIPT       : 20:38:12.398 [EXPANSION DEBUG]: ExpansionTraderIrena<518fd010>::SetTraderObject ExpansionTraderObjectBase<518497e0> <8594.533203, 14.821795, 10529.988281>
SCRIPT       : 20:38:12.398 [EXPANSION DEBUG]: LoadMissionTradersFile trader ExpansionTraderIrena<518fd010> fileName Attachments
SCRIPT       : 20:38:12.414 [EXPANSION DEBUG]: ExpansionTraderQuinn<518aa010>::SetTraderObject ExpansionTraderObjectBase<519ab100> <8555.026367, 15.931314, 10514.249023>
SCRIPT       : 20:38:12.414 [EXPANSION DEBUG]: LoadMissionTradersFile trader ExpansionTraderQuinn<518aa010> fileName Components
SCRIPT       : 20:38:12.429 [EXPANSION DEBUG]: ExpansionTraderJudy<51b42020>::SetTraderObject ExpansionTraderObjectBase<519b2420> <8630.750000, 16.608299, 10510.500000>
SCRIPT       : 20:38:12.429 [EXPANSION DEBUG]: LoadMissionTradersFile trader ExpansionTraderJudy<51b42020> fileName Fishing
SCRIPT       : 20:38:12.445 [EXPANSION DEBUG]: ExpansionTraderPeter<51c1f020>::SetTraderObject ExpansionTraderObjectBase<51b8e200> <8590.870117, 14.821789, 10534.200195>
SCRIPT       : 20:38:12.445 [EXPANSION DEBUG]: LoadMissionTradersFile trader ExpansionTraderPeter<51c1f020> fileName Special
SCRIPT       : 20:38:12.453 [EXPANSION DEBUG]: ExpansionTraderMaria<1a13a450>::SetTraderObject ExpansionTraderObjectBase<51b91aa0> <8559.040039, 16.014900, 10511.099609>
SCRIPT       : 20:38:12.453 [EXPANSION DEBUG]: LoadMissionTradersFile trader ExpansionTraderMaria<1a13a450> fileName Spraycans
SCRIPT       : 20:38:12.468 [EXPANSION DEBUG]: ExpansionTraderBoris<51d8b010>::SetTraderObject ExpansionTraderObjectBase<51ce7bb0> <8053.950195, 1.847600, 7595.729980>
SCRIPT       : 20:38:12.468 [EXPANSION DEBUG]: LoadMissionTradersFile trader ExpansionTraderBoris<51d8b010> fileName Boats
SCRIPT       : 20:38:12.484 [EXPANSION DEBUG]: ExpansionTraderCyril<9d2221f0>::SetTraderObject ExpansionTraderObjectBase<519b2720> <8050.020020, 2.791790, 7583.060059>
SCRIPT       : 20:38:12.484 [EXPANSION DEBUG]: LoadMissionTradersFile trader ExpansionTraderCyril<9d2221f0> fileName Vehicle_Parts
SCRIPT       : [ExpansionQuestPersistentServerData] Load existing configuration file:$profile:ExpansionMod\Quests\PersistentServerData.json
SCRIPT       : [ExpansionQuestPersistentServerData] Load existing configuration file:$profile:ExpansionMod\Quests\PersistentServerData.json
SCRIPT       : [ExpansionQuestObjectiveTravelConfig] Load existing configuration file:$profile:ExpansionMod\Quests\Objectives\Travel\Objective_T_1.json
SCRIPT       : [ExpansionQuestObjectiveTravelConfig] Load existing configuration file:$profile:ExpansionMod\Quests\Objectives\Travel\Objective_T_2.json
SCRIPT       : [ExpansionQuestObjectiveTravelConfig] Load existing configuration file:$profile:ExpansionMod\Quests\Objectives\Travel\Objective_T_3.json
SCRIPT       : [ExpansionQuestObjectiveTravelConfig] Load existing configuration file:$profile:ExpansionMod\Quests\Objectives\Travel\Objective_T_4.json
SCRIPT       : [ExpansionQuestObjectiveTravelConfig] Load existing configuration file:$profile:ExpansionMod\Quests\Objectives\Travel\Objective_T_5.json
SCRIPT       : [ExpansionQuestObjectiveTravelConfig] Load existing configuration file:$profile:ExpansionMod\Quests\Objectives\Travel\Objective_T_6.json
SCRIPT       : [ExpansionQuestObjectiveTravelConfig] Load existing configuration file:$profile:ExpansionMod\Quests\Objectives\Travel\Objective_T_7.json
SCRIPT       : [ExpansionQuestObjectiveTargetConfig] Load existing configuration file:$profile:ExpansionMod\Quests\Objectives\Target\Objective_TA_1.json
SCRIPT       : [ExpansionQuestObjectiveTargetConfig] Load existing configuration file:$profile:ExpansionMod\Quests\Objectives\Target\Objective_TA_2.json
SCRIPT       : [ExpansionQuestObjectiveTargetConfig] Load existing configuration file:$profile:ExpansionMod\Quests\Objectives\Target\Objective_TA_3.json
SCRIPT       : [ExpansionQuestObjectiveTargetConfig] Load existing configuration file:$profile:ExpansionMod\Quests\Objectives\Target\Objective_TA_4.json
SCRIPT       : [ExpansionQuestObjectiveDeliveryConfig] Load existing configuration file:$profile:ExpansionMod\Quests\Objectives\Delivery\Objective_D_1.json
SCRIPT       : [ExpansionQuestObjectiveDeliveryConfig] Load existing configuration file:$profile:ExpansionMod\Quests\Objectives\Delivery\Objective_D_2.json
SCRIPT       : [ExpansionQuestObjectiveCollectionConfig] Load existing configuration file:$profile:ExpansionMod\Quests\Objectives\Collection\Objective_C_1.json
SCRIPT       : [ExpansionQuestObjectiveCollectionConfig] Load existing configuration file:$profile:ExpansionMod\Quests\Objectives\Collection\Objective_C_2.json
SCRIPT       : [ExpansionQuestObjectiveCollectionConfig] Load existing configuration file:$profile:ExpansionMod\Quests\Objectives\Collection\Objective_C_3.json
SCRIPT       : [ExpansionQuestObjectiveTreasureHuntConfig] Load existing configuration file:$profile:ExpansionMod\Quests\Objectives\TreasureHunt\Objective_TH_1.json
SCRIPT       : [ExpansionQuestObjectiveActionConfig] Load existing configuration file:$profile:ExpansionMod\Quests\Objectives\Action\Objective_A_1.json
SCRIPT       : [ExpansionQuestObjectiveActionConfig] Load existing configuration file:$profile:ExpansionMod\Quests\Objectives\Action\Objective_A_2.json
SCRIPT       : [ExpansionQuestObjectiveCraftingConfig] Load existing configuration file:$profile:ExpansionMod\Quests\Objectives\Crafting\Objective_CR_1.json
SCRIPT       : [ExpansionQuestObjectiveAIPatrolConfig] Load existing configuration file:$profile:ExpansionMod\Quests\Objectives\AIPatrol\Objective_AIP_1.json
SCRIPT       : [ExpansionQuestObjectiveAICampConfig] Load existing configuration file:$profile:ExpansionMod\Quests\Objectives\AICamp\Objective_AIC_1.json
SCRIPT       : [ExpansionQuestObjectiveAIEscortConfig] Load existing configuration file:$profile:ExpansionMod\Quests\Objectives\AIVIP\Objective_AIESCORT_1.json
SCRIPT       : [ExpansionQuestNPCData] Load existing configuration file:QuestNPC_1.json
SCRIPT       : [ExpansionQuestNPCData] Load existing configuration file:QuestNPC_2.json
SCRIPT       : [ExpansionQuestNPCData] Load existing configuration file:QuestNPC_3.json
SCRIPT       : ExpansionMarketItem marketItem = ExpansionMarketItem<59dc1d00>
SCRIPT       : int worth =   1
SCRIPT       : 20:38:24.156 [EXPANSION DEBUG]: ExpansionP2PTraderAIIrena<3a2c4030>::SetP2PTraderID - ID: 1
SCRIPT       : ExpansionZoneCircle<3a0e2ee0> position=<8583.669922, 0.000000, 10515.000000> radius=400
SCRIPT       : Found 1 zones!
SCRIPT       : m_EventManager NamEventManager<dccd9370>
SCRIPT       : MaxEventCount 2
SCRIPT       : 20:38:24.242 [EXPANSION DEBUG]: ExpansionQuestNPCAIElias<3a031830>::OnEnterSafeZone
SCRIPT       : bool m_Expansion_LeavingSafeZone = 0
SCRIPT       : bool m_Expansion_IsInSafeZone = 0
SCRIPT       : bool m_Expansion_IsInSafeZoneSynchRemote = 0
SCRIPT       : 20:38:24.242 [EXPANSION DEBUG]: ExpansionQuestNPCAIDenis<3a443050>::OnEnterSafeZone
SCRIPT       : bool m_Expansion_LeavingSafeZone = 0
SCRIPT       : bool m_Expansion_IsInSafeZone = 0
SCRIPT       : bool m_Expansion_IsInSafeZoneSynchRemote = 0
SCRIPT       : [Namalsk][NamEventManager]: Trying to select a new event...
SCRIPT       : [Namalsk][NamEventManager]: Starting event ExtremeCold
SCRIPT       : [Namalsk][ExtremeCold]: init: 100 (sec), mid: 1026.69 (sec), end: 100 (sec), TempDrop: -11.7836 (C)
SCRIPT       : [Namalsk][NamEventManager]: ExtremeCold: Phase Length 100
SCRIPT       : [Namalsk][NamEventManager]: Next selection will occur in 984 seconds
SCRIPT       : [Namalsk][NamEventManager]: ExtremeCold: Phase Length 1026.69
SCRIPT       : Clear up static fireplaces: 0
SCRIPT       : 20:41:07.093 [EXPANSION DEBUG]: Clearing cached categories 67
SCRIPT       : 20:41:07.093 [EXPANSION DEBUG]: Clearing cached traders 17
SCRIPT       : ~DayZGame()
