---------------------------------------------
Log C:\daisy\DayZServerNam\!!!\profiles\script_2024-06-13_18-41-25.log started at 13.06. 18:41:26

SCRIPT       : Registered 403 temporary action enum(s), UAN==403
SCRIPT    (W): @"scripts/3_Game/gameplay.c,911": Missing script declaration for method 'MenuData.GetLastSteamQueryPort'
SCRIPT       : Registering faction type eAIFactionShamans ID -1484989417
SCRIPT       : Registering faction type eAIFactionObservers ID -563736721
SCRIPT       : Registering faction type eAIFactionInvincibleObservers ID -1227299746
SCRIPT       : Registering faction type eAIFactionEast ID 90522109
SCRIPT       : Registering faction type eAIFactionGuards ID 963933710
SCRIPT       : Registering faction type eAIFactionRaiders ID 1535276022
SCRIPT       : Registering faction type eAIFactionYeetBrigade ID 1408543989
SCRIPT       : Registering faction type eAIFactionMercenaries ID 1629891834
SCRIPT       : Registering faction type eAIFactionWest ID 113880155
SCRIPT       : Registering faction type eAIFactionCivilian ID 1096178351
SCRIPT       : Registering faction type eAIFactionPassive ID -1159399789
SCRIPT       : Registering faction type eAIFactionInvincibleYeetBrigade ID -1118767876
SCRIPT       : Registering faction type eAIFactionInvincibleGuards ID 782746017
SCRIPT       : ... Backlit Effects Enabled
SCRIPT       : 18:41:27 [EXPANSION LOG]: DayZGame<fde90010> Start time (local time) 2024-06-13 18:41:19
SCRIPT       : 18:41:27 [EXPANSION LOG]: DayZGame<fde90010> Start time (UTC) 2024-06-13 17:41:19
SCRIPT       : 18:41:27 [EXPANSION LOG]: DayZGame<fde90010> Runtime since start (seconds) 8.849
SCRIPT       : Registering faction type eAIFactionLunatics ID 1167351711
SCRIPT       : Registering faction type eAIFactionInfected ID 1371958374
SCRIPT       : Expansion version: 1.8.50
SCRIPT       : 18:41:47.570 [EXPANSION DEBUG]: [ExpansionDebugSettings] Load existing setting file:$profile:ExpansionMod\Settings\DebugSettings.json
SCRIPT       : 18:41:47.570 [EXPANSION DEBUG]: [ExpansionLogSettings] Load existing setting file:$profile:ExpansionMod\Settings\LogsSettings.json
SCRIPT       : 18:41:47.570 [EXPANSION DEBUG]: [ExpansionNotificationSettings] Load existing setting file:$profile:ExpansionMod\Settings\NotificationSettings.json
SCRIPT       : 18:41:47.578 [EXPANSION DEBUG]: [ExpansionMonitoringSettings] Load existing setting file:$profile:ExpansionMod\Settings\MonitoringSettings.json
SCRIPT       : 18:41:47.578 [EXPANSION DEBUG]: [ExpansionDamageSystemSettings] Load existing setting file:$profile:ExpansionMod\Settings\DamageSystemSettings.json
SCRIPT       : 18:41:47.578 [EXPANSION DEBUG]: [ExpansionPartySettings] Load existing setting file:$profile:ExpansionMod\Settings\PartySettings.json
SCRIPT       : 18:41:47.578 [EXPANSION DEBUG]: [ExpansionHardlineSettings] Load existing setting file:$mission:expansion\settings\HardlineSettings.json
SCRIPT       : 18:41:47.593 [EXPANSION DEBUG]: [ExpansionMarketSettings] Load existing setting file:$mission:expansion\settings\MarketSettings.json
SCRIPT       : ExpansionMarketSettings::LoadCategories - Adding category ID 1 (Ammo)
SCRIPT       : ExpansionMarketSettings::LoadCategories - Adding category ID 2 (Ammo_Boxes)
SCRIPT       : ExpansionMarketSettings::LoadCategories - Adding category ID 3 (Armbands)
SCRIPT       : ExpansionMarketSettings::LoadCategories - Adding category ID 4 (Assault_Rifles)
SCRIPT       : ExpansionMarketSettings::LoadCategories - Adding category ID 5 (Backpacks)
SCRIPT       : ExpansionMarketSettings::LoadCategories - Adding category ID 6 (Bandanas)
SCRIPT       : ExpansionMarketSettings::LoadCategories - Adding category ID 7 (Batteries)
SCRIPT       : ExpansionMarketSettings::LoadCategories - Adding category ID 8 (Bayonets)
SCRIPT       : ExpansionMarketSettings::LoadCategories - Adding category ID 9 (Belts)
SCRIPT       : ExpansionMarketSettings::LoadCategories - Adding category ID 10 (Blouses_And_Suits)
SCRIPT       : ExpansionMarketSettings::LoadCategories - Adding category ID 11 (Boats)
SCRIPT       : ExpansionMarketSettings::LoadCategories - Adding category ID 12 (Boots_And_Shoes)
SCRIPT       : ExpansionMarketSettings::LoadCategories - Adding category ID 13 (Buttstocks)
SCRIPT       : ExpansionMarketSettings::LoadCategories - Adding category ID 14 (Caps)
SCRIPT       : ExpansionMarketSettings::LoadCategories - Adding category ID 15 (Cars)
SCRIPT       : ExpansionMarketSettings::LoadCategories - Adding category ID 16 (Coats_And_Jackets)
SCRIPT       : ExpansionMarketSettings::LoadCategories - Adding category ID 17 (Containers)
SCRIPT       : ExpansionMarketSettings::LoadCategories - Adding category ID 18 (Crossbows)
SCRIPT       : ExpansionMarketSettings::LoadCategories - Adding category ID 19 (Drinks)
SCRIPT       : ExpansionMarketSettings::LoadCategories - Adding category ID 20 (Electronics)
SCRIPT       : ExpansionMarketSettings::LoadCategories - Adding category ID 21 (Event)
SCRIPT       : ExpansionMarketSettings::LoadCategories - Adding category ID 22 (Exchange)
SCRIPT       : ExpansionMarketSettings::LoadCategories - Adding category ID 23 (Explosives_And_Grenades)
SCRIPT       : ExpansionMarketSettings::LoadCategories - Adding category ID 24 (Eyewear)
SCRIPT       : ExpansionMarketSettings::LoadCategories - Adding category ID 25 (Fish)
SCRIPT       : ExpansionMarketSettings::LoadCategories - Adding category ID 26 (Fishing)
SCRIPT       : ExpansionMarketSettings::LoadCategories - Adding category ID 27 (Flags)
SCRIPT       : ExpansionMarketSettings::LoadCategories - Adding category ID 28 (Food)
SCRIPT       : ExpansionMarketSettings::LoadCategories - Adding category ID 29 (Fruit_And_Vegetables)
SCRIPT       : ExpansionMarketSettings::LoadCategories - Adding category ID 30 (Furnishings)
SCRIPT       : ExpansionMarketSettings::LoadCategories - Adding category ID 31 (Gardening)
SCRIPT       : ExpansionMarketSettings::LoadCategories - Adding category ID 32 (Ghillies)
SCRIPT       : ExpansionMarketSettings::LoadCategories - Adding category ID 33 (Gloves)
SCRIPT       : ExpansionMarketSettings::LoadCategories - Adding category ID 34 (Handguards)
SCRIPT       : ExpansionMarketSettings::LoadCategories - Adding category ID 35 (Hats_And_Hoods)
SCRIPT       : ExpansionMarketSettings::LoadCategories - Adding category ID 36 (Helicopters)
SCRIPT       : ExpansionMarketSettings::LoadCategories - Adding category ID 37 (Helmets)
SCRIPT       : ExpansionMarketSettings::LoadCategories - Adding category ID 38 (Holsters_And_Pouches)
SCRIPT       : ExpansionMarketSettings::LoadCategories - Adding category ID 39 (Kits)
SCRIPT       : ExpansionMarketSettings::LoadCategories - Adding category ID 40 (Knifes)
SCRIPT       : ExpansionMarketSettings::LoadCategories - Adding category ID 41 (Launchers)
SCRIPT       : ExpansionMarketSettings::LoadCategories - Adding category ID 42 (Lights)
SCRIPT       : ExpansionMarketSettings::LoadCategories - Adding category ID 43 (Liquids)
SCRIPT       : ExpansionMarketSettings::LoadCategories - Adding category ID 44 (Locks)
SCRIPT       : ExpansionMarketSettings::LoadCategories - Adding category ID 45 (Magazines)
SCRIPT       : ExpansionMarketSettings::LoadCategories - Adding category ID 46 (Masks)
SCRIPT       : ExpansionMarketSettings::LoadCategories - Adding category ID 47 (Meat)
SCRIPT       : ExpansionMarketSettings::LoadCategories - Adding category ID 48 (Medical)
SCRIPT       : ExpansionMarketSettings::LoadCategories - Adding category ID 49 (Melee_Weapons)
SCRIPT       : ExpansionMarketSettings::LoadCategories - Adding category ID 50 (Muzzles)
SCRIPT       : ExpansionMarketSettings::LoadCategories - Adding category ID 51 (Navigation)
SCRIPT       : ExpansionMarketSettings::LoadCategories - Adding category ID 52 (Optics)
SCRIPT       : ExpansionMarketSettings::LoadCategories - Adding category ID 53 (Pants_And_Shorts)
SCRIPT       : ExpansionMarketSettings::LoadCategories - Adding category ID 54 (Pistols)
SCRIPT       : ExpansionMarketSettings::LoadCategories - Adding category ID 55 (Rifles)
SCRIPT       : ExpansionMarketSettings::LoadCategories - Adding category ID 56 (Shirts_And_TShirts)
SCRIPT       : ExpansionMarketSettings::LoadCategories - Adding category ID 57 (Shotguns)
SCRIPT       : ExpansionMarketSettings::LoadCategories - Adding category ID 58 (Skirts_And_Dresses)
SCRIPT       : ExpansionMarketSettings::LoadCategories - Adding category ID 59 (Sniper_Rifles)
SCRIPT       : ExpansionMarketSettings::LoadCategories - Adding category ID 60 (Spraycans)
SCRIPT       : ExpansionMarketSettings::LoadCategories - Adding category ID 61 (Submachine_Guns)
SCRIPT       : ExpansionMarketSettings::LoadCategories - Adding category ID 62 (Supplies)
SCRIPT       : ExpansionMarketSettings::LoadCategories - Adding category ID 63 (Sweaters_And_Hoodies)
SCRIPT       : ExpansionMarketSettings::LoadCategories - Adding category ID 64 (Tents)
SCRIPT       : ExpansionMarketSettings::LoadCategories - Adding category ID 65 (Tools)
SCRIPT       : ExpansionMarketSettings::LoadCategories - Adding category ID 66 (Vehicle_Parts)
SCRIPT       : ExpansionMarketSettings::LoadCategories - Adding category ID 67 (Vests)
SCRIPT       : 18:41:47.765 [EXPANSION DEBUG]: [ExpansionAirdropSettings] Load existing setting file:$profile:ExpansionMod\Settings\AirdropSettings.json
SCRIPT       : 18:41:48.171 [EXPANSION DEBUG]: [ExpansionMissionSettings] Load existing setting file:$profile:ExpansionMod\Settings\MissionSettings.json
SCRIPT       : 18:41:48.179 [EXPANSION DEBUG]: [ExpansionMapSettings] Load existing setting file:$mission:expansion\settings\MapSettings.json
SCRIPT       : 18:41:48.195 [EXPANSION DEBUG]: [ExpansionPersonalStorageNewSettings] Load existing setting file:$profile:ExpansionMod\Settings\PersonalStorageNewSettings.json
SCRIPT       : 18:41:48.195 [EXPANSION DEBUG]: [ExpansionGeneralSettings] Load existing setting file:$profile:ExpansionMod\Settings\GeneralSettings.json
SCRIPT       : 18:41:48.195 [EXPANSION DEBUG]: [ExpansionPlayerListSettings] Load existing setting file:$profile:ExpansionMod\Settings\PlayerListSettings.json
SCRIPT       : 18:41:48.195 [EXPANSION DEBUG]: [ExpansionSocialMediaSettings] Load existing setting file:$profile:ExpansionMod\Settings\SocialMediaSettings.json
SCRIPT       : 18:41:48.195 [EXPANSION DEBUG]: [ExpansionSpawnSettings] Load existing setting file:$mission:expansion\settings\SpawnSettings.json
SCRIPT       : 18:41:48.203 [EXPANSION DEBUG]: [ExpansionVehicleSettings] Load existing setting file:$profile:ExpansionMod\Settings\VehicleSettings.json
SCRIPT       : 18:41:48.203 [EXPANSION DEBUG]: [ExpansionAISettings] Load existing setting file:$profile:ExpansionMod\Settings\AISettings.json
SCRIPT       : 18:41:48.203 [EXPANSION DEBUG]: [ExpansionAIPatrolSettings] Load existing setting file:$mission:expansion\settings\AIPatrolSettings.json
SCRIPT       : 18:41:48.210 [EXPANSION DEBUG]: [ExpansionBaseBuildingSettings] Load existing setting file:$mission:expansion\settings\BaseBuildingSettings.json
SCRIPT       : 18:41:48.210 [EXPANSION DEBUG]: [ExpansionRaidSettings] Load existing setting file:$profile:ExpansionMod\Settings\RaidSettings.json
SCRIPT       : 18:41:48.218 [EXPANSION DEBUG]: [ExpansionTerritorySettings] Load existing setting file:$profile:ExpansionMod\Settings\TerritorySettings.json
SCRIPT       : 18:41:48.218 [EXPANSION DEBUG]: [ExpansionChatSettings] Load existing setting file:$profile:ExpansionMod\Settings\ChatSettings.json
SCRIPT       : [DefineTest] EXPANSIONMOD is defined
SCRIPT       : [DefineTest] EXPANSIONMODAI is defined
SCRIPT       : [DefineTest] EXPANSIONMODBASEBUILDING is defined
SCRIPT       : [DefineTest] EXPANSIONMODBOOK is defined
SCRIPT       : [DefineTest] EXPANSIONMODCHAT is defined
SCRIPT       : [DefineTest] EXPANSIONMODCORE is defined
SCRIPT       : [DefineTest] EXPANSIONMODGARAGE is defined
SCRIPT       : [DefineTest] EXPANSIONMODGROUPS is defined
SCRIPT       : [DefineTest] EXPANSIONMODHARDLINE is defined
SCRIPT       : [DefineTest] EXPANSIONMODKILLFEED is defined
SCRIPT       : [DefineTest] EXPANSIONMODMAPASSETS is defined
SCRIPT       : [DefineTest] EXPANSIONMODMARKET is defined
SCRIPT       : [DefineTest] EXPANSIONMODMISSIONS is defined
SCRIPT       : [DefineTest] EXPANSIONMODNAMETAGS is defined
SCRIPT       : [DefineTest] EXPANSIONMODNAVIGATION is defined
SCRIPT       : [DefineTest] EXPANSIONMODP2PMARKET is defined
SCRIPT       : [DefineTest] EXPANSIONMODPERSONALSTORAGE is defined
SCRIPT       : [DefineTest] EXPANSIONMODQUESTS is defined
SCRIPT       : [DefineTest] EXPANSIONMODSPAWNSELECTION is defined
SCRIPT       : [DefineTest] EXPANSIONMODVEHICLE is defined
SCRIPT       : [DefineTest] EXPANSIONMODWEAPONS is defined
SCRIPT       : [DefineTest] CfgMods:
SCRIPT       : defaultAction
SCRIPT       : DayZ
SCRIPT       : DZ_Expansion_AI_Preload
SCRIPT       : DZ_Expansion_BaseBuilding_Preload
SCRIPT       : DZ_Expansion_Book_Preload
SCRIPT       : DZ_Expansion_Chat_Preload
SCRIPT       : DZ_Expansion_Core_Preload
SCRIPT       : DZ_Expansion_Garage_Preload
SCRIPT       : DZ_Expansion_Groups_Preload
SCRIPT       : DZ_Expansion_Hardline_Preload
SCRIPT       : DZ_Expansion_KillFeed_Preload
SCRIPT       : DZ_Expansion_MapAssets_Preload
SCRIPT       : DZ_Expansion_Market_Preload
SCRIPT       : DZ_Expansion_Missions_Preload
SCRIPT       : DZ_Expansion_ModStorage_Preload
SCRIPT       : DZ_Expansion_NameTags_Preload
SCRIPT       : DZ_Expansion_Navigation_Preload
SCRIPT       : DZ_Expansion_P2PMarket_Preload
SCRIPT       : DZ_Expansion_PersonalStorage_Preload
SCRIPT       : DZ_Expansion_Preload
SCRIPT       : DZ_Expansion_Quests_Preload
SCRIPT       : DZ_Expansion_SpawnSelection_Preload
SCRIPT       : DZ_Expansion_Vehicles_Preload
SCRIPT       : DZ_Expansion_Weapons_Preload
SCRIPT       : DabsFramework
SCRIPT       : DZ_Expansion_DefineTest
SCRIPT       : DZ_Expansion_MapAssets
SCRIPT       : EditorLoader
SCRIPT       : JM_CommunityFramework
SCRIPT       : JM_CommunityOnlineTools
SCRIPT       : NAMALSK_ISLAND
SCRIPT       : NAMALSK_SURVIVAL
SCRIPT       : DZ_Expansion_ModStorage
SCRIPT       : DZ_Expansion_Core
SCRIPT       : DZ_Expansion_Garage
SCRIPT       : DZ_Expansion_Groups
SCRIPT       : DZ_Expansion_Market
SCRIPT       : DZ_Expansion_Missions
SCRIPT       : DZ_Expansion_NameTags
SCRIPT       : DZ_Expansion_Navigation
SCRIPT       : DZ_Expansion_NotificationScheduler
SCRIPT       : DZ_Expansion_P2PMarket
SCRIPT       : DZ_Expansion_PersonalStorage
SCRIPT       : DZ_Expansion_PersonalStorageNew
SCRIPT       : DZ_Expansion_PlayerList
SCRIPT       : DZ_Expansion
SCRIPT       : DZ_Expansion_SpawnSelection
SCRIPT       : DZ_Expansion_VanillaFixes
SCRIPT       : DZ_Expansion_Vehicles
SCRIPT       : DZ_Expansion_Weapons
SCRIPT       : DZ_Expansion_AI
SCRIPT       : DZ_Expansion_BaseBuilding
SCRIPT       : DZ_Expansion_Book
SCRIPT       : DZ_Expansion_Chat
SCRIPT       : DZ_Expansion_Hardline
SCRIPT       : DZ_Expansion_Quests
SCRIPT       : DZ_Expansion_VirtualContainerStorage
SCRIPT       : 18:41:48.640 [EXPANSION DEBUG]: ModStorage v5
SCRIPT       : [Namalsk][NamEventManager]: Next selection will occur in 809 seconds
SCRIPT       : [Namalsk][NamEventManager]: NamEventManager is now running
SCRIPT       : Object 'TreeSoft_t_LarixDecidua_1f' is scope 0
SCRIPT       : Object 'TreeHard_t_LarixDecidua_2s' is scope 0
SCRIPT       : Object 'TreeHard_t_LarixDecidua_2f' is scope 0
SCRIPT       : Object 'TreeHard_t_LarixDecidua_2s' is scope 0
SCRIPT       : Object 'TreeSoft_t_LarixDecidua_1f' is scope 0
SCRIPT       : Object 'TreeHard_t_LarixDecidua_3f' is scope 0
SCRIPT       : Object 'TreeSoft_t_LarixDecidua_1s' is scope 0
SCRIPT       : Object 'TreeHard_t_LarixDecidua_2s' is scope 0
SCRIPT       : Object 'TreeHard_t_LarixDecidua_3fb' is scope 0
SCRIPT       : Object 'TreeHard_t_LarixDecidua_2f' is scope 0
SCRIPT       : Object 'TreeHard_t_LarixDecidua_2f' is scope 0
SCRIPT       : Object 'TreeHard_t_LarixDecidua_3f' is scope 0
SCRIPT       : Object 'TreeHard_t_LarixDecidua_2f' is scope 0
SCRIPT       : Object 'TreeSoft_t_LarixDecidua_1f' is scope 0
SCRIPT       : Object 'TreeHard_t_LarixDecidua_2s' is scope 0
SCRIPT       : Object 'TreeHard_t_quercusRobur_2sc' is scope 0
SCRIPT       : Object 'TreeSoft_t_quercusRobur_1fd' is scope 0
SCRIPT       : Object 'TreeHard_t_quercusRobur_2sb' is scope 0
SCRIPT       : Object 'TreeSoft_t_quercusRobur_1fd' is scope 0
SCRIPT       : Object 'TreeHard_t_quercusRobur_2sc' is scope 0
SCRIPT       : Object 'TreeHard_t_quercusRobur_3fb' is scope 0
SCRIPT       : Object 'TreeHard_t_quercusRobur_3fb' is scope 0
SCRIPT       : Object 'TreeSoft_t_quercusRobur_1s' is scope 0
SCRIPT       : Object 'TreeHard_t_quercusRobur_3fb' is scope 0
SCRIPT       : Object 'TreeHard_t_quercusRobur_2d' is scope 0
SCRIPT       : 208 objects created, 0 deleted (completed in 208)
SCRIPT       : 18:42:02.187 [EXPANSION DEBUG]: ExpansionTraderDenis<3bf13c90>::SetTraderObject ExpansionTraderObjectBase<4a446db0> <6297.701172, 20.696091, 9523.166016>
SCRIPT       : 18:42:02.187 [EXPANSION DEBUG]: LoadMissionTradersFile trader ExpansionTraderDenis<3bf13c90> fileName Aircraft
SCRIPT       : 18:42:02.203 [EXPANSION DEBUG]: ExpansionTraderGuo<4a78d010>::SetTraderObject ExpansionTraderObjectBase<4a807630> <8599.360352, 14.725300, 10492.200195>
SCRIPT       : 18:42:02.203 [EXPANSION DEBUG]: LoadMissionTradersFile trader ExpansionTraderGuo<4a78d010> fileName Vehicle_Parts
SCRIPT       : 18:42:02.218 [EXPANSION DEBUG]: ExpansionTraderHassan<4a957020>::SetTraderObject ExpansionTraderObjectBase<4a80cdf0> <8596.509766, 14.747800, 10488.000000>
SCRIPT       : 18:42:02.218 [EXPANSION DEBUG]: LoadMissionTradersFile trader ExpansionTraderHassan<4a957020> fileName Vehicles
SCRIPT       : 18:42:02.234 [EXPANSION DEBUG]: ExpansionTraderIndar<d37db0>::SetTraderObject ExpansionTraderObjectBase<4a9e4030> <8570.200195, 14.804744, 10531.799805>
SCRIPT       : 18:42:02.234 [EXPANSION DEBUG]: LoadMissionTradersFile trader ExpansionTraderIndar<d37db0> fileName Medicals
SCRIPT       : 18:42:02.250 [EXPANSION DEBUG]: ExpansionTraderKaito<4ab76800>::SetTraderObject ExpansionTraderObjectBase<4a80c970> <8566.829102, 15.935067, 10515.494141>
SCRIPT       : 18:42:02.250 [EXPANSION DEBUG]: LoadMissionTradersFile trader ExpansionTraderKaito<4ab76800> fileName Exchange
SCRIPT       : 18:42:02.265 [EXPANSION DEBUG]: ExpansionTraderLewis<f299ac40>::SetTraderObject ExpansionTraderObjectBase<4ab93a90> <8564.556641, 15.914123, 10516.875000>
SCRIPT       : 18:42:02.265 [EXPANSION DEBUG]: LoadMissionTradersFile trader ExpansionTraderLewis<f299ac40> fileName BuildingSupplies
SCRIPT       : 18:42:02.281 [EXPANSION DEBUG]: ExpansionTraderNaomi<4ac77010>::SetTraderObject ExpansionTraderObjectBase<4acce360> <8554.720703, 15.931895, 10524.275391>
SCRIPT       : 18:42:02.281 [EXPANSION DEBUG]: LoadMissionTradersFile trader ExpansionTraderNaomi<4ac77010> fileName Clothing
SCRIPT       : 18:42:02.296 [EXPANSION DEBUG]: ExpansionTraderHelga<4abc0150>::SetTraderObject ExpansionTraderObjectBase<4acd1f00> <8560.446289, 15.920970, 10521.180664>
SCRIPT       : 18:42:02.296 [EXPANSION DEBUG]: LoadMissionTradersFile trader ExpansionTraderHelga<4abc0150> fileName Clothing_Accessories
SCRIPT       : 18:42:02.312 [EXPANSION DEBUG]: ExpansionTraderLinda<4ae5a010>::SetTraderObject ExpansionTraderObjectBase<4ae49010> <8571.715820, 14.824916, 10521.992188>
SCRIPT       : 18:42:02.312 [EXPANSION DEBUG]: LoadMissionTradersFile trader ExpansionTraderLinda<4ae5a010> fileName Consumables
SCRIPT       : 18:42:02.328 [EXPANSION DEBUG]: ExpansionTraderGabi<4ade2920>::SetTraderObject ExpansionTraderObjectBase<4ab93a30> <8584.846680, 14.821787, 10534.984375>
SCRIPT       : 18:42:02.328 [EXPANSION DEBUG]: LoadMissionTradersFile trader ExpansionTraderGabi<4ade2920> fileName Weapons
SCRIPT       : 18:42:02.343 [EXPANSION DEBUG]: ExpansionTraderIrena<4af49010>::SetTraderObject ExpansionTraderObjectBase<50a79630> <8594.533203, 14.821795, 10529.988281>
SCRIPT       : 18:42:02.343 [EXPANSION DEBUG]: LoadMissionTradersFile trader ExpansionTraderIrena<4af49010> fileName Attachments
SCRIPT       : 18:42:02.359 [EXPANSION DEBUG]: ExpansionTraderQuinn<50a12010>::SetTraderObject ExpansionTraderObjectBase<50a7ff30> <8555.026367, 15.931314, 10514.249023>
SCRIPT       : 18:42:02.359 [EXPANSION DEBUG]: LoadMissionTradersFile trader ExpansionTraderQuinn<50a12010> fileName Components
SCRIPT       : 18:42:02.375 [EXPANSION DEBUG]: ExpansionTraderJudy<50c97800>::SetTraderObject ExpansionTraderObjectBase<50c2bc90> <8630.750000, 16.608299, 10510.500000>
SCRIPT       : 18:42:02.375 [EXPANSION DEBUG]: LoadMissionTradersFile trader ExpansionTraderJudy<50c97800> fileName Fishing
SCRIPT       : 18:42:02.390 [EXPANSION DEBUG]: ExpansionTraderPeter<4af19e70>::SetTraderObject ExpansionTraderObjectBase<50d28500> <8590.870117, 14.821789, 10534.200195>
SCRIPT       : 18:42:02.390 [EXPANSION DEBUG]: LoadMissionTradersFile trader ExpansionTraderPeter<4af19e70> fileName Special
SCRIPT       : 18:42:02.398 [EXPANSION DEBUG]: ExpansionTraderMaria<50d8b020>::SetTraderObject ExpansionTraderObjectBase<50d40ce0> <8559.040039, 16.014900, 10511.099609>
SCRIPT       : 18:42:02.398 [EXPANSION DEBUG]: LoadMissionTradersFile trader ExpansionTraderMaria<50d8b020> fileName Spraycans
SCRIPT       : 18:42:02.414 [EXPANSION DEBUG]: ExpansionTraderBoris<50e972b0>::SetTraderObject ExpansionTraderObjectBase<50f47930> <8053.950195, 1.847600, 7595.729980>
SCRIPT       : 18:42:02.414 [EXPANSION DEBUG]: LoadMissionTradersFile trader ExpansionTraderBoris<50e972b0> fileName Boats
SCRIPT       : 18:42:02.429 [EXPANSION DEBUG]: ExpansionTraderCyril<939a40e0>::SetTraderObject ExpansionTraderObjectBase<50f4be90> <8050.020020, 2.791790, 7583.060059>
SCRIPT       : 18:42:02.429 [EXPANSION DEBUG]: LoadMissionTradersFile trader ExpansionTraderCyril<939a40e0> fileName Vehicle_Parts
SCRIPT       : [ExpansionQuestPersistentServerData] Load existing configuration file:$profile:ExpansionMod\Quests\PersistentServerData.json
SCRIPT       : [ExpansionQuestPersistentServerData] Load existing configuration file:$profile:ExpansionMod\Quests\PersistentServerData.json
SCRIPT       : [ExpansionQuestObjectiveTravelConfig] Load existing configuration file:$profile:ExpansionMod\Quests\Objectives\Travel\Objective_T_1.json
SCRIPT       : [ExpansionQuestObjectiveTravelConfig] Load existing configuration file:$profile:ExpansionMod\Quests\Objectives\Travel\Objective_T_2.json
SCRIPT       : [ExpansionQuestObjectiveTravelConfig] Load existing configuration file:$profile:ExpansionMod\Quests\Objectives\Travel\Objective_T_3.json
SCRIPT       : [ExpansionQuestObjectiveTravelConfig] Load existing configuration file:$profile:ExpansionMod\Quests\Objectives\Travel\Objective_T_4.json
SCRIPT       : [ExpansionQuestObjectiveTravelConfig] Load existing configuration file:$profile:ExpansionMod\Quests\Objectives\Travel\Objective_T_5.json
SCRIPT       : [ExpansionQuestObjectiveTravelConfig] Load existing configuration file:$profile:ExpansionMod\Quests\Objectives\Travel\Objective_T_6.json
SCRIPT       : [ExpansionQuestObjectiveTravelConfig] Load existing configuration file:$profile:ExpansionMod\Quests\Objectives\Travel\Objective_T_7.json
SCRIPT       : [ExpansionQuestObjectiveTargetConfig] Load existing configuration file:$profile:ExpansionMod\Quests\Objectives\Target\Objective_TA_1.json
SCRIPT       : [ExpansionQuestObjectiveTargetConfig] Load existing configuration file:$profile:ExpansionMod\Quests\Objectives\Target\Objective_TA_2.json
SCRIPT       : [ExpansionQuestObjectiveTargetConfig] Load existing configuration file:$profile:ExpansionMod\Quests\Objectives\Target\Objective_TA_3.json
SCRIPT       : [ExpansionQuestObjectiveTargetConfig] Load existing configuration file:$profile:ExpansionMod\Quests\Objectives\Target\Objective_TA_4.json
SCRIPT       : [ExpansionQuestObjectiveDeliveryConfig] Load existing configuration file:$profile:ExpansionMod\Quests\Objectives\Delivery\Objective_D_1.json
SCRIPT       : [ExpansionQuestObjectiveDeliveryConfig] Load existing configuration file:$profile:ExpansionMod\Quests\Objectives\Delivery\Objective_D_2.json
SCRIPT       : [ExpansionQuestObjectiveCollectionConfig] Load existing configuration file:$profile:ExpansionMod\Quests\Objectives\Collection\Objective_C_1.json
SCRIPT       : [ExpansionQuestObjectiveCollectionConfig] Load existing configuration file:$profile:ExpansionMod\Quests\Objectives\Collection\Objective_C_2.json
SCRIPT       : [ExpansionQuestObjectiveCollectionConfig] Load existing configuration file:$profile:ExpansionMod\Quests\Objectives\Collection\Objective_C_3.json
SCRIPT       : [ExpansionQuestObjectiveTreasureHuntConfig] Load existing configuration file:$profile:ExpansionMod\Quests\Objectives\TreasureHunt\Objective_TH_1.json
SCRIPT       : [ExpansionQuestObjectiveActionConfig] Load existing configuration file:$profile:ExpansionMod\Quests\Objectives\Action\Objective_A_1.json
SCRIPT       : [ExpansionQuestObjectiveActionConfig] Load existing configuration file:$profile:ExpansionMod\Quests\Objectives\Action\Objective_A_2.json
SCRIPT       : [ExpansionQuestObjectiveCraftingConfig] Load existing configuration file:$profile:ExpansionMod\Quests\Objectives\Crafting\Objective_CR_1.json
SCRIPT       : [ExpansionQuestObjectiveAIPatrolConfig] Load existing configuration file:$profile:ExpansionMod\Quests\Objectives\AIPatrol\Objective_AIP_1.json
SCRIPT       : [ExpansionQuestObjectiveAICampConfig] Load existing configuration file:$profile:ExpansionMod\Quests\Objectives\AICamp\Objective_AIC_1.json
SCRIPT       : [ExpansionQuestObjectiveAIEscortConfig] Load existing configuration file:$profile:ExpansionMod\Quests\Objectives\AIVIP\Objective_AIESCORT_1.json
SCRIPT       : [ExpansionQuestNPCData] Load existing configuration file:QuestNPC_1.json
SCRIPT       : [ExpansionQuestNPCData] Load existing configuration file:QuestNPC_2.json
SCRIPT       : [ExpansionQuestNPCData] Load existing configuration file:QuestNPC_3.json
SCRIPT       : 18:42:13.515 [EXPANSION DEBUG]: ExpansionP2PTraderAIIrena<364fec20>::SetP2PTraderID - ID: 1
SCRIPT       : ExpansionZoneCircle<366bee60> position=<8583.669922, 0.000000, 10515.000000> radius=400
SCRIPT       : Found 1 zones!
SCRIPT       : ExpansionMarketItem marketItem = ExpansionMarketItem<fbe1bf40>
SCRIPT       : int worth =   1
SCRIPT       : m_EventManager NamEventManager<a3d19820>
SCRIPT       : MaxEventCount 2
SCRIPT       : 18:42:13.601 [EXPANSION DEBUG]: ExpansionQuestNPCAIElias<383eb010>::OnEnterSafeZone
SCRIPT       : bool m_Expansion_LeavingSafeZone = 0
SCRIPT       : bool m_Expansion_IsInSafeZone = 0
SCRIPT       : bool m_Expansion_IsInSafeZoneSynchRemote = 0
SCRIPT       : 18:42:13.601 [EXPANSION DEBUG]: ExpansionQuestNPCAIDenis<3868d020>::OnEnterSafeZone
SCRIPT       : bool m_Expansion_LeavingSafeZone = 0
SCRIPT       : bool m_Expansion_IsInSafeZone = 0
SCRIPT       : bool m_Expansion_IsInSafeZoneSynchRemote = 0
SCRIPT       : [wpnfsm] ValidateAndRepair Attempting to repair: Scout:11226 (owner ExpansionQuestNPCAIElias<383eb010>) - MagazineRepair - BAREM_CLO_BUF_MA0<369365b0> - state: 0 != weapon: 1
Class:      'WeaponFSM'

Function: 'ValidateAndRepairHelper'
Stack trace:
SCRIPT       : DayZExpansion/Core/Scripts/4_World/dayzexpansion_core\entities\firearms\weaponfsm.c:30
SCRIPT       : 18:47:13.617 [EXPANSION DEBUG]: [ExpansionMissionEventAirdrop] Adjusted container weights:
SCRIPT       : 18:47:13.617 [EXPANSION DEBUG]: ExpansionAirdropContainer 126
SCRIPT       : 18:47:13.617 [EXPANSION DEBUG]: ExpansionAirdropContainer_Medical 131
SCRIPT       : 18:47:13.617 [EXPANSION DEBUG]: ExpansionAirdropContainer_Basebuilding 136
SCRIPT       : 18:47:13.617 [EXPANSION DEBUG]: ExpansionAirdropContainer_Military_WinterCamo 141
SCRIPT       : 18:47:13.617 [EXPANSION DEBUG]: ExpansionAirdropPlane::GetSpawnPoint - drop position <3974.000000, 0.000000, 7350.000000> - map is namalsk - size 12800 - center <4352.000000, 0.000000, 7348.000000>
SCRIPT       : 18:47:13.617 [EXPANSION DEBUG]: ExpansionAirdropPlane::GetSpawnPoint - selected spawn point <10772.622070, 450.156250, 0.000000>
SCRIPT       : 18:53:56.593 [EXPANSION LOG]: ExpansionAirdropContainerBase<36566440> InitAirdrop - total weight (kg) 328.157 - nominal fall speed 4.57039 m/s, wind impact strength 0.147654
SCRIPT       : [Namalsk][NamEventManager]: Trying to select a new event...
SCRIPT       : [Namalsk][NamEventManager]: Starting event Aurora
SCRIPT       : [Namalsk][NamEventManager]: Aurora: Phase Length 60
SCRIPT       : [Namalsk][NamEventManager]: Next selection will occur in 967 seconds
SCRIPT       : [Namalsk][NamEventManager]: Aurora: Phase Length 1047.27
SCRIPT       : [Namalsk][NamEventManager]: Trying to select a new event...
SCRIPT       : [Namalsk][NamEventManager]: Starting event Blizzard
SCRIPT       : [Namalsk][NamEventManager]: Could not run event Blizzard because it conflicts with event Aurora...
SCRIPT       : [Namalsk][NamEventManager]: Next selection will occur in 671 seconds
SCRIPT       : [ExpansionAirdropContainerManager] Container at <4046.782715, 62.855118, 7493.696289> was deleted
SCRIPT       : ExpansionAirdropContainerManager::DeleteSingleInfected
SCRIPT       : ExpansionAirdropContainerManager::DeleteSingleInfected
SCRIPT       : ExpansionAirdropContainerManager::DeleteSingleInfected
SCRIPT       : ExpansionAirdropContainerManager::DeleteSingleInfected
SCRIPT       : ExpansionAirdropContainerManager::DeleteSingleInfected
SCRIPT       : ExpansionAirdropContainerManager::DeleteSingleInfected
SCRIPT       : ExpansionAirdropContainerManager::DeleteSingleInfected
SCRIPT       : ExpansionAirdropContainerManager::DeleteSingleInfected
SCRIPT       : ExpansionAirdropContainerManager::DeleteSingleInfected
SCRIPT       : ExpansionAirdropContainerManager::DeleteSingleInfected
SCRIPT       : ExpansionAirdropContainerManager::DeleteSingleInfected
SCRIPT       : ExpansionAirdropContainerManager::DeleteSingleInfected
SCRIPT       : ExpansionAirdropContainerManager::DeleteSingleInfected
SCRIPT       : ~ExpansionAirdropContainerManager
SCRIPT       : [Namalsk][NamEventManager]: Aurora: Phase Length 60
SCRIPT       : [Namalsk][NamEventManager]: Aurora: Phase Length 0
SCRIPT       : [Namalsk][NamEventManager]: Trying to select a new event...
SCRIPT       : [Namalsk][NamEventManager]: Starting event Snowfall
SCRIPT       : [Namalsk][Snowfall]: init: 600 (sec), mid: 1156.65 (sec), end: 600 (sec)
SCRIPT       : [Namalsk][NamEventManager]: Snowfall: Phase Length 600
SCRIPT       : [Namalsk][NamEventManager]: Next selection will occur in 639 seconds
SCRIPT       : [Namalsk][NamEventManager]: Snowfall: Phase Length 1156.65
SCRIPT       : [Namalsk][NamEventManager]: Trying to select a new event...
SCRIPT       : [Namalsk][NamEventManager]: Starting event Blizzard
SCRIPT       : [Namalsk][NamEventManager]: Could not run event Blizzard because it conflicts with event Snowfall...
SCRIPT       : [Namalsk][NamEventManager]: Next selection will occur in 761 seconds
SCRIPT       : [Namalsk][NamEventManager]: Trying to select a new event...
SCRIPT       : [Namalsk][NamEventManager]: Starting event Aurora
SCRIPT       : [Namalsk][NamEventManager]: Aurora: Phase Length 60
SCRIPT       : [Namalsk][NamEventManager]: Next selection will occur in 705 seconds
SCRIPT       : [Namalsk][NamEventManager]: Aurora: Phase Length 1065.83
SCRIPT       : Clear up static fireplaces: 0
SCRIPT       : 19:48:14.226 [EXPANSION DEBUG]: Clearing cached categories 67
SCRIPT       : 19:48:14.226 [EXPANSION DEBUG]: Clearing cached traders 17
SCRIPT       : ~DayZGame()
