---------------------------------------------
Log C:\daisy\DayZServerNam\!!!\profiles\script_2024-06-11_18-44-28.log started at 11.06. 18:44:28

SCRIPT       : Registered 403 temporary action enum(s), UAN==403
SCRIPT    (W): @"scripts/3_Game/gameplay.c,911": Missing script declaration for method 'MenuData.GetLastSteamQueryPort'
SCRIPT       : Registering faction type eAIFactionShamans ID -1484989417
SCRIPT       : Registering faction type eAIFactionObservers ID -563736721
SCRIPT       : Registering faction type eAIFactionInvincibleObservers ID -1227299746
SCRIPT       : Registering faction type eAIFactionEast ID 90522109
SCRIPT       : Registering faction type eAIFactionGuards ID 963933710
SCRIPT       : Registering faction type eAIFactionRaiders ID 1535276022
SCRIPT       : Registering faction type eAIFactionYeetBrigade ID 1408543989
SCRIPT       : Registering faction type eAIFactionMercenaries ID 1629891834
SCRIPT       : Registering faction type eAIFactionWest ID 113880155
SCRIPT       : Registering faction type eAIFactionCivilian ID 1096178351
SCRIPT       : Registering faction type eAIFactionPassive ID -1159399789
SCRIPT       : Registering faction type eAIFactionInvincibleYeetBrigade ID -1118767876
SCRIPT       : Registering faction type eAIFactionInvincibleGuards ID 782746017
SCRIPT       : ... Backlit Effects Enabled
SCRIPT       : 18:44:30 [EXPANSION LOG]: DayZGame<18987630> Start time (local time) 2024-06-11 18:44:22
SCRIPT       : 18:44:30 [EXPANSION LOG]: DayZGame<18987630> Start time (UTC) 2024-06-11 17:44:22
SCRIPT       : 18:44:30 [EXPANSION LOG]: DayZGame<18987630> Runtime since start (seconds) 8.73
SCRIPT       : Registering faction type eAIFactionLunatics ID 1167351711
SCRIPT       : Registering faction type eAIFactionInfected ID 1371958374
SCRIPT       : Expansion version: 1.8.50
SCRIPT       : 18:44:42.664 [EXPANSION DEBUG]: [ExpansionDebugSettings] No existing setting file:$profile:ExpansionMod\Settings\DebugSettings.json. Creating defaults!
SCRIPT       : [ExpansionDebugSettings] Saving settings
SCRIPT       : 18:44:42.664 [EXPANSION DEBUG]: [ExpansionLogSettings] No existing setting file:$profile:ExpansionMod\Settings\LogsSettings.json. Creating defaults!
SCRIPT       : [ExpansionLogSettings] Saving settings
SCRIPT       : 18:44:42.664 [EXPANSION DEBUG]: [ExpansionSafeZoneSettings] No existing setting file:$mission:expansion\settings\SafeZoneSettings.json. Creating defaults!
SCRIPT       : [ExpansionSafeZoneSettings] Saving settings
SCRIPT       : 18:44:42.671 [EXPANSION DEBUG]: [ExpansionNotificationSettings] No existing setting file:$profile:ExpansionMod\Settings\NotificationSettings.json. Creating defaults!
SCRIPT       : [ExpansionNotificationSettings] Saving settings
SCRIPT       : 18:44:42.671 [EXPANSION DEBUG]: [ExpansionMonitoringSettings] No existing setting file:$profile:ExpansionMod\Settings\MonitoringSettings.json. Creating defaults!
SCRIPT       : [ExpansionMonitoringSettings] Saving settings
SCRIPT       : 18:44:42.671 [EXPANSION DEBUG]: [ExpansionDamageSystemSettings] No existing setting file:$profile:ExpansionMod\Settings\DamageSystemSettings.json. Creating defaults!
SCRIPT       : 18:44:42.671 [EXPANSION DEBUG]: [ExpansionPartySettings] No existing setting file:$profile:ExpansionMod\Settings\PartySettings.json. Creating defaults!
SCRIPT       : [ExpansionPartySettings] Saving settings
SCRIPT       : 18:44:42.671 [EXPANSION DEBUG]: [ExpansionHardlineSettings] No existing setting file:$mission:expansion\settings\HardlineSettings.json. Creating defaults!
SCRIPT       : [ExpansionHardlineSettings] Saving settings
SCRIPT       : 18:44:42.671 [EXPANSION DEBUG]: [ExpansionMarketSettings] No existing setting files:$mission:expansion\settings\MarketSettings.json. Creating defaults!
SCRIPT       : 18:44:42.671 [EXPANSION DEBUG]: [ExpansionMarketSettings] No existing market category setting files at:$profile:ExpansionMod\Market\. Creating defaults!
SCRIPT       : 18:44:42.734 [EXPANSION DEBUG]: [ExpansionMarketSettings] No existing trader setting files at:$profile:ExpansionMod\Traders\. Creating defaults!
SCRIPT       : 18:44:42.742 [EXPANSION DEBUG]: [ExpansionMarketTrader] Error: Category Gardening does not exist!
SCRIPT       : 18:44:42.765 [EXPANSION DEBUG]: [ExpansionMarketSettings] No existing market zone setting files at:$mission:expansion\traderzones\. Creating defaults!
SCRIPT       : [ExpansionMarketSettings] Saving settings
SCRIPT       : 18:44:42.765 [EXPANSION DEBUG]: [ExpansionAirdropSettings] No existing setting file:$profile:ExpansionMod\Settings\AirdropSettings.json. Creating defaults!
SCRIPT       : [ExpansionAirdropSettings] Saving settings
SCRIPT       : 18:44:42.765 [EXPANSION DEBUG]: [ExpansionMissionSettings] No existing setting file:$profile:ExpansionMod\Settings\MissionSettings.json. Creating defaults!
SCRIPT       : [ExpansionMissionSettings] Saving settings
SCRIPT       : 18:44:42.765 [EXPANSION DEBUG]: [ExpansionMapSettings] No existing setting file:$mission:expansion\settings\MapSettings.json. Creating defaults!
SCRIPT       : [ExpansionMapSettings] Saving settings
SCRIPT       : 18:44:42.773 [EXPANSION DEBUG]: [ExpansionPersonalStorageNewSettings] No existing setting file:$profile:ExpansionMod\Settings\PersonalStorageNewSettings.json. Creating defaults!
SCRIPT       : [ExpansionPersonalStorageNewSettings] Saving settings
SCRIPT       : 18:44:42.773 [EXPANSION DEBUG]: [ExpansionGeneralSettings] No existing setting file:$profile:ExpansionMod\Settings\GeneralSettings.json. Creating defaults!
SCRIPT       : [ExpansionGeneralSettings] Saving settings
SCRIPT       : 18:44:42.773 [EXPANSION DEBUG]: [ExpansionPlayerListSettings] No existing setting file:$profile:ExpansionMod\Settings\PlayerListSettings.json. Creating defaults!
SCRIPT       : [ExpansionPlayerListSettings] Saving settings
SCRIPT       : 18:44:42.773 [EXPANSION DEBUG]: [ExpansionSocialMediaSettings] No existing setting file:$profile:ExpansionMod\Settings\SocialMediaSettings.json. Creating defaults!
SCRIPT       : [ExpansionSocialMediaSettings] Saving settings
SCRIPT       : 18:44:42.773 [EXPANSION DEBUG]: [ExpansionTerritorySettings] No existing setting file:$mission:expansion\settings\SpawnSettings.json. Creating defaults!
SCRIPT       : [ExpansionSpawnSettings] Saving settings
SCRIPT       : 18:44:42.773 [EXPANSION DEBUG]: [ExpansionVehicleSettings] No existing setting file:$profile:ExpansionMod\Settings\VehicleSettings.json. Creating defaults!
SCRIPT       : [ExpansionVehicleSettings] Saving settings
SCRIPT       : 18:44:42.773 [EXPANSION DEBUG]: [ExpansionAISettings] No existing setting file:$profile:ExpansionMod\Settings\AISettings.json. Creating defaults!
SCRIPT       : [ExpansionAISettings] Saving settings
SCRIPT       : 18:44:42.773 [EXPANSION DEBUG]: [ExpansionAIPatrolSettings] No existing setting file:$mission:expansion\settings\AIPatrolSettings.json. Creating defaults!
SCRIPT       : [ExpansionAIPatrolSettings] Saving settings
SCRIPT       : 18:44:42.781 [EXPANSION DEBUG]: [ExpansionBaseBuildingSettings] No existing setting file:$mission:expansion\settings\BaseBuildingSettings.json. Creating defaults!
SCRIPT       : [ExpansionBaseBuildingSettings] Saving settings
SCRIPT       : 18:44:42.781 [EXPANSION DEBUG]: [ExpansionRaidSettings] No existing setting file:$profile:ExpansionMod\Settings\RaidSettings.json. Creating defaults!
SCRIPT       : [ExpansionRaidSettings] Saving settings
SCRIPT       : 18:44:42.781 [EXPANSION DEBUG]: [ExpansionTerritorySettings] No existing setting file:$profile:ExpansionMod\Settings\TerritorySettings.json. Creating defaults!
SCRIPT       : [ExpansionTerritorySettings] Saving settings
SCRIPT       : 18:44:42.781 [EXPANSION DEBUG]: [ExpansionChatSettings] No existing setting file:$profile:ExpansionMod\Settings\ChatSettings.json. Creating defaults!
SCRIPT       : [ExpansionChatSettings] Saving settings
SCRIPT       : [DefineTest] EXPANSIONMOD is defined
SCRIPT       : [DefineTest] EXPANSIONMODAI is defined
SCRIPT       : [DefineTest] EXPANSIONMODBASEBUILDING is defined
SCRIPT       : [DefineTest] EXPANSIONMODBOOK is defined
SCRIPT       : [DefineTest] EXPANSIONMODCHAT is defined
SCRIPT       : [DefineTest] EXPANSIONMODCORE is defined
SCRIPT       : [DefineTest] EXPANSIONMODGARAGE is defined
SCRIPT       : [DefineTest] EXPANSIONMODGROUPS is defined
SCRIPT       : [DefineTest] EXPANSIONMODHARDLINE is defined
SCRIPT       : [DefineTest] EXPANSIONMODKILLFEED is defined
SCRIPT       : [DefineTest] EXPANSIONMODMAPASSETS is defined
SCRIPT       : [DefineTest] EXPANSIONMODMARKET is defined
SCRIPT       : [DefineTest] EXPANSIONMODMISSIONS is defined
SCRIPT       : [DefineTest] EXPANSIONMODNAMETAGS is defined
SCRIPT       : [DefineTest] EXPANSIONMODNAVIGATION is defined
SCRIPT       : [DefineTest] EXPANSIONMODP2PMARKET is defined
SCRIPT       : [DefineTest] EXPANSIONMODPERSONALSTORAGE is defined
SCRIPT       : [DefineTest] EXPANSIONMODQUESTS is defined
SCRIPT       : [DefineTest] EXPANSIONMODSPAWNSELECTION is defined
SCRIPT       : [DefineTest] EXPANSIONMODVEHICLE is defined
SCRIPT       : [DefineTest] EXPANSIONMODWEAPONS is defined
SCRIPT       : [DefineTest] CfgMods:
SCRIPT       : defaultAction
SCRIPT       : DayZ
SCRIPT       : DZ_Expansion_AI_Preload
SCRIPT       : DZ_Expansion_BaseBuilding_Preload
SCRIPT       : DZ_Expansion_Book_Preload
SCRIPT       : DZ_Expansion_Chat_Preload
SCRIPT       : DZ_Expansion_Core_Preload
SCRIPT       : DZ_Expansion_Garage_Preload
SCRIPT       : DZ_Expansion_Groups_Preload
SCRIPT       : DZ_Expansion_Hardline_Preload
SCRIPT       : DZ_Expansion_KillFeed_Preload
SCRIPT       : DZ_Expansion_MapAssets_Preload
SCRIPT       : DZ_Expansion_Market_Preload
SCRIPT       : DZ_Expansion_Missions_Preload
SCRIPT       : DZ_Expansion_ModStorage_Preload
SCRIPT       : DZ_Expansion_NameTags_Preload
SCRIPT       : DZ_Expansion_Navigation_Preload
SCRIPT       : DZ_Expansion_P2PMarket_Preload
SCRIPT       : DZ_Expansion_PersonalStorage_Preload
SCRIPT       : DZ_Expansion_Preload
SCRIPT       : DZ_Expansion_Quests_Preload
SCRIPT       : DZ_Expansion_SpawnSelection_Preload
SCRIPT       : DZ_Expansion_Vehicles_Preload
SCRIPT       : DZ_Expansion_Weapons_Preload
SCRIPT       : DabsFramework
SCRIPT       : DZ_Expansion_DefineTest
SCRIPT       : DZ_Expansion_MapAssets
SCRIPT       : JM_CommunityFramework
SCRIPT       : JM_CommunityOnlineTools
SCRIPT       : NAMALSK_ISLAND
SCRIPT       : NAMALSK_SURVIVAL
SCRIPT       : DZ_Expansion_ModStorage
SCRIPT       : DZ_Expansion_Core
SCRIPT       : DZ_Expansion_Garage
SCRIPT       : DZ_Expansion_Groups
SCRIPT       : DZ_Expansion_Market
SCRIPT       : DZ_Expansion_Missions
SCRIPT       : DZ_Expansion_NameTags
SCRIPT       : DZ_Expansion_Navigation
SCRIPT       : DZ_Expansion_NotificationScheduler
SCRIPT       : DZ_Expansion_P2PMarket
SCRIPT       : DZ_Expansion_PersonalStorage
SCRIPT       : DZ_Expansion_PersonalStorageNew
SCRIPT       : DZ_Expansion_PlayerList
SCRIPT       : DZ_Expansion
SCRIPT       : DZ_Expansion_SpawnSelection
SCRIPT       : DZ_Expansion_VanillaFixes
SCRIPT       : DZ_Expansion_Vehicles
SCRIPT       : DZ_Expansion_Weapons
SCRIPT       : DZ_Expansion_AI
SCRIPT       : DZ_Expansion_BaseBuilding
SCRIPT       : DZ_Expansion_Book
SCRIPT       : DZ_Expansion_Chat
SCRIPT       : DZ_Expansion_Hardline
SCRIPT       : DZ_Expansion_Quests
SCRIPT       : DZ_Expansion_VirtualContainerStorage
SCRIPT       : 18:44:42.820 [EXPANSION DEBUG]: ModStorage v5
SCRIPT       : [Namalsk][NamEventManager]: Next selection will occur in 888 seconds
SCRIPT       : [Namalsk][NamEventManager]: NamEventManager is now running
SCRIPT       : 18:44:46.375 [EXPANSION DEBUG]: ExpansionTraderDenis<dcfc3c10>::SetTraderObject ExpansionTraderObjectBase<e51adfa0> <6297.701172, 20.696091, 9523.166016>
SCRIPT       : 18:44:46.375 [EXPANSION DEBUG]: LoadMissionTradersFile trader ExpansionTraderDenis<dcfc3c10> fileName Aircraft
SCRIPT       : 18:44:46.390 [EXPANSION DEBUG]: ExpansionTraderGuo<c0c96010>::SetTraderObject ExpansionTraderObjectBase<c0c4cc80> <8599.360352, 14.725300, 10492.200195>
SCRIPT       : 18:44:46.390 [EXPANSION DEBUG]: LoadMissionTradersFile trader ExpansionTraderGuo<c0c96010> fileName Vehicle_Parts
SCRIPT       : 18:44:46.406 [EXPANSION DEBUG]: ExpansionTraderHassan<c0d25000>::SetTraderObject ExpansionTraderObjectBase<e50769f0> <8596.509766, 14.747800, 10488.000000>
SCRIPT       : 18:44:46.406 [EXPANSION DEBUG]: LoadMissionTradersFile trader ExpansionTraderHassan<c0d25000> fileName Vehicles
SCRIPT       : 18:44:46.421 [EXPANSION DEBUG]: ExpansionTraderIndar<c0e92010>::SetTraderObject ExpansionTraderObjectBase<c0d449c0> <8570.200195, 14.804744, 10531.799805>
SCRIPT       : 18:44:46.421 [EXPANSION DEBUG]: LoadMissionTradersFile trader ExpansionTraderIndar<c0e92010> fileName Medicals
SCRIPT       : 18:44:46.429 [EXPANSION DEBUG]: ExpansionTraderKaito<c0f91010>::SetTraderObject ExpansionTraderObjectBase<c0fa3530> <8566.829102, 15.935067, 10515.494141>
SCRIPT       : 18:44:46.429 [EXPANSION DEBUG]: LoadMissionTradersFile trader ExpansionTraderKaito<c0f91010> fileName Exchange
SCRIPT       : 18:44:46.445 [EXPANSION DEBUG]: ExpansionTraderLewis<c0dde690>::SetTraderObject ExpansionTraderObjectBase<c0fbc7f0> <8564.556641, 15.914123, 10516.875000>
SCRIPT       : 18:44:46.445 [EXPANSION DEBUG]: LoadMissionTradersFile trader ExpansionTraderLewis<c0dde690> fileName BuildingSupplies
SCRIPT       : 18:44:46.460 [EXPANSION DEBUG]: ExpansionTraderNaomi<c1129010>::SetTraderObject ExpansionTraderObjectBase<c113ba20> <8554.720703, 15.931895, 10524.275391>
SCRIPT       : 18:44:46.460 [EXPANSION DEBUG]: LoadMissionTradersFile trader ExpansionTraderNaomi<c1129010> fileName Clothing
SCRIPT       : 18:44:46.476 [EXPANSION DEBUG]: ExpansionTraderHelga<c11fa950>::SetTraderObject ExpansionTraderObjectBase<c1141300> <8560.446289, 15.920970, 10521.180664>
SCRIPT       : 18:44:46.476 [EXPANSION DEBUG]: LoadMissionTradersFile trader ExpansionTraderHelga<c11fa950> fileName Clothing_Accessories
SCRIPT       : 18:44:46.492 [EXPANSION DEBUG]: ExpansionTraderLinda<c124f680>::SetTraderObject ExpansionTraderObjectBase<c136c170> <8571.715820, 14.824916, 10521.992188>
SCRIPT       : 18:44:46.492 [EXPANSION DEBUG]: LoadMissionTradersFile trader ExpansionTraderLinda<c124f680> fileName Consumables
SCRIPT       : 18:44:46.507 [EXPANSION DEBUG]: ExpansionTraderGabi<c1469020>::SetTraderObject ExpansionTraderObjectBase<c0fa5150> <8584.846680, 14.821787, 10534.984375>
SCRIPT       : 18:44:46.507 [EXPANSION DEBUG]: LoadMissionTradersFile trader ExpansionTraderGabi<c1469020> fileName Weapons
SCRIPT       : 18:44:46.515 [EXPANSION DEBUG]: ExpansionTraderIrena<c0f5f010>::SetTraderObject ExpansionTraderObjectBase<c80829e0> <8594.533203, 14.821795, 10529.988281>
SCRIPT       : 18:44:46.515 [EXPANSION DEBUG]: LoadMissionTradersFile trader ExpansionTraderIrena<c0f5f010> fileName Attachments
SCRIPT       : 18:44:46.531 [EXPANSION DEBUG]: ExpansionTraderQuinn<c8241010>::SetTraderObject ExpansionTraderObjectBase<c8088e00> <8555.026367, 15.931314, 10514.249023>
SCRIPT       : 18:44:46.531 [EXPANSION DEBUG]: LoadMissionTradersFile trader ExpansionTraderQuinn<c8241010> fileName Components
SCRIPT       : 18:44:46.546 [EXPANSION DEBUG]: ExpansionTraderJudy<c8329830>::SetTraderObject ExpansionTraderObjectBase<c82798d0> <8630.750000, 16.608299, 10510.500000>
SCRIPT       : 18:44:46.546 [EXPANSION DEBUG]: LoadMissionTradersFile trader ExpansionTraderJudy<c8329830> fileName Fishing
SCRIPT       : 18:44:46.554 [EXPANSION DEBUG]: ExpansionTraderPeter<a29cacf0>::SetTraderObject ExpansionTraderObjectBase<c8433520> <8590.870117, 14.821789, 10534.200195>
SCRIPT       : 18:44:46.554 [EXPANSION DEBUG]: LoadMissionTradersFile trader ExpansionTraderPeter<a29cacf0> fileName Special
SCRIPT       : 18:44:46.570 [EXPANSION DEBUG]: ExpansionTraderMaria<c8377970>::SetTraderObject ExpansionTraderObjectBase<c844d3e0> <8559.040039, 16.014900, 10511.099609>
SCRIPT       : 18:44:46.570 [EXPANSION DEBUG]: LoadMissionTradersFile trader ExpansionTraderMaria<c8377970> fileName Spraycans
SCRIPT       : 18:44:46.585 [EXPANSION DEBUG]: ExpansionTraderBoris<c8551c70>::SetTraderObject ExpansionTraderObjectBase<c8566050> <8053.950195, 1.847600, 7595.729980>
SCRIPT       : 18:44:46.585 [EXPANSION DEBUG]: LoadMissionTradersFile trader ExpansionTraderBoris<c8551c70> fileName Boats
SCRIPT       : 18:44:46.601 [EXPANSION DEBUG]: ExpansionTraderCyril<c85318a0>::SetTraderObject ExpansionTraderObjectBase<c856bc30> <8050.020020, 2.791790, 7583.060059>
SCRIPT       : 18:44:46.601 [EXPANSION DEBUG]: LoadMissionTradersFile trader ExpansionTraderCyril<c85318a0> fileName Vehicle_Parts
SCRIPT       : 18:44:47.218 [EXPANSION DEBUG]: ExpansionP2PTraderAIIrena<e03590c0>::SetP2PTraderID - ID: 1
SCRIPT       : ExpansionZoneCircle<e0a6a0a0> position=<8583.669922, 0.000000, 10515.000000> radius=400
SCRIPT       : Found 1 zones!
SCRIPT       : ExpansionMarketItem marketItem = ExpansionMarketItem<dc3a5c20>
SCRIPT       : int worth =   1
SCRIPT       : m_EventManager NamEventManager<dbdeebf0>
SCRIPT       : MaxEventCount 2
SCRIPT       : 18:44:47.351 [EXPANSION DEBUG]: ExpansionQuestNPCAIElias<e0a50800>::OnEnterSafeZone
SCRIPT       : bool m_Expansion_LeavingSafeZone = 0
SCRIPT       : bool m_Expansion_IsInSafeZone = 0
SCRIPT       : bool m_Expansion_IsInSafeZoneSynchRemote = 0
SCRIPT       : 18:44:47.351 [EXPANSION DEBUG]: ExpansionQuestNPCAIDenis<e06ade80>::OnEnterSafeZone
SCRIPT       : bool m_Expansion_LeavingSafeZone = 0
SCRIPT       : bool m_Expansion_IsInSafeZone = 0
SCRIPT       : bool m_Expansion_IsInSafeZoneSynchRemote = 0
SCRIPT       : Clear up static fireplaces: 0
SCRIPT       : 18:45:04.390 [EXPANSION DEBUG]: Clearing cached categories 66
SCRIPT       : 18:45:04.398 [EXPANSION DEBUG]: Clearing cached traders 17
SCRIPT       : 18:45:04.406 [EXPANSION DEBUG]: ExpansionQuestConfig<c0da4880>~ExpansionQuestConfig
SCRIPT       : 18:45:04.406 [EXPANSION DEBUG]: ExpansionQuestConfig<c0da5a80>~ExpansionQuestConfig
SCRIPT       : 18:45:04.406 [EXPANSION DEBUG]: ExpansionQuestConfig<c0da4ac0>~ExpansionQuestConfig
SCRIPT       : 18:45:04.406 [EXPANSION DEBUG]: ExpansionQuestConfig<c0da7580>~ExpansionQuestConfig
SCRIPT       : 18:45:04.406 [EXPANSION DEBUG]: ExpansionQuestConfig<c0da54e0>~ExpansionQuestConfig
SCRIPT       : 18:45:04.406 [EXPANSION DEBUG]: ExpansionQuestConfig<c0da5ba0>~ExpansionQuestConfig
SCRIPT       : 18:45:04.406 [EXPANSION DEBUG]: ExpansionQuestConfig<c0da38c0>~ExpansionQuestConfig
SCRIPT       : 18:45:04.406 [EXPANSION DEBUG]: ExpansionQuestConfig<c0da8ae0>~ExpansionQuestConfig
SCRIPT       : 18:45:04.406 [EXPANSION DEBUG]: ExpansionQuestConfig<c0daa5e0>~ExpansionQuestConfig
SCRIPT       : 18:45:04.406 [EXPANSION DEBUG]: ExpansionQuestConfig<c0da9740>~ExpansionQuestConfig
SCRIPT       : 18:45:04.406 [EXPANSION DEBUG]: ExpansionQuestConfig<c0da7e80>~ExpansionQuestConfig
SCRIPT       : 18:45:04.406 [EXPANSION DEBUG]: ExpansionQuestConfig<c0dab240>~ExpansionQuestConfig
SCRIPT       : 18:45:04.406 [EXPANSION DEBUG]: ExpansionQuestConfig<c0da9ce0>~ExpansionQuestConfig
SCRIPT       : 18:45:04.406 [EXPANSION DEBUG]: ExpansionQuestConfig<c0dab5a0>~ExpansionQuestConfig
SCRIPT       : 18:45:04.406 [EXPANSION DEBUG]: ExpansionQuestConfig<c0da9e00>~ExpansionQuestConfig
SCRIPT       : 18:45:04.406 [EXPANSION DEBUG]: ExpansionQuestConfig<c0daa3a0>~ExpansionQuestConfig
SCRIPT       : 18:45:04.406 [EXPANSION DEBUG]: ExpansionQuestConfig<c0da81e0>~ExpansionQuestConfig
SCRIPT       : 18:45:04.406 [EXPANSION DEBUG]: ExpansionQuestConfig<c0daa280>~ExpansionQuestConfig
SCRIPT       : 18:45:04.406 [EXPANSION DEBUG]: ExpansionQuestConfig<c0da7c40>~ExpansionQuestConfig
SCRIPT       : 18:45:04.406 [EXPANSION DEBUG]: ExpansionQuestConfig<c0da89c0>~ExpansionQuestConfig
SCRIPT       : 18:45:04.406 [EXPANSION DEBUG]: ExpansionQuestConfig<c0da9860>~ExpansionQuestConfig
SCRIPT       : 18:45:04.406 [EXPANSION DEBUG]: ExpansionQuestConfig<c0da88a0>~ExpansionQuestConfig
SCRIPT       : 18:45:04.406 [EXPANSION DEBUG]: ExpansionQuestConfig<c0daa4c0>~ExpansionQuestConfig
SCRIPT       : 18:45:04.406 [EXPANSION DEBUG]: ExpansionQuestConfig<c0da8780>~ExpansionQuestConfig
SCRIPT       : ~DayZGame()
