---------------------------------------------
Log C:\daisy\DayZServerNam\!!!\profiles\script_2024-06-12_18-53-00.log started at 12.06. 18:53:00

SCRIPT       : Registered 403 temporary action enum(s), UAN==403
SCRIPT    (W): @"scripts/3_Game/gameplay.c,911": Missing script declaration for method 'MenuData.GetLastSteamQueryPort'
SCRIPT       : Registering faction type eAIFactionShamans ID -1484989417
SCRIPT       : Registering faction type eAIFactionObservers ID -563736721
SCRIPT       : Registering faction type eAIFactionInvincibleObservers ID -1227299746
SCRIPT       : Registering faction type eAIFactionEast ID 90522109
SCRIPT       : Registering faction type eAIFactionGuards ID 963933710
SCRIPT       : Registering faction type eAIFactionRaiders ID 1535276022
SCRIPT       : Registering faction type eAIFactionYeetBrigade ID 1408543989
SCRIPT       : Registering faction type eAIFactionMercenaries ID 1629891834
SCRIPT       : Registering faction type eAIFactionWest ID 113880155
SCRIPT       : Registering faction type eAIFactionCivilian ID 1096178351
SCRIPT       : Registering faction type eAIFactionPassive ID -1159399789
SCRIPT       : Registering faction type eAIFactionInvincibleYeetBrigade ID -1118767876
SCRIPT       : Registering faction type eAIFactionInvincibleGuards ID 782746017
SCRIPT       : ... Backlit Effects Enabled
SCRIPT       : 18:53:02 [EXPANSION LOG]: DayZGame<5f9b8cb0> Start time (local time) 2024-06-12 18:52:56
SCRIPT       : 18:53:02 [EXPANSION LOG]: DayZGame<5f9b8cb0> Start time (UTC) 2024-06-12 17:52:56
SCRIPT       : 18:53:02 [EXPANSION LOG]: DayZGame<5f9b8cb0> Runtime since start (seconds) 6.806
SCRIPT       : Registering faction type eAIFactionLunatics ID 1167351711
SCRIPT       : Registering faction type eAIFactionInfected ID 1371958374
SCRIPT       : Expansion version: 1.8.50
SCRIPT       : 18:53:15.679 [EXPANSION DEBUG]: [ExpansionDebugSettings] Load existing setting file:$profile:ExpansionMod\Settings\DebugSettings.json
SCRIPT       : 18:53:15.679 [EXPANSION DEBUG]: [ExpansionLogSettings] Load existing setting file:$profile:ExpansionMod\Settings\LogsSettings.json
SCRIPT       : 18:53:15.687 [EXPANSION DEBUG]: [ExpansionNotificationSettings] Load existing setting file:$profile:ExpansionMod\Settings\NotificationSettings.json
SCRIPT       : 18:53:15.687 [EXPANSION DEBUG]: [ExpansionMonitoringSettings] Load existing setting file:$profile:ExpansionMod\Settings\MonitoringSettings.json
SCRIPT       : 18:53:15.687 [EXPANSION DEBUG]: [ExpansionDamageSystemSettings] Load existing setting file:$profile:ExpansionMod\Settings\DamageSystemSettings.json
SCRIPT       : 18:53:15.687 [EXPANSION DEBUG]: [ExpansionPartySettings] Load existing setting file:$profile:ExpansionMod\Settings\PartySettings.json
SCRIPT       : 18:53:15.687 [EXPANSION DEBUG]: [ExpansionHardlineSettings] Load existing setting file:$mission:expansion\settings\HardlineSettings.json
SCRIPT       : 18:53:15.703 [EXPANSION DEBUG]: [ExpansionMarketSettings] Load existing setting file:$mission:expansion\settings\MarketSettings.json
SCRIPT       : ExpansionMarketSettings::LoadCategories - Adding category ID 1 (Ammo)
SCRIPT       : ExpansionMarketSettings::LoadCategories - Adding category ID 2 (Ammo_Boxes)
SCRIPT       : ExpansionMarketSettings::LoadCategories - Adding category ID 3 (Armbands)
SCRIPT       : ExpansionMarketSettings::LoadCategories - Adding category ID 4 (Assault_Rifles)
SCRIPT       : ExpansionMarketSettings::LoadCategories - Adding category ID 5 (Backpacks)
SCRIPT       : ExpansionMarketSettings::LoadCategories - Adding category ID 6 (Bandanas)
SCRIPT       : ExpansionMarketSettings::LoadCategories - Adding category ID 7 (Batteries)
SCRIPT       : ExpansionMarketSettings::LoadCategories - Adding category ID 8 (Bayonets)
SCRIPT       : ExpansionMarketSettings::LoadCategories - Adding category ID 9 (Belts)
SCRIPT       : ExpansionMarketSettings::LoadCategories - Adding category ID 10 (Blouses_And_Suits)
SCRIPT       : ExpansionMarketSettings::LoadCategories - Adding category ID 11 (Boats)
SCRIPT       : ExpansionMarketSettings::LoadCategories - Adding category ID 12 (Boots_And_Shoes)
SCRIPT       : ExpansionMarketSettings::LoadCategories - Adding category ID 13 (Buttstocks)
SCRIPT       : ExpansionMarketSettings::LoadCategories - Adding category ID 14 (Caps)
SCRIPT       : ExpansionMarketSettings::LoadCategories - Adding category ID 15 (Cars)
SCRIPT       : ExpansionMarketSettings::LoadCategories - Adding category ID 16 (Coats_And_Jackets)
SCRIPT       : ExpansionMarketSettings::LoadCategories - Adding category ID 17 (Containers)
SCRIPT       : ExpansionMarketSettings::LoadCategories - Adding category ID 18 (Crossbows)
SCRIPT       : ExpansionMarketSettings::LoadCategories - Adding category ID 19 (Drinks)
SCRIPT       : ExpansionMarketSettings::LoadCategories - Adding category ID 20 (Electronics)
SCRIPT       : ExpansionMarketSettings::LoadCategories - Adding category ID 21 (Event)
SCRIPT       : ExpansionMarketSettings::LoadCategories - Adding category ID 22 (Exchange)
SCRIPT       : ExpansionMarketSettings::LoadCategories - Adding category ID 23 (Explosives_And_Grenades)
SCRIPT       : ExpansionMarketSettings::LoadCategories - Adding category ID 24 (Eyewear)
SCRIPT       : ExpansionMarketSettings::LoadCategories - Adding category ID 25 (Fish)
SCRIPT       : ExpansionMarketSettings::LoadCategories - Adding category ID 26 (Fishing)
SCRIPT       : ExpansionMarketSettings::LoadCategories - Adding category ID 27 (Flags)
SCRIPT       : ExpansionMarketSettings::LoadCategories - Adding category ID 28 (Food)
SCRIPT       : ExpansionMarketSettings::LoadCategories - Adding category ID 29 (Fruit_And_Vegetables)
SCRIPT       : ExpansionMarketSettings::LoadCategories - Adding category ID 30 (Furnishings)
SCRIPT       : ExpansionMarketSettings::LoadCategories - Adding category ID 31 (Gardening)
SCRIPT       : ExpansionMarketSettings::LoadCategories - Adding category ID 32 (Ghillies)
SCRIPT       : ExpansionMarketSettings::LoadCategories - Adding category ID 33 (Gloves)
SCRIPT       : ExpansionMarketSettings::LoadCategories - Adding category ID 34 (Handguards)
SCRIPT       : ExpansionMarketSettings::LoadCategories - Adding category ID 35 (Hats_And_Hoods)
SCRIPT       : ExpansionMarketSettings::LoadCategories - Adding category ID 36 (Helicopters)
SCRIPT       : ExpansionMarketSettings::LoadCategories - Adding category ID 37 (Helmets)
SCRIPT       : ExpansionMarketSettings::LoadCategories - Adding category ID 38 (Holsters_And_Pouches)
SCRIPT       : ExpansionMarketSettings::LoadCategories - Adding category ID 39 (Kits)
SCRIPT       : ExpansionMarketSettings::LoadCategories - Adding category ID 40 (Knifes)
SCRIPT       : ExpansionMarketSettings::LoadCategories - Adding category ID 41 (Launchers)
SCRIPT       : ExpansionMarketSettings::LoadCategories - Adding category ID 42 (Lights)
SCRIPT       : ExpansionMarketSettings::LoadCategories - Adding category ID 43 (Liquids)
SCRIPT       : ExpansionMarketSettings::LoadCategories - Adding category ID 44 (Locks)
SCRIPT       : ExpansionMarketSettings::LoadCategories - Adding category ID 45 (Magazines)
SCRIPT       : ExpansionMarketSettings::LoadCategories - Adding category ID 46 (Masks)
SCRIPT       : ExpansionMarketSettings::LoadCategories - Adding category ID 47 (Meat)
SCRIPT       : ExpansionMarketSettings::LoadCategories - Adding category ID 48 (Medical)
SCRIPT       : ExpansionMarketSettings::LoadCategories - Adding category ID 49 (Melee_Weapons)
SCRIPT       : ExpansionMarketSettings::LoadCategories - Adding category ID 50 (Muzzles)
SCRIPT       : ExpansionMarketSettings::LoadCategories - Adding category ID 51 (Navigation)
SCRIPT       : ExpansionMarketSettings::LoadCategories - Adding category ID 52 (Optics)
SCRIPT       : ExpansionMarketSettings::LoadCategories - Adding category ID 53 (Pants_And_Shorts)
SCRIPT       : ExpansionMarketSettings::LoadCategories - Adding category ID 54 (Pistols)
SCRIPT       : ExpansionMarketSettings::LoadCategories - Adding category ID 55 (Rifles)
SCRIPT       : ExpansionMarketSettings::LoadCategories - Adding category ID 56 (Shirts_And_TShirts)
SCRIPT       : ExpansionMarketSettings::LoadCategories - Adding category ID 57 (Shotguns)
SCRIPT       : ExpansionMarketSettings::LoadCategories - Adding category ID 58 (Skirts_And_Dresses)
SCRIPT       : ExpansionMarketSettings::LoadCategories - Adding category ID 59 (Sniper_Rifles)
SCRIPT       : ExpansionMarketSettings::LoadCategories - Adding category ID 60 (Spraycans)
SCRIPT       : ExpansionMarketSettings::LoadCategories - Adding category ID 61 (Submachine_Guns)
SCRIPT       : ExpansionMarketSettings::LoadCategories - Adding category ID 62 (Supplies)
SCRIPT       : ExpansionMarketSettings::LoadCategories - Adding category ID 63 (Sweaters_And_Hoodies)
SCRIPT       : ExpansionMarketSettings::LoadCategories - Adding category ID 64 (Tents)
SCRIPT       : ExpansionMarketSettings::LoadCategories - Adding category ID 65 (Tools)
SCRIPT       : ExpansionMarketSettings::LoadCategories - Adding category ID 66 (Vehicle_Parts)
SCRIPT       : ExpansionMarketSettings::LoadCategories - Adding category ID 67 (Vests)
SCRIPT       : 18:53:15.843 [EXPANSION DEBUG]: [ExpansionAirdropSettings] Load existing setting file:$profile:ExpansionMod\Settings\AirdropSettings.json
SCRIPT       : 18:53:16.250 [EXPANSION DEBUG]: [ExpansionMissionSettings] Load existing setting file:$profile:ExpansionMod\Settings\MissionSettings.json
SCRIPT       : 18:53:16.250 [EXPANSION DEBUG]: [ExpansionMapSettings] Load existing setting file:$mission:expansion\settings\MapSettings.json
SCRIPT       : 18:53:16.265 [EXPANSION DEBUG]: [ExpansionPersonalStorageNewSettings] Load existing setting file:$profile:ExpansionMod\Settings\PersonalStorageNewSettings.json
SCRIPT       : 18:53:16.265 [EXPANSION DEBUG]: [ExpansionGeneralSettings] Load existing setting file:$profile:ExpansionMod\Settings\GeneralSettings.json
SCRIPT       : 18:53:16.265 [EXPANSION DEBUG]: [ExpansionPlayerListSettings] Load existing setting file:$profile:ExpansionMod\Settings\PlayerListSettings.json
SCRIPT       : 18:53:16.265 [EXPANSION DEBUG]: [ExpansionSocialMediaSettings] Load existing setting file:$profile:ExpansionMod\Settings\SocialMediaSettings.json
SCRIPT       : 18:53:16.265 [EXPANSION DEBUG]: [ExpansionSpawnSettings] Load existing setting file:$mission:expansion\settings\SpawnSettings.json
SCRIPT       : 18:53:16.273 [EXPANSION DEBUG]: [ExpansionVehicleSettings] Load existing setting file:$profile:ExpansionMod\Settings\VehicleSettings.json
SCRIPT       : 18:53:16.273 [EXPANSION DEBUG]: [ExpansionAISettings] Load existing setting file:$profile:ExpansionMod\Settings\AISettings.json
SCRIPT       : 18:53:16.273 [EXPANSION DEBUG]: [ExpansionAIPatrolSettings] Load existing setting file:$mission:expansion\settings\AIPatrolSettings.json
SCRIPT       : 18:53:16.281 [EXPANSION DEBUG]: [ExpansionBaseBuildingSettings] Load existing setting file:$mission:expansion\settings\BaseBuildingSettings.json
SCRIPT       : 18:53:16.281 [EXPANSION DEBUG]: [ExpansionRaidSettings] Load existing setting file:$profile:ExpansionMod\Settings\RaidSettings.json
SCRIPT       : 18:53:16.281 [EXPANSION DEBUG]: [ExpansionTerritorySettings] Load existing setting file:$profile:ExpansionMod\Settings\TerritorySettings.json
SCRIPT       : 18:53:16.289 [EXPANSION DEBUG]: [ExpansionChatSettings] Load existing setting file:$profile:ExpansionMod\Settings\ChatSettings.json
SCRIPT       : [DefineTest] EXPANSIONMOD is defined
SCRIPT       : [DefineTest] EXPANSIONMODAI is defined
SCRIPT       : [DefineTest] EXPANSIONMODBASEBUILDING is defined
SCRIPT       : [DefineTest] EXPANSIONMODBOOK is defined
SCRIPT       : [DefineTest] EXPANSIONMODCHAT is defined
SCRIPT       : [DefineTest] EXPANSIONMODCORE is defined
SCRIPT       : [DefineTest] EXPANSIONMODGARAGE is defined
SCRIPT       : [DefineTest] EXPANSIONMODGROUPS is defined
SCRIPT       : [DefineTest] EXPANSIONMODHARDLINE is defined
SCRIPT       : [DefineTest] EXPANSIONMODKILLFEED is defined
SCRIPT       : [DefineTest] EXPANSIONMODMAPASSETS is defined
SCRIPT       : [DefineTest] EXPANSIONMODMARKET is defined
SCRIPT       : [DefineTest] EXPANSIONMODMISSIONS is defined
SCRIPT       : [DefineTest] EXPANSIONMODNAMETAGS is defined
SCRIPT       : [DefineTest] EXPANSIONMODNAVIGATION is defined
SCRIPT       : [DefineTest] EXPANSIONMODP2PMARKET is defined
SCRIPT       : [DefineTest] EXPANSIONMODPERSONALSTORAGE is defined
SCRIPT       : [DefineTest] EXPANSIONMODQUESTS is defined
SCRIPT       : [DefineTest] EXPANSIONMODSPAWNSELECTION is defined
SCRIPT       : [DefineTest] EXPANSIONMODVEHICLE is defined
SCRIPT       : [DefineTest] EXPANSIONMODWEAPONS is defined
SCRIPT       : [DefineTest] CfgMods:
SCRIPT       : defaultAction
SCRIPT       : DayZ
SCRIPT       : DZ_Expansion_AI_Preload
SCRIPT       : DZ_Expansion_BaseBuilding_Preload
SCRIPT       : DZ_Expansion_Book_Preload
SCRIPT       : DZ_Expansion_Chat_Preload
SCRIPT       : DZ_Expansion_Core_Preload
SCRIPT       : DZ_Expansion_Garage_Preload
SCRIPT       : DZ_Expansion_Groups_Preload
SCRIPT       : DZ_Expansion_Hardline_Preload
SCRIPT       : DZ_Expansion_KillFeed_Preload
SCRIPT       : DZ_Expansion_MapAssets_Preload
SCRIPT       : DZ_Expansion_Market_Preload
SCRIPT       : DZ_Expansion_Missions_Preload
SCRIPT       : DZ_Expansion_ModStorage_Preload
SCRIPT       : DZ_Expansion_NameTags_Preload
SCRIPT       : DZ_Expansion_Navigation_Preload
SCRIPT       : DZ_Expansion_P2PMarket_Preload
SCRIPT       : DZ_Expansion_PersonalStorage_Preload
SCRIPT       : DZ_Expansion_Preload
SCRIPT       : DZ_Expansion_Quests_Preload
SCRIPT       : DZ_Expansion_SpawnSelection_Preload
SCRIPT       : DZ_Expansion_Vehicles_Preload
SCRIPT       : DZ_Expansion_Weapons_Preload
SCRIPT       : DabsFramework
SCRIPT       : DZ_Expansion_DefineTest
SCRIPT       : DZ_Expansion_MapAssets
SCRIPT       : JM_CommunityFramework
SCRIPT       : JM_CommunityOnlineTools
SCRIPT       : NAMALSK_ISLAND
SCRIPT       : NAMALSK_SURVIVAL
SCRIPT       : DZ_Expansion_ModStorage
SCRIPT       : DZ_Expansion_Core
SCRIPT       : DZ_Expansion_Garage
SCRIPT       : DZ_Expansion_Groups
SCRIPT       : DZ_Expansion_Market
SCRIPT       : DZ_Expansion_Missions
SCRIPT       : DZ_Expansion_NameTags
SCRIPT       : DZ_Expansion_Navigation
SCRIPT       : DZ_Expansion_NotificationScheduler
SCRIPT       : DZ_Expansion_P2PMarket
SCRIPT       : DZ_Expansion_PersonalStorage
SCRIPT       : DZ_Expansion_PersonalStorageNew
SCRIPT       : DZ_Expansion_PlayerList
SCRIPT       : DZ_Expansion
SCRIPT       : DZ_Expansion_SpawnSelection
SCRIPT       : DZ_Expansion_VanillaFixes
SCRIPT       : DZ_Expansion_Vehicles
SCRIPT       : DZ_Expansion_Weapons
SCRIPT       : DZ_Expansion_AI
SCRIPT       : DZ_Expansion_BaseBuilding
SCRIPT       : DZ_Expansion_Book
SCRIPT       : DZ_Expansion_Chat
SCRIPT       : DZ_Expansion_Hardline
SCRIPT       : DZ_Expansion_Quests
SCRIPT       : DZ_Expansion_VirtualContainerStorage
SCRIPT       : 18:53:16.656 [EXPANSION DEBUG]: ModStorage v5
SCRIPT       : [Namalsk][NamEventManager]: Next selection will occur in 920 seconds
SCRIPT       : [Namalsk][NamEventManager]: NamEventManager is now running
SCRIPT       : 18:53:20.546 [EXPANSION DEBUG]: ExpansionTraderDenis<3ed7b910>::SetTraderObject ExpansionTraderObjectBase<e46982e0> <6297.701172, 20.696091, 9523.166016>
SCRIPT       : 18:53:20.546 [EXPANSION DEBUG]: LoadMissionTradersFile trader ExpansionTraderDenis<3ed7b910> fileName Aircraft
SCRIPT       : 18:53:20.554 [EXPANSION DEBUG]: ExpansionTraderGuo<c193b010>::SetTraderObject ExpansionTraderObjectBase<c18c9950> <8599.360352, 14.725300, 10492.200195>
SCRIPT       : 18:53:20.554 [EXPANSION DEBUG]: LoadMissionTradersFile trader ExpansionTraderGuo<c193b010> fileName Vehicle_Parts
SCRIPT       : 18:53:20.570 [EXPANSION DEBUG]: ExpansionTraderHassan<a4ada140>::SetTraderObject ExpansionTraderObjectBase<c18cfa10> <8596.509766, 14.747800, 10488.000000>
SCRIPT       : 18:53:20.570 [EXPANSION DEBUG]: LoadMissionTradersFile trader ExpansionTraderHassan<a4ada140> fileName Vehicles
SCRIPT       : 18:53:20.585 [EXPANSION DEBUG]: ExpansionTraderIndar<c1a4b010>::SetTraderObject ExpansionTraderObjectBase<c1a40950> <8570.200195, 14.804744, 10531.799805>
SCRIPT       : 18:53:20.585 [EXPANSION DEBUG]: LoadMissionTradersFile trader ExpansionTraderIndar<c1a4b010> fileName Medicals
SCRIPT       : 18:53:20.601 [EXPANSION DEBUG]: ExpansionTraderKaito<c1c01010>::SetTraderObject ExpansionTraderObjectBase<c1c27310> <8566.829102, 15.935067, 10515.494141>
SCRIPT       : 18:53:20.601 [EXPANSION DEBUG]: LoadMissionTradersFile trader ExpansionTraderKaito<c1c01010> fileName Exchange
SCRIPT       : 18:53:20.617 [EXPANSION DEBUG]: ExpansionTraderLewis<c1c48020>::SetTraderObject ExpansionTraderObjectBase<c1c40870> <8564.556641, 15.914123, 10516.875000>
SCRIPT       : 18:53:20.617 [EXPANSION DEBUG]: LoadMissionTradersFile trader ExpansionTraderLewis<c1c48020> fileName BuildingSupplies
SCRIPT       : 18:53:20.632 [EXPANSION DEBUG]: ExpansionTraderNaomi<c1d82010>::SetTraderObject ExpansionTraderObjectBase<c1dcdd30> <8554.720703, 15.931895, 10524.275391>
SCRIPT       : 18:53:20.632 [EXPANSION DEBUG]: LoadMissionTradersFile trader ExpansionTraderNaomi<c1d82010> fileName Clothing
SCRIPT       : 18:53:20.648 [EXPANSION DEBUG]: ExpansionTraderHelga<c1e5c010>::SetTraderObject ExpansionTraderObjectBase<c1dd16f0> <8560.446289, 15.920970, 10521.180664>
SCRIPT       : 18:53:20.648 [EXPANSION DEBUG]: LoadMissionTradersFile trader ExpansionTraderHelga<c1e5c010> fileName Clothing_Accessories
SCRIPT       : 18:53:20.656 [EXPANSION DEBUG]: ExpansionTraderLinda<c1bb0a70>::SetTraderObject ExpansionTraderObjectBase<c1fa59e0> <8571.715820, 14.824916, 10521.992188>
SCRIPT       : 18:53:20.656 [EXPANSION DEBUG]: LoadMissionTradersFile trader ExpansionTraderLinda<c1bb0a70> fileName Consumables
SCRIPT       : 18:53:20.671 [EXPANSION DEBUG]: ExpansionTraderGabi<c2053ff0>::SetTraderObject ExpansionTraderObjectBase<c1c40570> <8584.846680, 14.821787, 10534.984375>
SCRIPT       : 18:53:20.671 [EXPANSION DEBUG]: LoadMissionTradersFile trader ExpansionTraderGabi<c2053ff0> fileName Weapons
SCRIPT       : 18:53:20.687 [EXPANSION DEBUG]: ExpansionTraderIrena<c1f722b0>::SetTraderObject ExpansionTraderObjectBase<c8878cd0> <8594.533203, 14.821795, 10529.988281>
SCRIPT       : 18:53:20.687 [EXPANSION DEBUG]: LoadMissionTradersFile trader ExpansionTraderIrena<c1f722b0> fileName Attachments
SCRIPT       : 18:53:20.703 [EXPANSION DEBUG]: ExpansionTraderQuinn<c8a48020>::SetTraderObject ExpansionTraderObjectBase<c1dd4030> <8555.026367, 15.931314, 10514.249023>
SCRIPT       : 18:53:20.703 [EXPANSION DEBUG]: LoadMissionTradersFile trader ExpansionTraderQuinn<c8a48020> fileName Components
SCRIPT       : 18:53:20.710 [EXPANSION DEBUG]: ExpansionTraderJudy<e44de3e0>::SetTraderObject ExpansionTraderObjectBase<c8ad4760> <8630.750000, 16.608299, 10510.500000>
SCRIPT       : 18:53:20.710 [EXPANSION DEBUG]: LoadMissionTradersFile trader ExpansionTraderJudy<e44de3e0> fileName Fishing
SCRIPT       : 18:53:20.726 [EXPANSION DEBUG]: ExpansionTraderPeter<c89d4ad0>::SetTraderObject ExpansionTraderObjectBase<c8c10720> <8590.870117, 14.821789, 10534.200195>
SCRIPT       : 18:53:20.726 [EXPANSION DEBUG]: LoadMissionTradersFile trader ExpansionTraderPeter<c89d4ad0> fileName Special
SCRIPT       : 18:53:20.742 [EXPANSION DEBUG]: ExpansionTraderMaria<e44be010>::SetTraderObject ExpansionTraderObjectBase<c8c14080> <8559.040039, 16.014900, 10511.099609>
SCRIPT       : 18:53:20.742 [EXPANSION DEBUG]: LoadMissionTradersFile trader ExpansionTraderMaria<e44be010> fileName Spraycans
SCRIPT       : 18:53:20.750 [EXPANSION DEBUG]: ExpansionTraderBoris<c8cb6010>::SetTraderObject ExpansionTraderObjectBase<c8e33830> <8053.950195, 1.847600, 7595.729980>
SCRIPT       : 18:53:20.750 [EXPANSION DEBUG]: LoadMissionTradersFile trader ExpansionTraderBoris<c8cb6010> fileName Boats
SCRIPT       : 18:53:20.765 [EXPANSION DEBUG]: ExpansionTraderCyril<c8dd12b0>::SetTraderObject ExpansionTraderObjectBase<c8e3a1f0> <8050.020020, 2.791790, 7583.060059>
SCRIPT       : 18:53:20.765 [EXPANSION DEBUG]: LoadMissionTradersFile trader ExpansionTraderCyril<c8dd12b0> fileName Vehicle_Parts
SCRIPT       : [ExpansionQuestPersistentServerData] Load existing configuration file:$profile:ExpansionMod\Quests\PersistentServerData.json
SCRIPT       : [ExpansionQuestPersistentServerData] Load existing configuration file:$profile:ExpansionMod\Quests\PersistentServerData.json
SCRIPT       : [ExpansionQuestObjectiveTravelConfig] Load existing configuration file:$profile:ExpansionMod\Quests\Objectives\Travel\Objective_T_1.json
SCRIPT       : [ExpansionQuestObjectiveTravelConfig] Load existing configuration file:$profile:ExpansionMod\Quests\Objectives\Travel\Objective_T_2.json
SCRIPT       : [ExpansionQuestObjectiveTravelConfig] Load existing configuration file:$profile:ExpansionMod\Quests\Objectives\Travel\Objective_T_3.json
SCRIPT       : [ExpansionQuestObjectiveTravelConfig] Load existing configuration file:$profile:ExpansionMod\Quests\Objectives\Travel\Objective_T_4.json
SCRIPT       : [ExpansionQuestObjectiveTravelConfig] Load existing configuration file:$profile:ExpansionMod\Quests\Objectives\Travel\Objective_T_5.json
SCRIPT       : [ExpansionQuestObjectiveTravelConfig] Load existing configuration file:$profile:ExpansionMod\Quests\Objectives\Travel\Objective_T_6.json
SCRIPT       : [ExpansionQuestObjectiveTravelConfig] Load existing configuration file:$profile:ExpansionMod\Quests\Objectives\Travel\Objective_T_7.json
SCRIPT       : [ExpansionQuestObjectiveTargetConfig] Load existing configuration file:$profile:ExpansionMod\Quests\Objectives\Target\Objective_TA_1.json
SCRIPT       : [ExpansionQuestObjectiveTargetConfig] Load existing configuration file:$profile:ExpansionMod\Quests\Objectives\Target\Objective_TA_2.json
SCRIPT       : [ExpansionQuestObjectiveTargetConfig] Load existing configuration file:$profile:ExpansionMod\Quests\Objectives\Target\Objective_TA_3.json
SCRIPT       : [ExpansionQuestObjectiveTargetConfig] Load existing configuration file:$profile:ExpansionMod\Quests\Objectives\Target\Objective_TA_4.json
SCRIPT       : [ExpansionQuestObjectiveDeliveryConfig] Load existing configuration file:$profile:ExpansionMod\Quests\Objectives\Delivery\Objective_D_1.json
SCRIPT       : [ExpansionQuestObjectiveDeliveryConfig] Load existing configuration file:$profile:ExpansionMod\Quests\Objectives\Delivery\Objective_D_2.json
SCRIPT       : [ExpansionQuestObjectiveCollectionConfig] Load existing configuration file:$profile:ExpansionMod\Quests\Objectives\Collection\Objective_C_1.json
SCRIPT       : [ExpansionQuestObjectiveCollectionConfig] Load existing configuration file:$profile:ExpansionMod\Quests\Objectives\Collection\Objective_C_2.json
SCRIPT       : [ExpansionQuestObjectiveCollectionConfig] Load existing configuration file:$profile:ExpansionMod\Quests\Objectives\Collection\Objective_C_3.json
SCRIPT       : [ExpansionQuestObjectiveTreasureHuntConfig] Load existing configuration file:$profile:ExpansionMod\Quests\Objectives\TreasureHunt\Objective_TH_1.json
SCRIPT       : [ExpansionQuestObjectiveActionConfig] Load existing configuration file:$profile:ExpansionMod\Quests\Objectives\Action\Objective_A_1.json
SCRIPT       : [ExpansionQuestObjectiveActionConfig] Load existing configuration file:$profile:ExpansionMod\Quests\Objectives\Action\Objective_A_2.json
SCRIPT       : [ExpansionQuestObjectiveCraftingConfig] Load existing configuration file:$profile:ExpansionMod\Quests\Objectives\Crafting\Objective_CR_1.json
SCRIPT       : [ExpansionQuestObjectiveAIPatrolConfig] Load existing configuration file:$profile:ExpansionMod\Quests\Objectives\AIPatrol\Objective_AIP_1.json
SCRIPT       : [ExpansionQuestObjectiveAICampConfig] Load existing configuration file:$profile:ExpansionMod\Quests\Objectives\AICamp\Objective_AIC_1.json
SCRIPT       : [ExpansionQuestObjectiveAIEscortConfig] Load existing configuration file:$profile:ExpansionMod\Quests\Objectives\AIVIP\Objective_AIESCORT_1.json
SCRIPT       : [ExpansionQuestNPCData] Load existing configuration file:QuestNPC_1.json
SCRIPT       : [ExpansionQuestNPCData] Load existing configuration file:QuestNPC_2.json
SCRIPT       : [ExpansionQuestNPCData] Load existing configuration file:QuestNPC_3.json
SCRIPT       : 18:53:32.835 [EXPANSION DEBUG]: ExpansionP2PTraderAIIrena<ba8f5b00>::SetP2PTraderID - ID: 1
SCRIPT       : ExpansionZoneCircle<c39c83b0> position=<8583.669922, 0.000000, 10515.000000> radius=400
SCRIPT       : Found 1 zones!
SCRIPT       : ExpansionMarketItem marketItem = ExpansionMarketItem<db9d8ab0>
SCRIPT       : int worth =   1
SCRIPT       : m_EventManager NamEventManager<5baa99f0>
SCRIPT       : MaxEventCount 2
SCRIPT       : 18:53:32.914 [EXPANSION DEBUG]: ExpansionQuestNPCAIElias<bad8e1e0>::OnEnterSafeZone
SCRIPT       : bool m_Expansion_LeavingSafeZone = 0
SCRIPT       : bool m_Expansion_IsInSafeZone = 0
SCRIPT       : bool m_Expansion_IsInSafeZoneSynchRemote = 0
SCRIPT       : 18:53:32.914 [EXPANSION DEBUG]: ExpansionQuestNPCAIDenis<c5869010>::OnEnterSafeZone
SCRIPT       : bool m_Expansion_LeavingSafeZone = 0
SCRIPT       : bool m_Expansion_IsInSafeZone = 0
SCRIPT       : bool m_Expansion_IsInSafeZoneSynchRemote = 0
SCRIPT       : 18:55:46.289 [EXPANSION DEBUG]: ExpansionQuestModule<7cf29700> Sending 24 quest configs to client with UID: OkQei8Y8j1T0RWvEsyorvg0MG8Bup-65EsW_YEdoODQ=
SCRIPT       : 18:55:46.289 [EXPANSION DEBUG]: ExpansionQuestModule<7cf29700> Sending player quest data for 4 quests to player with UID: OkQei8Y8j1T0RWvEsyorvg0MG8Bup-65EsW_YEdoODQ=
SCRIPT       : 18:55:46.765 [EXPANSION DEBUG]: ExpansionQuestModule<7cf29700> Quest configs already synched for player with UID: OkQei8Y8j1T0RWvEsyorvg0MG8Bup-65EsW_YEdoODQ=
SCRIPT       : 18:55:46.765 [EXPANSION DEBUG]: ExpansionQuestModule<7cf29700> Sending player quest data for quest ID 14 to player with UID: OkQei8Y8j1T0RWvEsyorvg0MG8Bup-65EsW_YEdoODQ=
SCRIPT       : [wpnfsm] ValidateAndRepair Attempting to repair: Scout:12619 (owner eAI_SurvivorM_Guo<c4453c70>) - MagazineRepair - BAREM_CLO_BUF_MA0<d0137440> - state: 0 != weapon: 1
Class:      'WeaponFSM'

Function: 'ValidateAndRepairHelper'
Stack trace:
SCRIPT       : DayZExpansion/Core/Scripts/4_World/dayzexpansion_core\entities\firearms\weaponfsm.c:30
SCRIPT       : [Logout]: New player OkQei8Y8j1T0RWvEsyorvg0MG8Bup-65EsW_YEdoODQ= with logout time 15
SCRIPT       : 18:57:22.367 [EXPANSION DEBUG]: ExpansionQuestPersistentData<611c2030>~ExpansionQuestPersistentData (4)
SCRIPT       : [Logout]: Player OkQei8Y8j1T0RWvEsyorvg0MG8Bup-65EsW_YEdoODQ= finished
SCRIPT       : 18:58:33.039 [EXPANSION DEBUG]: [ExpansionMissionEventAirdrop] Adjusted container weights:
SCRIPT       : 18:58:33.039 [EXPANSION DEBUG]: ExpansionAirdropContainer 66
SCRIPT       : 18:58:33.039 [EXPANSION DEBUG]: ExpansionAirdropContainer_Medical 71
SCRIPT       : 18:58:33.039 [EXPANSION DEBUG]: ExpansionAirdropContainer_Basebuilding 76
SCRIPT       : 18:58:33.039 [EXPANSION DEBUG]: ExpansionAirdropContainer_Military_WinterCamo 81
SCRIPT       : 18:58:33.039 [EXPANSION DEBUG]: ExpansionAirdropPlane::GetSpawnPoint - drop position <5024.000000, 0.000000, 8919.000000> - map is namalsk - size 12800 - center <4352.000000, 0.000000, 7348.000000>
SCRIPT       : 18:58:33.039 [EXPANSION DEBUG]: ExpansionAirdropPlane::GetSpawnPoint - selected spawn point <341.072906, 450.335480, 0.000000>
SCRIPT       : ---- PlayerBase OnStoreLoad SUCCESS ----
SCRIPT       : 19:01:20.664 [EXPANSION DEBUG]: ExpansionQuestModule<7cf29700> Sending 24 quest configs to client with UID: YKMF23SQkzabdtJzn3VUcLU8W3bjbl-ZiJ18vqBuvzI=
SCRIPT       : 19:01:20.664 [EXPANSION DEBUG]: ExpansionQuestModule<7cf29700> Sending player quest data for 4 quests to player with UID: YKMF23SQkzabdtJzn3VUcLU8W3bjbl-ZiJ18vqBuvzI=
SCRIPT       : 19:01:21.117 [EXPANSION DEBUG]: ExpansionQuestModule<7cf29700> Quest configs already synched for player with UID: YKMF23SQkzabdtJzn3VUcLU8W3bjbl-ZiJ18vqBuvzI=
SCRIPT       : 19:01:21.117 [EXPANSION DEBUG]: ExpansionQuestModule<7cf29700> Sending player quest data for quest ID 14 to player with UID: YKMF23SQkzabdtJzn3VUcLU8W3bjbl-ZiJ18vqBuvzI=
SCRIPT       : ---- PlayerBase OnStoreLoad SUCCESS ----
SCRIPT       : 19:02:50.960 [EXPANSION DEBUG]: ExpansionQuestModule<7cf29700> Sending 24 quest configs to client with UID: OkQei8Y8j1T0RWvEsyorvg0MG8Bup-65EsW_YEdoODQ=
SCRIPT       : 19:02:50.960 [EXPANSION DEBUG]: ExpansionQuestModule<7cf29700> Sending player quest data for 4 quests to player with UID: OkQei8Y8j1T0RWvEsyorvg0MG8Bup-65EsW_YEdoODQ=
SCRIPT       : 19:02:51.437 [EXPANSION DEBUG]: ExpansionQuestModule<7cf29700> Quest configs already synched for player with UID: OkQei8Y8j1T0RWvEsyorvg0MG8Bup-65EsW_YEdoODQ=
SCRIPT       : 19:02:51.437 [EXPANSION DEBUG]: ExpansionQuestModule<7cf29700> Sending player quest data for quest ID 14 to player with UID: OkQei8Y8j1T0RWvEsyorvg0MG8Bup-65EsW_YEdoODQ=
SCRIPT       : [Logout]: New player YKMF23SQkzabdtJzn3VUcLU8W3bjbl-ZiJ18vqBuvzI= with logout time 0
SCRIPT       : [Logout]: New player OkQei8Y8j1T0RWvEsyorvg0MG8Bup-65EsW_YEdoODQ= with logout time 0
SCRIPT       : 19:05:11.234 [EXPANSION DEBUG]: ExpansionQuestPersistentData<c5a9e8d0>~ExpansionQuestPersistentData (4)
SCRIPT       : [Logout]: Player YKMF23SQkzabdtJzn3VUcLU8W3bjbl-ZiJ18vqBuvzI= finished
SCRIPT       : 19:05:11.242 [EXPANSION DEBUG]: ExpansionQuestPersistentData<da33a250>~ExpansionQuestPersistentData (4)
SCRIPT       : [Logout]: Player OkQei8Y8j1T0RWvEsyorvg0MG8Bup-65EsW_YEdoODQ= finished
SCRIPT       : Clear up static fireplaces: 0
SCRIPT       : 19:05:12.320 [EXPANSION DEBUG]: Clearing cached categories 67
SCRIPT       : 19:05:12.320 [EXPANSION DEBUG]: Clearing cached traders 17
SCRIPT       : ~DayZGame()
