---------------------------------------------
Log C:\daisy\DayZServerNam\!!!\profiles\script_2024-06-14_00-12-08.log started at 14.06. 00:12:08

SCRIPT       : Registered 403 temporary action enum(s), UAN==403
SCRIPT    (W): @"GoreZ/3_game/effects\effectparticle\bulletimpactbase\hit_meatbones.c,74": FIX-ME: Overriding function 'BloodSplatGround' but not marked as 'override'
SCRIPT    (W): @"GoreZ/3_game/effects\effectparticle\bulletimpactbase\hit_meatbones.c,109": FIX-ME: Overriding function 'BloodSplatWall' but not marked as 'override'
SCRIPT    (W): @"scripts/3_Game/gameplay.c,911": Missing script declaration for method 'MenuData.GetLastSteamQueryPort'
SCRIPT       : Registering faction type eAIFactionShamans ID -1484989417
SCRIPT       : Registering faction type eAIFactionObservers ID -563736721
SCRIPT       : Registering faction type eAIFactionInvincibleObservers ID -1227299746
SCRIPT       : Registering faction type eAIFactionEast ID 90522109
SCRIPT       : Registering faction type eAIFactionGuards ID 963933710
SCRIPT       : Registering faction type eAIFactionRaiders ID 1535276022
SCRIPT       : Registering faction type eAIFactionYeetBrigade ID 1408543989
SCRIPT       : Registering faction type eAIFactionMercenaries ID 1629891834
SCRIPT       : Registering faction type eAIFactionWest ID 113880155
SCRIPT       : Registering faction type eAIFactionCivilian ID 1096178351
SCRIPT       : Registering faction type eAIFactionPassive ID -1159399789
SCRIPT       : Registering faction type eAIFactionInvincibleYeetBrigade ID -1118767876
SCRIPT       : Registering faction type eAIFactionInvincibleGuards ID 782746017
SCRIPT       : ... Backlit Effects Enabled
SCRIPT       : 00:12:10 [EXPANSION LOG]: DayZGame<c9b25020> Start time (local time) 2024-06-14 00:12:03
SCRIPT       : 00:12:10 [EXPANSION LOG]: DayZGame<c9b25020> Start time (UTC) 2024-06-13 23:12:03
SCRIPT       : 00:12:10 [EXPANSION LOG]: DayZGame<c9b25020> Runtime since start (seconds) 7.466
SCRIPT    (W): @"DrugsPLUS/scripts/4_world/drugsplus.c,49": Missing ';' at the end of line
SCRIPT    (W): @"GoreZ/4_world/entities\manbase\playerbase.c,11": FIX-ME: Overriding function 'CheckDeath' but not marked as 'override'
SCRIPT    (W): @"GoreZ/4_world/entities\infected\zombiebase.c,27": FIX-ME: Overriding function 'IsAlive' but not marked as 'override'
SCRIPT    (W): @"Pokemon/scripts/4_World/entities\pokemonboosterpack_1.c,31": FIX-ME: Overriding function 'InsertCard' but not marked as 'override'
SCRIPT    (W): @"Pokemon/scripts/4_World/entities\pokemonboosterpack_3.c,31": FIX-ME: Overriding function 'InsertCard' but not marked as 'override'
SCRIPT    (W): @"Pokemon/scripts/4_World/entities\pokemonboosterpack_5.c,31": FIX-ME: Overriding function 'InsertCard' but not marked as 'override'
SCRIPT    (W): @"UnlimitedStamina/4_World/classes\staminahandler.c,3": FIX-ME: Overriding function 'Update' but not marked as 'override'
SCRIPT    (W): @"CannabisPlus/scripts/4_World/entities\itembase\drypost.c,52": Possible variable name conflict 'attachment'
SCRIPT    (W): @"CannabisPlus/scripts/4_World/entities\itembase\drypost.c,212": Possible variable name conflict 'attachment'
SCRIPT    (W): @"GoreZ/4_world/classes\bleedingsources\bleedingsource.c,56": FIX-ME: Overriding function 'GetBit' but not marked as 'override'
SCRIPT    (W): @"GoreZ/4_world/classes\bleedingsources\bleedingsource.c,157": FIX-ME: Overriding function 'DrawDebugShape' but not marked as 'override'
SCRIPT    (W): @"DrugsPLUS/scripts/4_world/classes\useractionscomponent\actions\singleuse\actionconsumedrugs.c,27": Possible variable name conflict 'player'
SCRIPT    (W): @"CannabisPlus/scripts/4_World/entities\gardenbase\plantbase.c,64": Possible variable name conflict 'currentYield'
SCRIPT    (W): @"CannabisPlus/scripts/4_World/entities\itembase\drypost.c,502": Possible variable name conflict 'p'
SCRIPT    (W): @"CannabisPlus/scripts/4_World/entities\itembase\drypost.c,512": Possible variable name conflict 'j'
SCRIPT    (W): @"CannabisPlus/scripts/4_World/classes\useractionscomponent\actions\continuous\tearopenbrickorbag.c,46": Unsafe down-casting, use 'CP_CannabisBags.Cast' for safe down-casting
SCRIPT    (W): @"CannabisPlus/scripts/4_World/classes\useractionscomponent\actions\continuous\tearopenbrickorbag.c,47": Unsafe down-casting, use 'CP_CoreClass.Cast' for safe down-casting
SCRIPT    (W): @"CannabisPlus/scripts/4_World/entities\itembase\workbench.c,835": Possible variable name conflict 'BatteryRequired'
SCRIPT    (W): @"DrugsPLUS/scripts/4_world/classes\useractionscomponent\actions\singleuse\actionconsumedrugs.c,50": Possible variable name conflict 'player'
SCRIPT    (W): @"DrugsPLUS/scripts/4_world/classes\useractionscomponent\actions\singleuse\actionconsumedrugs.c,92": Possible variable name conflict 'player'
SCRIPT       : Registering faction type eAIFactionLunatics ID 1167351711
SCRIPT       : Registering faction type eAIFactionInfected ID 1371958374
SCRIPT    (W): @"UnlimitedStamina/5_Mission/missiongameplay.c,5": Missing ';' at the end of line
SCRIPT       : Expansion version: 1.8.50
SCRIPT       : 00:12:23.575 [EXPANSION DEBUG]: [ExpansionDebugSettings] Load existing setting file:$profile:ExpansionMod\Settings\DebugSettings.json
SCRIPT       : 00:12:23.575 [EXPANSION DEBUG]: [ExpansionLogSettings] Load existing setting file:$profile:ExpansionMod\Settings\LogsSettings.json
SCRIPT       : 00:12:23.575 [EXPANSION DEBUG]: [ExpansionNotificationSettings] Load existing setting file:$profile:ExpansionMod\Settings\NotificationSettings.json
SCRIPT       : 00:12:23.575 [EXPANSION DEBUG]: [ExpansionMonitoringSettings] Load existing setting file:$profile:ExpansionMod\Settings\MonitoringSettings.json
SCRIPT       : 00:12:23.577 [EXPANSION DEBUG]: [ExpansionDamageSystemSettings] Load existing setting file:$profile:ExpansionMod\Settings\DamageSystemSettings.json
SCRIPT       : 00:12:23.577 [EXPANSION DEBUG]: [ExpansionPartySettings] Load existing setting file:$profile:ExpansionMod\Settings\PartySettings.json
SCRIPT       : 00:12:23.577 [EXPANSION DEBUG]: [ExpansionHardlineSettings] Load existing setting file:$mission:expansion\settings\HardlineSettings.json
SCRIPT       : 00:12:23.591 [EXPANSION DEBUG]: [ExpansionMarketSettings] Load existing setting file:$mission:expansion\settings\MarketSettings.json
SCRIPT       : ExpansionMarketSettings::LoadCategories - Adding category ID 1 (Ammo)
SCRIPT       : ExpansionMarketSettings::LoadCategories - Adding category ID 2 (Ammo_Boxes)
SCRIPT       : ExpansionMarketSettings::LoadCategories - Adding category ID 3 (Armbands)
SCRIPT       : ExpansionMarketSettings::LoadCategories - Adding category ID 4 (Assault_Rifles)
SCRIPT       : ExpansionMarketSettings::LoadCategories - Adding category ID 5 (Backpacks)
SCRIPT       : ExpansionMarketSettings::LoadCategories - Adding category ID 6 (Bandanas)
SCRIPT       : ExpansionMarketSettings::LoadCategories - Adding category ID 7 (Batteries)
SCRIPT       : ExpansionMarketSettings::LoadCategories - Adding category ID 8 (Bayonets)
SCRIPT       : ExpansionMarketSettings::LoadCategories - Adding category ID 9 (Belts)
SCRIPT       : ExpansionMarketSettings::LoadCategories - Adding category ID 10 (Blouses_And_Suits)
SCRIPT       : ExpansionMarketSettings::LoadCategories - Adding category ID 11 (Boats)
SCRIPT       : ExpansionMarketSettings::LoadCategories - Adding category ID 12 (Boots_And_Shoes)
SCRIPT       : ExpansionMarketSettings::LoadCategories - Adding category ID 13 (Buttstocks)
SCRIPT       : ExpansionMarketSettings::LoadCategories - Adding category ID 14 (Caps)
SCRIPT       : ExpansionMarketSettings::LoadCategories - Adding category ID 15 (Cars)
SCRIPT       : ExpansionMarketSettings::LoadCategories - Adding category ID 16 (Coats_And_Jackets)
SCRIPT       : ExpansionMarketSettings::LoadCategories - Adding category ID 17 (Containers)
SCRIPT       : ExpansionMarketSettings::LoadCategories - Adding category ID 18 (Crossbows)
SCRIPT       : ExpansionMarketSettings::LoadCategories - Adding category ID 19 (Drinks)
SCRIPT       : ExpansionMarketSettings::LoadCategories - Adding category ID 20 (Electronics)
SCRIPT       : ExpansionMarketSettings::LoadCategories - Adding category ID 21 (Event)
SCRIPT       : ExpansionMarketSettings::LoadCategories - Adding category ID 22 (Exchange)
SCRIPT       : ExpansionMarketSettings::LoadCategories - Adding category ID 23 (Explosives_And_Grenades)
SCRIPT       : ExpansionMarketSettings::LoadCategories - Adding category ID 24 (Eyewear)
SCRIPT       : ExpansionMarketSettings::LoadCategories - Adding category ID 25 (Fish)
SCRIPT       : ExpansionMarketSettings::LoadCategories - Adding category ID 26 (Fishing)
SCRIPT       : ExpansionMarketSettings::LoadCategories - Adding category ID 27 (Flags)
SCRIPT       : ExpansionMarketSettings::LoadCategories - Adding category ID 28 (Food)
SCRIPT       : ExpansionMarketSettings::LoadCategories - Adding category ID 29 (Fruit_And_Vegetables)
SCRIPT       : ExpansionMarketSettings::LoadCategories - Adding category ID 30 (Furnishings)
SCRIPT       : ExpansionMarketSettings::LoadCategories - Adding category ID 31 (Gardening)
SCRIPT       : ExpansionMarketSettings::LoadCategories - Adding category ID 32 (Ghillies)
SCRIPT       : ExpansionMarketSettings::LoadCategories - Adding category ID 33 (Gloves)
SCRIPT       : ExpansionMarketSettings::LoadCategories - Adding category ID 34 (Handguards)
SCRIPT       : ExpansionMarketSettings::LoadCategories - Adding category ID 35 (Hats_And_Hoods)
SCRIPT       : ExpansionMarketSettings::LoadCategories - Adding category ID 36 (Helicopters)
SCRIPT       : ExpansionMarketSettings::LoadCategories - Adding category ID 37 (Helmets)
SCRIPT       : ExpansionMarketSettings::LoadCategories - Adding category ID 38 (Holsters_And_Pouches)
SCRIPT       : ExpansionMarketSettings::LoadCategories - Adding category ID 39 (Kits)
SCRIPT       : ExpansionMarketSettings::LoadCategories - Adding category ID 40 (Knifes)
SCRIPT       : ExpansionMarketSettings::LoadCategories - Adding category ID 41 (Launchers)
SCRIPT       : ExpansionMarketSettings::LoadCategories - Adding category ID 42 (Lights)
SCRIPT       : ExpansionMarketSettings::LoadCategories - Adding category ID 43 (Liquids)
SCRIPT       : ExpansionMarketSettings::LoadCategories - Adding category ID 44 (Locks)
SCRIPT       : ExpansionMarketSettings::LoadCategories - Adding category ID 45 (Magazines)
SCRIPT       : ExpansionMarketSettings::LoadCategories - Adding category ID 46 (Masks)
SCRIPT       : ExpansionMarketSettings::LoadCategories - Adding category ID 47 (Meat)
SCRIPT       : ExpansionMarketSettings::LoadCategories - Adding category ID 48 (Medical)
SCRIPT       : ExpansionMarketSettings::LoadCategories - Adding category ID 49 (Melee_Weapons)
SCRIPT       : ExpansionMarketSettings::LoadCategories - Adding category ID 50 (Muzzles)
SCRIPT       : ExpansionMarketSettings::LoadCategories - Adding category ID 51 (Navigation)
SCRIPT       : ExpansionMarketSettings::LoadCategories - Adding category ID 52 (Optics)
SCRIPT       : ExpansionMarketSettings::LoadCategories - Adding category ID 53 (Pants_And_Shorts)
SCRIPT       : ExpansionMarketSettings::LoadCategories - Adding category ID 54 (Pistols)
SCRIPT       : ExpansionMarketSettings::LoadCategories - Adding category ID 55 (Rifles)
SCRIPT       : ExpansionMarketSettings::LoadCategories - Adding category ID 56 (Shirts_And_TShirts)
SCRIPT       : ExpansionMarketSettings::LoadCategories - Adding category ID 57 (Shotguns)
SCRIPT       : ExpansionMarketSettings::LoadCategories - Adding category ID 58 (Skirts_And_Dresses)
SCRIPT       : ExpansionMarketSettings::LoadCategories - Adding category ID 59 (Sniper_Rifles)
SCRIPT       : ExpansionMarketSettings::LoadCategories - Adding category ID 60 (Spraycans)
SCRIPT       : ExpansionMarketSettings::LoadCategories - Adding category ID 61 (Submachine_Guns)
SCRIPT       : ExpansionMarketSettings::LoadCategories - Adding category ID 62 (Supplies)
SCRIPT       : ExpansionMarketSettings::LoadCategories - Adding category ID 63 (Sweaters_And_Hoodies)
SCRIPT       : ExpansionMarketSettings::LoadCategories - Adding category ID 64 (Tents)
SCRIPT       : ExpansionMarketSettings::LoadCategories - Adding category ID 65 (Tools)
SCRIPT       : ExpansionMarketSettings::LoadCategories - Adding category ID 66 (Vehicle_Parts)
SCRIPT       : ExpansionMarketSettings::LoadCategories - Adding category ID 67 (Vests)
SCRIPT       : 00:12:23.718 [EXPANSION DEBUG]: [ExpansionAirdropSettings] Load existing setting file:$profile:ExpansionMod\Settings\AirdropSettings.json
SCRIPT       : 00:12:24.129 [EXPANSION DEBUG]: [ExpansionMissionSettings] Load existing setting file:$profile:ExpansionMod\Settings\MissionSettings.json
SCRIPT       : 00:12:24.130 [EXPANSION DEBUG]: [ExpansionMapSettings] Load existing setting file:$mission:expansion\settings\MapSettings.json
SCRIPT       : 00:12:24.142 [EXPANSION DEBUG]: [ExpansionPersonalStorageNewSettings] Load existing setting file:$profile:ExpansionMod\Settings\PersonalStorageNewSettings.json
SCRIPT       : 00:12:24.143 [EXPANSION DEBUG]: [ExpansionGeneralSettings] Load existing setting file:$profile:ExpansionMod\Settings\GeneralSettings.json
SCRIPT       : 00:12:24.143 [EXPANSION DEBUG]: [ExpansionPlayerListSettings] Load existing setting file:$profile:ExpansionMod\Settings\PlayerListSettings.json
SCRIPT       : 00:12:24.143 [EXPANSION DEBUG]: [ExpansionSocialMediaSettings] Load existing setting file:$profile:ExpansionMod\Settings\SocialMediaSettings.json
SCRIPT       : 00:12:24.143 [EXPANSION DEBUG]: [ExpansionSpawnSettings] Load existing setting file:$mission:expansion\settings\SpawnSettings.json
SCRIPT       : 00:12:24.148 [EXPANSION DEBUG]: [ExpansionVehicleSettings] Load existing setting file:$profile:ExpansionMod\Settings\VehicleSettings.json
SCRIPT       : 00:12:24.148 [EXPANSION DEBUG]: [ExpansionAISettings] Load existing setting file:$profile:ExpansionMod\Settings\AISettings.json
SCRIPT       : 00:12:24.148 [EXPANSION DEBUG]: [ExpansionAIPatrolSettings] Load existing setting file:$mission:expansion\settings\AIPatrolSettings.json
SCRIPT       : 00:12:24.156 [EXPANSION DEBUG]: [ExpansionBaseBuildingSettings] Load existing setting file:$mission:expansion\settings\BaseBuildingSettings.json
SCRIPT       : 00:12:24.158 [EXPANSION DEBUG]: [ExpansionRaidSettings] Load existing setting file:$profile:ExpansionMod\Settings\RaidSettings.json
SCRIPT       : 00:12:24.158 [EXPANSION DEBUG]: [ExpansionTerritorySettings] Load existing setting file:$profile:ExpansionMod\Settings\TerritorySettings.json
SCRIPT       : 00:12:24.163 [EXPANSION DEBUG]: [ExpansionChatSettings] Load existing setting file:$profile:ExpansionMod\Settings\ChatSettings.json
SCRIPT       : [DefineTest] EXPANSIONMOD is defined
SCRIPT       : [DefineTest] EXPANSIONMODAI is defined
SCRIPT       : [DefineTest] EXPANSIONMODBASEBUILDING is defined
SCRIPT       : [DefineTest] EXPANSIONMODBOOK is defined
SCRIPT       : [DefineTest] EXPANSIONMODCHAT is defined
SCRIPT       : [DefineTest] EXPANSIONMODCORE is defined
SCRIPT       : [DefineTest] EXPANSIONMODGARAGE is defined
SCRIPT       : [DefineTest] EXPANSIONMODGROUPS is defined
SCRIPT       : [DefineTest] EXPANSIONMODHARDLINE is defined
SCRIPT       : [DefineTest] EXPANSIONMODKILLFEED is defined
SCRIPT       : [DefineTest] EXPANSIONMODMAPASSETS is defined
SCRIPT       : [DefineTest] EXPANSIONMODMARKET is defined
SCRIPT       : [DefineTest] EXPANSIONMODMISSIONS is defined
SCRIPT       : [DefineTest] EXPANSIONMODNAMETAGS is defined
SCRIPT       : [DefineTest] EXPANSIONMODNAVIGATION is defined
SCRIPT       : [DefineTest] EXPANSIONMODP2PMARKET is defined
SCRIPT       : [DefineTest] EXPANSIONMODPERSONALSTORAGE is defined
SCRIPT       : [DefineTest] EXPANSIONMODQUESTS is defined
SCRIPT       : [DefineTest] EXPANSIONMODSPAWNSELECTION is defined
SCRIPT       : [DefineTest] EXPANSIONMODVEHICLE is defined
SCRIPT       : [DefineTest] EXPANSIONMODWEAPONS is defined
SCRIPT       : [DefineTest] CfgMods:
SCRIPT       : defaultAction
SCRIPT       : DayZ
SCRIPT       : DZ_Expansion_AI_Preload
SCRIPT       : DZ_Expansion_BaseBuilding_Preload
SCRIPT       : DZ_Expansion_Book_Preload
SCRIPT       : DZ_Expansion_Chat_Preload
SCRIPT       : DZ_Expansion_Core_Preload
SCRIPT       : DZ_Expansion_Garage_Preload
SCRIPT       : DZ_Expansion_Groups_Preload
SCRIPT       : DZ_Expansion_Hardline_Preload
SCRIPT       : DZ_Expansion_KillFeed_Preload
SCRIPT       : DZ_Expansion_MapAssets_Preload
SCRIPT       : DZ_Expansion_Market_Preload
SCRIPT       : DZ_Expansion_Missions_Preload
SCRIPT       : DZ_Expansion_ModStorage_Preload
SCRIPT       : DZ_Expansion_NameTags_Preload
SCRIPT       : DZ_Expansion_Navigation_Preload
SCRIPT       : DZ_Expansion_P2PMarket_Preload
SCRIPT       : DZ_Expansion_PersonalStorage_Preload
SCRIPT       : DZ_Expansion_Preload
SCRIPT       : DZ_Expansion_Quests_Preload
SCRIPT       : DZ_Expansion_SpawnSelection_Preload
SCRIPT       : DZ_Expansion_Vehicles_Preload
SCRIPT       : DZ_Expansion_Weapons_Preload
SCRIPT       : Blackout_Weapons_Ammunition
SCRIPT       : Blackout_Weapons_Attachments
SCRIPT       : Blackout_Weapons_Launchers
SCRIPT       : Blackout_Weapons_LMGs
SCRIPT       : Blackout_Weapons_Pistols
SCRIPT       : Blackout_Weapons_Rifles
SCRIPT       : Blackout_Weapons_Scripts
SCRIPT       : Blackout_Weapons_Shotguns
SCRIPT       : Blackout_Weapons_SMGs
SCRIPT       : Blackout_Weapons_Snipers
SCRIPT       : CJ187Fridges
SCRIPT       : CPtoken
SCRIPT       : DabsFramework
SCRIPT       : DZ_Expansion_DefineTest
SCRIPT       : DZ_Expansion_MapAssets
SCRIPT       : EditorLoader
SCRIPT       : GoreZ
SCRIPT       : JM_CommunityFramework
SCRIPT       : JM_CommunityOnlineTools
SCRIPT       : PerishableFood
SCRIPT       : PumpingGas
SCRIPT       : Namalsk_Weapon
SCRIPT       : NAMALSK_ISLAND
SCRIPT       : NAMALSK_SURVIVAL
SCRIPT       : Treasure
SCRIPT       : TreasurePhotosNamalsk
SCRIPT       : UnlimitedStamina
SCRIPT       : AmmunitionExpansion
SCRIPT       : CannabisPlus_GhostIcons
SCRIPT       : DZ_Expansion_ModStorage
SCRIPT       : dbo_creatures
SCRIPT       : Namalsk_Igloo
SCRIPT       : CannabisPlus
SCRIPT       : DZ_Expansion_Core
SCRIPT       : DZ_Expansion_Garage
SCRIPT       : DZ_Expansion_Groups
SCRIPT       : DZ_Expansion_Market
SCRIPT       : DZ_Expansion_Missions
SCRIPT       : DZ_Expansion_NameTags
SCRIPT       : DZ_Expansion_Navigation
SCRIPT       : DZ_Expansion_NotificationScheduler
SCRIPT       : DZ_Expansion_P2PMarket
SCRIPT       : DZ_Expansion_PersonalStorage
SCRIPT       : DZ_Expansion_PersonalStorageNew
SCRIPT       : DZ_Expansion_PlayerList
SCRIPT       : DZ_Expansion
SCRIPT       : DZ_Expansion_SpawnSelection
SCRIPT       : DZ_Expansion_VanillaFixes
SCRIPT       : DZ_Expansion_Vehicles
SCRIPT       : DZ_Expansion_Weapons
SCRIPT       : DrugsPLUS
SCRIPT       : Pokemon
SCRIPT       : rag_snowman
SCRIPT       : CP_Pouch
SCRIPT       : DZ_Expansion_AI
SCRIPT       : DZ_Expansion_BaseBuilding
SCRIPT       : DZ_Expansion_Book
SCRIPT       : DZ_Expansion_Chat
SCRIPT       : DZ_Expansion_Hardline
SCRIPT       : DZ_Expansion_Quests
SCRIPT       : DZ_Expansion_VirtualContainerStorage
SCRIPT       : [Treasure] 'Treasures.json' found, loading existing config
SCRIPT       : [Treasure] 'Descriptions_FR.json' does not exist, skipping this config
SCRIPT       : [Treasure] 'Descriptions_ES.json' does not exist, skipping this config
SCRIPT       : [Treasure] 'Descriptions_IT.json' does not exist, skipping this config
SCRIPT       : [Treasure] 'Descriptions_DE.json' does not exist, skipping this config
SCRIPT       : [Treasure] 'Descriptions_CZ.json' does not exist, skipping this config
SCRIPT       : [Treasure] 'Descriptions_RU.json' does not exist, skipping this config
SCRIPT       : [Treasure] 'Descriptions_CHT.json' does not exist, skipping this config
SCRIPT       : [Treasure] 'Descriptions_CHS.json' does not exist, skipping this config
SCRIPT       : [Treasure] 'Descriptions_PL.json' does not exist, skipping this config
SCRIPT       : [Treasure] 'Descriptions_JA.json' does not exist, skipping this config
SCRIPT       : [Treasure] 'Descriptions_PTBR.json' does not exist, skipping this config
SCRIPT       : 00:12:24.570 [EXPANSION DEBUG]: ModStorage v5
SCRIPT       : [CP] Config Sucessfully loaded!
SCRIPT       : [DP] Config Sucessfully loaded!
SCRIPT       : [Namalsk][NamEventManager]: Next selection will occur in 975 seconds
SCRIPT       : [Namalsk][NamEventManager]: NamEventManager is now running
SCRIPT       : Object 'TreeSoft_t_LarixDecidua_1f' is scope 0
SCRIPT       : Object 'TreeHard_t_LarixDecidua_2s' is scope 0
SCRIPT       : Object 'TreeHard_t_LarixDecidua_2f' is scope 0
SCRIPT       : Object 'TreeHard_t_LarixDecidua_2s' is scope 0
SCRIPT       : Object 'TreeSoft_t_LarixDecidua_1f' is scope 0
SCRIPT       : Object 'TreeHard_t_LarixDecidua_3f' is scope 0
SCRIPT       : Object 'TreeSoft_t_LarixDecidua_1s' is scope 0
SCRIPT       : Object 'TreeHard_t_LarixDecidua_2s' is scope 0
SCRIPT       : Object 'TreeHard_t_LarixDecidua_3fb' is scope 0
SCRIPT       : Object 'TreeHard_t_LarixDecidua_2f' is scope 0
SCRIPT       : Object 'TreeHard_t_LarixDecidua_2f' is scope 0
SCRIPT       : Object 'TreeHard_t_LarixDecidua_3f' is scope 0
SCRIPT       : Object 'TreeHard_t_LarixDecidua_2f' is scope 0
SCRIPT       : Object 'TreeSoft_t_LarixDecidua_1f' is scope 0
SCRIPT       : Object 'TreeHard_t_LarixDecidua_2s' is scope 0
SCRIPT       : Object 'TreeHard_t_quercusRobur_2sc' is scope 0
SCRIPT       : Object 'TreeSoft_t_quercusRobur_1fd' is scope 0
SCRIPT       : Object 'TreeHard_t_quercusRobur_2sb' is scope 0
SCRIPT       : Object 'TreeSoft_t_quercusRobur_1fd' is scope 0
SCRIPT       : Object 'TreeHard_t_quercusRobur_2sc' is scope 0
SCRIPT       : Object 'TreeHard_t_quercusRobur_3fb' is scope 0
SCRIPT       : Object 'TreeHard_t_quercusRobur_3fb' is scope 0
SCRIPT       : Object 'TreeSoft_t_quercusRobur_1s' is scope 0
SCRIPT       : Object 'TreeHard_t_quercusRobur_3fb' is scope 0
SCRIPT       : Object 'TreeHard_t_quercusRobur_2d' is scope 0
SCRIPT       : 208 objects created, 0 deleted (completed in 208)
SCRIPT       : 00:12:28.638 [EXPANSION DEBUG]: ExpansionTraderDenis<4a93a020>::SetTraderObject ExpansionTraderObjectBase<73333f00> <6297.701172, 20.696091, 9523.166016>
SCRIPT       : 00:12:28.638 [EXPANSION DEBUG]: LoadMissionTradersFile trader ExpansionTraderDenis<4a93a020> fileName Aircraft
SCRIPT       : 00:12:28.655 [EXPANSION DEBUG]: ExpansionTraderGuo<58f771c0>::SetTraderObject ExpansionTraderObjectBase<58f3df10> <8599.360352, 14.725300, 10492.200195>
SCRIPT       : 00:12:28.655 [EXPANSION DEBUG]: LoadMissionTradersFile trader ExpansionTraderGuo<58f771c0> fileName Vehicle_Parts
SCRIPT       : 00:12:28.671 [EXPANSION DEBUG]: ExpansionTraderHassan<59097010>::SetTraderObject ExpansionTraderObjectBase<59005b10> <8596.509766, 14.747800, 10488.000000>
SCRIPT       : 00:12:28.671 [EXPANSION DEBUG]: LoadMissionTradersFile trader ExpansionTraderHassan<59097010> fileName Vehicles
SCRIPT       : 00:12:28.687 [EXPANSION DEBUG]: ExpansionTraderIndar<591be010>::SetTraderObject ExpansionTraderObjectBase<59130770> <8570.200195, 14.804744, 10531.799805>
SCRIPT       : 00:12:28.687 [EXPANSION DEBUG]: LoadMissionTradersFile trader ExpansionTraderIndar<591be010> fileName Medicals
SCRIPT       : 00:12:28.703 [EXPANSION DEBUG]: ExpansionTraderKaito<5930d010>::SetTraderObject ExpansionTraderObjectBase<5927cc80> <8566.829102, 15.935067, 10515.494141>
SCRIPT       : 00:12:28.703 [EXPANSION DEBUG]: LoadMissionTradersFile trader ExpansionTraderKaito<5930d010> fileName Exchange
SCRIPT       : 00:12:28.723 [EXPANSION DEBUG]: ExpansionTraderLewis<5943f010>::SetTraderObject ExpansionTraderObjectBase<593b48a0> <8564.556641, 15.914123, 10516.875000>
SCRIPT       : 00:12:28.723 [EXPANSION DEBUG]: LoadMissionTradersFile trader ExpansionTraderLewis<5943f010> fileName BuildingSupplies
SCRIPT       : 00:12:28.741 [EXPANSION DEBUG]: ExpansionTraderNaomi<593bb010>::SetTraderObject ExpansionTraderObjectBase<595264a0> <8554.720703, 15.931895, 10524.275391>
SCRIPT       : 00:12:28.741 [EXPANSION DEBUG]: LoadMissionTradersFile trader ExpansionTraderNaomi<593bb010> fileName Clothing
SCRIPT       : 00:12:28.757 [EXPANSION DEBUG]: ExpansionTraderHelga<59551020>::SetTraderObject ExpansionTraderObjectBase<5cf6b550> <8560.446289, 15.920970, 10521.180664>
SCRIPT       : 00:12:28.757 [EXPANSION DEBUG]: LoadMissionTradersFile trader ExpansionTraderHelga<59551020> fileName Clothing_Accessories
SCRIPT       : 00:12:28.778 [EXPANSION DEBUG]: ExpansionTraderLinda<5cfbd020>::SetTraderObject ExpansionTraderObjectBase<5d0af7c0> <8571.715820, 14.824916, 10521.992188>
SCRIPT       : 00:12:28.778 [EXPANSION DEBUG]: LoadMissionTradersFile trader ExpansionTraderLinda<5cfbd020> fileName Consumables
SCRIPT       : 00:12:28.793 [EXPANSION DEBUG]: ExpansionTraderGabi<f27d75f0>::SetTraderObject ExpansionTraderObjectBase<5d17d360> <8584.846680, 14.821787, 10534.984375>
SCRIPT       : 00:12:28.793 [EXPANSION DEBUG]: LoadMissionTradersFile trader ExpansionTraderGabi<f27d75f0> fileName Weapons
SCRIPT       : 00:12:28.809 [EXPANSION DEBUG]: ExpansionTraderIrena<5d2b1ff0>::SetTraderObject ExpansionTraderObjectBase<5d289c50> <8594.533203, 14.821795, 10529.988281>
SCRIPT       : 00:12:28.809 [EXPANSION DEBUG]: LoadMissionTradersFile trader ExpansionTraderIrena<5d2b1ff0> fileName Attachments
SCRIPT       : 00:12:28.822 [EXPANSION DEBUG]: ExpansionTraderQuinn<5d378010>::SetTraderObject ExpansionTraderObjectBase<5d3679d0> <8555.026367, 15.931314, 10514.249023>
SCRIPT       : 00:12:28.822 [EXPANSION DEBUG]: LoadMissionTradersFile trader ExpansionTraderQuinn<5d378010> fileName Components
SCRIPT       : 00:12:28.843 [EXPANSION DEBUG]: ExpansionTraderJudy<5d523010>::SetTraderObject ExpansionTraderObjectBase<5d52c830> <8630.750000, 16.608299, 10510.500000>
SCRIPT       : 00:12:28.843 [EXPANSION DEBUG]: LoadMissionTradersFile trader ExpansionTraderJudy<5d523010> fileName Fishing
SCRIPT       : 00:12:28.856 [EXPANSION DEBUG]: ExpansionTraderPeter<5d5d57f0>::SetTraderObject ExpansionTraderObjectBase<5d649170> <8590.870117, 14.821789, 10534.200195>
SCRIPT       : 00:12:28.856 [EXPANSION DEBUG]: LoadMissionTradersFile trader ExpansionTraderPeter<5d5d57f0> fileName Special
SCRIPT       : 00:12:28.874 [EXPANSION DEBUG]: ExpansionTraderMaria<5d743010>::SetTraderObject ExpansionTraderObjectBase<5d6561f0> <8559.040039, 16.014900, 10511.099609>
SCRIPT       : 00:12:28.874 [EXPANSION DEBUG]: LoadMissionTradersFile trader ExpansionTraderMaria<5d743010> fileName Spraycans
SCRIPT       : 00:12:28.887 [EXPANSION DEBUG]: ExpansionTraderBoris<59557500>::SetTraderObject ExpansionTraderObjectBase<5d7bf020> <8053.950195, 1.847600, 7595.729980>
SCRIPT       : 00:12:28.888 [EXPANSION DEBUG]: LoadMissionTradersFile trader ExpansionTraderBoris<59557500> fileName Boats
SCRIPT       : 00:12:28.903 [EXPANSION DEBUG]: ExpansionTraderCyril<fa10b260>::SetTraderObject ExpansionTraderObjectBase<5d8d9e60> <8050.020020, 2.791790, 7583.060059>
SCRIPT       : 00:12:28.903 [EXPANSION DEBUG]: LoadMissionTradersFile trader ExpansionTraderCyril<fa10b260> fileName Vehicle_Parts
SCRIPT       : [ExpansionQuestPersistentServerData] Load existing configuration file:$profile:ExpansionMod\Quests\PersistentServerData.json
SCRIPT       : [ExpansionQuestPersistentServerData] Load existing configuration file:$profile:ExpansionMod\Quests\PersistentServerData.json
SCRIPT       : [ExpansionQuestObjectiveTravelConfig] Load existing configuration file:$profile:ExpansionMod\Quests\Objectives\Travel\Objective_T_1.json
SCRIPT       : [ExpansionQuestObjectiveTravelConfig] Load existing configuration file:$profile:ExpansionMod\Quests\Objectives\Travel\Objective_T_2.json
SCRIPT       : [ExpansionQuestObjectiveTravelConfig] Load existing configuration file:$profile:ExpansionMod\Quests\Objectives\Travel\Objective_T_3.json
SCRIPT       : [ExpansionQuestObjectiveTravelConfig] Load existing configuration file:$profile:ExpansionMod\Quests\Objectives\Travel\Objective_T_4.json
SCRIPT       : [ExpansionQuestObjectiveTravelConfig] Load existing configuration file:$profile:ExpansionMod\Quests\Objectives\Travel\Objective_T_5.json
SCRIPT       : [ExpansionQuestObjectiveTravelConfig] Load existing configuration file:$profile:ExpansionMod\Quests\Objectives\Travel\Objective_T_6.json
SCRIPT       : [ExpansionQuestObjectiveTravelConfig] Load existing configuration file:$profile:ExpansionMod\Quests\Objectives\Travel\Objective_T_7.json
SCRIPT       : [ExpansionQuestObjectiveTargetConfig] Load existing configuration file:$profile:ExpansionMod\Quests\Objectives\Target\Objective_TA_1.json
SCRIPT       : [ExpansionQuestObjectiveTargetConfig] Load existing configuration file:$profile:ExpansionMod\Quests\Objectives\Target\Objective_TA_2.json
SCRIPT       : [ExpansionQuestObjectiveTargetConfig] Load existing configuration file:$profile:ExpansionMod\Quests\Objectives\Target\Objective_TA_3.json
SCRIPT       : [ExpansionQuestObjectiveTargetConfig] Load existing configuration file:$profile:ExpansionMod\Quests\Objectives\Target\Objective_TA_4.json
SCRIPT       : [ExpansionQuestObjectiveDeliveryConfig] Load existing configuration file:$profile:ExpansionMod\Quests\Objectives\Delivery\Objective_D_1.json
SCRIPT       : [ExpansionQuestObjectiveDeliveryConfig] Load existing configuration file:$profile:ExpansionMod\Quests\Objectives\Delivery\Objective_D_2.json
SCRIPT       : [ExpansionQuestObjectiveCollectionConfig] Load existing configuration file:$profile:ExpansionMod\Quests\Objectives\Collection\Objective_C_1.json
SCRIPT       : [ExpansionQuestObjectiveCollectionConfig] Load existing configuration file:$profile:ExpansionMod\Quests\Objectives\Collection\Objective_C_2.json
SCRIPT       : [ExpansionQuestObjectiveCollectionConfig] Load existing configuration file:$profile:ExpansionMod\Quests\Objectives\Collection\Objective_C_3.json
SCRIPT       : [ExpansionQuestObjectiveTreasureHuntConfig] Load existing configuration file:$profile:ExpansionMod\Quests\Objectives\TreasureHunt\Objective_TH_1.json
SCRIPT       : [ExpansionQuestObjectiveActionConfig] Load existing configuration file:$profile:ExpansionMod\Quests\Objectives\Action\Objective_A_1.json
SCRIPT       : [ExpansionQuestObjectiveActionConfig] Load existing configuration file:$profile:ExpansionMod\Quests\Objectives\Action\Objective_A_2.json
SCRIPT       : [ExpansionQuestObjectiveCraftingConfig] Load existing configuration file:$profile:ExpansionMod\Quests\Objectives\Crafting\Objective_CR_1.json
SCRIPT       : [ExpansionQuestObjectiveAIPatrolConfig] Load existing configuration file:$profile:ExpansionMod\Quests\Objectives\AIPatrol\Objective_AIP_1.json
SCRIPT       : [ExpansionQuestObjectiveAICampConfig] Load existing configuration file:$profile:ExpansionMod\Quests\Objectives\AICamp\Objective_AIC_1.json
SCRIPT       : [ExpansionQuestObjectiveAIEscortConfig] Load existing configuration file:$profile:ExpansionMod\Quests\Objectives\AIVIP\Objective_AIESCORT_1.json
SCRIPT       : [ExpansionQuestNPCData] Load existing configuration file:QuestNPC_1.json
SCRIPT       : [ExpansionQuestNPCData] Load existing configuration file:QuestNPC_2.json
SCRIPT       : [ExpansionQuestNPCData] Load existing configuration file:QuestNPC_3.json
SCRIPT       : [wpnfsm] Warning! OnStoreLoad - cannot load curent weapon state, id=0
SCRIPT       : [wpnfsm] Warning! OnStoreLoad - cannot load curent weapon state, id=0
SCRIPT       : [wpnfsm] Warning! OnStoreLoad - cannot load curent weapon state, id=0
SCRIPT       : 00:12:43.122 [EXPANSION DEBUG]: ExpansionP2PTraderAIIrena<76f46030>::SetP2PTraderID - ID: 1
SCRIPT       : ExpansionMarketItem marketItem = ExpansionMarketItem<691b1230>
SCRIPT       : int worth =   1
SCRIPT       : ExpansionZoneCircle<76d02700> position=<8583.669922, 0.000000, 10515.000000> radius=400
SCRIPT       : Found 1 zones!
SCRIPT       : m_EventManager NamEventManager<dc9bb740>
SCRIPT       : MaxEventCount 2
SCRIPT       : 00:12:43.202 [EXPANSION DEBUG]: ExpansionQuestNPCAIElias<76730080>::OnEnterSafeZone
SCRIPT       : bool m_Expansion_LeavingSafeZone = 0
SCRIPT       : bool m_Expansion_IsInSafeZone = 0
SCRIPT       : bool m_Expansion_IsInSafeZoneSynchRemote = 0
SCRIPT       : 00:12:43.202 [EXPANSION DEBUG]: ExpansionQuestNPCAIDenis<768a16b0>::OnEnterSafeZone
SCRIPT       : bool m_Expansion_LeavingSafeZone = 0
SCRIPT       : bool m_Expansion_IsInSafeZone = 0
SCRIPT       : bool m_Expansion_IsInSafeZoneSynchRemote = 0
SCRIPT       : [Namalsk][NamEventManager]: Trying to select a new event...
SCRIPT       : [Namalsk][NamEventManager]: Starting event Aurora
SCRIPT       : [Namalsk][NamEventManager]: Aurora: Phase Length 60
SCRIPT       : [Namalsk][NamEventManager]: Next selection will occur in 845 seconds
SCRIPT       : [Namalsk][NamEventManager]: Aurora: Phase Length 971.386
SCRIPT       : 00:17:43.234 [EXPANSION DEBUG]: [ExpansionMissionEventAirdrop] Adjusted container weights:
SCRIPT       : 00:17:43.234 [EXPANSION DEBUG]: ExpansionAirdropContainer 146
SCRIPT       : 00:17:43.234 [EXPANSION DEBUG]: ExpansionAirdropContainer_Medical 151
SCRIPT       : 00:17:43.234 [EXPANSION DEBUG]: ExpansionAirdropContainer_Basebuilding 156
SCRIPT       : 00:17:43.234 [EXPANSION DEBUG]: ExpansionAirdropContainer_Military_WinterCamo 161
SCRIPT       : 00:17:43.234 [EXPANSION DEBUG]: ExpansionAirdropPlane::GetSpawnPoint - drop position <6140.000000, 0.000000, 9189.000000> - map is namalsk - size 12800 - center <4352.000000, 0.000000, 7348.000000>
SCRIPT       : 00:17:43.234 [EXPANSION DEBUG]: ExpansionAirdropPlane::GetSpawnPoint - selected spawn point <1456.399902, 450.371613, 0.000000>
SCRIPT       : 00:24:33.375 [EXPANSION DEBUG]: ExpansionLootSpawner::Spawn - WARNING: Couldn't spawn ExpansionSafeMedium on ExpansionAirdropContainerBase<7e84bab0>
SCRIPT       : 00:24:33.375 [EXPANSION DEBUG]: ExpansionLootSpawner::Spawn - WARNING: Couldn't spawn ExpansionCone on ExpansionAirdropContainerBase<7e84bab0>
SCRIPT       : 00:24:33.375 [EXPANSION DEBUG]: ExpansionLootSpawner::Spawn - WARNING: Couldn't spawn ExpansionSignDanger on ExpansionAirdropContainerBase<7e84bab0>
SCRIPT       : 00:24:33.376 [EXPANSION DEBUG]: ExpansionLootSpawner::Spawn - WARNING: Couldn't spawn ExpansionSafeLarge on ExpansionAirdropContainerBase<7e84bab0>
SCRIPT       : 00:24:33.376 [EXPANSION DEBUG]: ExpansionLootSpawner::Spawn - WARNING: Couldn't spawn ExpansionSafeMedium on ExpansionAirdropContainerBase<7e84bab0>
SCRIPT       : 00:24:33.378 [EXPANSION DEBUG]: ExpansionLootSpawner::Spawn - WARNING: Couldn't spawn ExpansionSignDanger3 on ExpansionAirdropContainerBase<7e84bab0>
SCRIPT       : 00:24:33.379 [EXPANSION DEBUG]: ExpansionLootSpawner::Spawn - WARNING: Couldn't spawn Blowtorch on ExpansionAirdropContainerBase<7e84bab0>
SCRIPT       : 00:24:33.379 [EXPANSION LOG]: ExpansionAirdropContainerBase<7e84bab0> InitAirdrop - total weight (kg) 469.359 - nominal fall speed 4.9234 m/s, wind impact strength 0.135887
SCRIPT       : [Namalsk][NamEventManager]: Trying to select a new event...
SCRIPT       : [Namalsk][NamEventManager]: Starting event ExtremeCold
SCRIPT       : [Namalsk][ExtremeCold]: init: 100 (sec), mid: 1066.32 (sec), end: 100 (sec), TempDrop: -11.7434 (C)
SCRIPT       : [Namalsk][NamEventManager]: ExtremeCold: Phase Length 100
SCRIPT       : [Namalsk][NamEventManager]: Next selection will occur in 685 seconds
SCRIPT       : [Namalsk][NamEventManager]: ExtremeCold: Phase Length 1066.32
SCRIPT       : [Namalsk][NamEventManager]: Aurora: Phase Length 60
SCRIPT       : [Namalsk][NamEventManager]: Aurora: Phase Length 0
SCRIPT       : [Namalsk][NamEventManager]: Trying to select a new event...
SCRIPT       : [Namalsk][NamEventManager]: Starting event Blizzard
SCRIPT       : [Namalsk][Blizzard]: init: 600 (sec), mid: 800.18 (sec), end: 600 (sec), TempDrop: -15.5813 (C)
SCRIPT       : [Namalsk][NamEventManager]: Blizzard: Phase Length 600
SCRIPT       : [Namalsk][NamEventManager]: Next selection will occur in 800 seconds
SCRIPT       : 00:39:02.227 [EXPANSION DEBUG]: ExpansionHardlineModule<dbc2a7d0> ::LoadPlayerData - Loaded player hardline data for player Survivor[YKMF23SQkzabdtJzn3VUcLU8W3bjbl-ZiJ18vqBuvzI=]
SCRIPT       : [CP] -> Sucessfully sent: Survivor CP Plus Config!
SCRIPT       : [DP] -> Sucessfully sent: Survivor DP Plus Config!
SCRIPT       : ---- PlayerBase OnStoreLoad SUCCESS ----
SCRIPT       : 00:40:03.091 [EXPANSION DEBUG]: ExpansionQuestModule<9c874b30> Sending 24 quest configs to client with UID: YKMF23SQkzabdtJzn3VUcLU8W3bjbl-ZiJ18vqBuvzI=
SCRIPT       : 00:40:03.092 [EXPANSION DEBUG]: ExpansionQuestModule<9c874b30> Sending player quest data for 4 quests to player with UID: YKMF23SQkzabdtJzn3VUcLU8W3bjbl-ZiJ18vqBuvzI=
SCRIPT       : 00:40:03.551 [EXPANSION DEBUG]: ExpansionQuestModule<9c874b30> Quest configs already synched for player with UID: YKMF23SQkzabdtJzn3VUcLU8W3bjbl-ZiJ18vqBuvzI=
SCRIPT       : 00:40:03.551 [EXPANSION DEBUG]: ExpansionQuestModule<9c874b30> Sending player quest data for quest ID 14 to player with UID: YKMF23SQkzabdtJzn3VUcLU8W3bjbl-ZiJ18vqBuvzI=
SCRIPT       : [ExpansionAirdropContainerManager] Container at <6127.178223, 16.388155, 9228.727539> was deleted
SCRIPT       : ~ExpansionAirdropContainerManager
SCRIPT       : [Namalsk][NamEventManager]: ExtremeCold: Phase Length 100
SCRIPT       : [Logout]: New player YKMF23SQkzabdtJzn3VUcLU8W3bjbl-ZiJ18vqBuvzI= with logout time 0
SCRIPT       : 00:47:19.955 [EXPANSION DEBUG]: ExpansionQuestPersistentData<fdbbfe90>~ExpansionQuestPersistentData (4)
SCRIPT       : [Logout]: Player YKMF23SQkzabdtJzn3VUcLU8W3bjbl-ZiJ18vqBuvzI= finished
SCRIPT       : Clear up static fireplaces: 0
SCRIPT       : 00:47:21.093 [EXPANSION DEBUG]: Clearing cached categories 67
SCRIPT       : 00:47:21.095 [EXPANSION DEBUG]: Clearing cached traders 17
SCRIPT       : ~DayZGame()
