---------------------------------------------
Log C:\daisy\DayZServerNam\!!!\profiles\script_2024-06-13_15-00-21.log started at 13.06. 15:00:22

SCRIPT       : Registered 403 temporary action enum(s), UAN==403
SCRIPT    (W): @"scripts/3_Game/gameplay.c,911": Missing script declaration for method 'MenuData.GetLastSteamQueryPort'
SCRIPT       : Registering faction type eAIFactionShamans ID -1484989417
SCRIPT       : Registering faction type eAIFactionObservers ID -563736721
SCRIPT       : Registering faction type eAIFactionInvincibleObservers ID -1227299746
SCRIPT       : Registering faction type eAIFactionEast ID 90522109
SCRIPT       : Registering faction type eAIFactionGuards ID 963933710
SCRIPT       : Registering faction type eAIFactionRaiders ID 1535276022
SCRIPT       : Registering faction type eAIFactionYeetBrigade ID 1408543989
SCRIPT       : Registering faction type eAIFactionMercenaries ID 1629891834
SCRIPT       : Registering faction type eAIFactionWest ID 113880155
SCRIPT       : Registering faction type eAIFactionCivilian ID 1096178351
SCRIPT       : Registering faction type eAIFactionPassive ID -1159399789
SCRIPT       : Registering faction type eAIFactionInvincibleYeetBrigade ID -1118767876
SCRIPT       : Registering faction type eAIFactionInvincibleGuards ID 782746017
SCRIPT       : ... Backlit Effects Enabled
SCRIPT       : 15:00:24 [EXPANSION LOG]: DayZGame<61d15170> Start time (local time) 2024-06-13 15:00:07
SCRIPT       : 15:00:24 [EXPANSION LOG]: DayZGame<61d15170> Start time (UTC) 2024-06-13 14:00:07
SCRIPT       : 15:00:24 [EXPANSION LOG]: DayZGame<61d15170> Runtime since start (seconds) 17.416
SCRIPT       : Registering faction type eAIFactionLunatics ID 1167351711
SCRIPT       : Registering faction type eAIFactionInfected ID 1371958374
SCRIPT       : Expansion version: 1.8.50
SCRIPT       : 15:00:45.128 [EXPANSION DEBUG]: [ExpansionDebugSettings] Load existing setting file:$profile:ExpansionMod\Settings\DebugSettings.json
SCRIPT       : 15:00:45.132 [EXPANSION DEBUG]: [ExpansionLogSettings] Load existing setting file:$profile:ExpansionMod\Settings\LogsSettings.json
SCRIPT       : 15:00:45.140 [EXPANSION DEBUG]: [ExpansionNotificationSettings] Load existing setting file:$profile:ExpansionMod\Settings\NotificationSettings.json
SCRIPT       : 15:00:45.148 [EXPANSION DEBUG]: [ExpansionMonitoringSettings] Load existing setting file:$profile:ExpansionMod\Settings\MonitoringSettings.json
SCRIPT       : 15:00:45.152 [EXPANSION DEBUG]: [ExpansionDamageSystemSettings] Load existing setting file:$profile:ExpansionMod\Settings\DamageSystemSettings.json
SCRIPT       : 15:00:45.160 [EXPANSION DEBUG]: [ExpansionPartySettings] Load existing setting file:$profile:ExpansionMod\Settings\PartySettings.json
SCRIPT       : 15:00:45.164 [EXPANSION DEBUG]: [ExpansionHardlineSettings] Load existing setting file:$mission:expansion\settings\HardlineSettings.json
SCRIPT       : 15:00:45.195 [EXPANSION DEBUG]: [ExpansionMarketSettings] Load existing setting file:$mission:expansion\settings\MarketSettings.json
SCRIPT       : ExpansionMarketSettings::LoadCategories - Adding category ID 1 (Ammo)
SCRIPT       : ExpansionMarketSettings::LoadCategories - Adding category ID 2 (Ammo_Boxes)
SCRIPT       : ExpansionMarketSettings::LoadCategories - Adding category ID 3 (Armbands)
SCRIPT       : ExpansionMarketSettings::LoadCategories - Adding category ID 4 (Assault_Rifles)
SCRIPT       : ExpansionMarketSettings::LoadCategories - Adding category ID 5 (Backpacks)
SCRIPT       : ExpansionMarketSettings::LoadCategories - Adding category ID 6 (Bandanas)
SCRIPT       : ExpansionMarketSettings::LoadCategories - Adding category ID 7 (Batteries)
SCRIPT       : ExpansionMarketSettings::LoadCategories - Adding category ID 8 (Bayonets)
SCRIPT       : ExpansionMarketSettings::LoadCategories - Adding category ID 9 (Belts)
SCRIPT       : ExpansionMarketSettings::LoadCategories - Adding category ID 10 (Blouses_And_Suits)
SCRIPT       : ExpansionMarketSettings::LoadCategories - Adding category ID 11 (Boats)
SCRIPT       : ExpansionMarketSettings::LoadCategories - Adding category ID 12 (Boots_And_Shoes)
SCRIPT       : ExpansionMarketSettings::LoadCategories - Adding category ID 13 (Buttstocks)
SCRIPT       : ExpansionMarketSettings::LoadCategories - Adding category ID 14 (Caps)
SCRIPT       : ExpansionMarketSettings::LoadCategories - Adding category ID 15 (Cars)
SCRIPT       : ExpansionMarketSettings::LoadCategories - Adding category ID 16 (Coats_And_Jackets)
SCRIPT       : ExpansionMarketSettings::LoadCategories - Adding category ID 17 (Containers)
SCRIPT       : ExpansionMarketSettings::LoadCategories - Adding category ID 18 (Crossbows)
SCRIPT       : ExpansionMarketSettings::LoadCategories - Adding category ID 19 (Drinks)
SCRIPT       : ExpansionMarketSettings::LoadCategories - Adding category ID 20 (Electronics)
SCRIPT       : ExpansionMarketSettings::LoadCategories - Adding category ID 21 (Event)
SCRIPT       : ExpansionMarketSettings::LoadCategories - Adding category ID 22 (Exchange)
SCRIPT       : ExpansionMarketSettings::LoadCategories - Adding category ID 23 (Explosives_And_Grenades)
SCRIPT       : ExpansionMarketSettings::LoadCategories - Adding category ID 24 (Eyewear)
SCRIPT       : ExpansionMarketSettings::LoadCategories - Adding category ID 25 (Fish)
SCRIPT       : ExpansionMarketSettings::LoadCategories - Adding category ID 26 (Fishing)
SCRIPT       : ExpansionMarketSettings::LoadCategories - Adding category ID 27 (Flags)
SCRIPT       : ExpansionMarketSettings::LoadCategories - Adding category ID 28 (Food)
SCRIPT       : ExpansionMarketSettings::LoadCategories - Adding category ID 29 (Fruit_And_Vegetables)
SCRIPT       : ExpansionMarketSettings::LoadCategories - Adding category ID 30 (Furnishings)
SCRIPT       : ExpansionMarketSettings::LoadCategories - Adding category ID 31 (Gardening)
SCRIPT       : ExpansionMarketSettings::LoadCategories - Adding category ID 32 (Ghillies)
SCRIPT       : ExpansionMarketSettings::LoadCategories - Adding category ID 33 (Gloves)
SCRIPT       : ExpansionMarketSettings::LoadCategories - Adding category ID 34 (Handguards)
SCRIPT       : ExpansionMarketSettings::LoadCategories - Adding category ID 35 (Hats_And_Hoods)
SCRIPT       : ExpansionMarketSettings::LoadCategories - Adding category ID 36 (Helicopters)
SCRIPT       : ExpansionMarketSettings::LoadCategories - Adding category ID 37 (Helmets)
SCRIPT       : ExpansionMarketSettings::LoadCategories - Adding category ID 38 (Holsters_And_Pouches)
SCRIPT       : ExpansionMarketSettings::LoadCategories - Adding category ID 39 (Kits)
SCRIPT       : ExpansionMarketSettings::LoadCategories - Adding category ID 40 (Knifes)
SCRIPT       : ExpansionMarketSettings::LoadCategories - Adding category ID 41 (Launchers)
SCRIPT       : ExpansionMarketSettings::LoadCategories - Adding category ID 42 (Lights)
SCRIPT       : ExpansionMarketSettings::LoadCategories - Adding category ID 43 (Liquids)
SCRIPT       : ExpansionMarketSettings::LoadCategories - Adding category ID 44 (Locks)
SCRIPT       : ExpansionMarketSettings::LoadCategories - Adding category ID 45 (Magazines)
SCRIPT       : ExpansionMarketSettings::LoadCategories - Adding category ID 46 (Masks)
SCRIPT       : ExpansionMarketSettings::LoadCategories - Adding category ID 47 (Meat)
SCRIPT       : ExpansionMarketSettings::LoadCategories - Adding category ID 48 (Medical)
SCRIPT       : ExpansionMarketSettings::LoadCategories - Adding category ID 49 (Melee_Weapons)
SCRIPT       : ExpansionMarketSettings::LoadCategories - Adding category ID 50 (Muzzles)
SCRIPT       : ExpansionMarketSettings::LoadCategories - Adding category ID 51 (Navigation)
SCRIPT       : ExpansionMarketSettings::LoadCategories - Adding category ID 52 (Optics)
SCRIPT       : ExpansionMarketSettings::LoadCategories - Adding category ID 53 (Pants_And_Shorts)
SCRIPT       : ExpansionMarketSettings::LoadCategories - Adding category ID 54 (Pistols)
SCRIPT       : ExpansionMarketSettings::LoadCategories - Adding category ID 55 (Rifles)
SCRIPT       : ExpansionMarketSettings::LoadCategories - Adding category ID 56 (Shirts_And_TShirts)
SCRIPT       : ExpansionMarketSettings::LoadCategories - Adding category ID 57 (Shotguns)
SCRIPT       : ExpansionMarketSettings::LoadCategories - Adding category ID 58 (Skirts_And_Dresses)
SCRIPT       : ExpansionMarketSettings::LoadCategories - Adding category ID 59 (Sniper_Rifles)
SCRIPT       : ExpansionMarketSettings::LoadCategories - Adding category ID 60 (Spraycans)
SCRIPT       : ExpansionMarketSettings::LoadCategories - Adding category ID 61 (Submachine_Guns)
SCRIPT       : ExpansionMarketSettings::LoadCategories - Adding category ID 62 (Supplies)
SCRIPT       : ExpansionMarketSettings::LoadCategories - Adding category ID 63 (Sweaters_And_Hoodies)
SCRIPT       : ExpansionMarketSettings::LoadCategories - Adding category ID 64 (Tents)
SCRIPT       : ExpansionMarketSettings::LoadCategories - Adding category ID 65 (Tools)
SCRIPT       : ExpansionMarketSettings::LoadCategories - Adding category ID 66 (Vehicle_Parts)
SCRIPT       : ExpansionMarketSettings::LoadCategories - Adding category ID 67 (Vests)
SCRIPT       : 15:00:45.867 [EXPANSION DEBUG]: [ExpansionAirdropSettings] Load existing setting file:$profile:ExpansionMod\Settings\AirdropSettings.json
SCRIPT       : 15:00:46.332 [EXPANSION DEBUG]: [ExpansionMissionSettings] Load existing setting file:$profile:ExpansionMod\Settings\MissionSettings.json
SCRIPT       : 15:00:46.339 [EXPANSION DEBUG]: [ExpansionMapSettings] Load existing setting file:$mission:expansion\settings\MapSettings.json
SCRIPT       : 15:00:46.386 [EXPANSION DEBUG]: [ExpansionPersonalStorageNewSettings] Load existing setting file:$profile:ExpansionMod\Settings\PersonalStorageNewSettings.json
SCRIPT       : 15:00:46.390 [EXPANSION DEBUG]: [ExpansionGeneralSettings] Load existing setting file:$profile:ExpansionMod\Settings\GeneralSettings.json
SCRIPT       : 15:00:46.398 [EXPANSION DEBUG]: [ExpansionPlayerListSettings] Load existing setting file:$profile:ExpansionMod\Settings\PlayerListSettings.json
SCRIPT       : 15:00:46.402 [EXPANSION DEBUG]: [ExpansionSocialMediaSettings] Load existing setting file:$profile:ExpansionMod\Settings\SocialMediaSettings.json
SCRIPT       : 15:00:46.406 [EXPANSION DEBUG]: [ExpansionSpawnSettings] Load existing setting file:$mission:expansion\settings\SpawnSettings.json
SCRIPT       : 15:00:46.421 [EXPANSION DEBUG]: [ExpansionVehicleSettings] Load existing setting file:$profile:ExpansionMod\Settings\VehicleSettings.json
SCRIPT       : 15:00:46.429 [EXPANSION DEBUG]: [ExpansionAISettings] Load existing setting file:$profile:ExpansionMod\Settings\AISettings.json
SCRIPT       : 15:00:46.433 [EXPANSION DEBUG]: [ExpansionAIPatrolSettings] Load existing setting file:$mission:expansion\settings\AIPatrolSettings.json
SCRIPT       : 15:00:46.449 [EXPANSION DEBUG]: [ExpansionBaseBuildingSettings] Load existing setting file:$mission:expansion\settings\BaseBuildingSettings.json
SCRIPT       : 15:00:46.457 [EXPANSION DEBUG]: [ExpansionRaidSettings] Load existing setting file:$profile:ExpansionMod\Settings\RaidSettings.json
SCRIPT       : 15:00:46.464 [EXPANSION DEBUG]: [ExpansionTerritorySettings] Load existing setting file:$profile:ExpansionMod\Settings\TerritorySettings.json
SCRIPT       : 15:00:46.480 [EXPANSION DEBUG]: [ExpansionChatSettings] Load existing setting file:$profile:ExpansionMod\Settings\ChatSettings.json
SCRIPT       : [DefineTest] EXPANSIONMOD is defined
SCRIPT       : [DefineTest] EXPANSIONMODAI is defined
SCRIPT       : [DefineTest] EXPANSIONMODBASEBUILDING is defined
SCRIPT       : [DefineTest] EXPANSIONMODBOOK is defined
SCRIPT       : [DefineTest] EXPANSIONMODCHAT is defined
SCRIPT       : [DefineTest] EXPANSIONMODCORE is defined
SCRIPT       : [DefineTest] EXPANSIONMODGARAGE is defined
SCRIPT       : [DefineTest] EXPANSIONMODGROUPS is defined
SCRIPT       : [DefineTest] EXPANSIONMODHARDLINE is defined
SCRIPT       : [DefineTest] EXPANSIONMODKILLFEED is defined
SCRIPT       : [DefineTest] EXPANSIONMODMAPASSETS is defined
SCRIPT       : [DefineTest] EXPANSIONMODMARKET is defined
SCRIPT       : [DefineTest] EXPANSIONMODMISSIONS is defined
SCRIPT       : [DefineTest] EXPANSIONMODNAMETAGS is defined
SCRIPT       : [DefineTest] EXPANSIONMODNAVIGATION is defined
SCRIPT       : [DefineTest] EXPANSIONMODP2PMARKET is defined
SCRIPT       : [DefineTest] EXPANSIONMODPERSONALSTORAGE is defined
SCRIPT       : [DefineTest] EXPANSIONMODQUESTS is defined
SCRIPT       : [DefineTest] EXPANSIONMODSPAWNSELECTION is defined
SCRIPT       : [DefineTest] EXPANSIONMODVEHICLE is defined
SCRIPT       : [DefineTest] EXPANSIONMODWEAPONS is defined
SCRIPT       : [DefineTest] CfgMods:
SCRIPT       : defaultAction
SCRIPT       : DayZ
SCRIPT       : DZ_Expansion_AI_Preload
SCRIPT       : DZ_Expansion_BaseBuilding_Preload
SCRIPT       : DZ_Expansion_Book_Preload
SCRIPT       : DZ_Expansion_Chat_Preload
SCRIPT       : DZ_Expansion_Core_Preload
SCRIPT       : DZ_Expansion_Garage_Preload
SCRIPT       : DZ_Expansion_Groups_Preload
SCRIPT       : DZ_Expansion_Hardline_Preload
SCRIPT       : DZ_Expansion_KillFeed_Preload
SCRIPT       : DZ_Expansion_MapAssets_Preload
SCRIPT       : DZ_Expansion_Market_Preload
SCRIPT       : DZ_Expansion_Missions_Preload
SCRIPT       : DZ_Expansion_ModStorage_Preload
SCRIPT       : DZ_Expansion_NameTags_Preload
SCRIPT       : DZ_Expansion_Navigation_Preload
SCRIPT       : DZ_Expansion_P2PMarket_Preload
SCRIPT       : DZ_Expansion_PersonalStorage_Preload
SCRIPT       : DZ_Expansion_Preload
SCRIPT       : DZ_Expansion_Quests_Preload
SCRIPT       : DZ_Expansion_SpawnSelection_Preload
SCRIPT       : DZ_Expansion_Vehicles_Preload
SCRIPT       : DZ_Expansion_Weapons_Preload
SCRIPT       : DabsFramework
SCRIPT       : DZ_Expansion_DefineTest
SCRIPT       : DZ_Expansion_MapAssets
SCRIPT       : EditorLoader
SCRIPT       : JM_CommunityFramework
SCRIPT       : JM_CommunityOnlineTools
SCRIPT       : NAMALSK_ISLAND
SCRIPT       : NAMALSK_SURVIVAL
SCRIPT       : Overhaulfiles
SCRIPT       : DZ_Expansion_ModStorage
SCRIPT       : DZ_Expansion_Core
SCRIPT       : DZ_Expansion_Garage
SCRIPT       : DZ_Expansion_Groups
SCRIPT       : DZ_Expansion_Market
SCRIPT       : DZ_Expansion_Missions
SCRIPT       : DZ_Expansion_NameTags
SCRIPT       : DZ_Expansion_Navigation
SCRIPT       : DZ_Expansion_NotificationScheduler
SCRIPT       : DZ_Expansion_P2PMarket
SCRIPT       : DZ_Expansion_PersonalStorage
SCRIPT       : DZ_Expansion_PersonalStorageNew
SCRIPT       : DZ_Expansion_PlayerList
SCRIPT       : DZ_Expansion
SCRIPT       : DZ_Expansion_SpawnSelection
SCRIPT       : DZ_Expansion_VanillaFixes
SCRIPT       : DZ_Expansion_Vehicles
SCRIPT       : DZ_Expansion_Weapons
SCRIPT       : A3_UI_F
SCRIPT       : DZ_Expansion_AI
SCRIPT       : DZ_Expansion_BaseBuilding
SCRIPT       : DZ_Expansion_Book
SCRIPT       : DZ_Expansion_Chat
SCRIPT       : DZ_Expansion_Hardline
SCRIPT       : DZ_Expansion_Quests
SCRIPT       : DZ_Expansion_VirtualContainerStorage
SCRIPT       : Namalsk_Overhaul_scripts
SCRIPT       : 15:00:47.066 [EXPANSION DEBUG]: ModStorage v5
SCRIPT       : [Namalsk_Overhaul] Spawning Objects...
SCRIPT    (E): NULL pointer to instance
Class:      'CustomMission'
Function: 'SpawnObject'
Stack trace:
Namalsk_Overhaul/scripts/5_mission/namalsk_overhaul.c:8
Namalsk_Overhaul/scripts/5_mission/namalsk_overhaul.c:172
$CurrentDir:mpmissions\regular.namalsk\init.c:36
SCRIPT    (E): NULL pointer to instance
Class:      'CustomMission'
Function: 'SpawnObject'
Stack trace:
Namalsk_Overhaul/scripts/5_mission/namalsk_overhaul.c:8
Namalsk_Overhaul/scripts/5_mission/namalsk_overhaul.c:491
$CurrentDir:mpmissions\regular.namalsk\init.c:36
SCRIPT    (E): NULL pointer to instance
Class:      'CustomMission'
Function: 'SpawnObject'
Stack trace:
Namalsk_Overhaul/scripts/5_mission/namalsk_overhaul.c:8
Namalsk_Overhaul/scripts/5_mission/namalsk_overhaul.c:578
$CurrentDir:mpmissions\regular.namalsk\init.c:36
SCRIPT    (E): NULL pointer to instance
Class:      'CustomMission'
Function: 'SpawnObject'
Stack trace:
Namalsk_Overhaul/scripts/5_mission/namalsk_overhaul.c:8
Namalsk_Overhaul/scripts/5_mission/namalsk_overhaul.c:592
$CurrentDir:mpmissions\regular.namalsk\init.c:36
SCRIPT       : [Namalsk][NamEventManager]: Next selection will occur in 975 seconds
SCRIPT       : [Namalsk][NamEventManager]: NamEventManager is now running
SCRIPT       : Object 'TreeSoft_t_LarixDecidua_1f' is scope 0
SCRIPT       : Object 'TreeHard_t_LarixDecidua_2s' is scope 0
SCRIPT       : Object 'TreeHard_t_LarixDecidua_2f' is scope 0
SCRIPT       : Object 'TreeHard_t_LarixDecidua_2s' is scope 0
SCRIPT       : Object 'TreeSoft_t_LarixDecidua_1f' is scope 0
SCRIPT       : Object 'TreeHard_t_LarixDecidua_3f' is scope 0
SCRIPT       : Object 'TreeSoft_t_LarixDecidua_1s' is scope 0
SCRIPT       : Object 'TreeHard_t_LarixDecidua_2s' is scope 0
SCRIPT       : Object 'TreeHard_t_LarixDecidua_3fb' is scope 0
SCRIPT       : Object 'TreeHard_t_LarixDecidua_2f' is scope 0
SCRIPT       : Object 'TreeHard_t_LarixDecidua_2f' is scope 0
SCRIPT       : Object 'TreeHard_t_LarixDecidua_3f' is scope 0
SCRIPT       : Object 'TreeHard_t_LarixDecidua_2f' is scope 0
SCRIPT       : Object 'TreeSoft_t_LarixDecidua_1f' is scope 0
SCRIPT       : Object 'TreeHard_t_LarixDecidua_2s' is scope 0
SCRIPT       : Object 'TreeHard_t_quercusRobur_2sc' is scope 0
SCRIPT       : Object 'TreeSoft_t_quercusRobur_1fd' is scope 0
SCRIPT       : Object 'TreeHard_t_quercusRobur_2sb' is scope 0
SCRIPT       : Object 'TreeSoft_t_quercusRobur_1fd' is scope 0
SCRIPT       : Object 'TreeHard_t_quercusRobur_2sc' is scope 0
SCRIPT       : Object 'TreeHard_t_quercusRobur_3fb' is scope 0
SCRIPT       : Object 'TreeHard_t_quercusRobur_3fb' is scope 0
SCRIPT       : Object 'TreeSoft_t_quercusRobur_1s' is scope 0
SCRIPT       : Object 'TreeHard_t_quercusRobur_3fb' is scope 0
SCRIPT       : Object 'TreeHard_t_quercusRobur_2d' is scope 0
SCRIPT       : 208 objects created, 0 deleted (completed in 208)
SCRIPT       : 15:00:56.367 [EXPANSION DEBUG]: ExpansionTraderDenis<f0827010>::SetTraderObject ExpansionTraderObjectBase<f080a6b0> <6297.701172, 20.696091, 9523.166016>
SCRIPT       : 15:00:56.367 [EXPANSION DEBUG]: LoadMissionTradersFile trader ExpansionTraderDenis<f0827010> fileName Aircraft
SCRIPT       : 15:00:56.425 [EXPANSION DEBUG]: ExpansionTraderGuo<f0c90010>::SetTraderObject ExpansionTraderObjectBase<d5df68b0> <8599.360352, 14.725300, 10492.200195>
SCRIPT       : 15:00:56.425 [EXPANSION DEBUG]: LoadMissionTradersFile trader ExpansionTraderGuo<f0c90010> fileName Vehicle_Parts
SCRIPT       : 15:00:56.472 [EXPANSION DEBUG]: ExpansionTraderHassan<fa058020>::SetTraderObject ExpansionTraderObjectBase<fa02dc60> <8596.509766, 14.747800, 10488.000000>
SCRIPT       : 15:00:56.472 [EXPANSION DEBUG]: LoadMissionTradersFile trader ExpansionTraderHassan<fa058020> fileName Vehicles
SCRIPT       : 15:00:56.523 [EXPANSION DEBUG]: ExpansionTraderIndar<fa0df020>::SetTraderObject ExpansionTraderObjectBase<fa0bf250> <8570.200195, 14.804744, 10531.799805>
SCRIPT       : 15:00:56.523 [EXPANSION DEBUG]: LoadMissionTradersFile trader ExpansionTraderIndar<fa0df020> fileName Medicals
SCRIPT       : 15:00:56.582 [EXPANSION DEBUG]: ExpansionTraderKaito<a46c9810>::SetTraderObject ExpansionTraderObjectBase<f063d3a0> <8566.829102, 15.935067, 10515.494141>
SCRIPT       : 15:00:56.582 [EXPANSION DEBUG]: LoadMissionTradersFile trader ExpansionTraderKaito<a46c9810> fileName Exchange
SCRIPT       : 15:00:56.628 [EXPANSION DEBUG]: ExpansionTraderLewis<a46d9a90>::SetTraderObject ExpansionTraderObjectBase<fa2a7330> <8564.556641, 15.914123, 10516.875000>
SCRIPT       : 15:00:56.628 [EXPANSION DEBUG]: LoadMissionTradersFile trader ExpansionTraderLewis<a46d9a90> fileName BuildingSupplies
SCRIPT       : 15:00:56.683 [EXPANSION DEBUG]: ExpansionTraderNaomi<4f61a4c0>::SetTraderObject ExpansionTraderObjectBase<f0b54130> <8554.720703, 15.931895, 10524.275391>
SCRIPT       : 15:00:56.683 [EXPANSION DEBUG]: LoadMissionTradersFile trader ExpansionTraderNaomi<4f61a4c0> fileName Clothing
SCRIPT       : 15:00:56.726 [EXPANSION DEBUG]: ExpansionTraderHelga<7215f810>::SetTraderObject ExpansionTraderObjectBase<fa433790> <8560.446289, 15.920970, 10521.180664>
SCRIPT       : 15:00:56.726 [EXPANSION DEBUG]: LoadMissionTradersFile trader ExpansionTraderHelga<7215f810> fileName Clothing_Accessories
SCRIPT       : 15:00:56.777 [EXPANSION DEBUG]: ExpansionTraderLinda<fa528010>::SetTraderObject ExpansionTraderObjectBase<fa50ee60> <8571.715820, 14.824916, 10521.992188>
SCRIPT       : 15:00:56.777 [EXPANSION DEBUG]: LoadMissionTradersFile trader ExpansionTraderLinda<fa528010> fileName Consumables
SCRIPT       : 15:00:56.816 [EXPANSION DEBUG]: ExpansionTraderGabi<7f901810>::SetTraderObject ExpansionTraderObjectBase<fa617ed0> <8584.846680, 14.821787, 10534.984375>
SCRIPT       : 15:00:56.816 [EXPANSION DEBUG]: LoadMissionTradersFile trader ExpansionTraderGabi<7f901810> fileName Weapons
SCRIPT       : 15:00:56.871 [EXPANSION DEBUG]: ExpansionTraderIrena<fa691020>::SetTraderObject ExpansionTraderObjectBase<fa0c12f0> <8594.533203, 14.821795, 10529.988281>
SCRIPT       : 15:00:56.871 [EXPANSION DEBUG]: LoadMissionTradersFile trader ExpansionTraderIrena<fa691020> fileName Attachments
SCRIPT       : 15:00:56.925 [EXPANSION DEBUG]: ExpansionTraderQuinn<5b2c6550>::SetTraderObject ExpansionTraderObjectBase<fa847f50> <8555.026367, 15.931314, 10514.249023>
SCRIPT       : 15:00:56.925 [EXPANSION DEBUG]: LoadMissionTradersFile trader ExpansionTraderQuinn<5b2c6550> fileName Components
SCRIPT       : 15:00:56.972 [EXPANSION DEBUG]: ExpansionTraderJudy<fa8f8010>::SetTraderObject ExpansionTraderObjectBase<fa0ab900> <8630.750000, 16.608299, 10510.500000>
SCRIPT       : 15:00:56.972 [EXPANSION DEBUG]: LoadMissionTradersFile trader ExpansionTraderJudy<fa8f8010> fileName Fishing
SCRIPT       : 15:00:57.023 [EXPANSION DEBUG]: ExpansionTraderPeter<faa37010>::SetTraderObject ExpansionTraderObjectBase<faa0c1c0> <8590.870117, 14.821789, 10534.200195>
SCRIPT       : 15:00:57.023 [EXPANSION DEBUG]: LoadMissionTradersFile trader ExpansionTraderPeter<faa37010> fileName Special
SCRIPT       : 15:00:57.066 [EXPANSION DEBUG]: ExpansionTraderMaria<faa9e020>::SetTraderObject ExpansionTraderObjectBase<fa511bf0> <8559.040039, 16.014900, 10511.099609>
SCRIPT       : 15:00:57.066 [EXPANSION DEBUG]: LoadMissionTradersFile trader ExpansionTraderMaria<faa9e020> fileName Spraycans
SCRIPT       : 15:00:57.121 [EXPANSION DEBUG]: ExpansionTraderBoris<faca4010>::SetTraderObject ExpansionTraderObjectBase<fa62c990> <8053.950195, 1.847600, 7595.729980>
SCRIPT       : 15:00:57.121 [EXPANSION DEBUG]: LoadMissionTradersFile trader ExpansionTraderBoris<faca4010> fileName Boats
SCRIPT       : 15:00:57.164 [EXPANSION DEBUG]: ExpansionTraderCyril<ea8d840>::SetTraderObject ExpansionTraderObjectBase<fad4f5c0> <8050.020020, 2.791790, 7583.060059>
SCRIPT       : 15:00:57.164 [EXPANSION DEBUG]: LoadMissionTradersFile trader ExpansionTraderCyril<ea8d840> fileName Vehicle_Parts
SCRIPT       : [ExpansionQuestPersistentServerData] Load existing configuration file:$profile:ExpansionMod\Quests\PersistentServerData.json
SCRIPT       : [ExpansionQuestPersistentServerData] Load existing configuration file:$profile:ExpansionMod\Quests\PersistentServerData.json
SCRIPT       : [ExpansionQuestObjectiveTravelConfig] Load existing configuration file:$profile:ExpansionMod\Quests\Objectives\Travel\Objective_T_1.json
SCRIPT       : [ExpansionQuestObjectiveTravelConfig] Load existing configuration file:$profile:ExpansionMod\Quests\Objectives\Travel\Objective_T_2.json
SCRIPT       : [ExpansionQuestObjectiveTravelConfig] Load existing configuration file:$profile:ExpansionMod\Quests\Objectives\Travel\Objective_T_3.json
SCRIPT       : [ExpansionQuestObjectiveTravelConfig] Load existing configuration file:$profile:ExpansionMod\Quests\Objectives\Travel\Objective_T_4.json
SCRIPT       : [ExpansionQuestObjectiveTravelConfig] Load existing configuration file:$profile:ExpansionMod\Quests\Objectives\Travel\Objective_T_5.json
SCRIPT       : [ExpansionQuestObjectiveTravelConfig] Load existing configuration file:$profile:ExpansionMod\Quests\Objectives\Travel\Objective_T_6.json
SCRIPT       : [ExpansionQuestObjectiveTravelConfig] Load existing configuration file:$profile:ExpansionMod\Quests\Objectives\Travel\Objective_T_7.json
SCRIPT       : [ExpansionQuestObjectiveTargetConfig] Load existing configuration file:$profile:ExpansionMod\Quests\Objectives\Target\Objective_TA_1.json
SCRIPT       : [ExpansionQuestObjectiveTargetConfig] Load existing configuration file:$profile:ExpansionMod\Quests\Objectives\Target\Objective_TA_2.json
SCRIPT       : [ExpansionQuestObjectiveTargetConfig] Load existing configuration file:$profile:ExpansionMod\Quests\Objectives\Target\Objective_TA_3.json
SCRIPT       : [ExpansionQuestObjectiveTargetConfig] Load existing configuration file:$profile:ExpansionMod\Quests\Objectives\Target\Objective_TA_4.json
SCRIPT       : [ExpansionQuestObjectiveDeliveryConfig] Load existing configuration file:$profile:ExpansionMod\Quests\Objectives\Delivery\Objective_D_1.json
SCRIPT       : [ExpansionQuestObjectiveDeliveryConfig] Load existing configuration file:$profile:ExpansionMod\Quests\Objectives\Delivery\Objective_D_2.json
SCRIPT       : [ExpansionQuestObjectiveCollectionConfig] Load existing configuration file:$profile:ExpansionMod\Quests\Objectives\Collection\Objective_C_1.json
SCRIPT       : [ExpansionQuestObjectiveCollectionConfig] Load existing configuration file:$profile:ExpansionMod\Quests\Objectives\Collection\Objective_C_2.json
SCRIPT       : [ExpansionQuestObjectiveCollectionConfig] Load existing configuration file:$profile:ExpansionMod\Quests\Objectives\Collection\Objective_C_3.json
SCRIPT       : [ExpansionQuestObjectiveTreasureHuntConfig] Load existing configuration file:$profile:ExpansionMod\Quests\Objectives\TreasureHunt\Objective_TH_1.json
SCRIPT       : [ExpansionQuestObjectiveActionConfig] Load existing configuration file:$profile:ExpansionMod\Quests\Objectives\Action\Objective_A_1.json
SCRIPT       : [ExpansionQuestObjectiveActionConfig] Load existing configuration file:$profile:ExpansionMod\Quests\Objectives\Action\Objective_A_2.json
SCRIPT       : [ExpansionQuestObjectiveCraftingConfig] Load existing configuration file:$profile:ExpansionMod\Quests\Objectives\Crafting\Objective_CR_1.json
SCRIPT       : [ExpansionQuestObjectiveAIPatrolConfig] Load existing configuration file:$profile:ExpansionMod\Quests\Objectives\AIPatrol\Objective_AIP_1.json
SCRIPT       : [ExpansionQuestObjectiveAICampConfig] Load existing configuration file:$profile:ExpansionMod\Quests\Objectives\AICamp\Objective_AIC_1.json
SCRIPT       : [ExpansionQuestObjectiveAIEscortConfig] Load existing configuration file:$profile:ExpansionMod\Quests\Objectives\AIVIP\Objective_AIESCORT_1.json
SCRIPT       : [ExpansionQuestNPCData] Load existing configuration file:QuestNPC_1.json
SCRIPT       : [ExpansionQuestNPCData] Load existing configuration file:QuestNPC_2.json
SCRIPT       : [ExpansionQuestNPCData] Load existing configuration file:QuestNPC_3.json
SCRIPT       : 15:01:23.507 [EXPANSION DEBUG]: ExpansionP2PTraderAIIrena<d470ecf0>::SetP2PTraderID - ID: 1
SCRIPT       : ExpansionZoneCircle<d522a490> position=<8583.669922, 0.000000, 10515.000000> radius=400
SCRIPT       : Found 1 zones!
SCRIPT       : ExpansionMarketItem marketItem = ExpansionMarketItem<e1b21190>
SCRIPT       : int worth =   1
SCRIPT       : m_EventManager NamEventManager<e9960e50>
SCRIPT       : MaxEventCount 2
SCRIPT       : 15:01:23.968 [EXPANSION DEBUG]: ExpansionQuestNPCAIElias<d70d77f0>::OnEnterSafeZone
SCRIPT       : bool m_Expansion_LeavingSafeZone = 0
SCRIPT       : bool m_Expansion_IsInSafeZone = 0
SCRIPT       : bool m_Expansion_IsInSafeZoneSynchRemote = 0
SCRIPT       : 15:01:23.968 [EXPANSION DEBUG]: ExpansionQuestNPCAIDenis<d854a010>::OnEnterSafeZone
SCRIPT       : bool m_Expansion_LeavingSafeZone = 0
SCRIPT       : bool m_Expansion_IsInSafeZone = 0
SCRIPT       : bool m_Expansion_IsInSafeZoneSynchRemote = 0
SCRIPT       : ---- PlayerBase OnStoreLoad SUCCESS ----
SCRIPT       : 15:02:58.847 [EXPANSION DEBUG]: ExpansionQuestModule<12f68b30> Sending 24 quest configs to client with UID: ATxI-JFgZxkWYr7Quf7frIHZioARfFT0VaBU8wOvx1E=
SCRIPT       : 15:02:58.847 [EXPANSION DEBUG]: ExpansionQuestModule<12f68b30> Sending player quest data for 4 quests to player with UID: ATxI-JFgZxkWYr7Quf7frIHZioARfFT0VaBU8wOvx1E=
SCRIPT       : 15:02:59.308 [EXPANSION DEBUG]: ExpansionQuestModule<12f68b30> Quest configs already synched for player with UID: ATxI-JFgZxkWYr7Quf7frIHZioARfFT0VaBU8wOvx1E=
SCRIPT       : 15:02:59.308 [EXPANSION DEBUG]: ExpansionQuestModule<12f68b30> Sending player quest data for quest ID 14 to player with UID: ATxI-JFgZxkWYr7Quf7frIHZioARfFT0VaBU8wOvx1E=
SCRIPT       : 15:06:10.082 [EXPANSION DEBUG]: ExpansionHardlineModule<6e6cefb0> ::LoadPlayerData - Loaded player hardline data for player Survivor (2)[YKMF23SQkzabdtJzn3VUcLU8W3bjbl-ZiJ18vqBuvzI=]
SCRIPT       : 15:06:24.730 [EXPANSION DEBUG]: [ExpansionMissionEventAirdrop] Adjusted container weights:
SCRIPT       : 15:06:24.730 [EXPANSION DEBUG]: ExpansionAirdropContainer 66
SCRIPT       : 15:06:24.730 [EXPANSION DEBUG]: ExpansionAirdropContainer_Medical 71
SCRIPT       : 15:06:24.730 [EXPANSION DEBUG]: ExpansionAirdropContainer_Basebuilding 76
SCRIPT       : 15:06:24.730 [EXPANSION DEBUG]: ExpansionAirdropContainer_Military_WinterCamo 81
SCRIPT       : 15:06:24.730 [EXPANSION DEBUG]: ExpansionAirdropPlane::GetSpawnPoint - drop position <5024.000000, 0.000000, 8919.000000> - map is namalsk - size 12800 - center <4352.000000, 0.000000, 7348.000000>
SCRIPT       : 15:06:24.730 [EXPANSION DEBUG]: ExpansionAirdropPlane::GetSpawnPoint - selected spawn point <985.830872, 450.338074, 0.000000>
SCRIPT       : ---- PlayerBase OnStoreLoad SUCCESS ----
SCRIPT       : 15:06:54.351 [EXPANSION DEBUG]: ExpansionQuestModule<12f68b30> Sending 24 quest configs to client with UID: YKMF23SQkzabdtJzn3VUcLU8W3bjbl-ZiJ18vqBuvzI=
SCRIPT       : 15:06:54.351 [EXPANSION DEBUG]: ExpansionQuestModule<12f68b30> Sending player quest data for 4 quests to player with UID: YKMF23SQkzabdtJzn3VUcLU8W3bjbl-ZiJ18vqBuvzI=
SCRIPT       : 15:06:54.796 [EXPANSION DEBUG]: ExpansionQuestModule<12f68b30> Quest configs already synched for player with UID: YKMF23SQkzabdtJzn3VUcLU8W3bjbl-ZiJ18vqBuvzI=
SCRIPT       : 15:06:54.796 [EXPANSION DEBUG]: ExpansionQuestModule<12f68b30> Sending player quest data for quest ID 14 to player with UID: YKMF23SQkzabdtJzn3VUcLU8W3bjbl-ZiJ18vqBuvzI=
SCRIPT       : 15:11:31.441 [EXPANSION DEBUG]: ExpansionHardlineModule<6e6cefb0> ::LoadPlayerData - Loaded player hardline data for player Carl the Pilot[OkQei8Y8j1T0RWvEsyorvg0MG8Bup-65EsW_YEdoODQ=]
SCRIPT       : 15:11:53.566 [EXPANSION DEBUG]: ExpansionQuestModule<12f68b30> Sending 24 quest configs to client with UID: OkQei8Y8j1T0RWvEsyorvg0MG8Bup-65EsW_YEdoODQ=
SCRIPT       : 15:11:53.570 [EXPANSION DEBUG]: ExpansionQuestModule<12f68b30> Sending player quest data for 4 quests to player with UID: OkQei8Y8j1T0RWvEsyorvg0MG8Bup-65EsW_YEdoODQ=
SCRIPT       : 15:11:54.007 [EXPANSION DEBUG]: ExpansionQuestModule<12f68b30> Quest configs already synched for player with UID: OkQei8Y8j1T0RWvEsyorvg0MG8Bup-65EsW_YEdoODQ=
SCRIPT       : 15:11:54.007 [EXPANSION DEBUG]: ExpansionQuestModule<12f68b30> Sending player quest data for quest ID 14 to player with UID: OkQei8Y8j1T0RWvEsyorvg0MG8Bup-65EsW_YEdoODQ=
SCRIPT       : 15:12:59.566 [EXPANSION LOG]: ExpansionAirdropContainerBase<d6b403a0> InitAirdrop - total weight (kg) 372.809 - nominal fall speed 4.68202 m/s, wind impact strength 0.143933
SCRIPT       : 15:13:50.695 [EXPANSION DEBUG]: eAI_SurvivorM_Rolf<e7fa0860> Debug: Not removed during target cleanup eAIZombieTargetInformation<ced3b230>, entity=ZmbM_ruSoldier_normal_Woodland2<ceeed8c0>, position=<6635.137207, 11.017603, 9927.139648> eAITargetInformationState<f0705580>
SCRIPT       : 15:13:50.695 [EXPANSION DEBUG]: eAI_SurvivorM_Rolf<e7fa0860> Debug: Not removed during target cleanup eAIZombieTargetInformation<ced29990>, entity=ZmbM_ruSoldier_normal_Woodland2<ceeea670>, position=<6651.509277, 9.296677, 9914.285156> eAITargetInformationState<f070d700>
SCRIPT       : 15:13:50.695 [EXPANSION DEBUG]: eAI_SurvivorM_Rolf<e7fa0860> Debug: Not removed during target cleanup eAIZombieTargetInformation<cf9c8620>, entity=ZmbM_PatrolNormal_Base<cf7462b0>, position=<6945.454590, 2.330654, 9862.221680> eAITargetInformationState<f0cfc5b0>
SCRIPT       : 15:13:50.695 [EXPANSION DEBUG]: eAI_SurvivorM_Rolf<e7fa0860> Debug: Not removed during target cleanup eAIZombieTargetInformation<cf9c6fa0>, entity=ZmbM_ruSoldier_normal_Woodland2<cf7480e0>, position=<6941.735352, 3.909072, 9891.698242> eAITargetInformationState<f0cfe450>
SCRIPT       : 15:13:50.695 [EXPANSION DEBUG]: eAI_SurvivorM_Rolf<e7fa0860> Debug: Not removed during target cleanup eAIZombieTargetInformation<ced29850>, entity=ZmbM_usSoldier_normal_Base<ceeee2d0>, position=<6643.497070, 9.648259, 9944.617188> eAITargetInformationState<f06fa060>
SCRIPT       : 15:13:50.695 [EXPANSION DEBUG]: eAI_SurvivorM_Rolf<e7fa0860> Debug: Not removed during target cleanup eAIZombieTargetInformation<ced28810>, entity=ZmbM_ruSoldier_normal_Woodland1<ceeeb080>, position=<6661.591309, 6.747333, 9923.066406> eAITargetInformationState<f06ff0e0>
SCRIPT       : 15:13:50.695 [EXPANSION DEBUG]: eAI_SurvivorM_Rolf<e7fa0860> Debug: Not removed during target cleanup eAIZombieTargetInformation<ced28db0>, entity=ZmbM_SoldierNormal_Base<ceee9c60>, position=<6659.531250, 7.169362, 9917.430664> eAITargetInformationState<f0706380>
SCRIPT       : 15:13:50.695 [EXPANSION DEBUG]: eAI_SurvivorM_Rolf<e7fa0860> Debug: Not removed during target cleanup eAIZombieTargetInformation<ced2a250>, entity=ZmbM_PatrolNormal_Base<ceeeceb0>, position=<6649.433594, 10.195561, 9909.838867> eAITargetInformationState<f07149a0>
SCRIPT       : 15:13:50.695 [EXPANSION DEBUG]: eAI_SurvivorM_Rolf<e7fa0860> Debug: Not removed during target cleanup eAIZombieTargetInformation<cf9c79a0>, entity=ZmbM_nacSoldier_normal<cf746cc0>, position=<6948.110352, 4.248713, 9878.105469> eAITargetInformationState<f0cfa390>
SCRIPT       : 15:13:50.695 [EXPANSION DEBUG]: eAI_SurvivorM_Rolf<e7fa0860> Debug: Not removed during target cleanup eAIZombieTargetInformation<cf9c6aa0>, entity=ZmbM_SoldierNormal_Base<cf748af0>, position=<6958.880859, 2.822939, 9866.229492> eAITargetInformationState<f0d01550>
SCRIPT       : [Logout]: New player ATxI-JFgZxkWYr7Quf7frIHZioARfFT0VaBU8wOvx1E= with logout time 15
SCRIPT       : 15:16:15.136 [EXPANSION DEBUG]: ExpansionQuestPersistentData<eb5342d0>~ExpansionQuestPersistentData (4)
SCRIPT       : [Logout]: Player ATxI-JFgZxkWYr7Quf7frIHZioARfFT0VaBU8wOvx1E= finished
SCRIPT       : [Logout]: New player YKMF23SQkzabdtJzn3VUcLU8W3bjbl-ZiJ18vqBuvzI= with logout time 15
SCRIPT       : 15:17:22.347 [EXPANSION DEBUG]: ExpansionQuestPersistentData<ed4c0960>~ExpansionQuestPersistentData (4)
SCRIPT       : [Logout]: Player YKMF23SQkzabdtJzn3VUcLU8W3bjbl-ZiJ18vqBuvzI= finished
SCRIPT       : [Namalsk][NamEventManager]: Trying to select a new event...
SCRIPT       : [Namalsk][NamEventManager]: Starting event Aurora
SCRIPT       : [Namalsk][NamEventManager]: Aurora: Phase Length 60
SCRIPT       : [Namalsk][NamEventManager]: Next selection will occur in 611 seconds
SCRIPT       : [Namalsk][NamEventManager]: Aurora: Phase Length 993.139
SCRIPT       : [Namalsk][NamEventManager]: Trying to select a new event...
SCRIPT       : [Namalsk][NamEventManager]: Starting event HeavyFog
SCRIPT       : [Namalsk][NamEventManager]: Could not run event HeavyFog because it conflicts with event Aurora...
SCRIPT       : [Namalsk][NamEventManager]: Next selection will occur in 909 seconds
SCRIPT       : [ExpansionAirdropContainerManager] Container at <5179.922363, 73.415588, 9034.966797> was deleted
SCRIPT       : ExpansionAirdropContainerManager::DeleteSingleInfected
SCRIPT       : ExpansionAirdropContainerManager::DeleteSingleInfected
SCRIPT       : ExpansionAirdropContainerManager::DeleteSingleInfected
SCRIPT       : ExpansionAirdropContainerManager::DeleteSingleInfected
SCRIPT       : ExpansionAirdropContainerManager::DeleteSingleInfected
SCRIPT       : ExpansionAirdropContainerManager::DeleteSingleInfected
SCRIPT       : ExpansionAirdropContainerManager::DeleteSingleInfected
SCRIPT       : ExpansionAirdropContainerManager::DeleteSingleInfected
SCRIPT       : ExpansionAirdropContainerManager::DeleteSingleInfected
SCRIPT       : ExpansionAirdropContainerManager::DeleteSingleInfected
SCRIPT       : ExpansionAirdropContainerManager::DeleteSingleInfected
SCRIPT       : ExpansionAirdropContainerManager::DeleteSingleInfected
SCRIPT       : ExpansionAirdropContainerManager::DeleteSingleInfected
SCRIPT       : ExpansionAirdropContainerManager::DeleteSingleInfected
SCRIPT       : ExpansionAirdropContainerManager::DeleteSingleInfected
SCRIPT       : ExpansionAirdropContainerManager::DeleteSingleInfected
SCRIPT       : ExpansionAirdropContainerManager::DeleteSingleInfected
SCRIPT       : ExpansionAirdropContainerManager::DeleteSingleInfected
SCRIPT       : ExpansionAirdropContainerManager::DeleteSingleInfected
SCRIPT       : ExpansionAirdropContainerManager::DeleteSingleInfected
SCRIPT       : ExpansionAirdropContainerManager::DeleteSingleInfected
SCRIPT       : ExpansionAirdropContainerManager::DeleteSingleInfected
SCRIPT       : ExpansionAirdropContainerManager::DeleteSingleInfected
SCRIPT       : ExpansionAirdropContainerManager::DeleteSingleInfected
SCRIPT       : ExpansionAirdropContainerManager::DeleteSingleInfected
SCRIPT       : ExpansionAirdropContainerManager::DeleteSingleInfected
SCRIPT       : ExpansionAirdropContainerManager::DeleteSingleInfected
SCRIPT       : ExpansionAirdropContainerManager::DeleteSingleInfected
SCRIPT       : ExpansionAirdropContainerManager::DeleteSingleInfected
SCRIPT       : ExpansionAirdropContainerManager::DeleteSingleInfected
SCRIPT       : ExpansionAirdropContainerManager::DeleteSingleInfected
SCRIPT       : ExpansionAirdropContainerManager::DeleteSingleInfected
SCRIPT       : ExpansionAirdropContainerManager::DeleteSingleInfected
SCRIPT       : ExpansionAirdropContainerManager::DeleteSingleInfected
SCRIPT       : ExpansionAirdropContainerManager::DeleteSingleInfected
SCRIPT       : ExpansionAirdropContainerManager::DeleteSingleInfected
SCRIPT       : ExpansionAirdropContainerManager::DeleteSingleInfected
SCRIPT       : ExpansionAirdropContainerManager::DeleteSingleInfected
SCRIPT       : ~ExpansionAirdropContainerManager
SCRIPT       : [Namalsk][NamEventManager]: Aurora: Phase Length 60
SCRIPT       : [inv] ReplaceItemWithNewLambdaBase Step B) remove OK, loc={ type=HANDS item=AmmoBox_762x39_20Rnd:6720 parent=SurvivorM_Elias:29:INSTANCETYPE_SERVER }
SCRIPT       : [Namalsk][NamEventManager]: Aurora: Phase Length 0
SCRIPT       : [Namalsk][NamEventManager]: Trying to select a new event...
SCRIPT       : [Namalsk][NamEventManager]: Starting event Snowfall
SCRIPT       : [Namalsk][Snowfall]: init: 600 (sec), mid: 1189.55 (sec), end: 600 (sec)
SCRIPT       : [Namalsk][NamEventManager]: Snowfall: Phase Length 600
SCRIPT       : [Namalsk][NamEventManager]: Next selection will occur in 621 seconds
SCRIPT       : [wpnfsm] ValidateAndRepair Attempting to repair: Scout:8386 (owner eAI_SurvivorM_Kaito<e7c2c030>) - MagazineRepair - BAREM_CLO_BUF_MA0<f4514640> - state: 0 != weapon: 1
Class:      'WeaponFSM'

Function: 'ValidateAndRepairHelper'
Stack trace:
SCRIPT       : DayZExpansion/Core/Scripts/4_World/dayzexpansion_core\entities\firearms\weaponfsm.c:30
SCRIPT       : [wpnfsm] ValidateAndRepair Attempting to repair: Scout:10820 (owner eAI_SurvivorF_Irena<f46a4030>) - MagazineRepair - BAREM_CLO_BUF_MA0<f3b9b7b0> - state: 0 != weapon: 1
Class:      'WeaponFSM'

Function: 'ValidateAndRepairHelper'
Stack trace:
SCRIPT       : DayZExpansion/Core/Scripts/4_World/dayzexpansion_core\entities\firearms\weaponfsm.c:30
SCRIPT       : [Namalsk][NamEventManager]: Snowfall: Phase Length 1189.55
SCRIPT       : [Namalsk][NamEventManager]: Trying to select a new event...
SCRIPT       : [Namalsk][NamEventManager]: Starting event Blizzard
SCRIPT       : [Namalsk][NamEventManager]: Could not run event Blizzard because it conflicts with event Snowfall...
SCRIPT       : [Namalsk][NamEventManager]: Next selection will occur in 877 seconds
SCRIPT       : [inv] ReplaceItemWithNewLambdaBase Step B) remove OK, loc={ type=HANDS item=AmmoBox_Expansion_46x30_25rnd:6872 parent=SurvivorM_Elias:29:INSTANCETYPE_SERVER }
SCRIPT       : [Logout]: New player OkQei8Y8j1T0RWvEsyorvg0MG8Bup-65EsW_YEdoODQ= with logout time 0
SCRIPT       : 15:55:20.281 [EXPANSION DEBUG]: ExpansionQuestPersistentData<f0e41ab0>~ExpansionQuestPersistentData (4)
SCRIPT       : [Logout]: Player OkQei8Y8j1T0RWvEsyorvg0MG8Bup-65EsW_YEdoODQ= finished
SCRIPT       : Clear up static fireplaces: 0
SCRIPT       : 15:55:24.281 [EXPANSION DEBUG]: Clearing cached categories 67
SCRIPT       : 15:55:24.296 [EXPANSION DEBUG]: Clearing cached traders 17
SCRIPT       : ~DayZGame()
