---------------------------------------------
Log C:\daisy\DayZServerNam\!!!\profiles\script_2024-06-11_18-49-41.log started at 11.06. 18:49:42

SCRIPT       : Registered 403 temporary action enum(s), UAN==403
SCRIPT    (W): @"scripts/3_Game/gameplay.c,911": Missing script declaration for method 'MenuData.GetLastSteamQueryPort'
SCRIPT       : Registering faction type eAIFactionShamans ID -1484989417
SCRIPT       : Registering faction type eAIFactionObservers ID -563736721
SCRIPT       : Registering faction type eAIFactionInvincibleObservers ID -1227299746
SCRIPT       : Registering faction type eAIFactionEast ID 90522109
SCRIPT       : Registering faction type eAIFactionGuards ID 963933710
SCRIPT       : Registering faction type eAIFactionRaiders ID 1535276022
SCRIPT       : Registering faction type eAIFactionYeetBrigade ID 1408543989
SCRIPT       : Registering faction type eAIFactionMercenaries ID 1629891834
SCRIPT       : Registering faction type eAIFactionWest ID 113880155
SCRIPT       : Registering faction type eAIFactionCivilian ID 1096178351
SCRIPT       : Registering faction type eAIFactionPassive ID -1159399789
SCRIPT       : Registering faction type eAIFactionInvincibleYeetBrigade ID -1118767876
SCRIPT       : Registering faction type eAIFactionInvincibleGuards ID 782746017
SCRIPT       : ... Backlit Effects Enabled
SCRIPT       : 18:49:44 [EXPANSION LOG]: DayZGame<fe650fb0> Start time (local time) 2024-06-11 18:49:38
SCRIPT       : 18:49:44 [EXPANSION LOG]: DayZGame<fe650fb0> Start time (UTC) 2024-06-11 17:49:38
SCRIPT       : 18:49:44 [EXPANSION LOG]: DayZGame<fe650fb0> Runtime since start (seconds) 6.246
SCRIPT       : Registering faction type eAIFactionLunatics ID 1167351711
SCRIPT       : Registering faction type eAIFactionInfected ID 1371958374
SCRIPT       : Expansion version: 1.8.50
SCRIPT       : 18:49:55.718 [EXPANSION DEBUG]: [ExpansionDebugSettings] Load existing setting file:$profile:ExpansionMod\Settings\DebugSettings.json
SCRIPT       : 18:49:55.718 [EXPANSION DEBUG]: [ExpansionLogSettings] Load existing setting file:$profile:ExpansionMod\Settings\LogsSettings.json
SCRIPT       : 18:49:55.718 [EXPANSION DEBUG]: [ExpansionSafeZoneSettings] No existing setting file:$mission:expansion\settings\SafeZoneSettings.json. Creating defaults!
SCRIPT       : [ExpansionSafeZoneSettings] Saving settings
SCRIPT       : 18:49:55.718 [EXPANSION DEBUG]: [ExpansionNotificationSettings] Load existing setting file:$profile:ExpansionMod\Settings\NotificationSettings.json
SCRIPT       : 18:49:55.718 [EXPANSION DEBUG]: [ExpansionMonitoringSettings] Load existing setting file:$profile:ExpansionMod\Settings\MonitoringSettings.json
SCRIPT       : 18:49:55.718 [EXPANSION DEBUG]: [ExpansionDamageSystemSettings] Load existing setting file:$profile:ExpansionMod\Settings\DamageSystemSettings.json
SCRIPT       : 18:49:55.718 [EXPANSION DEBUG]: [ExpansionPartySettings] Load existing setting file:$profile:ExpansionMod\Settings\PartySettings.json
SCRIPT       : 18:49:55.718 [EXPANSION DEBUG]: [ExpansionHardlineSettings] No existing setting file:$mission:expansion\settings\HardlineSettings.json. Creating defaults!
SCRIPT       : [ExpansionHardlineSettings] Saving settings
SCRIPT       : 18:49:55.726 [EXPANSION DEBUG]: [ExpansionMarketSettings] No existing setting files:$mission:expansion\settings\MarketSettings.json. Creating defaults!
SCRIPT       : ExpansionMarketSettings::LoadCategories - Adding category ID 1 (Ammo)
SCRIPT       : ExpansionMarketSettings::LoadCategories - Adding category ID 2 (Ammo_Boxes)
SCRIPT       : ExpansionMarketSettings::LoadCategories - Adding category ID 3 (Armbands)
SCRIPT       : ExpansionMarketSettings::LoadCategories - Adding category ID 4 (Assault_Rifles)
SCRIPT       : ExpansionMarketSettings::LoadCategories - Adding category ID 5 (Backpacks)
SCRIPT       : ExpansionMarketSettings::LoadCategories - Adding category ID 6 (Bandanas)
SCRIPT       : ExpansionMarketSettings::LoadCategories - Adding category ID 7 (Batteries)
SCRIPT       : ExpansionMarketSettings::LoadCategories - Adding category ID 8 (Bayonets)
SCRIPT       : ExpansionMarketSettings::LoadCategories - Adding category ID 9 (Belts)
SCRIPT       : ExpansionMarketSettings::LoadCategories - Adding category ID 10 (Blouses_And_Suits)
SCRIPT       : ExpansionMarketSettings::LoadCategories - Adding category ID 11 (Boats)
SCRIPT       : ExpansionMarketSettings::LoadCategories - Adding category ID 12 (Boots_And_Shoes)
SCRIPT       : ExpansionMarketSettings::LoadCategories - Adding category ID 13 (Buttstocks)
SCRIPT       : ExpansionMarketSettings::LoadCategories - Adding category ID 14 (Caps)
SCRIPT       : ExpansionMarketSettings::LoadCategories - Adding category ID 15 (Cars)
SCRIPT       : ExpansionMarketSettings::LoadCategories - Adding category ID 16 (Coats_And_Jackets)
SCRIPT       : ExpansionMarketSettings::LoadCategories - Adding category ID 17 (Containers)
SCRIPT       : ExpansionMarketSettings::LoadCategories - Adding category ID 18 (Crossbows)
SCRIPT       : ExpansionMarketSettings::LoadCategories - Adding category ID 19 (Drinks)
SCRIPT       : ExpansionMarketSettings::LoadCategories - Adding category ID 20 (Electronics)
SCRIPT       : ExpansionMarketSettings::LoadCategories - Adding category ID 21 (Event)
SCRIPT       : ExpansionMarketSettings::LoadCategories - Adding category ID 22 (Exchange)
SCRIPT       : ExpansionMarketSettings::LoadCategories - Adding category ID 23 (Explosives_And_Grenades)
SCRIPT       : ExpansionMarketSettings::LoadCategories - Adding category ID 24 (Eyewear)
SCRIPT       : ExpansionMarketSettings::LoadCategories - Adding category ID 25 (Fish)
SCRIPT       : ExpansionMarketSettings::LoadCategories - Adding category ID 26 (Fishing)
SCRIPT       : ExpansionMarketSettings::LoadCategories - Adding category ID 27 (Flags)
SCRIPT       : ExpansionMarketSettings::LoadCategories - Adding category ID 28 (Food)
SCRIPT       : ExpansionMarketSettings::LoadCategories - Adding category ID 29 (Fruit_And_Vegetables)
SCRIPT       : ExpansionMarketSettings::LoadCategories - Adding category ID 30 (Furnishings)
SCRIPT       : ExpansionMarketSettings::LoadCategories - Adding category ID 31 (Gardening)
SCRIPT       : ExpansionMarketSettings::LoadCategories - Adding category ID 32 (Ghillies)
SCRIPT       : ExpansionMarketSettings::LoadCategories - Adding category ID 33 (Gloves)
SCRIPT       : ExpansionMarketSettings::LoadCategories - Adding category ID 34 (Handguards)
SCRIPT       : ExpansionMarketSettings::LoadCategories - Adding category ID 35 (Hats_And_Hoods)
SCRIPT       : ExpansionMarketSettings::LoadCategories - Adding category ID 36 (Helicopters)
SCRIPT       : ExpansionMarketSettings::LoadCategories - Adding category ID 37 (Helmets)
SCRIPT       : ExpansionMarketSettings::LoadCategories - Adding category ID 38 (Holsters_And_Pouches)
SCRIPT       : ExpansionMarketSettings::LoadCategories - Adding category ID 39 (Kits)
SCRIPT       : ExpansionMarketSettings::LoadCategories - Adding category ID 40 (Knifes)
SCRIPT       : ExpansionMarketSettings::LoadCategories - Adding category ID 41 (Launchers)
SCRIPT       : ExpansionMarketSettings::LoadCategories - Adding category ID 42 (Lights)
SCRIPT       : ExpansionMarketSettings::LoadCategories - Adding category ID 43 (Liquids)
SCRIPT       : ExpansionMarketSettings::LoadCategories - Adding category ID 44 (Locks)
SCRIPT       : ExpansionMarketSettings::LoadCategories - Adding category ID 45 (Magazines)
SCRIPT       : ExpansionMarketSettings::LoadCategories - Adding category ID 46 (Masks)
SCRIPT       : ExpansionMarketSettings::LoadCategories - Adding category ID 47 (Meat)
SCRIPT       : ExpansionMarketSettings::LoadCategories - Adding category ID 48 (Medical)
SCRIPT       : ExpansionMarketSettings::LoadCategories - Adding category ID 49 (Melee_Weapons)
SCRIPT       : ExpansionMarketSettings::LoadCategories - Adding category ID 50 (Muzzles)
SCRIPT       : ExpansionMarketSettings::LoadCategories - Adding category ID 51 (Navigation)
SCRIPT       : ExpansionMarketSettings::LoadCategories - Adding category ID 52 (Optics)
SCRIPT       : ExpansionMarketSettings::LoadCategories - Adding category ID 53 (Pants_And_Shorts)
SCRIPT       : ExpansionMarketSettings::LoadCategories - Adding category ID 54 (Pistols)
SCRIPT       : ExpansionMarketSettings::LoadCategories - Adding category ID 55 (Rifles)
SCRIPT       : ExpansionMarketSettings::LoadCategories - Adding category ID 56 (Shirts_And_TShirts)
SCRIPT       : ExpansionMarketSettings::LoadCategories - Adding category ID 57 (Shotguns)
SCRIPT       : ExpansionMarketSettings::LoadCategories - Adding category ID 58 (Skirts_And_Dresses)
SCRIPT       : ExpansionMarketSettings::LoadCategories - Adding category ID 59 (Sniper_Rifles)
SCRIPT       : ExpansionMarketSettings::LoadCategories - Adding category ID 60 (Spraycans)
SCRIPT       : ExpansionMarketSettings::LoadCategories - Adding category ID 61 (Submachine_Guns)
SCRIPT       : ExpansionMarketSettings::LoadCategories - Adding category ID 62 (Supplies)
SCRIPT       : ExpansionMarketSettings::LoadCategories - Adding category ID 63 (Sweaters_And_Hoodies)
SCRIPT       : ExpansionMarketSettings::LoadCategories - Adding category ID 64 (Tents)
SCRIPT       : ExpansionMarketSettings::LoadCategories - Adding category ID 65 (Tools)
SCRIPT       : ExpansionMarketSettings::LoadCategories - Adding category ID 66 (Vehicle_Parts)
SCRIPT       : ExpansionMarketSettings::LoadCategories - Adding category ID 67 (Vests)
SCRIPT       : 18:49:55.843 [EXPANSION DEBUG]: [ExpansionMarketSettings] No existing market zone setting files at:$mission:expansion\traderzones\. Creating defaults!
SCRIPT       : [ExpansionMarketSettings] Saving settings
SCRIPT       : 18:49:55.843 [EXPANSION DEBUG]: [ExpansionAirdropSettings] Load existing setting file:$profile:ExpansionMod\Settings\AirdropSettings.json
SCRIPT       : 18:49:56.250 [EXPANSION DEBUG]: [ExpansionMissionSettings] Load existing setting file:$profile:ExpansionMod\Settings\MissionSettings.json
SCRIPT       : 18:49:56.250 [EXPANSION DEBUG]: [ExpansionMapSettings] No existing setting file:$mission:expansion\settings\MapSettings.json. Creating defaults!
SCRIPT       : [ExpansionMapSettings] Saving settings
SCRIPT       : 18:49:56.257 [EXPANSION DEBUG]: [ExpansionPersonalStorageNewSettings] Load existing setting file:$profile:ExpansionMod\Settings\PersonalStorageNewSettings.json
SCRIPT       : 18:49:56.257 [EXPANSION DEBUG]: [ExpansionGeneralSettings] Load existing setting file:$profile:ExpansionMod\Settings\GeneralSettings.json
SCRIPT       : 18:49:56.257 [EXPANSION DEBUG]: [ExpansionPlayerListSettings] Load existing setting file:$profile:ExpansionMod\Settings\PlayerListSettings.json
SCRIPT       : 18:49:56.257 [EXPANSION DEBUG]: [ExpansionSocialMediaSettings] Load existing setting file:$profile:ExpansionMod\Settings\SocialMediaSettings.json
SCRIPT       : 18:49:56.257 [EXPANSION DEBUG]: [ExpansionTerritorySettings] No existing setting file:$mission:expansion\settings\SpawnSettings.json. Creating defaults!
SCRIPT       : [ExpansionSpawnSettings] Saving settings
SCRIPT       : 18:49:56.257 [EXPANSION DEBUG]: [ExpansionVehicleSettings] Load existing setting file:$profile:ExpansionMod\Settings\VehicleSettings.json
SCRIPT       : 18:49:56.257 [EXPANSION DEBUG]: [ExpansionAISettings] Load existing setting file:$profile:ExpansionMod\Settings\AISettings.json
SCRIPT       : 18:49:56.257 [EXPANSION DEBUG]: [ExpansionAIPatrolSettings] No existing setting file:$mission:expansion\settings\AIPatrolSettings.json. Creating defaults!
SCRIPT       : [ExpansionAIPatrolSettings] Saving settings
SCRIPT       : 18:49:56.257 [EXPANSION DEBUG]: [ExpansionBaseBuildingSettings] No existing setting file:$mission:expansion\settings\BaseBuildingSettings.json. Creating defaults!
SCRIPT       : [ExpansionBaseBuildingSettings] Saving settings
SCRIPT       : 18:49:56.265 [EXPANSION DEBUG]: [ExpansionRaidSettings] Load existing setting file:$profile:ExpansionMod\Settings\RaidSettings.json
SCRIPT       : 18:49:56.265 [EXPANSION DEBUG]: [ExpansionTerritorySettings] Load existing setting file:$profile:ExpansionMod\Settings\TerritorySettings.json
SCRIPT       : 18:49:56.265 [EXPANSION DEBUG]: [ExpansionChatSettings] Load existing setting file:$profile:ExpansionMod\Settings\ChatSettings.json
SCRIPT       : [DefineTest] EXPANSIONMOD is defined
SCRIPT       : [DefineTest] EXPANSIONMODAI is defined
SCRIPT       : [DefineTest] EXPANSIONMODBASEBUILDING is defined
SCRIPT       : [DefineTest] EXPANSIONMODBOOK is defined
SCRIPT       : [DefineTest] EXPANSIONMODCHAT is defined
SCRIPT       : [DefineTest] EXPANSIONMODCORE is defined
SCRIPT       : [DefineTest] EXPANSIONMODGARAGE is defined
SCRIPT       : [DefineTest] EXPANSIONMODGROUPS is defined
SCRIPT       : [DefineTest] EXPANSIONMODHARDLINE is defined
SCRIPT       : [DefineTest] EXPANSIONMODKILLFEED is defined
SCRIPT       : [DefineTest] EXPANSIONMODMAPASSETS is defined
SCRIPT       : [DefineTest] EXPANSIONMODMARKET is defined
SCRIPT       : [DefineTest] EXPANSIONMODMISSIONS is defined
SCRIPT       : [DefineTest] EXPANSIONMODNAMETAGS is defined
SCRIPT       : [DefineTest] EXPANSIONMODNAVIGATION is defined
SCRIPT       : [DefineTest] EXPANSIONMODP2PMARKET is defined
SCRIPT       : [DefineTest] EXPANSIONMODPERSONALSTORAGE is defined
SCRIPT       : [DefineTest] EXPANSIONMODQUESTS is defined
SCRIPT       : [DefineTest] EXPANSIONMODSPAWNSELECTION is defined
SCRIPT       : [DefineTest] EXPANSIONMODVEHICLE is defined
SCRIPT       : [DefineTest] EXPANSIONMODWEAPONS is defined
SCRIPT       : [DefineTest] CfgMods:
SCRIPT       : defaultAction
SCRIPT       : DayZ
SCRIPT       : DZ_Expansion_AI_Preload
SCRIPT       : DZ_Expansion_BaseBuilding_Preload
SCRIPT       : DZ_Expansion_Book_Preload
SCRIPT       : DZ_Expansion_Chat_Preload
SCRIPT       : DZ_Expansion_Core_Preload
SCRIPT       : DZ_Expansion_Garage_Preload
SCRIPT       : DZ_Expansion_Groups_Preload
SCRIPT       : DZ_Expansion_Hardline_Preload
SCRIPT       : DZ_Expansion_KillFeed_Preload
SCRIPT       : DZ_Expansion_MapAssets_Preload
SCRIPT       : DZ_Expansion_Market_Preload
SCRIPT       : DZ_Expansion_Missions_Preload
SCRIPT       : DZ_Expansion_ModStorage_Preload
SCRIPT       : DZ_Expansion_NameTags_Preload
SCRIPT       : DZ_Expansion_Navigation_Preload
SCRIPT       : DZ_Expansion_P2PMarket_Preload
SCRIPT       : DZ_Expansion_PersonalStorage_Preload
SCRIPT       : DZ_Expansion_Preload
SCRIPT       : DZ_Expansion_Quests_Preload
SCRIPT       : DZ_Expansion_SpawnSelection_Preload
SCRIPT       : DZ_Expansion_Vehicles_Preload
SCRIPT       : DZ_Expansion_Weapons_Preload
SCRIPT       : DabsFramework
SCRIPT       : DZ_Expansion_DefineTest
SCRIPT       : DZ_Expansion_MapAssets
SCRIPT       : JM_CommunityFramework
SCRIPT       : JM_CommunityOnlineTools
SCRIPT       : NAMALSK_ISLAND
SCRIPT       : NAMALSK_SURVIVAL
SCRIPT       : DZ_Expansion_ModStorage
SCRIPT       : DZ_Expansion_Core
SCRIPT       : DZ_Expansion_Garage
SCRIPT       : DZ_Expansion_Groups
SCRIPT       : DZ_Expansion_Market
SCRIPT       : DZ_Expansion_Missions
SCRIPT       : DZ_Expansion_NameTags
SCRIPT       : DZ_Expansion_Navigation
SCRIPT       : DZ_Expansion_NotificationScheduler
SCRIPT       : DZ_Expansion_P2PMarket
SCRIPT       : DZ_Expansion_PersonalStorage
SCRIPT       : DZ_Expansion_PersonalStorageNew
SCRIPT       : DZ_Expansion_PlayerList
SCRIPT       : DZ_Expansion
SCRIPT       : DZ_Expansion_SpawnSelection
SCRIPT       : DZ_Expansion_VanillaFixes
SCRIPT       : DZ_Expansion_Vehicles
SCRIPT       : DZ_Expansion_Weapons
SCRIPT       : DZ_Expansion_AI
SCRIPT       : DZ_Expansion_BaseBuilding
SCRIPT       : DZ_Expansion_Book
SCRIPT       : DZ_Expansion_Chat
SCRIPT       : DZ_Expansion_Hardline
SCRIPT       : DZ_Expansion_Quests
SCRIPT       : DZ_Expansion_VirtualContainerStorage
SCRIPT       : 18:49:56.632 [EXPANSION DEBUG]: ModStorage v5
SCRIPT       : [Namalsk][NamEventManager]: Next selection will occur in 812 seconds
SCRIPT       : [Namalsk][NamEventManager]: NamEventManager is now running
SCRIPT       : 18:50:00.195 [EXPANSION DEBUG]: ExpansionTraderDenis<317f7540>::SetTraderObject ExpansionTraderObjectBase<40eae780> <6297.701172, 20.696091, 9523.166016>
SCRIPT       : 18:50:00.195 [EXPANSION DEBUG]: LoadMissionTradersFile trader ExpansionTraderDenis<317f7540> fileName Aircraft
SCRIPT       : 18:50:00.210 [EXPANSION DEBUG]: ExpansionTraderGuo<f74fa2b0>::SetTraderObject ExpansionTraderObjectBase<5cc42530> <8599.360352, 14.725300, 10492.200195>
SCRIPT       : 18:50:00.210 [EXPANSION DEBUG]: LoadMissionTradersFile trader ExpansionTraderGuo<f74fa2b0> fileName Vehicle_Parts
SCRIPT       : 18:50:00.226 [EXPANSION DEBUG]: ExpansionTraderHassan<4113b020>::SetTraderObject ExpansionTraderObjectBase<411a9bc0> <8596.509766, 14.747800, 10488.000000>
SCRIPT       : 18:50:00.226 [EXPANSION DEBUG]: LoadMissionTradersFile trader ExpansionTraderHassan<4113b020> fileName Vehicles
SCRIPT       : 18:50:00.242 [EXPANSION DEBUG]: ExpansionTraderIndar<41190680>::SetTraderObject ExpansionTraderObjectBase<411ae660> <8570.200195, 14.804744, 10531.799805>
SCRIPT       : 18:50:00.242 [EXPANSION DEBUG]: LoadMissionTradersFile trader ExpansionTraderIndar<41190680> fileName Medicals
SCRIPT       : 18:50:00.250 [EXPANSION DEBUG]: ExpansionTraderKaito<41334010>::SetTraderObject ExpansionTraderObjectBase<4132a420> <8566.829102, 15.935067, 10515.494141>
SCRIPT       : 18:50:00.250 [EXPANSION DEBUG]: LoadMissionTradersFile trader ExpansionTraderKaito<41334010> fileName Exchange
SCRIPT       : 18:50:00.265 [EXPANSION DEBUG]: ExpansionTraderLewis<41501020>::SetTraderObject ExpansionTraderObjectBase<414aadb0> <8564.556641, 15.914123, 10516.875000>
SCRIPT       : 18:50:00.265 [EXPANSION DEBUG]: LoadMissionTradersFile trader ExpansionTraderLewis<41501020> fileName BuildingSupplies
SCRIPT       : 18:50:00.281 [EXPANSION DEBUG]: ExpansionTraderNaomi<231b7db0>::SetTraderObject ExpansionTraderObjectBase<414acb50> <8554.720703, 15.931895, 10524.275391>
SCRIPT       : 18:50:00.281 [EXPANSION DEBUG]: LoadMissionTradersFile trader ExpansionTraderNaomi<231b7db0> fileName Clothing
SCRIPT       : 18:50:00.296 [EXPANSION DEBUG]: ExpansionTraderHelga<6e128f40>::SetTraderObject ExpansionTraderObjectBase<41636cd0> <8560.446289, 15.920970, 10521.180664>
SCRIPT       : 18:50:00.296 [EXPANSION DEBUG]: LoadMissionTradersFile trader ExpansionTraderHelga<6e128f40> fileName Clothing_Accessories
SCRIPT       : 18:50:00.312 [EXPANSION DEBUG]: ExpansionTraderLinda<416076b0>::SetTraderObject ExpansionTraderObjectBase<4132d240> <8571.715820, 14.824916, 10521.992188>
SCRIPT       : 18:50:00.312 [EXPANSION DEBUG]: LoadMissionTradersFile trader ExpansionTraderLinda<416076b0> fileName Consumables
SCRIPT       : 18:50:00.328 [EXPANSION DEBUG]: ExpansionTraderGabi<ea27a680>::SetTraderObject ExpansionTraderObjectBase<417eaa30> <8584.846680, 14.821787, 10534.984375>
SCRIPT       : 18:50:00.328 [EXPANSION DEBUG]: LoadMissionTradersFile trader ExpansionTraderGabi<ea27a680> fileName Weapons
SCRIPT       : 18:50:00.335 [EXPANSION DEBUG]: ExpansionTraderIrena<48036010>::SetTraderObject ExpansionTraderObjectBase<414af070> <8594.533203, 14.821795, 10529.988281>
SCRIPT       : 18:50:00.335 [EXPANSION DEBUG]: LoadMissionTradersFile trader ExpansionTraderIrena<48036010> fileName Attachments
SCRIPT       : 18:50:00.351 [EXPANSION DEBUG]: ExpansionTraderQuinn<94adacc0>::SetTraderObject ExpansionTraderObjectBase<480dd850> <8555.026367, 15.931314, 10514.249023>
SCRIPT       : 18:50:00.351 [EXPANSION DEBUG]: LoadMissionTradersFile trader ExpansionTraderQuinn<94adacc0> fileName Components
SCRIPT       : 18:50:00.367 [EXPANSION DEBUG]: ExpansionTraderJudy<a3766c90>::SetTraderObject ExpansionTraderObjectBase<481e03e0> <8630.750000, 16.608299, 10510.500000>
SCRIPT       : 18:50:00.367 [EXPANSION DEBUG]: LoadMissionTradersFile trader ExpansionTraderJudy<a3766c90> fileName Fishing
SCRIPT       : 18:50:00.375 [EXPANSION DEBUG]: ExpansionTraderPeter<a376ab00>::SetTraderObject ExpansionTraderObjectBase<481fa9c0> <8590.870117, 14.821789, 10534.200195>
SCRIPT       : 18:50:00.375 [EXPANSION DEBUG]: LoadMissionTradersFile trader ExpansionTraderPeter<a376ab00> fileName Special
SCRIPT       : 18:50:00.390 [EXPANSION DEBUG]: ExpansionTraderMaria<483d7010>::SetTraderObject ExpansionTraderObjectBase<483681d0> <8559.040039, 16.014900, 10511.099609>
SCRIPT       : 18:50:00.390 [EXPANSION DEBUG]: LoadMissionTradersFile trader ExpansionTraderMaria<483d7010> fileName Spraycans
SCRIPT       : 18:50:00.406 [EXPANSION DEBUG]: ExpansionTraderBoris<484bb800>::SetTraderObject ExpansionTraderObjectBase<4836c910> <8053.950195, 1.847600, 7595.729980>
SCRIPT       : 18:50:00.406 [EXPANSION DEBUG]: LoadMissionTradersFile trader ExpansionTraderBoris<484bb800> fileName Boats
SCRIPT       : 18:50:00.421 [EXPANSION DEBUG]: ExpansionTraderCyril<484705f0>::SetTraderObject ExpansionTraderObjectBase<485ba430> <8050.020020, 2.791790, 7583.060059>
SCRIPT       : 18:50:00.421 [EXPANSION DEBUG]: LoadMissionTradersFile trader ExpansionTraderCyril<484705f0> fileName Vehicle_Parts
SCRIPT       : [ExpansionQuestPersistentServerData] Load existing configuration file:$profile:ExpansionMod\Quests\PersistentServerData.json
SCRIPT       : [ExpansionQuestPersistentServerData] Load existing configuration file:$profile:ExpansionMod\Quests\PersistentServerData.json
SCRIPT       : [ExpansionQuestObjectiveTravelConfig] Load existing configuration file:$profile:ExpansionMod\Quests\Objectives\Travel\Objective_T_1.json
SCRIPT       : [ExpansionQuestObjectiveTravelConfig] Load existing configuration file:$profile:ExpansionMod\Quests\Objectives\Travel\Objective_T_2.json
SCRIPT       : [ExpansionQuestObjectiveTravelConfig] Load existing configuration file:$profile:ExpansionMod\Quests\Objectives\Travel\Objective_T_3.json
SCRIPT       : [ExpansionQuestObjectiveTravelConfig] Load existing configuration file:$profile:ExpansionMod\Quests\Objectives\Travel\Objective_T_4.json
SCRIPT       : [ExpansionQuestObjectiveTravelConfig] Load existing configuration file:$profile:ExpansionMod\Quests\Objectives\Travel\Objective_T_5.json
SCRIPT       : [ExpansionQuestObjectiveTravelConfig] Load existing configuration file:$profile:ExpansionMod\Quests\Objectives\Travel\Objective_T_6.json
SCRIPT       : [ExpansionQuestObjectiveTravelConfig] Load existing configuration file:$profile:ExpansionMod\Quests\Objectives\Travel\Objective_T_7.json
SCRIPT       : [ExpansionQuestObjectiveTargetConfig] Load existing configuration file:$profile:ExpansionMod\Quests\Objectives\Target\Objective_TA_1.json
SCRIPT       : [ExpansionQuestObjectiveTargetConfig] Load existing configuration file:$profile:ExpansionMod\Quests\Objectives\Target\Objective_TA_2.json
SCRIPT       : [ExpansionQuestObjectiveTargetConfig] Load existing configuration file:$profile:ExpansionMod\Quests\Objectives\Target\Objective_TA_3.json
SCRIPT       : [ExpansionQuestObjectiveTargetConfig] Load existing configuration file:$profile:ExpansionMod\Quests\Objectives\Target\Objective_TA_4.json
SCRIPT       : [ExpansionQuestObjectiveDeliveryConfig] Load existing configuration file:$profile:ExpansionMod\Quests\Objectives\Delivery\Objective_D_1.json
SCRIPT       : [ExpansionQuestObjectiveDeliveryConfig] Load existing configuration file:$profile:ExpansionMod\Quests\Objectives\Delivery\Objective_D_2.json
SCRIPT       : [ExpansionQuestObjectiveCollectionConfig] Load existing configuration file:$profile:ExpansionMod\Quests\Objectives\Collection\Objective_C_1.json
SCRIPT       : [ExpansionQuestObjectiveCollectionConfig] Load existing configuration file:$profile:ExpansionMod\Quests\Objectives\Collection\Objective_C_2.json
SCRIPT       : [ExpansionQuestObjectiveCollectionConfig] Load existing configuration file:$profile:ExpansionMod\Quests\Objectives\Collection\Objective_C_3.json
SCRIPT       : [ExpansionQuestObjectiveTreasureHuntConfig] Load existing configuration file:$profile:ExpansionMod\Quests\Objectives\TreasureHunt\Objective_TH_1.json
SCRIPT       : [ExpansionQuestObjectiveActionConfig] Load existing configuration file:$profile:ExpansionMod\Quests\Objectives\Action\Objective_A_1.json
SCRIPT       : [ExpansionQuestObjectiveActionConfig] Load existing configuration file:$profile:ExpansionMod\Quests\Objectives\Action\Objective_A_2.json
SCRIPT       : [ExpansionQuestObjectiveCraftingConfig] Load existing configuration file:$profile:ExpansionMod\Quests\Objectives\Crafting\Objective_CR_1.json
SCRIPT       : [ExpansionQuestObjectiveAIPatrolConfig] Load existing configuration file:$profile:ExpansionMod\Quests\Objectives\AIPatrol\Objective_AIP_1.json
SCRIPT       : [ExpansionQuestObjectiveAICampConfig] Load existing configuration file:$profile:ExpansionMod\Quests\Objectives\AICamp\Objective_AIC_1.json
SCRIPT       : [ExpansionQuestObjectiveAIEscortConfig] Load existing configuration file:$profile:ExpansionMod\Quests\Objectives\AIVIP\Objective_AIESCORT_1.json
SCRIPT       : [ExpansionQuestNPCData] Load existing configuration file:QuestNPC_1.json
SCRIPT       : [ExpansionQuestNPCData] Load existing configuration file:QuestNPC_2.json
SCRIPT       : [ExpansionQuestNPCData] Load existing configuration file:QuestNPC_3.json
SCRIPT       : 18:50:09.953 [EXPANSION DEBUG]: ExpansionP2PTraderAIIrena<3ecbaad0>::SetP2PTraderID - ID: 1
SCRIPT       : ExpansionZoneCircle<406683f0> position=<8583.669922, 0.000000, 10515.000000> radius=400
SCRIPT       : Found 1 zones!
SCRIPT       : ExpansionMarketItem marketItem = ExpansionMarketItem<c4e244d0>
SCRIPT       : int worth =   1
SCRIPT       : m_EventManager NamEventManager<da9b04e0>
SCRIPT       : MaxEventCount 2
SCRIPT       : 18:50:10.031 [EXPANSION DEBUG]: ExpansionQuestNPCAIElias<49fc8bb0>::OnEnterSafeZone
SCRIPT       : bool m_Expansion_LeavingSafeZone = 0
SCRIPT       : bool m_Expansion_IsInSafeZone = 0
SCRIPT       : bool m_Expansion_IsInSafeZoneSynchRemote = 0
SCRIPT       : 18:50:10.031 [EXPANSION DEBUG]: ExpansionQuestNPCAIDenis<4b4e90f0>::OnEnterSafeZone
SCRIPT       : bool m_Expansion_LeavingSafeZone = 0
SCRIPT       : bool m_Expansion_IsInSafeZone = 0
SCRIPT       : bool m_Expansion_IsInSafeZoneSynchRemote = 0
SCRIPT       : 18:51:36.742 [EXPANSION DEBUG]: SurvivorBase<3a223c90>::OnEnterSafeZone
SCRIPT       : bool m_Expansion_LeavingSafeZone = 0
SCRIPT       : bool m_Expansion_IsInSafeZone = 0
SCRIPT       : bool m_Expansion_IsInSafeZoneSynchRemote = 0
SCRIPT       : 18:51:36.750 [EXPANSION DEBUG]: ExpansionQuestModule<98e2fa80> Sending 24 quest configs to client with UID: 3Zn64v6AET6AcmQktWWYghrFZhD4wMqZC_C7pHHJ77s=
SCRIPT       : 18:51:36.750 [EXPANSION DEBUG]: ExpansionQuestModule<98e2fa80> Sending player quest data for 4 quests to player with UID: 3Zn64v6AET6AcmQktWWYghrFZhD4wMqZC_C7pHHJ77s=
SCRIPT       : 18:51:37.218 [EXPANSION DEBUG]: ExpansionQuestModule<98e2fa80> Quest configs already synched for player with UID: 3Zn64v6AET6AcmQktWWYghrFZhD4wMqZC_C7pHHJ77s=
SCRIPT       : 18:51:37.218 [EXPANSION DEBUG]: ExpansionQuestModule<98e2fa80> Sending player quest data for quest ID 14 to player with UID: 3Zn64v6AET6AcmQktWWYghrFZhD4wMqZC_C7pHHJ77s=
SCRIPT       : 18:53:15.671 [EXPANSION DEBUG]: ExpansionQuestModule<98e2fa80> Sending 24 quest configs to client with UID: YKMF23SQkzabdtJzn3VUcLU8W3bjbl-ZiJ18vqBuvzI=
SCRIPT       : 18:53:15.671 [EXPANSION DEBUG]: ExpansionQuestModule<98e2fa80> Sending player quest data for 4 quests to player with UID: YKMF23SQkzabdtJzn3VUcLU8W3bjbl-ZiJ18vqBuvzI=
SCRIPT       : 18:53:16.156 [EXPANSION DEBUG]: ExpansionQuestModule<98e2fa80> Quest configs already synched for player with UID: YKMF23SQkzabdtJzn3VUcLU8W3bjbl-ZiJ18vqBuvzI=
SCRIPT       : 18:53:16.156 [EXPANSION DEBUG]: ExpansionQuestModule<98e2fa80> Sending player quest data for quest ID 14 to player with UID: YKMF23SQkzabdtJzn3VUcLU8W3bjbl-ZiJ18vqBuvzI=
SCRIPT       : 18:54:26.453 [EXPANSION DEBUG]: ExpansionQuestModule<98e2fa80> Sending 24 quest configs to client with UID: ATxI-JFgZxkWYr7Quf7frIHZioARfFT0VaBU8wOvx1E=
SCRIPT       : 18:54:26.453 [EXPANSION DEBUG]: ExpansionQuestModule<98e2fa80> Sending player quest data for 4 quests to player with UID: ATxI-JFgZxkWYr7Quf7frIHZioARfFT0VaBU8wOvx1E=
SCRIPT       : 18:54:26.937 [EXPANSION DEBUG]: ExpansionQuestModule<98e2fa80> Quest configs already synched for player with UID: ATxI-JFgZxkWYr7Quf7frIHZioARfFT0VaBU8wOvx1E=
SCRIPT       : 18:54:26.937 [EXPANSION DEBUG]: ExpansionQuestModule<98e2fa80> Sending player quest data for quest ID 14 to player with UID: ATxI-JFgZxkWYr7Quf7frIHZioARfFT0VaBU8wOvx1E=
SCRIPT       : 18:55:10.015 [EXPANSION DEBUG]: [ExpansionMissionEventAirdrop] Adjusted container weights:
SCRIPT       : 18:55:10.015 [EXPANSION DEBUG]: ExpansionAirdropContainer 166
SCRIPT       : 18:55:10.015 [EXPANSION DEBUG]: ExpansionAirdropContainer_Medical 171
SCRIPT       : 18:55:10.015 [EXPANSION DEBUG]: ExpansionAirdropContainer_Basebuilding 176
SCRIPT       : 18:55:10.015 [EXPANSION DEBUG]: ExpansionAirdropContainer_Military_WinterCamo 181
SCRIPT       : 18:55:10.015 [EXPANSION DEBUG]: ExpansionAirdropPlane::GetSpawnPoint - drop position <4327.000000, 0.000000, 5230.000000> - map is namalsk - size 12800 - center <4352.000000, 0.000000, 7348.000000>
SCRIPT       : 18:55:10.015 [EXPANSION DEBUG]: ExpansionAirdropPlane::GetSpawnPoint - selected spawn point <11323.544922, 452.000000, 12800.000000>
SCRIPT       : [Logout]: New player YKMF23SQkzabdtJzn3VUcLU8W3bjbl-ZiJ18vqBuvzI= with logout time 15
SCRIPT       : 19:00:16.687 [EXPANSION DEBUG]: ExpansionQuestPersistentData<49be1fe0>~ExpansionQuestPersistentData (4)
SCRIPT       : [Logout]: Player YKMF23SQkzabdtJzn3VUcLU8W3bjbl-ZiJ18vqBuvzI= finished
SCRIPT       : [Logout]: New player 3Zn64v6AET6AcmQktWWYghrFZhD4wMqZC_C7pHHJ77s= with logout time 0
SCRIPT       : [Logout]: New player ATxI-JFgZxkWYr7Quf7frIHZioARfFT0VaBU8wOvx1E= with logout time 0
SCRIPT       : 19:00:57.171 [EXPANSION DEBUG]: ExpansionQuestPersistentData<819650e0>~ExpansionQuestPersistentData (4)
SCRIPT       : [Logout]: Player 3Zn64v6AET6AcmQktWWYghrFZhD4wMqZC_C7pHHJ77s= finished
SCRIPT       : 19:00:57.171 [EXPANSION DEBUG]: ExpansionQuestPersistentData<b7f3cd00>~ExpansionQuestPersistentData (4)
SCRIPT       : [Logout]: Player ATxI-JFgZxkWYr7Quf7frIHZioARfFT0VaBU8wOvx1E= finished
SCRIPT       : Clear up static fireplaces: 0
SCRIPT       : 19:00:58.921 [EXPANSION DEBUG]: Clearing cached categories 67
SCRIPT       : 19:00:58.921 [EXPANSION DEBUG]: Clearing cached traders 17
SCRIPT       : ~DayZGame()
