[COT 2024-06-12 18:26:03] 76561198103345785: Activated Community Online Tools [guid=YKMF23SQkzabdtJzn3VUcLU8W3bjbl-ZiJ18vqBuvzI=]
[COT 2024-06-12 18:28:26] 76561198103345785: Set GodMode To true [guid=YKMF23SQkzabdtJzn3VUcLU8W3bjbl-ZiJ18vqBuvzI=]
[COT 2024-06-12 18:29:00] 76561198103345785: Spawned Entity KA-74 (AK74<45c8bfc0>, 100, 250, 0) at <9030.745117, 12.544856, 10102.117188>
[COT 2024-06-12 18:29:12] 76561198103345785: Set UnlimitedAmmo To true [guid=YKMF23SQkzabdtJzn3VUcLU8W3bjbl-ZiJ18vqBuvzI=]
[COT 2024-06-12 18:34:56] 76561198103345785: Teleported to position <6511.200684, 16.000000, 9310.074219>
[COT 2024-06-12 18:40:49] 76561198103345785: Teleported to position <3427.633301, 215.994217, 6725.189941>
[COT 2024-06-12 19:31:42] 76561198103345785: Teleported to position <3911.275879, 53.027630, 7541.514648>
[COT 2024-06-12 19:33:25] 76561198103345785: Updated roles [guid=OkQei8Y8j1T0RWvEsyorvg0MG8Bup-65EsW_YEdoODQ=]
[COT 2024-06-12 19:33:34] 76561198076532496: Activated Community Online Tools [guid=OkQei8Y8j1T0RWvEsyorvg0MG8Bup-65EsW_YEdoODQ=]
[COT 2024-06-12 19:33:37] 76561198103345785: Deactivated Community Online Tools [guid=YKMF23SQkzabdtJzn3VUcLU8W3bjbl-ZiJ18vqBuvzI=]
[COT 2024-06-12 19:33:38] 76561198103345785: Activated Community Online Tools [guid=YKMF23SQkzabdtJzn3VUcLU8W3bjbl-ZiJ18vqBuvzI=]
[COT 2024-06-12 19:34:13] 76561198076532496: Teleported to position <7642.296387, 15.537133, 10587.675781>
[COT 2024-06-12 19:34:42] 76561198076532496: Teleported to position <7191.038574, 14.153691, 11141.457031>
[COT 2024-06-12 19:35:10] 76561198076532496: Teleported to position <7677.894531, 39.994637, 7440.889160>
[COT 2024-06-12 19:35:22] 76561198076532496: Teleported to position <8281.401367, 15.000000, 10793.853516>
[COT 2024-06-12 19:37:15] 76561198076532496: Teleported to position <6233.265137, 21.095964, 9283.772461>
[COT 2024-06-12 19:37:25] 76561198103345785: Set GodMode To false [guid=OkQei8Y8j1T0RWvEsyorvg0MG8Bup-65EsW_YEdoODQ=]
[COT 2024-06-12 19:37:27] 76561198103345785: Set GodMode To false [guid=OkQei8Y8j1T0RWvEsyorvg0MG8Bup-65EsW_YEdoODQ=]
[COT 2024-06-12 19:37:43] 76561198103345785: ESP: Viewing ESP
[COT 2024-06-12 19:40:32] 76561198076532496: Teleported to position <6956.358398, 15.166366, 11447.160156>
[COT 2024-06-12 19:40:52] 76561198103345785: Teleported to position <6901.488281, 15.194905, 11449.300781>
[COT 2024-06-12 19:42:14] 76561198103345785: Teleported to position <7175.838379, 15.000000, 11317.626953>
[COT 2024-06-12 19:48:32] 76561198103345785: Teleported to position <8016.406250, 7.905959, 7597.131348>
[COT 2024-06-12 19:50:00] 76561198103345785: Spawned Entity LHD-9 USS Khe Sanh (ExpansionLHD<48053040>, 100, 1e+06, 0) at <8102.541504, 0.107554, 7529.748047>
[COT 2024-06-12 19:51:03] 76561198103345785: Set UnlimitedStamina To true [guid=YKMF23SQkzabdtJzn3VUcLU8W3bjbl-ZiJ18vqBuvzI=]
[COT 2024-06-12 19:51:03] 76561198103345785: Set UnlimitedStamina To false [guid=YKMF23SQkzabdtJzn3VUcLU8W3bjbl-ZiJ18vqBuvzI=]
[COT 2024-06-12 19:51:04] 76561198103345785: Set UnlimitedStamina To true [guid=YKMF23SQkzabdtJzn3VUcLU8W3bjbl-ZiJ18vqBuvzI=]
[COT 2024-06-12 19:55:15] 76561198103345785: Teleported to <8026.044922, 9.624509, 7627.599609> [guid=OkQei8Y8j1T0RWvEsyorvg0MG8Bup-65EsW_YEdoODQ=]
[COT 2024-06-12 19:56:14] 76561198103345785: Repaired Transport [guid=OkQei8Y8j1T0RWvEsyorvg0MG8Bup-65EsW_YEdoODQ=]
[COT 2024-06-12 19:56:22] 76561198076532496: Repaired Transport [guid=OkQei8Y8j1T0RWvEsyorvg0MG8Bup-65EsW_YEdoODQ=]
[COT 2024-06-12 19:56:40] 76561198103345785: Spawned Entity Glow Plug (GlowPlug<2dd80df0>, 100, 20, 0) at <8031.198242, 0.263714, 7716.899414>
[COT 2024-06-12 19:56:59] 76561198103345785: Set GodMode To true [guid=OkQei8Y8j1T0RWvEsyorvg0MG8Bup-65EsW_YEdoODQ=]
[COT 2024-06-12 19:57:02] 76561198103345785: Set UnlimitedAmmo To true [guid=OkQei8Y8j1T0RWvEsyorvg0MG8Bup-65EsW_YEdoODQ=]
