[COT 2024-06-14 11:49:07] 76561198103345785: Activated Community Online Tools [guid=YKMF23SQkzabdtJzn3VUcLU8W3bjbl-ZiJ18vqBuvzI=]
[COT 2024-06-14 11:49:07] 76561198103345785: Set GodMode To true [guid=YKMF23SQkzabdtJzn3VUcLU8W3bjbl-ZiJ18vqBuvzI=]
[COT 2024-06-14 17:30:42] 76561198977019919: Activated Community Online Tools [guid=ATxI-JFgZxkWYr7Quf7frIHZioARfFT0VaBU8wOvx1E=]
[COT 2024-06-14 17:30:53] 76561198977019919: Teleported to position <6413.109375, 14.248701, 11402.717773>
[COT 2024-06-14 17:32:32] 76561198103345785: Activated Community Online Tools [guid=YKMF23SQkzabdtJzn3VUcLU8W3bjbl-ZiJ18vqBuvzI=]
[COT 2024-06-14 17:32:32] 76561198103345785: Set GodMode To true [guid=YKMF23SQkzabdtJzn3VUcLU8W3bjbl-ZiJ18vqBuvzI=]
[COT 2024-06-14 17:33:49] 76561198977019919: Teleported to position <8077.025391, 70.730003, 11223.432617>
[COT 2024-06-14 17:33:50] 76561198977019919: Teleported to position <8077.025391, 70.730003, 11223.432617>
[COT 2024-06-14 17:35:14] 76561198977019919: Deactivated Community Online Tools [guid=ATxI-JFgZxkWYr7Quf7frIHZioARfFT0VaBU8wOvx1E=]
[COT 2024-06-14 17:35:17] 76561198977019919: Activated Community Online Tools [guid=ATxI-JFgZxkWYr7Quf7frIHZioARfFT0VaBU8wOvx1E=]
[COT 2024-06-14 17:35:21] 76561198977019919: Teleported to position <4637.773926, 6.339471, 9901.271484>
[COT 2024-06-14 17:36:06] 76561198103345785: Spawned Entity testing AKM (AKM_Base<2ae0c850>, 100, 300, 0) at <7895.523926, 10.678157, 7664.912598>
[COT 2024-06-14 17:36:54] 76561198977019919: Teleported to position <2340.738770, 11.897856, 5692.768066>
[COT 2024-06-14 17:37:16] 76561198103345785: Set GodMode To false [guid=YKMF23SQkzabdtJzn3VUcLU8W3bjbl-ZiJ18vqBuvzI=]
[COT 2024-06-14 17:37:23] 76561198103345785: Set GodMode To true [guid=YKMF23SQkzabdtJzn3VUcLU8W3bjbl-ZiJ18vqBuvzI=]
[COT 2024-06-14 17:38:48] 76561198103345785: Set UnlimitedAmmo To true [guid=YKMF23SQkzabdtJzn3VUcLU8W3bjbl-ZiJ18vqBuvzI=]
[COT 2024-06-14 17:43:15] 76561198103345785: Spawned Entity Evil Snowman (rag_snowman<1d028430>, 100, 350, 0) at <7858.705566, 9.712231, 7703.814453>
[COT 2024-06-14 17:46:13] 76561198103345785: Spawned Entity Evil Snowman (rag_snowman<1d02aa70>, 100, -1, 0) at <7858.599121, 9.702836, 7701.891602>
[COT 2024-06-14 17:49:22] 76561198103345785: Spawned Entity Snowball (dzn_snowball_small<2eaf19c0>, 1, 100, 0) at <7873.263184, 14.873816, 7693.746094>
[COT 2024-06-14 17:50:21] 76561198103345785: Teleported to position <7315.308594, 84.894653, 7912.722656>
[COT 2024-06-14 17:50:37] 76561198103345785: Healed [guid=YKMF23SQkzabdtJzn3VUcLU8W3bjbl-ZiJ18vqBuvzI=]
[COT 2024-06-14 18:06:36] 76561198977019919: Activated Community Online Tools [guid=ATxI-JFgZxkWYr7Quf7frIHZioARfFT0VaBU8wOvx1E=]
[COT 2024-06-14 18:07:08] 76561198977019919: Deactivated Community Online Tools [guid=ATxI-JFgZxkWYr7Quf7frIHZioARfFT0VaBU8wOvx1E=]
[COT 2024-06-14 18:07:10] 76561198977019919: Activated Community Online Tools [guid=ATxI-JFgZxkWYr7Quf7frIHZioARfFT0VaBU8wOvx1E=]
[COT 2024-06-14 18:07:21] 76561198977019919: Teleported to position <8080.787109, 71.081764, 11240.772461>
[COT 2024-06-14 18:07:21] 76561198977019919: Teleported to position <8080.787109, 71.419701, 11243.706055>
[COT 2024-06-14 18:09:16] 76561198977019919: Teleported to position <6426.073242, 15.065266, 11413.844727>
[COT 2024-06-14 18:09:16] 76561198977019919: Teleported to position <6426.073242, 15.065266, 11412.955078>
[COT 2024-06-14 18:09:16] 76561198977019919: Teleported to position <6426.073242, 15.065266, 11412.955078>
[COT 2024-06-14 18:12:57] 76561198977019919: Deactivated Community Online Tools [guid=ATxI-JFgZxkWYr7Quf7frIHZioARfFT0VaBU8wOvx1E=]
[COT 2024-06-14 18:12:58] 76561198977019919: Activated Community Online Tools [guid=ATxI-JFgZxkWYr7Quf7frIHZioARfFT0VaBU8wOvx1E=]
[COT 2024-06-14 18:13:27] 76561198977019919: Set GodMode To true [guid=ATxI-JFgZxkWYr7Quf7frIHZioARfFT0VaBU8wOvx1E=]
[COT 2024-06-14 18:13:27] 76561198977019919: Set GodMode To true [guid=3Zn64v6AET6AcmQktWWYghrFZhD4wMqZC_C7pHHJ77s=]
[COT 2024-06-14 18:13:27] 76561198977019919: Set GodMode To true [guid=YKMF23SQkzabdtJzn3VUcLU8W3bjbl-ZiJ18vqBuvzI=]
[COT 2024-06-14 18:13:32] 76561198977019919: Teleported [guid=ATxI-JFgZxkWYr7Quf7frIHZioARfFT0VaBU8wOvx1E=] to <6419.100586, 15.011094, 11423.846680>
[COT 2024-06-14 18:13:32] 76561198977019919: Teleported [guid=3Zn64v6AET6AcmQktWWYghrFZhD4wMqZC_C7pHHJ77s=] to <6419.100586, 15.011094, 11423.846680>
[COT 2024-06-14 18:13:32] 76561198977019919: Teleported [guid=YKMF23SQkzabdtJzn3VUcLU8W3bjbl-ZiJ18vqBuvzI=] to <6419.100586, 15.011094, 11423.846680>
[COT 2024-06-14 18:18:29] 76561198977019919: Set GodMode To true [guid=6adfQHv069w77yDVYVFVCDMKDvVSJULrdKH9b30p9OI=]
[COT 2024-06-14 18:18:29] 76561198977019919: Set GodMode To true [guid=3Zn64v6AET6AcmQktWWYghrFZhD4wMqZC_C7pHHJ77s=]
[COT 2024-06-14 18:18:31] 76561198977019919: Teleported [guid=6adfQHv069w77yDVYVFVCDMKDvVSJULrdKH9b30p9OI=] to <6441.154785, 15.388748, 11362.840820>
[COT 2024-06-14 18:18:31] 76561198977019919: Teleported [guid=3Zn64v6AET6AcmQktWWYghrFZhD4wMqZC_C7pHHJ77s=] to <6441.154785, 15.388748, 11362.840820>
[COT 2024-06-14 18:18:31] 76561198977019919: Teleported [guid=6adfQHv069w77yDVYVFVCDMKDvVSJULrdKH9b30p9OI=] to <6441.726074, 15.431026, 11362.938477>
[COT 2024-06-14 18:18:31] 76561198977019919: Teleported [guid=3Zn64v6AET6AcmQktWWYghrFZhD4wMqZC_C7pHHJ77s=] to <6441.726074, 15.431026, 11362.938477>
[COT 2024-06-14 18:19:48] 76561198977019919: Teleported to position <8089.541016, 70.730003, 11222.269531>
[COT 2024-06-14 18:20:00] 76561198977019919: Teleported to position <8377.185547, 21.232477, 11139.922852>
[COT 2024-06-14 18:20:12] 76561198977019919: Teleported [guid=6adfQHv069w77yDVYVFVCDMKDvVSJULrdKH9b30p9OI=] to <8368.885742, 21.350334, 11142.172852>
[COT 2024-06-14 18:20:12] 76561198977019919: Teleported [guid=3Zn64v6AET6AcmQktWWYghrFZhD4wMqZC_C7pHHJ77s=] to <8368.885742, 21.350334, 11142.172852>
[COT 2024-06-14 18:22:17] 76561198977019919: Teleported to position <4587.460938, 8.906930, 9929.291016>
[COT 2024-06-14 18:22:34] 76561198977019919: Teleported to position <4566.433594, 7.794555, 9784.666992>
[COT 2024-06-14 18:22:43] 76561198977019919: Teleported [guid=6adfQHv069w77yDVYVFVCDMKDvVSJULrdKH9b30p9OI=] to <4566.453613, 7.797668, 9784.206055>
[COT 2024-06-14 18:22:43] 76561198977019919: Teleported [guid=3Zn64v6AET6AcmQktWWYghrFZhD4wMqZC_C7pHHJ77s=] to <4566.453613, 7.797668, 9784.206055>
[COT 2024-06-14 18:22:43] 76561198977019919: Teleported [guid=6adfQHv069w77yDVYVFVCDMKDvVSJULrdKH9b30p9OI=] to <4566.208008, 7.810450, 9784.380859>
[COT 2024-06-14 18:22:43] 76561198977019919: Teleported [guid=3Zn64v6AET6AcmQktWWYghrFZhD4wMqZC_C7pHHJ77s=] to <4566.208008, 7.810450, 9784.380859>
[COT 2024-06-14 18:25:01] 76561198977019919: Teleported [guid=6adfQHv069w77yDVYVFVCDMKDvVSJULrdKH9b30p9OI=] to <497.000000, 61.000000, 9852.809570>
[COT 2024-06-14 18:25:01] 76561198977019919: Teleported [guid=3Zn64v6AET6AcmQktWWYghrFZhD4wMqZC_C7pHHJ77s=] to <497.000000, 61.000000, 9852.809570>
[COT 2024-06-14 18:25:02] 76561198977019919: Teleported [guid=6adfQHv069w77yDVYVFVCDMKDvVSJULrdKH9b30p9OI=] to <497.000000, 61.000000, 9852.809570>
[COT 2024-06-14 18:25:02] 76561198977019919: Teleported [guid=3Zn64v6AET6AcmQktWWYghrFZhD4wMqZC_C7pHHJ77s=] to <497.000000, 61.000000, 9852.809570>
[COT 2024-06-14 18:25:02] 76561198977019919: Teleported [guid=6adfQHv069w77yDVYVFVCDMKDvVSJULrdKH9b30p9OI=] to <497.000000, 61.000000, 9852.809570>
[COT 2024-06-14 18:25:02] 76561198977019919: Teleported [guid=3Zn64v6AET6AcmQktWWYghrFZhD4wMqZC_C7pHHJ77s=] to <497.000000, 61.000000, 9852.809570>
[COT 2024-06-14 18:25:02] 76561198977019919: Teleported [guid=6adfQHv069w77yDVYVFVCDMKDvVSJULrdKH9b30p9OI=] to <497.000000, 61.000000, 9852.809570>
[COT 2024-06-14 18:25:02] 76561198977019919: Teleported [guid=3Zn64v6AET6AcmQktWWYghrFZhD4wMqZC_C7pHHJ77s=] to <497.000000, 61.000000, 9852.809570>
[COT 2024-06-14 18:25:02] 76561198977019919: Teleported [guid=6adfQHv069w77yDVYVFVCDMKDvVSJULrdKH9b30p9OI=] to <497.000000, 61.000000, 9852.809570>
[COT 2024-06-14 18:25:02] 76561198977019919: Teleported [guid=3Zn64v6AET6AcmQktWWYghrFZhD4wMqZC_C7pHHJ77s=] to <497.000000, 61.000000, 9852.809570>
[COT 2024-06-14 18:25:03] 76561198977019919: Teleported [guid=6adfQHv069w77yDVYVFVCDMKDvVSJULrdKH9b30p9OI=] to <497.000000, 61.000000, 9852.809570>
[COT 2024-06-14 18:25:03] 76561198977019919: Teleported [guid=3Zn64v6AET6AcmQktWWYghrFZhD4wMqZC_C7pHHJ77s=] to <497.000000, 61.000000, 9852.809570>
[COT 2024-06-14 18:25:03] 76561198977019919: Teleported [guid=6adfQHv069w77yDVYVFVCDMKDvVSJULrdKH9b30p9OI=] to <497.000000, 61.000000, 9852.809570>
[COT 2024-06-14 18:25:03] 76561198977019919: Teleported [guid=3Zn64v6AET6AcmQktWWYghrFZhD4wMqZC_C7pHHJ77s=] to <497.000000, 61.000000, 9852.809570>
[COT 2024-06-14 18:25:41] 76561198977019919: Teleported to position <4975.291992, 46.447186, 6661.392090>
[COT 2024-06-14 18:25:41] 76561198977019919: Teleported to position <4975.291992, 46.443027, 6661.292480>
[COT 2024-06-14 18:25:47] 76561198977019919: Teleported [guid=6adfQHv069w77yDVYVFVCDMKDvVSJULrdKH9b30p9OI=] to <4975.291992, 46.447186, 6661.392090>
[COT 2024-06-14 18:25:47] 76561198977019919: Teleported [guid=3Zn64v6AET6AcmQktWWYghrFZhD4wMqZC_C7pHHJ77s=] to <4975.291992, 46.447186, 6661.392090>
[COT 2024-06-14 18:25:47] 76561198977019919: Teleported [guid=6adfQHv069w77yDVYVFVCDMKDvVSJULrdKH9b30p9OI=] to <4975.291992, 46.443302, 6661.299316>
[COT 2024-06-14 18:25:47] 76561198977019919: Teleported [guid=3Zn64v6AET6AcmQktWWYghrFZhD4wMqZC_C7pHHJ77s=] to <4975.291992, 46.443302, 6661.299316>
[COT 2024-06-14 18:25:48] 76561198977019919: Teleported [guid=6adfQHv069w77yDVYVFVCDMKDvVSJULrdKH9b30p9OI=] to <4975.291992, 46.443027, 6661.292480>
[COT 2024-06-14 18:25:48] 76561198977019919: Teleported [guid=3Zn64v6AET6AcmQktWWYghrFZhD4wMqZC_C7pHHJ77s=] to <4975.291992, 46.443027, 6661.292480>
[COT 2024-06-14 18:25:48] 76561198977019919: Teleported [guid=6adfQHv069w77yDVYVFVCDMKDvVSJULrdKH9b30p9OI=] to <4975.258789, 46.429081, 6660.659180>
[COT 2024-06-14 18:25:48] 76561198977019919: Teleported [guid=3Zn64v6AET6AcmQktWWYghrFZhD4wMqZC_C7pHHJ77s=] to <4975.258789, 46.429081, 6660.659180>
