[COT 2024-06-13 14:03:42] 76561198977019919: Activated Community Online Tools [guid=ATxI-JFgZxkWYr7Quf7frIHZioARfFT0VaBU8wOvx1E=]
[COT 2024-06-13 14:03:53] 76561198977019919: Teleported to position <8076.265625, 70.730003, 11233.083008>
[COT 2024-06-13 14:06:31] 76561198977019919: Teleported to position <4661.372559, 6.761675, 9867.369141>
[COT 2024-06-13 14:07:12] 76561198103345785: Activated Community Online Tools [guid=YKMF23SQkzabdtJzn3VUcLU8W3bjbl-ZiJ18vqBuvzI=]
[COT 2024-06-13 14:07:12] 76561198103345785: Set GodMode To true [guid=YKMF23SQkzabdtJzn3VUcLU8W3bjbl-ZiJ18vqBuvzI=]
[COT 2024-06-13 14:07:20] 76561198103345785: Teleported to <4656.060059, 6.168926, 9822.987305> [guid=ATxI-JFgZxkWYr7Quf7frIHZioARfFT0VaBU8wOvx1E=]
[COT 2024-06-13 14:09:10] 76561198977019919: Teleported to position <8065.208984, 70.730003, 11211.890625>
[COT 2024-06-13 14:09:15] 76561198103345785: Teleported to <8062.533203, 70.728973, 11210.787109> [guid=ATxI-JFgZxkWYr7Quf7frIHZioARfFT0VaBU8wOvx1E=]
[COT 2024-06-13 14:09:19] 76561198977019919: Teleported [guid=ATxI-JFgZxkWYr7Quf7frIHZioARfFT0VaBU8wOvx1E=] to <8062.531738, 70.728981, 11210.789063>
[COT 2024-06-13 14:09:19] 76561198977019919: Teleported [guid=YKMF23SQkzabdtJzn3VUcLU8W3bjbl-ZiJ18vqBuvzI=] to <8062.531738, 70.728981, 11210.789063>
[COT 2024-06-13 14:09:29] 76561198977019919: Teleported [guid=ATxI-JFgZxkWYr7Quf7frIHZioARfFT0VaBU8wOvx1E=] to <8060.693848, 70.509880, 11227.351563>
[COT 2024-06-13 14:09:29] 76561198977019919: Teleported [guid=YKMF23SQkzabdtJzn3VUcLU8W3bjbl-ZiJ18vqBuvzI=] to <8060.693848, 70.509880, 11227.351563>
[COT 2024-06-13 14:09:30] 76561198977019919: Teleported [guid=ATxI-JFgZxkWYr7Quf7frIHZioARfFT0VaBU8wOvx1E=] to <8060.778809, 70.516068, 11227.372070>
[COT 2024-06-13 14:09:30] 76561198977019919: Teleported [guid=YKMF23SQkzabdtJzn3VUcLU8W3bjbl-ZiJ18vqBuvzI=] to <8060.778809, 70.516068, 11227.372070>
[COT 2024-06-13 14:12:35] 76561198977019919: Teleported to position <6415.006836, 14.376131, 11395.760742>
[COT 2024-06-13 14:12:35] 76561198977019919: Teleported to position <6415.006836, 14.376131, 11395.760742>
[COT 2024-06-13 14:12:44] 76561198977019919: Teleported [guid=ATxI-JFgZxkWYr7Quf7frIHZioARfFT0VaBU8wOvx1E=] to <6415.006836, 14.376131, 11395.760742>
[COT 2024-06-13 14:12:44] 76561198977019919: Teleported [guid=OkQei8Y8j1T0RWvEsyorvg0MG8Bup-65EsW_YEdoODQ=] to <6415.006836, 14.376131, 11395.760742>
[COT 2024-06-13 14:13:41] 76561198977019919: Teleported to position <4663.272461, 7.039178, 9853.654297>
[COT 2024-06-13 14:13:49] 76561198977019919: Teleported [guid=ATxI-JFgZxkWYr7Quf7frIHZioARfFT0VaBU8wOvx1E=] to <4652.251465, 6.820908, 9842.362305>
[COT 2024-06-13 14:13:49] 76561198977019919: Teleported [guid=OkQei8Y8j1T0RWvEsyorvg0MG8Bup-65EsW_YEdoODQ=] to <4652.251465, 6.820908, 9842.362305>
[COT 2024-06-13 14:13:49] 76561198977019919: Teleported [guid=ATxI-JFgZxkWYr7Quf7frIHZioARfFT0VaBU8wOvx1E=] to <4651.785645, 6.798540, 9842.096680>
[COT 2024-06-13 14:13:49] 76561198977019919: Teleported [guid=OkQei8Y8j1T0RWvEsyorvg0MG8Bup-65EsW_YEdoODQ=] to <4651.785645, 6.798540, 9842.096680>
[COT 2024-06-13 14:14:51] 76561198977019919: Teleported to position <8081.804688, 70.730003, 11214.274414>
[COT 2024-06-13 14:14:57] 76561198977019919: Teleported [guid=ATxI-JFgZxkWYr7Quf7frIHZioARfFT0VaBU8wOvx1E=] to <8081.337891, 70.742393, 11210.692383>
[COT 2024-06-13 14:14:57] 76561198977019919: Teleported [guid=OkQei8Y8j1T0RWvEsyorvg0MG8Bup-65EsW_YEdoODQ=] to <8081.337891, 70.742393, 11210.692383>
[COT 2024-06-13 14:14:57] 76561198977019919: Teleported [guid=ATxI-JFgZxkWYr7Quf7frIHZioARfFT0VaBU8wOvx1E=] to <8080.958984, 70.742439, 11210.477539>
[COT 2024-06-13 14:14:57] 76561198977019919: Teleported [guid=OkQei8Y8j1T0RWvEsyorvg0MG8Bup-65EsW_YEdoODQ=] to <8080.958984, 70.742439, 11210.477539>
[COT 2024-06-13 14:15:51] 76561198103345785: ESP: Viewing ESP
[COT 2024-06-13 14:16:52] 76561198076532496: Activated Community Online Tools [guid=OkQei8Y8j1T0RWvEsyorvg0MG8Bup-65EsW_YEdoODQ=]
[COT 2024-06-13 14:17:41] 76561198076532496: Spawned Entity Hunter Jacket (HuntingJacket_Winter<f130d5f0>, 100, 150, 0) at <8089.181641, 68.870941, 11188.956055>
[COT 2024-06-13 14:17:45] 76561198076532496: Spawned Entity Hunter Pants (HunterPants_Winter<f130f8a0>, 100, 150, 0) at <8089.181641, 68.870941, 11188.956055>
[COT 2024-06-13 14:19:01] 76561198076532496: Spawned Entity Winter Coif (WinterCoif_Blue<f1310fc0>, 100, 70, 0) at <8090.018555, 68.812141, 11188.658203>
[COT 2024-06-13 14:21:37] 76561198076532496: Teleported to position <4175.681152, 390.231567, 6634.844238>
[COT 2024-06-13 14:21:38] 76561198076532496: Teleported to position <4178.737305, 390.343628, 6621.092285>
[COT 2024-06-13 14:21:41] 76561198076532496: Teleported to position <4180.265137, 390.381653, 6625.675781>
[COT 2024-06-13 14:27:53] 76561198076532496: Healed [guid=OkQei8Y8j1T0RWvEsyorvg0MG8Bup-65EsW_YEdoODQ=]
