[COT 2024-06-13 19:45:02] 76561198076532496: Activated Community Online Tools [guid=OkQei8Y8j1T0RWvEsyorvg0MG8Bup-65EsW_YEdoODQ=]
[COT 2024-06-13 19:46:07] 76561198076532496: Spawned Entity GRW-ER7 Gauss Rifle (ER7_Gauss<4513cf30>, 100, 500, 0) at <4164.018066, 376.304413, 6715.029297>
[COT 2024-06-13 19:46:09] 76561198076532496: Spawned Entity GRW-ER7 Gauss Rifle (ER7_Gauss<45147f10>, 100, 500, 0) at <4164.018066, 376.304413, 6715.029297>
[COT 2024-06-13 19:47:32] 76561198076532496: Spawned Entity Railgun Battery (ER7_Gauss_Battery<30521470>, 90, 20, 0) at <4175.333496, 376.304474, 6715.282227>
[COT 2024-06-13 19:47:33] 76561198076532496: Spawned Entity Railgun Battery (ER7_Gauss_Battery<3050c890>, 90, 20, 0) at <4175.333496, 376.304474, 6715.282227>
[COT 2024-06-13 19:47:36] 76561198076532496: Spawned Entity ER7 Magazine (Mag_AKM_30Rnd<532961d0>, 3, 100, 0) at <4175.333496, 376.304474, 6715.282227>
[COT 2024-06-13 19:48:12] 76561198076532496: Set GodMode To true [guid=OkQei8Y8j1T0RWvEsyorvg0MG8Bup-65EsW_YEdoODQ=]
[COT 2024-06-13 19:50:04] 76561198076532496: Spawned Entity Infected (ZmbM_BloodSucker_superweird<45a0e4e0>, 100, -1, 0) at <4195.154785, 378.267334, 6695.640625>
[COT 2024-06-13 19:50:32] 76561198076532496: Spawned Entity Infected (ZmbM_BloodSucker_hard<45a0ab80>, 100, -1, 0) at <4191.504395, 376.624451, 6699.135254>
[COT 2024-06-13 19:51:15] 76561198076532496: Teleported OkQei8Y8j1T0RWvEsyorvg0MG8Bup-65EsW_YEdoODQ= to (Bubson's iceberg, <456.656952, 1.345921, 5852.942383>)
[COT 2024-06-13 19:51:35] 76561198076532496: Teleported OkQei8Y8j1T0RWvEsyorvg0MG8Bup-65EsW_YEdoODQ= to (Phoenix, <11912.663086, -50.000000, 7516.700195>)
[COT 2024-06-13 19:51:46] 76561198076532496: Teleported OkQei8Y8j1T0RWvEsyorvg0MG8Bup-65EsW_YEdoODQ= to (Brensk bridge, <5033.798828, 0.393871, 6069.648926>)
[COT 2024-06-13 19:52:08] 76561198076532496: Teleported to position <8068.418945, 70.239059, 11241.841797>
[COT 2024-06-13 19:54:09] 76561198076532496: Spawned Entity Evil Snowman (rag_snowman<45a2e940>, 100, -1, 0) at <8060.715332, 70.421677, 11229.419922>
[COT 2024-06-13 19:54:48] 76561198076532496: Set UnlimitedAmmo To true [guid=OkQei8Y8j1T0RWvEsyorvg0MG8Bup-65EsW_YEdoODQ=]
[COT 2024-06-13 19:55:17] 76561198076532496: Spawned Entity Blaze (B95<4066f8e0>, 100, 250, 0) at <8071.906738, 70.729996, 11229.448242>
[COT 2024-06-13 19:55:19] 76561198076532496: Spawned Entity Blaze (B95<40670570>, 100, 250, 0) at <8071.851563, 70.748802, 11229.460938>
[COT 2024-06-13 19:56:00] 76561198076532496: Set GodMode To false [guid=OkQei8Y8j1T0RWvEsyorvg0MG8Bup-65EsW_YEdoODQ=]
[COT 2024-06-13 19:56:46] 76561198076532496: Set GodMode To true [guid=OkQei8Y8j1T0RWvEsyorvg0MG8Bup-65EsW_YEdoODQ=]
[COT 2024-06-13 19:58:43] 76561198076532496: Set GodMode To false [guid=OkQei8Y8j1T0RWvEsyorvg0MG8Bup-65EsW_YEdoODQ=]
[COT 2024-06-13 19:58:51] 76561198076532496: Healed [guid=OkQei8Y8j1T0RWvEsyorvg0MG8Bup-65EsW_YEdoODQ=]
