[COT 2024-06-12 22:55:10] 76561198103345785: Activated Community Online Tools [guid=YKMF23SQkzabdtJzn3VUcLU8W3bjbl-ZiJ18vqBuvzI=]
[COT 2024-06-12 22:55:11] 76561198103345785: Set GodMode To true [guid=YKMF23SQkzabdtJzn3VUcLU8W3bjbl-ZiJ18vqBuvzI=]
[COT 2024-06-12 22:56:13] 76561198977019919: Activated Community Online Tools [guid=ATxI-JFgZxkWYr7Quf7frIHZioARfFT0VaBU8wOvx1E=]
[COT 2024-06-12 22:56:25] 76561198977019919: Teleported to position <6422.957520, 14.897056, 11371.932617>
[COT 2024-06-12 22:58:02] 76561198103345785: Teleported to position <8145.072266, 14.233967, 6226.059082>
[COT 2024-06-12 22:58:18] 76561198977019919: Teleported to position <6348.837891, 47.880001, 10603.516602>
[COT 2024-06-12 22:58:19] 76561198977019919: Teleported to position <6348.362793, 47.880001, 10604.682617>
[COT 2024-06-12 22:58:19] 76561198977019919: Teleported to position <6348.837891, 47.880001, 10604.682617>
[COT 2024-06-12 22:58:19] 76561198977019919: Teleported to position <6348.837891, 47.880001, 10604.682617>
[COT 2024-06-12 22:58:20] 76561198977019919: Teleported to position <6348.837891, 47.880001, 10604.682617>
[COT 2024-06-12 22:58:23] 76561198977019919: Teleported to position <6341.274902, 47.675549, 10598.200195>
[COT 2024-06-12 22:58:23] 76561198977019919: Teleported to position <6342.830566, 47.675549, 10598.200195>
[COT 2024-06-12 22:58:24] 76561198977019919: Teleported to position <6342.830566, 47.675549, 10598.200195>
[COT 2024-06-12 22:58:24] 76561198977019919: Teleported to position <6343.306152, 47.675549, 10598.200195>
[COT 2024-06-12 22:58:39] 76561198977019919: Teleported to position <6340.712891, 47.880001, 10607.967773>
[COT 2024-06-12 22:58:40] 76561198977019919: Teleported to position <6345.034668, 47.368626, 10595.607422>
[COT 2024-06-12 22:58:40] 76561198977019919: Teleported to position <6345.034668, 47.368626, 10595.607422>
[COT 2024-06-12 22:58:41] 76561198977019919: Teleported to position <6345.034668, 47.368626, 10595.607422>
[COT 2024-06-12 22:58:41] 76561198977019919: Teleported to position <6344.560059, 47.373180, 10595.607422>
[COT 2024-06-12 22:59:25] 76561198103345785: ESP: ESP updating
